<?xml version="1.0" encoding="UTF-8"?>
<testsuites name="Sivenav" time="181" tests="12" failures="0" errors="0">
   <testsuite name="Sivenav" tests="12" failures="0" errors="0" time="181" timestamp="2019-05-27 19:28:19" hostname="adrian.dobre - BCHOPT-NW100219.emea.corp.ipgnetwork.com" id="Test Suites/Sivenav">
      <properties>
         <property name="deviceName" value=""/>
         <property name="devicePlatform" value=""/>
         <property name="logFolder" value="C:\\Users\\adrian.dobre\\Katalon Studio\\Genuine GM Parts\\Reports\\Sivenav\\20190527_192814"/>
         <property name="logFiles" value="C:\\Users\\adrian.dobre\\Katalon Studio\\Genuine GM Parts\\Reports\\Sivenav\\20190527_192814\\execution0.log"/>
         <property name="attachments" value=""/>
         <property name="hostName" value="adrian.dobre - BCHOPT-NW100219.emea.corp.ipgnetwork.com"/>
         <property name="os" value="Windows 10 64bit"/>
         <property name="katalonVersion" value="6.1.4.1"/>
         <property name="browser" value="Chrome 74.0.3729.169"/>
         <property name="hostAddress" value="10.69.196.168"/>
         <property name="sessionId" value="996befc65469f1b5cf2a9ba1d655f107"/>
         <property name="seleniumVersion" value="3.7.1"/>
         <property name="proxyInformation" value="ProxyInformation{proxyOption=NO_PROXY, proxyServerType=HTTP, password=, proxyServerAddress=, proxyServerPort=0}"/>
         <property name="platform" value="Windows 10"/>
      </properties>
      <testcase name="Test Cases/GGMP/SiveNav/Collision/Bumper" classname="Test Cases/GGMP/SiveNav/Collision/Bumper" status="PASSED">
         <system-out><![CDATA[2019-05-27 19:28:19 - [TEST_CASE][PASSED] - Test Cases/GGMP/SiveNav/Collision/Bumper: Test Cases/GGMP/SiveNav/Collision/Bumper

2019-05-27 19:28:20 - [TEST_STEP][PASSED] - openBrowser(""): Browser is opened with url: ''

2019-05-27 19:28:20 - [MESSAGE][INFO] - Starting 'Chrome' driver

2019-05-27 19:28:20 - [MESSAGE][INFO] - Action delay is set to 0 seconds

2019-05-27 19:28:29 - [MESSAGE][PASSED] - Browser is opened with url: ''

2019-05-27 19:28:29 - [TEST_STEP][PASSED] - maximizeWindow(): Current window maximized

2019-05-27 19:28:30 - [MESSAGE][PASSED] - Current window maximized

2019-05-27 19:28:30 - [TEST_STEP][PASSED] - navigateToUrl("https://www.genuinegmparts.com/"): Navigate to 'https://www.genuinegmparts.com/' successfully

2019-05-27 19:28:34 - [MESSAGE][PASSED] - Navigate to 'https://www.genuinegmparts.com/' successfully

2019-05-27 19:28:34 - [TEST_STEP][PASSED] - click(findTestObject("Object Repository/New Folder/a_Bumpers Fascias  Grilles")): Object: 'Object Repository/New Folder/a_Bumpers Fascias  Grilles' is clicked on

2019-05-27 19:28:34 - [MESSAGE][PASSED] - Object: 'Object Repository/New Folder/a_Bumpers Fascias  Grilles' is clicked on

2019-05-27 19:28:34 - [TEST_STEP][PASSED] - closeBrowser(): Browser is closed

2019-05-27 19:28:35 - [MESSAGE][PASSED] - Browser is closed]]></system-out>
         <system-err><![CDATA[]]></system-err>
      </testcase>
      <testcase name="Test Cases/GGMP/SiveNav/Collision/Headlamps" classname="Test Cases/GGMP/SiveNav/Collision/Headlamps" status="PASSED">
         <system-out><![CDATA[2019-05-27 19:28:35 - [TEST_CASE][PASSED] - Test Cases/GGMP/SiveNav/Collision/Headlamps: Test Cases/GGMP/SiveNav/Collision/Headlamps

2019-05-27 19:28:35 - [TEST_STEP][PASSED] - openBrowser(""): Browser is opened with url: ''

2019-05-27 19:28:35 - [MESSAGE][INFO] - Starting 'Chrome' driver

2019-05-27 19:28:42 - [MESSAGE][PASSED] - Browser is opened with url: ''

2019-05-27 19:28:42 - [TEST_STEP][PASSED] - maximizeWindow(): Current window maximized

2019-05-27 19:28:43 - [MESSAGE][PASSED] - Current window maximized

2019-05-27 19:28:43 - [TEST_STEP][PASSED] - navigateToUrl("https://www.genuinegmparts.com/"): Navigate to 'https://www.genuinegmparts.com/' successfully

2019-05-27 19:28:47 - [MESSAGE][PASSED] - Navigate to 'https://www.genuinegmparts.com/' successfully

2019-05-27 19:28:47 - [TEST_STEP][PASSED] - click(findTestObject("Object Repository/a_Headlamps  Taillamps")): Object: 'Object Repository/a_Headlamps  Taillamps' is clicked on

2019-05-27 19:28:47 - [MESSAGE][PASSED] - Object: 'Object Repository/a_Headlamps  Taillamps' is clicked on

2019-05-27 19:28:47 - [TEST_STEP][PASSED] - closeBrowser(): Browser is closed

2019-05-27 19:28:48 - [MESSAGE][PASSED] - Browser is closed]]></system-out>
         <system-err><![CDATA[]]></system-err>
      </testcase>
      <testcase name="Test Cases/GGMP/SiveNav/Collision/Interior Parts" classname="Test Cases/GGMP/SiveNav/Collision/Interior Parts" status="PASSED">
         <system-out><![CDATA[2019-05-27 19:28:48 - [TEST_CASE][PASSED] - Test Cases/GGMP/SiveNav/Collision/Interior Parts: Test Cases/GGMP/SiveNav/Collision/Interior Parts

2019-05-27 19:28:49 - [TEST_STEP][PASSED] - openBrowser(""): Browser is opened with url: ''

2019-05-27 19:28:49 - [MESSAGE][INFO] - Starting 'Chrome' driver

2019-05-27 19:28:57 - [MESSAGE][PASSED] - Browser is opened with url: ''

2019-05-27 19:28:57 - [TEST_STEP][PASSED] - maximizeWindow(): Current window maximized

2019-05-27 19:28:59 - [MESSAGE][PASSED] - Current window maximized

2019-05-27 19:28:59 - [TEST_STEP][PASSED] - navigateToUrl("https://www.genuinegmparts.com/"): Navigate to 'https://www.genuinegmparts.com/' successfully

2019-05-27 19:29:03 - [MESSAGE][PASSED] - Navigate to 'https://www.genuinegmparts.com/' successfully

2019-05-27 19:29:03 - [TEST_STEP][PASSED] - click(findTestObject("Object Repository/a_Interior Parts  Air Bags")): Object: 'Object Repository/a_Interior Parts  Air Bags' is clicked on

2019-05-27 19:29:03 - [MESSAGE][PASSED] - Object: 'Object Repository/a_Interior Parts  Air Bags' is clicked on

2019-05-27 19:29:03 - [TEST_STEP][PASSED] - closeBrowser(): Browser is closed

2019-05-27 19:29:04 - [MESSAGE][PASSED] - Browser is closed]]></system-out>
         <system-err><![CDATA[]]></system-err>
      </testcase>
      <testcase name="Test Cases/GGMP/SiveNav/Collision/Radiators" classname="Test Cases/GGMP/SiveNav/Collision/Radiators" status="PASSED">
         <system-out><![CDATA[2019-05-27 19:29:04 - [TEST_CASE][PASSED] - Test Cases/GGMP/SiveNav/Collision/Radiators: Test Cases/GGMP/SiveNav/Collision/Radiators

2019-05-27 19:29:04 - [TEST_STEP][PASSED] - openBrowser(""): Browser is opened with url: ''

2019-05-27 19:29:04 - [MESSAGE][INFO] - Starting 'Chrome' driver

2019-05-27 19:29:13 - [MESSAGE][PASSED] - Browser is opened with url: ''

2019-05-27 19:29:13 - [TEST_STEP][PASSED] - maximizeWindow(): Current window maximized

2019-05-27 19:29:15 - [MESSAGE][PASSED] - Current window maximized

2019-05-27 19:29:15 - [TEST_STEP][PASSED] - navigateToUrl("https://www.genuinegmparts.com/"): Navigate to 'https://www.genuinegmparts.com/' successfully

2019-05-27 19:29:19 - [MESSAGE][PASSED] - Navigate to 'https://www.genuinegmparts.com/' successfully

2019-05-27 19:29:19 - [TEST_STEP][PASSED] - click(findTestObject("Object Repository/a_Radiators")): Object: 'Object Repository/a_Radiators' is clicked on

2019-05-27 19:29:19 - [MESSAGE][PASSED] - Object: 'Object Repository/a_Radiators' is clicked on

2019-05-27 19:29:19 - [TEST_STEP][PASSED] - closeBrowser(): Browser is closed

2019-05-27 19:29:20 - [MESSAGE][PASSED] - Browser is closed]]></system-out>
         <system-err><![CDATA[]]></system-err>
      </testcase>
      <testcase name="Test Cases/GGMP/SiveNav/Collision/SheetMetal" classname="Test Cases/GGMP/SiveNav/Collision/SheetMetal" status="PASSED">
         <system-out><![CDATA[2019-05-27 19:29:20 - [TEST_CASE][PASSED] - Test Cases/GGMP/SiveNav/Collision/SheetMetal: Test Cases/GGMP/SiveNav/Collision/SheetMetal

2019-05-27 19:29:21 - [TEST_STEP][PASSED] - openBrowser(""): Browser is opened with url: ''

2019-05-27 19:29:21 - [MESSAGE][INFO] - Starting 'Chrome' driver

2019-05-27 19:29:28 - [MESSAGE][PASSED] - Browser is opened with url: ''

2019-05-27 19:29:28 - [TEST_STEP][PASSED] - maximizeWindow(): Current window maximized

2019-05-27 19:29:30 - [MESSAGE][PASSED] - Current window maximized

2019-05-27 19:29:30 - [TEST_STEP][PASSED] - navigateToUrl("https://www.genuinegmparts.com/"): Navigate to 'https://www.genuinegmparts.com/' successfully

2019-05-27 19:29:34 - [MESSAGE][PASSED] - Navigate to 'https://www.genuinegmparts.com/' successfully

2019-05-27 19:29:34 - [TEST_STEP][PASSED] - click(findTestObject("Object Repository/a_Sheet Metal")): Object: 'Object Repository/a_Sheet Metal' is clicked on

2019-05-27 19:29:34 - [MESSAGE][PASSED] - Object: 'Object Repository/a_Sheet Metal' is clicked on

2019-05-27 19:29:34 - [TEST_STEP][PASSED] - closeBrowser(): Browser is closed

2019-05-27 19:29:35 - [MESSAGE][PASSED] - Browser is closed]]></system-out>
         <system-err><![CDATA[]]></system-err>
      </testcase>
      <testcase name="Test Cases/GGMP/SiveNav/Collision/Structural Parts" classname="Test Cases/GGMP/SiveNav/Collision/Structural Parts" status="PASSED">
         <system-out><![CDATA[2019-05-27 19:29:35 - [TEST_CASE][PASSED] - Test Cases/GGMP/SiveNav/Collision/Structural Parts: Test Cases/GGMP/SiveNav/Collision/Structural Parts

2019-05-27 19:29:36 - [TEST_STEP][PASSED] - openBrowser(""): Browser is opened with url: ''

2019-05-27 19:29:36 - [MESSAGE][INFO] - Starting 'Chrome' driver

2019-05-27 19:29:43 - [MESSAGE][PASSED] - Browser is opened with url: ''

2019-05-27 19:29:43 - [TEST_STEP][PASSED] - maximizeWindow(): Current window maximized

2019-05-27 19:29:44 - [MESSAGE][PASSED] - Current window maximized

2019-05-27 19:29:44 - [TEST_STEP][PASSED] - navigateToUrl("https://www.genuinegmparts.com/"): Navigate to 'https://www.genuinegmparts.com/' successfully

2019-05-27 19:29:48 - [MESSAGE][PASSED] - Navigate to 'https://www.genuinegmparts.com/' successfully

2019-05-27 19:29:48 - [TEST_STEP][PASSED] - click(findTestObject("Object Repository/a_Structural Parts")): Object: 'Object Repository/a_Structural Parts' is clicked on

2019-05-27 19:29:48 - [MESSAGE][PASSED] - Object: 'Object Repository/a_Structural Parts' is clicked on

2019-05-27 19:29:48 - [TEST_STEP][PASSED] - waitForPageLoad(0): Wait for page load successfully

2019-05-27 19:29:48 - [MESSAGE][WARNING] - Timeout '0' is invalid. Using default page load timeout: '30'

2019-05-27 19:29:48 - [MESSAGE][PASSED] - Wait for page load successfully

2019-05-27 19:29:48 - [TEST_STEP][PASSED] - closeBrowser(): Browser is closed

2019-05-27 19:29:49 - [MESSAGE][PASSED] - Browser is closed]]></system-out>
         <system-err><![CDATA[]]></system-err>
      </testcase>
      <testcase name="Test Cases/GGMP/SiveNav/Collision/Tuch-Up Paint" classname="Test Cases/GGMP/SiveNav/Collision/Tuch-Up Paint" status="PASSED">
         <system-out><![CDATA[2019-05-27 19:29:49 - [TEST_CASE][PASSED] - Test Cases/GGMP/SiveNav/Collision/Tuch-Up Paint: Test Cases/GGMP/SiveNav/Collision/Tuch-Up Paint

2019-05-27 19:29:50 - [TEST_STEP][PASSED] - openBrowser(""): Browser is opened with url: ''

2019-05-27 19:29:50 - [MESSAGE][INFO] - Starting 'Chrome' driver

2019-05-27 19:29:58 - [MESSAGE][PASSED] - Browser is opened with url: ''

2019-05-27 19:29:58 - [TEST_STEP][PASSED] - maximizeWindow(): Current window maximized

2019-05-27 19:30:00 - [MESSAGE][PASSED] - Current window maximized

2019-05-27 19:30:00 - [TEST_STEP][PASSED] - navigateToUrl("https://www.genuinegmparts.com/"): Navigate to 'https://www.genuinegmparts.com/' successfully

2019-05-27 19:30:04 - [MESSAGE][PASSED] - Navigate to 'https://www.genuinegmparts.com/' successfully

2019-05-27 19:30:04 - [TEST_STEP][PASSED] - click(findTestObject("Object Repository/a_Touch-Up Paint")): Object: 'Object Repository/a_Touch-Up Paint' is clicked on

2019-05-27 19:30:04 - [MESSAGE][PASSED] - Object: 'Object Repository/a_Touch-Up Paint' is clicked on

2019-05-27 19:30:04 - [TEST_STEP][PASSED] - closeBrowser(): Browser is closed

2019-05-27 19:30:05 - [MESSAGE][PASSED] - Browser is closed]]></system-out>
         <system-err><![CDATA[]]></system-err>
      </testcase>
      <testcase name="Test Cases/GGMP/SiveNav/Collision/Wheels" classname="Test Cases/GGMP/SiveNav/Collision/Wheels" status="PASSED">
         <system-out><![CDATA[2019-05-27 19:30:05 - [TEST_CASE][PASSED] - Test Cases/GGMP/SiveNav/Collision/Wheels: Test Cases/GGMP/SiveNav/Collision/Wheels

2019-05-27 19:30:05 - [TEST_STEP][PASSED] - openBrowser(""): Browser is opened with url: ''

2019-05-27 19:30:05 - [MESSAGE][INFO] - Starting 'Chrome' driver

2019-05-27 19:30:13 - [MESSAGE][PASSED] - Browser is opened with url: ''

2019-05-27 19:30:13 - [TEST_STEP][PASSED] - maximizeWindow(): Current window maximized

2019-05-27 19:30:15 - [MESSAGE][PASSED] - Current window maximized

2019-05-27 19:30:15 - [TEST_STEP][PASSED] - navigateToUrl("https://www.genuinegmparts.com/"): Navigate to 'https://www.genuinegmparts.com/' successfully

2019-05-27 19:30:19 - [MESSAGE][PASSED] - Navigate to 'https://www.genuinegmparts.com/' successfully

2019-05-27 19:30:19 - [TEST_STEP][PASSED] - click(findTestObject("Object Repository/a_Wheels")): Object: 'Object Repository/a_Wheels' is clicked on

2019-05-27 19:30:19 - [MESSAGE][PASSED] - Object: 'Object Repository/a_Wheels' is clicked on

2019-05-27 19:30:19 - [TEST_STEP][PASSED] - closeBrowser(): Browser is closed

2019-05-27 19:30:20 - [MESSAGE][PASSED] - Browser is closed]]></system-out>
         <system-err><![CDATA[]]></system-err>
      </testcase>
      <testcase name="Test Cases/GGMP/SiveNav/Powertrain/Engine Components" classname="Test Cases/GGMP/SiveNav/Powertrain/Engine Components" status="PASSED">
         <system-out><![CDATA[2019-05-27 19:30:20 - [TEST_CASE][PASSED] - Test Cases/GGMP/SiveNav/Powertrain/Engine Components: Test Cases/GGMP/SiveNav/Powertrain/Engine Components

2019-05-27 19:30:21 - [TEST_STEP][PASSED] - openBrowser(""): Browser is opened with url: ''

2019-05-27 19:30:21 - [MESSAGE][INFO] - Starting 'Chrome' driver

2019-05-27 19:30:29 - [MESSAGE][PASSED] - Browser is opened with url: ''

2019-05-27 19:30:29 - [TEST_STEP][PASSED] - maximizeWindow(): Current window maximized

2019-05-27 19:30:31 - [MESSAGE][PASSED] - Current window maximized

2019-05-27 19:30:31 - [TEST_STEP][PASSED] - navigateToUrl("https://www.genuinegmparts.com/"): Navigate to 'https://www.genuinegmparts.com/' successfully

2019-05-27 19:30:35 - [MESSAGE][PASSED] - Navigate to 'https://www.genuinegmparts.com/' successfully

2019-05-27 19:30:35 - [TEST_STEP][PASSED] - click(findTestObject("Object Repository/a_Engine Components")): Object: 'Object Repository/a_Engine Components' is clicked on

2019-05-27 19:30:35 - [MESSAGE][PASSED] - Object: 'Object Repository/a_Engine Components' is clicked on

2019-05-27 19:30:35 - [TEST_STEP][PASSED] - closeBrowser(): Browser is closed

2019-05-27 19:30:36 - [MESSAGE][PASSED] - Browser is closed]]></system-out>
         <system-err><![CDATA[]]></system-err>
      </testcase>
      <testcase name="Test Cases/GGMP/SiveNav/Powertrain/Engines" classname="Test Cases/GGMP/SiveNav/Powertrain/Engines" status="PASSED">
         <system-out><![CDATA[2019-05-27 19:30:36 - [TEST_CASE][PASSED] - Test Cases/GGMP/SiveNav/Powertrain/Engines: Test Cases/GGMP/SiveNav/Powertrain/Engines

2019-05-27 19:30:37 - [TEST_STEP][PASSED] - openBrowser(""): Browser is opened with url: ''

2019-05-27 19:30:37 - [MESSAGE][INFO] - Starting 'Chrome' driver

2019-05-27 19:30:44 - [MESSAGE][PASSED] - Browser is opened with url: ''

2019-05-27 19:30:44 - [TEST_STEP][PASSED] - maximizeWindow(): Current window maximized

2019-05-27 19:30:45 - [MESSAGE][PASSED] - Current window maximized

2019-05-27 19:30:45 - [TEST_STEP][PASSED] - navigateToUrl("https://www.genuinegmparts.com/"): Navigate to 'https://www.genuinegmparts.com/' successfully

2019-05-27 19:30:50 - [MESSAGE][PASSED] - Navigate to 'https://www.genuinegmparts.com/' successfully

2019-05-27 19:30:50 - [TEST_STEP][PASSED] - click(findTestObject("Object Repository/a_Engines")): Object: 'Object Repository/a_Engines' is clicked on

2019-05-27 19:30:50 - [MESSAGE][PASSED] - Object: 'Object Repository/a_Engines' is clicked on

2019-05-27 19:30:50 - [TEST_STEP][PASSED] - closeBrowser(): Browser is closed

2019-05-27 19:30:51 - [MESSAGE][PASSED] - Browser is closed]]></system-out>
         <system-err><![CDATA[]]></system-err>
      </testcase>
      <testcase name="Test Cases/GGMP/SiveNav/Powertrain/Transmission Components" classname="Test Cases/GGMP/SiveNav/Powertrain/Transmission Components" status="PASSED">
         <system-out><![CDATA[2019-05-27 19:30:51 - [TEST_CASE][PASSED] - Test Cases/GGMP/SiveNav/Powertrain/Transmission Components: Test Cases/GGMP/SiveNav/Powertrain/Transmission Components

2019-05-27 19:30:51 - [TEST_STEP][PASSED] - openBrowser(""): Browser is opened with url: ''

2019-05-27 19:30:51 - [MESSAGE][INFO] - Starting 'Chrome' driver

2019-05-27 19:30:59 - [MESSAGE][PASSED] - Browser is opened with url: ''

2019-05-27 19:30:59 - [TEST_STEP][PASSED] - maximizeWindow(): Current window maximized

2019-05-27 19:31:00 - [MESSAGE][PASSED] - Current window maximized

2019-05-27 19:31:00 - [TEST_STEP][PASSED] - navigateToUrl("https://www.genuinegmparts.com/"): Navigate to 'https://www.genuinegmparts.com/' successfully

2019-05-27 19:31:04 - [MESSAGE][PASSED] - Navigate to 'https://www.genuinegmparts.com/' successfully

2019-05-27 19:31:04 - [TEST_STEP][PASSED] - click(findTestObject("Object Repository/a_Transmission Components")): Object: 'Object Repository/a_Transmission Components' is clicked on

2019-05-27 19:31:05 - [MESSAGE][PASSED] - Object: 'Object Repository/a_Transmission Components' is clicked on

2019-05-27 19:31:05 - [TEST_STEP][PASSED] - closeBrowser(): Browser is closed

2019-05-27 19:31:06 - [MESSAGE][PASSED] - Browser is closed]]></system-out>
         <system-err><![CDATA[]]></system-err>
      </testcase>
      <testcase name="Test Cases/GGMP/SiveNav/Powertrain/Transmission" classname="Test Cases/GGMP/SiveNav/Powertrain/Transmission" status="PASSED">
         <system-out><![CDATA[2019-05-27 19:31:06 - [TEST_CASE][PASSED] - Test Cases/GGMP/SiveNav/Powertrain/Transmission: Test Cases/GGMP/SiveNav/Powertrain/Transmission

2019-05-27 19:31:06 - [TEST_STEP][PASSED] - openBrowser(""): Browser is opened with url: ''

2019-05-27 19:31:06 - [MESSAGE][INFO] - Starting 'Chrome' driver

2019-05-27 19:31:14 - [MESSAGE][PASSED] - Browser is opened with url: ''

2019-05-27 19:31:14 - [TEST_STEP][PASSED] - maximizeWindow(): Current window maximized

2019-05-27 19:31:15 - [MESSAGE][PASSED] - Current window maximized

2019-05-27 19:31:15 - [TEST_STEP][PASSED] - navigateToUrl("https://www.genuinegmparts.com/"): Navigate to 'https://www.genuinegmparts.com/' successfully

2019-05-27 19:31:19 - [MESSAGE][PASSED] - Navigate to 'https://www.genuinegmparts.com/' successfully

2019-05-27 19:31:19 - [TEST_STEP][PASSED] - click(findTestObject("Object Repository/a_Transmissions  Transfer Cases")): Object: 'Object Repository/a_Transmissions  Transfer Cases' is clicked on

2019-05-27 19:31:19 - [MESSAGE][PASSED] - Object: 'Object Repository/a_Transmissions  Transfer Cases' is clicked on

2019-05-27 19:31:19 - [TEST_STEP][PASSED] - closeBrowser(): Browser is closed

2019-05-27 19:31:20 - [MESSAGE][PASSED] - Browser is closed]]></system-out>
         <system-err><![CDATA[]]></system-err>
      </testcase>
      <system-out><![CDATA[2019-05-27 19:28:19 - [TEST_SUITE][PASSED] - Sivenav: Test Cases/GGMP/SiveNav/Powertrain/Transmission]]></system-out>
      <system-err><![CDATA[]]></system-err>
   </testsuite>
</testsuites>
