<?xml version="1.0" encoding="UTF-8"?>
<testsuites name="Sivenav" time="189" tests="12" failures="0" errors="0">
   <testsuite name="Sivenav" tests="12" failures="0" errors="0" time="189" timestamp="2019-05-22 19:11:40" hostname="adrian.dobre - BCHOPT-NW100219.emea.corp.ipgnetwork.com" id="Test Suites/Sivenav">
      <properties>
         <property name="deviceName" value=""/>
         <property name="devicePlatform" value=""/>
         <property name="logFolder" value="C:\\Users\\adrian.dobre\\Katalon Studio\\Genuine GM Parts\\Reports\\Sivenav\\20190522_191137"/>
         <property name="logFiles" value="C:\\Users\\adrian.dobre\\Katalon Studio\\Genuine GM Parts\\Reports\\Sivenav\\20190522_191137\\execution0.log"/>
         <property name="attachments" value=""/>
         <property name="hostName" value="adrian.dobre - BCHOPT-NW100219.emea.corp.ipgnetwork.com"/>
         <property name="os" value="Windows 10 64bit"/>
         <property name="katalonVersion" value="6.1.4.1"/>
         <property name="browser" value="Firefox 66.0"/>
         <property name="hostAddress" value="10.69.196.168"/>
         <property name="sessionId" value="a1e77a55-ecb9-4ee7-9ad4-04a7d682ca0e"/>
         <property name="seleniumVersion" value="3.7.1"/>
         <property name="proxyInformation" value="ProxyInformation{proxyOption=NO_PROXY, proxyServerType=HTTP, password=, proxyServerAddress=, proxyServerPort=0}"/>
         <property name="platform" value="Windows 10"/>
      </properties>
      <testcase name="Test Cases/GGMP/SiveNav/Collision/Bumper" classname="Test Cases/GGMP/SiveNav/Collision/Bumper" status="PASSED">
         <system-out><![CDATA[2019-05-22 19:11:41 - [TEST_CASE][PASSED] - Test Cases/GGMP/SiveNav/Collision/Bumper: Test Cases/GGMP/SiveNav/Collision/Bumper

2019-05-22 19:11:41 - [TEST_STEP][PASSED] - openBrowser(""): Browser is opened with url: ''

2019-05-22 19:11:42 - [MESSAGE][INFO] - Starting 'Firefox' driver

2019-05-22 19:11:42 - [MESSAGE][INFO] - Action delay is set to 0 seconds

2019-05-22 19:11:52 - [MESSAGE][PASSED] - Browser is opened with url: ''

2019-05-22 19:11:52 - [TEST_STEP][PASSED] - maximizeWindow(): Current window maximized

2019-05-22 19:11:52 - [MESSAGE][PASSED] - Current window maximized

2019-05-22 19:11:52 - [TEST_STEP][PASSED] - navigateToUrl("https://www.genuinegmparts.com/"): Navigate to 'https://www.genuinegmparts.com/' successfully

2019-05-22 19:11:55 - [MESSAGE][PASSED] - Navigate to 'https://www.genuinegmparts.com/' successfully

2019-05-22 19:11:55 - [TEST_STEP][PASSED] - click(findTestObject("Object Repository/New Folder/a_Bumpers Fascias  Grilles")): Object: 'Object Repository/New Folder/a_Bumpers Fascias  Grilles' is clicked on

2019-05-22 19:11:57 - [MESSAGE][PASSED] - Object: 'Object Repository/New Folder/a_Bumpers Fascias  Grilles' is clicked on

2019-05-22 19:11:57 - [TEST_STEP][PASSED] - closeBrowser(): Browser is closed

2019-05-22 19:11:58 - [MESSAGE][PASSED] - Browser is closed]]></system-out>
         <system-err><![CDATA[]]></system-err>
      </testcase>
      <testcase name="Test Cases/GGMP/SiveNav/Collision/Headlamps" classname="Test Cases/GGMP/SiveNav/Collision/Headlamps" status="PASSED">
         <system-out><![CDATA[2019-05-22 19:11:58 - [TEST_CASE][PASSED] - Test Cases/GGMP/SiveNav/Collision/Headlamps: Test Cases/GGMP/SiveNav/Collision/Headlamps

2019-05-22 19:11:58 - [TEST_STEP][PASSED] - openBrowser(""): Browser is opened with url: ''

2019-05-22 19:11:58 - [MESSAGE][INFO] - Starting 'Firefox' driver

2019-05-22 19:12:08 - [MESSAGE][PASSED] - Browser is opened with url: ''

2019-05-22 19:12:08 - [TEST_STEP][PASSED] - maximizeWindow(): Current window maximized

2019-05-22 19:12:08 - [MESSAGE][PASSED] - Current window maximized

2019-05-22 19:12:08 - [TEST_STEP][PASSED] - navigateToUrl("https://www.genuinegmparts.com/"): Navigate to 'https://www.genuinegmparts.com/' successfully

2019-05-22 19:12:10 - [MESSAGE][PASSED] - Navigate to 'https://www.genuinegmparts.com/' successfully

2019-05-22 19:12:10 - [TEST_STEP][PASSED] - click(findTestObject("Object Repository/a_Headlamps  Taillamps")): Object: 'Object Repository/a_Headlamps  Taillamps' is clicked on

2019-05-22 19:12:12 - [MESSAGE][PASSED] - Object: 'Object Repository/a_Headlamps  Taillamps' is clicked on

2019-05-22 19:12:12 - [TEST_STEP][PASSED] - closeBrowser(): Browser is closed

2019-05-22 19:12:13 - [MESSAGE][PASSED] - Browser is closed]]></system-out>
         <system-err><![CDATA[]]></system-err>
      </testcase>
      <testcase name="Test Cases/GGMP/SiveNav/Collision/Interior Parts" classname="Test Cases/GGMP/SiveNav/Collision/Interior Parts" status="PASSED">
         <system-out><![CDATA[2019-05-22 19:12:13 - [TEST_CASE][PASSED] - Test Cases/GGMP/SiveNav/Collision/Interior Parts: Test Cases/GGMP/SiveNav/Collision/Interior Parts

2019-05-22 19:12:13 - [TEST_STEP][PASSED] - openBrowser(""): Browser is opened with url: ''

2019-05-22 19:12:13 - [MESSAGE][INFO] - Starting 'Firefox' driver

2019-05-22 19:12:23 - [MESSAGE][PASSED] - Browser is opened with url: ''

2019-05-22 19:12:23 - [TEST_STEP][PASSED] - maximizeWindow(): Current window maximized

2019-05-22 19:12:23 - [MESSAGE][PASSED] - Current window maximized

2019-05-22 19:12:23 - [TEST_STEP][PASSED] - navigateToUrl("https://www.genuinegmparts.com/"): Navigate to 'https://www.genuinegmparts.com/' successfully

2019-05-22 19:12:25 - [MESSAGE][PASSED] - Navigate to 'https://www.genuinegmparts.com/' successfully

2019-05-22 19:12:25 - [TEST_STEP][PASSED] - click(findTestObject("Object Repository/a_Interior Parts  Air Bags")): Object: 'Object Repository/a_Interior Parts  Air Bags' is clicked on

2019-05-22 19:12:27 - [MESSAGE][PASSED] - Object: 'Object Repository/a_Interior Parts  Air Bags' is clicked on

2019-05-22 19:12:27 - [TEST_STEP][PASSED] - closeBrowser(): Browser is closed

2019-05-22 19:12:28 - [MESSAGE][PASSED] - Browser is closed]]></system-out>
         <system-err><![CDATA[]]></system-err>
      </testcase>
      <testcase name="Test Cases/GGMP/SiveNav/Collision/Radiators" classname="Test Cases/GGMP/SiveNav/Collision/Radiators" status="PASSED">
         <system-out><![CDATA[2019-05-22 19:12:28 - [TEST_CASE][PASSED] - Test Cases/GGMP/SiveNav/Collision/Radiators: Test Cases/GGMP/SiveNav/Collision/Radiators

2019-05-22 19:12:28 - [TEST_STEP][PASSED] - openBrowser(""): Browser is opened with url: ''

2019-05-22 19:12:28 - [MESSAGE][INFO] - Starting 'Firefox' driver

2019-05-22 19:12:38 - [MESSAGE][PASSED] - Browser is opened with url: ''

2019-05-22 19:12:38 - [TEST_STEP][PASSED] - maximizeWindow(): Current window maximized

2019-05-22 19:12:38 - [MESSAGE][PASSED] - Current window maximized

2019-05-22 19:12:38 - [TEST_STEP][PASSED] - navigateToUrl("https://www.genuinegmparts.com/"): Navigate to 'https://www.genuinegmparts.com/' successfully

2019-05-22 19:12:41 - [MESSAGE][PASSED] - Navigate to 'https://www.genuinegmparts.com/' successfully

2019-05-22 19:12:41 - [TEST_STEP][PASSED] - click(findTestObject("Object Repository/a_Radiators")): Object: 'Object Repository/a_Radiators' is clicked on

2019-05-22 19:12:42 - [MESSAGE][PASSED] - Object: 'Object Repository/a_Radiators' is clicked on

2019-05-22 19:12:42 - [TEST_STEP][PASSED] - closeBrowser(): Browser is closed

2019-05-22 19:12:43 - [MESSAGE][PASSED] - Browser is closed]]></system-out>
         <system-err><![CDATA[]]></system-err>
      </testcase>
      <testcase name="Test Cases/GGMP/SiveNav/Collision/SheetMetal" classname="Test Cases/GGMP/SiveNav/Collision/SheetMetal" status="PASSED">
         <system-out><![CDATA[2019-05-22 19:12:43 - [TEST_CASE][PASSED] - Test Cases/GGMP/SiveNav/Collision/SheetMetal: Test Cases/GGMP/SiveNav/Collision/SheetMetal

2019-05-22 19:12:44 - [TEST_STEP][PASSED] - openBrowser(""): Browser is opened with url: ''

2019-05-22 19:12:44 - [MESSAGE][INFO] - Starting 'Firefox' driver

2019-05-22 19:12:52 - [MESSAGE][PASSED] - Browser is opened with url: ''

2019-05-22 19:12:52 - [TEST_STEP][PASSED] - maximizeWindow(): Current window maximized

2019-05-22 19:12:53 - [MESSAGE][PASSED] - Current window maximized

2019-05-22 19:12:53 - [TEST_STEP][PASSED] - navigateToUrl("https://www.genuinegmparts.com/"): Navigate to 'https://www.genuinegmparts.com/' successfully

2019-05-22 19:12:56 - [MESSAGE][PASSED] - Navigate to 'https://www.genuinegmparts.com/' successfully

2019-05-22 19:12:56 - [TEST_STEP][PASSED] - click(findTestObject("Object Repository/a_Sheet Metal")): Object: 'Object Repository/a_Sheet Metal' is clicked on

2019-05-22 19:12:58 - [MESSAGE][PASSED] - Object: 'Object Repository/a_Sheet Metal' is clicked on

2019-05-22 19:12:58 - [TEST_STEP][PASSED] - closeBrowser(): Browser is closed

2019-05-22 19:12:59 - [MESSAGE][PASSED] - Browser is closed]]></system-out>
         <system-err><![CDATA[]]></system-err>
      </testcase>
      <testcase name="Test Cases/GGMP/SiveNav/Collision/Structural Parts" classname="Test Cases/GGMP/SiveNav/Collision/Structural Parts" status="PASSED">
         <system-out><![CDATA[2019-05-22 19:12:59 - [TEST_CASE][PASSED] - Test Cases/GGMP/SiveNav/Collision/Structural Parts: Test Cases/GGMP/SiveNav/Collision/Structural Parts

2019-05-22 19:12:59 - [TEST_STEP][PASSED] - openBrowser(""): Browser is opened with url: ''

2019-05-22 19:12:59 - [MESSAGE][INFO] - Starting 'Firefox' driver

2019-05-22 19:13:09 - [MESSAGE][PASSED] - Browser is opened with url: ''

2019-05-22 19:13:09 - [TEST_STEP][PASSED] - maximizeWindow(): Current window maximized

2019-05-22 19:13:09 - [MESSAGE][PASSED] - Current window maximized

2019-05-22 19:13:09 - [TEST_STEP][PASSED] - navigateToUrl("https://www.genuinegmparts.com/"): Navigate to 'https://www.genuinegmparts.com/' successfully

2019-05-22 19:13:12 - [MESSAGE][PASSED] - Navigate to 'https://www.genuinegmparts.com/' successfully

2019-05-22 19:13:12 - [TEST_STEP][PASSED] - click(findTestObject("Object Repository/a_Structural Parts")): Object: 'Object Repository/a_Structural Parts' is clicked on

2019-05-22 19:13:13 - [MESSAGE][PASSED] - Object: 'Object Repository/a_Structural Parts' is clicked on

2019-05-22 19:13:13 - [TEST_STEP][PASSED] - waitForPageLoad(0): Wait for page load successfully

2019-05-22 19:13:13 - [MESSAGE][WARNING] - Timeout '0' is invalid. Using default page load timeout: '30'

2019-05-22 19:13:13 - [MESSAGE][PASSED] - Wait for page load successfully

2019-05-22 19:13:13 - [TEST_STEP][PASSED] - closeBrowser(): Browser is closed

2019-05-22 19:13:15 - [MESSAGE][PASSED] - Browser is closed]]></system-out>
         <system-err><![CDATA[]]></system-err>
      </testcase>
      <testcase name="Test Cases/GGMP/SiveNav/Collision/Tuch-Up Paint" classname="Test Cases/GGMP/SiveNav/Collision/Tuch-Up Paint" status="PASSED">
         <system-out><![CDATA[2019-05-22 19:13:15 - [TEST_CASE][PASSED] - Test Cases/GGMP/SiveNav/Collision/Tuch-Up Paint: Test Cases/GGMP/SiveNav/Collision/Tuch-Up Paint

2019-05-22 19:13:15 - [TEST_STEP][PASSED] - openBrowser(""): Browser is opened with url: ''

2019-05-22 19:13:15 - [MESSAGE][INFO] - Starting 'Firefox' driver

2019-05-22 19:13:24 - [MESSAGE][PASSED] - Browser is opened with url: ''

2019-05-22 19:13:24 - [TEST_STEP][PASSED] - maximizeWindow(): Current window maximized

2019-05-22 19:13:25 - [MESSAGE][PASSED] - Current window maximized

2019-05-22 19:13:25 - [TEST_STEP][PASSED] - navigateToUrl("https://www.genuinegmparts.com/"): Navigate to 'https://www.genuinegmparts.com/' successfully

2019-05-22 19:13:27 - [MESSAGE][PASSED] - Navigate to 'https://www.genuinegmparts.com/' successfully

2019-05-22 19:13:27 - [TEST_STEP][PASSED] - click(findTestObject("Object Repository/a_Touch-Up Paint")): Object: 'Object Repository/a_Touch-Up Paint' is clicked on

2019-05-22 19:13:29 - [MESSAGE][PASSED] - Object: 'Object Repository/a_Touch-Up Paint' is clicked on

2019-05-22 19:13:29 - [TEST_STEP][PASSED] - closeBrowser(): Browser is closed

2019-05-22 19:13:30 - [MESSAGE][PASSED] - Browser is closed]]></system-out>
         <system-err><![CDATA[]]></system-err>
      </testcase>
      <testcase name="Test Cases/GGMP/SiveNav/Collision/Wheels" classname="Test Cases/GGMP/SiveNav/Collision/Wheels" status="PASSED">
         <system-out><![CDATA[2019-05-22 19:13:30 - [TEST_CASE][PASSED] - Test Cases/GGMP/SiveNav/Collision/Wheels: Test Cases/GGMP/SiveNav/Collision/Wheels

2019-05-22 19:13:30 - [TEST_STEP][PASSED] - openBrowser(""): Browser is opened with url: ''

2019-05-22 19:13:30 - [MESSAGE][INFO] - Starting 'Firefox' driver

2019-05-22 19:13:40 - [MESSAGE][PASSED] - Browser is opened with url: ''

2019-05-22 19:13:40 - [TEST_STEP][PASSED] - maximizeWindow(): Current window maximized

2019-05-22 19:13:40 - [MESSAGE][PASSED] - Current window maximized

2019-05-22 19:13:40 - [TEST_STEP][PASSED] - navigateToUrl("https://www.genuinegmparts.com/"): Navigate to 'https://www.genuinegmparts.com/' successfully

2019-05-22 19:13:43 - [MESSAGE][PASSED] - Navigate to 'https://www.genuinegmparts.com/' successfully

2019-05-22 19:13:43 - [TEST_STEP][PASSED] - click(findTestObject("Object Repository/a_Wheels")): Object: 'Object Repository/a_Wheels' is clicked on

2019-05-22 19:13:44 - [MESSAGE][PASSED] - Object: 'Object Repository/a_Wheels' is clicked on

2019-05-22 19:13:44 - [TEST_STEP][PASSED] - closeBrowser(): Browser is closed

2019-05-22 19:13:46 - [MESSAGE][PASSED] - Browser is closed]]></system-out>
         <system-err><![CDATA[]]></system-err>
      </testcase>
      <testcase name="Test Cases/GGMP/SiveNav/Powertrain/Engine Components" classname="Test Cases/GGMP/SiveNav/Powertrain/Engine Components" status="PASSED">
         <system-out><![CDATA[2019-05-22 19:13:46 - [TEST_CASE][PASSED] - Test Cases/GGMP/SiveNav/Powertrain/Engine Components: Test Cases/GGMP/SiveNav/Powertrain/Engine Components

2019-05-22 19:13:46 - [TEST_STEP][PASSED] - openBrowser(""): Browser is opened with url: ''

2019-05-22 19:13:46 - [MESSAGE][INFO] - Starting 'Firefox' driver

2019-05-22 19:13:55 - [MESSAGE][PASSED] - Browser is opened with url: ''

2019-05-22 19:13:55 - [TEST_STEP][PASSED] - maximizeWindow(): Current window maximized

2019-05-22 19:13:56 - [MESSAGE][PASSED] - Current window maximized

2019-05-22 19:13:56 - [TEST_STEP][PASSED] - navigateToUrl("https://www.genuinegmparts.com/"): Navigate to 'https://www.genuinegmparts.com/' successfully

2019-05-22 19:13:59 - [MESSAGE][PASSED] - Navigate to 'https://www.genuinegmparts.com/' successfully

2019-05-22 19:13:59 - [TEST_STEP][PASSED] - click(findTestObject("Object Repository/a_Engine Components")): Object: 'Object Repository/a_Engine Components' is clicked on

2019-05-22 19:14:00 - [MESSAGE][PASSED] - Object: 'Object Repository/a_Engine Components' is clicked on

2019-05-22 19:14:00 - [TEST_STEP][PASSED] - closeBrowser(): Browser is closed

2019-05-22 19:14:02 - [MESSAGE][PASSED] - Browser is closed]]></system-out>
         <system-err><![CDATA[]]></system-err>
      </testcase>
      <testcase name="Test Cases/GGMP/SiveNav/Powertrain/Engines" classname="Test Cases/GGMP/SiveNav/Powertrain/Engines" status="PASSED">
         <system-out><![CDATA[2019-05-22 19:14:02 - [TEST_CASE][PASSED] - Test Cases/GGMP/SiveNav/Powertrain/Engines: Test Cases/GGMP/SiveNav/Powertrain/Engines

2019-05-22 19:14:02 - [TEST_STEP][PASSED] - openBrowser(""): Browser is opened with url: ''

2019-05-22 19:14:02 - [MESSAGE][INFO] - Starting 'Firefox' driver

2019-05-22 19:14:11 - [MESSAGE][PASSED] - Browser is opened with url: ''

2019-05-22 19:14:11 - [TEST_STEP][PASSED] - maximizeWindow(): Current window maximized

2019-05-22 19:14:12 - [MESSAGE][PASSED] - Current window maximized

2019-05-22 19:14:12 - [TEST_STEP][PASSED] - navigateToUrl("https://www.genuinegmparts.com/"): Navigate to 'https://www.genuinegmparts.com/' successfully

2019-05-22 19:14:14 - [MESSAGE][PASSED] - Navigate to 'https://www.genuinegmparts.com/' successfully

2019-05-22 19:14:14 - [TEST_STEP][PASSED] - click(findTestObject("Object Repository/a_Engines")): Object: 'Object Repository/a_Engines' is clicked on

2019-05-22 19:14:15 - [MESSAGE][PASSED] - Object: 'Object Repository/a_Engines' is clicked on

2019-05-22 19:14:15 - [TEST_STEP][PASSED] - closeBrowser(): Browser is closed

2019-05-22 19:14:17 - [MESSAGE][PASSED] - Browser is closed]]></system-out>
         <system-err><![CDATA[]]></system-err>
      </testcase>
      <testcase name="Test Cases/GGMP/SiveNav/Powertrain/Transmission Components" classname="Test Cases/GGMP/SiveNav/Powertrain/Transmission Components" status="PASSED">
         <system-out><![CDATA[2019-05-22 19:14:17 - [TEST_CASE][PASSED] - Test Cases/GGMP/SiveNav/Powertrain/Transmission Components: Test Cases/GGMP/SiveNav/Powertrain/Transmission Components

2019-05-22 19:14:17 - [TEST_STEP][PASSED] - openBrowser(""): Browser is opened with url: ''

2019-05-22 19:14:17 - [MESSAGE][INFO] - Starting 'Firefox' driver

2019-05-22 19:14:28 - [MESSAGE][PASSED] - Browser is opened with url: ''

2019-05-22 19:14:28 - [TEST_STEP][PASSED] - maximizeWindow(): Current window maximized

2019-05-22 19:14:28 - [MESSAGE][PASSED] - Current window maximized

2019-05-22 19:14:28 - [TEST_STEP][PASSED] - navigateToUrl("https://www.genuinegmparts.com/"): Navigate to 'https://www.genuinegmparts.com/' successfully

2019-05-22 19:14:31 - [MESSAGE][PASSED] - Navigate to 'https://www.genuinegmparts.com/' successfully

2019-05-22 19:14:31 - [TEST_STEP][PASSED] - click(findTestObject("Object Repository/a_Transmission Components")): Object: 'Object Repository/a_Transmission Components' is clicked on

2019-05-22 19:14:33 - [MESSAGE][PASSED] - Object: 'Object Repository/a_Transmission Components' is clicked on

2019-05-22 19:14:33 - [TEST_STEP][PASSED] - closeBrowser(): Browser is closed

2019-05-22 19:14:34 - [MESSAGE][PASSED] - Browser is closed]]></system-out>
         <system-err><![CDATA[]]></system-err>
      </testcase>
      <testcase name="Test Cases/GGMP/SiveNav/Powertrain/Transmission" classname="Test Cases/GGMP/SiveNav/Powertrain/Transmission" status="PASSED">
         <system-out><![CDATA[2019-05-22 19:14:34 - [TEST_CASE][PASSED] - Test Cases/GGMP/SiveNav/Powertrain/Transmission: Test Cases/GGMP/SiveNav/Powertrain/Transmission

2019-05-22 19:14:35 - [TEST_STEP][PASSED] - openBrowser(""): Browser is opened with url: ''

2019-05-22 19:14:35 - [MESSAGE][INFO] - Starting 'Firefox' driver

2019-05-22 19:14:44 - [MESSAGE][PASSED] - Browser is opened with url: ''

2019-05-22 19:14:44 - [TEST_STEP][PASSED] - maximizeWindow(): Current window maximized

2019-05-22 19:14:44 - [MESSAGE][PASSED] - Current window maximized

2019-05-22 19:14:44 - [TEST_STEP][PASSED] - navigateToUrl("https://www.genuinegmparts.com/"): Navigate to 'https://www.genuinegmparts.com/' successfully

2019-05-22 19:14:47 - [MESSAGE][PASSED] - Navigate to 'https://www.genuinegmparts.com/' successfully

2019-05-22 19:14:47 - [TEST_STEP][PASSED] - click(findTestObject("Object Repository/a_Transmissions  Transfer Cases")): Object: 'Object Repository/a_Transmissions  Transfer Cases' is clicked on

2019-05-22 19:14:48 - [MESSAGE][PASSED] - Object: 'Object Repository/a_Transmissions  Transfer Cases' is clicked on

2019-05-22 19:14:48 - [TEST_STEP][PASSED] - closeBrowser(): Browser is closed

2019-05-22 19:14:50 - [MESSAGE][PASSED] - Browser is closed]]></system-out>
         <system-err><![CDATA[]]></system-err>
      </testcase>
      <system-out><![CDATA[2019-05-22 19:11:40 - [TEST_SUITE][PASSED] - Sivenav: Test Cases/GGMP/SiveNav/Powertrain/Transmission]]></system-out>
      <system-err><![CDATA[]]></system-err>
   </testsuite>
</testsuites>
