<?xml version="1.0" encoding="UTF-8"?>
<testsuites name="Sivenav" time="139" tests="12" failures="0" errors="0">
   <testsuite name="Sivenav" tests="12" failures="0" errors="0" time="139" timestamp="2019-05-21 14:56:22" hostname="adrian.dobre - BCHOPT-NW100219.emea.corp.ipgnetwork.com" id="Test Suites/Sivenav">
      <properties>
         <property name="deviceName" value=""/>
         <property name="devicePlatform" value=""/>
         <property name="logFolder" value="C:\\Users\\adrian.dobre\\Katalon Studio\\Genuine GM Parts\\Reports\\Sivenav\\20190521_145618"/>
         <property name="logFiles" value="C:\\Users\\adrian.dobre\\Katalon Studio\\Genuine GM Parts\\Reports\\Sivenav\\20190521_145618\\execution0.log"/>
         <property name="attachments" value=""/>
         <property name="hostName" value="adrian.dobre - BCHOPT-NW100219.emea.corp.ipgnetwork.com"/>
         <property name="os" value="Windows 10 64bit"/>
         <property name="katalonVersion" value="6.1.4.1"/>
         <property name="browser" value="Chrome 74.0.3729.157"/>
         <property name="hostAddress" value="10.69.196.168"/>
         <property name="sessionId" value="f5fa14cb8fab0fe7d86b3e3e4846709c"/>
         <property name="seleniumVersion" value="3.7.1"/>
         <property name="proxyInformation" value="ProxyInformation{proxyOption=NO_PROXY, proxyServerType=HTTP, password=, proxyServerAddress=, proxyServerPort=0}"/>
         <property name="platform" value="Windows 10"/>
      </properties>
      <testcase name="Test Cases/GGMP/SiveNav/Collision/Bumper" classname="Test Cases/GGMP/SiveNav/Collision/Bumper" status="PASSED">
         <system-out><![CDATA[2019-05-21 14:56:22 - [TEST_CASE][PASSED] - Test Cases/GGMP/SiveNav/Collision/Bumper: Test Cases/GGMP/SiveNav/Collision/Bumper

2019-05-21 14:56:23 - [TEST_STEP][PASSED] - openBrowser(""): Browser is opened with url: ''

2019-05-21 14:56:23 - [MESSAGE][INFO] - Starting 'Chrome' driver

2019-05-21 14:56:23 - [MESSAGE][INFO] - Action delay is set to 0 seconds

2019-05-21 14:56:30 - [MESSAGE][PASSED] - Browser is opened with url: ''

2019-05-21 14:56:30 - [TEST_STEP][PASSED] - navigateToUrl("https://www.genuinegmparts.com/"): Navigate to 'https://www.genuinegmparts.com/' successfully

2019-05-21 14:56:34 - [MESSAGE][PASSED] - Navigate to 'https://www.genuinegmparts.com/' successfully

2019-05-21 14:56:34 - [TEST_STEP][PASSED] - click(findTestObject("Object Repository/New Folder/a_Bumpers Fascias  Grilles")): Object: 'Object Repository/New Folder/a_Bumpers Fascias  Grilles' is clicked on

2019-05-21 14:56:35 - [MESSAGE][PASSED] - Object: 'Object Repository/New Folder/a_Bumpers Fascias  Grilles' is clicked on

2019-05-21 14:56:35 - [TEST_STEP][PASSED] - closeBrowser(): Browser is closed

2019-05-21 14:56:36 - [MESSAGE][PASSED] - Browser is closed]]></system-out>
         <system-err><![CDATA[]]></system-err>
      </testcase>
      <testcase name="Test Cases/GGMP/SiveNav/Collision/Headlamps" classname="Test Cases/GGMP/SiveNav/Collision/Headlamps" status="PASSED">
         <system-out><![CDATA[2019-05-21 14:56:36 - [TEST_CASE][PASSED] - Test Cases/GGMP/SiveNav/Collision/Headlamps: Test Cases/GGMP/SiveNav/Collision/Headlamps

2019-05-21 14:56:36 - [TEST_STEP][PASSED] - openBrowser(""): Browser is opened with url: ''

2019-05-21 14:56:36 - [MESSAGE][INFO] - Starting 'Chrome' driver

2019-05-21 14:56:41 - [MESSAGE][PASSED] - Browser is opened with url: ''

2019-05-21 14:56:41 - [TEST_STEP][PASSED] - navigateToUrl("https://www.genuinegmparts.com/"): Navigate to 'https://www.genuinegmparts.com/' successfully

2019-05-21 14:56:46 - [MESSAGE][PASSED] - Navigate to 'https://www.genuinegmparts.com/' successfully

2019-05-21 14:56:46 - [TEST_STEP][PASSED] - click(findTestObject("Object Repository/a_Headlamps  Taillamps")): Object: 'Object Repository/a_Headlamps  Taillamps' is clicked on

2019-05-21 14:56:46 - [MESSAGE][PASSED] - Object: 'Object Repository/a_Headlamps  Taillamps' is clicked on

2019-05-21 14:56:46 - [TEST_STEP][PASSED] - closeBrowser(): Browser is closed

2019-05-21 14:56:47 - [MESSAGE][PASSED] - Browser is closed]]></system-out>
         <system-err><![CDATA[]]></system-err>
      </testcase>
      <testcase name="Test Cases/GGMP/SiveNav/Collision/Interior Parts" classname="Test Cases/GGMP/SiveNav/Collision/Interior Parts" status="PASSED">
         <system-out><![CDATA[2019-05-21 14:56:47 - [TEST_CASE][PASSED] - Test Cases/GGMP/SiveNav/Collision/Interior Parts: Test Cases/GGMP/SiveNav/Collision/Interior Parts

2019-05-21 14:56:48 - [TEST_STEP][PASSED] - openBrowser(""): Browser is opened with url: ''

2019-05-21 14:56:48 - [MESSAGE][INFO] - Starting 'Chrome' driver

2019-05-21 14:56:53 - [MESSAGE][PASSED] - Browser is opened with url: ''

2019-05-21 14:56:53 - [TEST_STEP][PASSED] - navigateToUrl("https://www.genuinegmparts.com/"): Navigate to 'https://www.genuinegmparts.com/' successfully

2019-05-21 14:56:56 - [MESSAGE][PASSED] - Navigate to 'https://www.genuinegmparts.com/' successfully

2019-05-21 14:56:56 - [TEST_STEP][PASSED] - click(findTestObject("Object Repository/a_Interior Parts  Air Bags")): Object: 'Object Repository/a_Interior Parts  Air Bags' is clicked on

2019-05-21 14:56:56 - [MESSAGE][PASSED] - Object: 'Object Repository/a_Interior Parts  Air Bags' is clicked on

2019-05-21 14:56:56 - [TEST_STEP][PASSED] - closeBrowser(): Browser is closed

2019-05-21 14:56:57 - [MESSAGE][PASSED] - Browser is closed]]></system-out>
         <system-err><![CDATA[]]></system-err>
      </testcase>
      <testcase name="Test Cases/GGMP/SiveNav/Collision/Radiators" classname="Test Cases/GGMP/SiveNav/Collision/Radiators" status="PASSED">
         <system-out><![CDATA[2019-05-21 14:56:57 - [TEST_CASE][PASSED] - Test Cases/GGMP/SiveNav/Collision/Radiators: Test Cases/GGMP/SiveNav/Collision/Radiators

2019-05-21 14:56:58 - [TEST_STEP][PASSED] - openBrowser(""): Browser is opened with url: ''

2019-05-21 14:56:58 - [MESSAGE][INFO] - Starting 'Chrome' driver

2019-05-21 14:57:05 - [MESSAGE][PASSED] - Browser is opened with url: ''

2019-05-21 14:57:05 - [TEST_STEP][PASSED] - navigateToUrl("https://www.genuinegmparts.com/"): Navigate to 'https://www.genuinegmparts.com/' successfully

2019-05-21 14:57:09 - [MESSAGE][PASSED] - Navigate to 'https://www.genuinegmparts.com/' successfully

2019-05-21 14:57:09 - [TEST_STEP][PASSED] - click(findTestObject("Object Repository/a_Radiators")): Object: 'Object Repository/a_Radiators' is clicked on

2019-05-21 14:57:10 - [MESSAGE][PASSED] - Object: 'Object Repository/a_Radiators' is clicked on

2019-05-21 14:57:10 - [TEST_STEP][PASSED] - closeBrowser(): Browser is closed

2019-05-21 14:57:11 - [MESSAGE][PASSED] - Browser is closed]]></system-out>
         <system-err><![CDATA[]]></system-err>
      </testcase>
      <testcase name="Test Cases/GGMP/SiveNav/Collision/SheetMetal" classname="Test Cases/GGMP/SiveNav/Collision/SheetMetal" status="PASSED">
         <system-out><![CDATA[2019-05-21 14:57:11 - [TEST_CASE][PASSED] - Test Cases/GGMP/SiveNav/Collision/SheetMetal: Test Cases/GGMP/SiveNav/Collision/SheetMetal

2019-05-21 14:57:11 - [TEST_STEP][PASSED] - openBrowser(""): Browser is opened with url: ''

2019-05-21 14:57:11 - [MESSAGE][INFO] - Starting 'Chrome' driver

2019-05-21 14:57:17 - [MESSAGE][PASSED] - Browser is opened with url: ''

2019-05-21 14:57:17 - [TEST_STEP][PASSED] - maximizeWindow(): Current window maximized

2019-05-21 14:57:18 - [MESSAGE][PASSED] - Current window maximized

2019-05-21 14:57:18 - [TEST_STEP][PASSED] - navigateToUrl("https://www.genuinegmparts.com/"): Navigate to 'https://www.genuinegmparts.com/' successfully

2019-05-21 14:57:21 - [MESSAGE][PASSED] - Navigate to 'https://www.genuinegmparts.com/' successfully

2019-05-21 14:57:21 - [TEST_STEP][PASSED] - click(findTestObject("Object Repository/a_Sheet Metal")): Object: 'Object Repository/a_Sheet Metal' is clicked on

2019-05-21 14:57:22 - [MESSAGE][PASSED] - Object: 'Object Repository/a_Sheet Metal' is clicked on

2019-05-21 14:57:22 - [TEST_STEP][PASSED] - closeBrowser(): Browser is closed

2019-05-21 14:57:23 - [MESSAGE][PASSED] - Browser is closed]]></system-out>
         <system-err><![CDATA[]]></system-err>
      </testcase>
      <testcase name="Test Cases/GGMP/SiveNav/Collision/Structural Parts" classname="Test Cases/GGMP/SiveNav/Collision/Structural Parts" status="PASSED">
         <system-out><![CDATA[2019-05-21 14:57:23 - [TEST_CASE][PASSED] - Test Cases/GGMP/SiveNav/Collision/Structural Parts: Test Cases/GGMP/SiveNav/Collision/Structural Parts

2019-05-21 14:57:23 - [TEST_STEP][PASSED] - openBrowser(""): Browser is opened with url: ''

2019-05-21 14:57:23 - [MESSAGE][INFO] - Starting 'Chrome' driver

2019-05-21 14:57:29 - [MESSAGE][PASSED] - Browser is opened with url: ''

2019-05-21 14:57:29 - [TEST_STEP][PASSED] - navigateToUrl("https://www.genuinegmparts.com/"): Navigate to 'https://www.genuinegmparts.com/' successfully

2019-05-21 14:57:33 - [MESSAGE][PASSED] - Navigate to 'https://www.genuinegmparts.com/' successfully

2019-05-21 14:57:33 - [TEST_STEP][PASSED] - click(findTestObject("Object Repository/a_Structural Parts")): Object: 'Object Repository/a_Structural Parts' is clicked on

2019-05-21 14:57:33 - [MESSAGE][PASSED] - Object: 'Object Repository/a_Structural Parts' is clicked on

2019-05-21 14:57:33 - [TEST_STEP][PASSED] - waitForPageLoad(0): Wait for page load successfully

2019-05-21 14:57:33 - [MESSAGE][WARNING] - Timeout '0' is invalid. Using default page load timeout: '30'

2019-05-21 14:57:33 - [MESSAGE][PASSED] - Wait for page load successfully

2019-05-21 14:57:33 - [TEST_STEP][PASSED] - closeBrowser(): Browser is closed

2019-05-21 14:57:34 - [MESSAGE][PASSED] - Browser is closed]]></system-out>
         <system-err><![CDATA[]]></system-err>
      </testcase>
      <testcase name="Test Cases/GGMP/SiveNav/Collision/Tuch-Up Paint" classname="Test Cases/GGMP/SiveNav/Collision/Tuch-Up Paint" status="PASSED">
         <system-out><![CDATA[2019-05-21 14:57:34 - [TEST_CASE][PASSED] - Test Cases/GGMP/SiveNav/Collision/Tuch-Up Paint: Test Cases/GGMP/SiveNav/Collision/Tuch-Up Paint

2019-05-21 14:57:34 - [TEST_STEP][PASSED] - openBrowser(""): Browser is opened with url: ''

2019-05-21 14:57:34 - [MESSAGE][INFO] - Starting 'Chrome' driver

2019-05-21 14:57:40 - [MESSAGE][PASSED] - Browser is opened with url: ''

2019-05-21 14:57:40 - [TEST_STEP][PASSED] - navigateToUrl("https://www.genuinegmparts.com/"): Navigate to 'https://www.genuinegmparts.com/' successfully

2019-05-21 14:57:44 - [MESSAGE][PASSED] - Navigate to 'https://www.genuinegmparts.com/' successfully

2019-05-21 14:57:44 - [TEST_STEP][PASSED] - click(findTestObject("Object Repository/a_Touch-Up Paint")): Object: 'Object Repository/a_Touch-Up Paint' is clicked on

2019-05-21 14:57:44 - [MESSAGE][PASSED] - Object: 'Object Repository/a_Touch-Up Paint' is clicked on

2019-05-21 14:57:44 - [TEST_STEP][PASSED] - closeBrowser(): Browser is closed

2019-05-21 14:57:45 - [MESSAGE][PASSED] - Browser is closed]]></system-out>
         <system-err><![CDATA[]]></system-err>
      </testcase>
      <testcase name="Test Cases/GGMP/SiveNav/Collision/Wheels" classname="Test Cases/GGMP/SiveNav/Collision/Wheels" status="PASSED">
         <system-out><![CDATA[2019-05-21 14:57:45 - [TEST_CASE][PASSED] - Test Cases/GGMP/SiveNav/Collision/Wheels: Test Cases/GGMP/SiveNav/Collision/Wheels

2019-05-21 14:57:45 - [TEST_STEP][PASSED] - openBrowser(""): Browser is opened with url: ''

2019-05-21 14:57:45 - [MESSAGE][INFO] - Starting 'Chrome' driver

2019-05-21 14:57:51 - [MESSAGE][PASSED] - Browser is opened with url: ''

2019-05-21 14:57:51 - [TEST_STEP][PASSED] - navigateToUrl("https://www.genuinegmparts.com/"): Navigate to 'https://www.genuinegmparts.com/' successfully

2019-05-21 14:57:55 - [MESSAGE][PASSED] - Navigate to 'https://www.genuinegmparts.com/' successfully

2019-05-21 14:57:55 - [TEST_STEP][PASSED] - click(findTestObject("Object Repository/a_Wheels")): Object: 'Object Repository/a_Wheels' is clicked on

2019-05-21 14:57:55 - [MESSAGE][PASSED] - Object: 'Object Repository/a_Wheels' is clicked on

2019-05-21 14:57:55 - [TEST_STEP][PASSED] - closeBrowser(): Browser is closed

2019-05-21 14:57:56 - [MESSAGE][PASSED] - Browser is closed]]></system-out>
         <system-err><![CDATA[]]></system-err>
      </testcase>
      <testcase name="Test Cases/GGMP/SiveNav/Powertrain/Engine Components" classname="Test Cases/GGMP/SiveNav/Powertrain/Engine Components" status="PASSED">
         <system-out><![CDATA[2019-05-21 14:57:56 - [TEST_CASE][PASSED] - Test Cases/GGMP/SiveNav/Powertrain/Engine Components: Test Cases/GGMP/SiveNav/Powertrain/Engine Components

2019-05-21 14:57:56 - [TEST_STEP][PASSED] - openBrowser(""): Browser is opened with url: ''

2019-05-21 14:57:56 - [MESSAGE][INFO] - Starting 'Chrome' driver

2019-05-21 14:58:02 - [MESSAGE][PASSED] - Browser is opened with url: ''

2019-05-21 14:58:02 - [TEST_STEP][PASSED] - navigateToUrl("https://www.genuinegmparts.com/"): Navigate to 'https://www.genuinegmparts.com/' successfully

2019-05-21 14:58:06 - [MESSAGE][PASSED] - Navigate to 'https://www.genuinegmparts.com/' successfully

2019-05-21 14:58:06 - [TEST_STEP][PASSED] - click(findTestObject("Object Repository/a_Engine Components")): Object: 'Object Repository/a_Engine Components' is clicked on

2019-05-21 14:58:06 - [MESSAGE][PASSED] - Object: 'Object Repository/a_Engine Components' is clicked on

2019-05-21 14:58:06 - [TEST_STEP][PASSED] - closeBrowser(): Browser is closed

2019-05-21 14:58:07 - [MESSAGE][PASSED] - Browser is closed]]></system-out>
         <system-err><![CDATA[]]></system-err>
      </testcase>
      <testcase name="Test Cases/GGMP/SiveNav/Powertrain/Engines" classname="Test Cases/GGMP/SiveNav/Powertrain/Engines" status="PASSED">
         <system-out><![CDATA[2019-05-21 14:58:07 - [TEST_CASE][PASSED] - Test Cases/GGMP/SiveNav/Powertrain/Engines: Test Cases/GGMP/SiveNav/Powertrain/Engines

2019-05-21 14:58:07 - [TEST_STEP][PASSED] - openBrowser(""): Browser is opened with url: ''

2019-05-21 14:58:07 - [MESSAGE][INFO] - Starting 'Chrome' driver

2019-05-21 14:58:13 - [MESSAGE][PASSED] - Browser is opened with url: ''

2019-05-21 14:58:13 - [TEST_STEP][PASSED] - navigateToUrl("https://www.genuinegmparts.com/"): Navigate to 'https://www.genuinegmparts.com/' successfully

2019-05-21 14:58:17 - [MESSAGE][PASSED] - Navigate to 'https://www.genuinegmparts.com/' successfully

2019-05-21 14:58:17 - [TEST_STEP][PASSED] - click(findTestObject("Object Repository/a_Engines")): Object: 'Object Repository/a_Engines' is clicked on

2019-05-21 14:58:17 - [MESSAGE][PASSED] - Object: 'Object Repository/a_Engines' is clicked on

2019-05-21 14:58:17 - [TEST_STEP][PASSED] - closeBrowser(): Browser is closed

2019-05-21 14:58:18 - [MESSAGE][PASSED] - Browser is closed]]></system-out>
         <system-err><![CDATA[]]></system-err>
      </testcase>
      <testcase name="Test Cases/GGMP/SiveNav/Powertrain/Transmission Components" classname="Test Cases/GGMP/SiveNav/Powertrain/Transmission Components" status="PASSED">
         <system-out><![CDATA[2019-05-21 14:58:18 - [TEST_CASE][PASSED] - Test Cases/GGMP/SiveNav/Powertrain/Transmission Components: Test Cases/GGMP/SiveNav/Powertrain/Transmission Components

2019-05-21 14:58:18 - [TEST_STEP][PASSED] - openBrowser(""): Browser is opened with url: ''

2019-05-21 14:58:18 - [MESSAGE][INFO] - Starting 'Chrome' driver

2019-05-21 14:58:24 - [MESSAGE][PASSED] - Browser is opened with url: ''

2019-05-21 14:58:24 - [TEST_STEP][PASSED] - navigateToUrl("https://www.genuinegmparts.com/"): Navigate to 'https://www.genuinegmparts.com/' successfully

2019-05-21 14:58:28 - [MESSAGE][PASSED] - Navigate to 'https://www.genuinegmparts.com/' successfully

2019-05-21 14:58:28 - [TEST_STEP][PASSED] - click(findTestObject("Object Repository/a_Transmission Components")): Object: 'Object Repository/a_Transmission Components' is clicked on

2019-05-21 14:58:28 - [MESSAGE][PASSED] - Object: 'Object Repository/a_Transmission Components' is clicked on

2019-05-21 14:58:28 - [TEST_STEP][PASSED] - closeBrowser(): Browser is closed

2019-05-21 14:58:29 - [MESSAGE][PASSED] - Browser is closed]]></system-out>
         <system-err><![CDATA[]]></system-err>
      </testcase>
      <testcase name="Test Cases/GGMP/SiveNav/Powertrain/Transmission" classname="Test Cases/GGMP/SiveNav/Powertrain/Transmission" status="PASSED">
         <system-out><![CDATA[2019-05-21 14:58:29 - [TEST_CASE][PASSED] - Test Cases/GGMP/SiveNav/Powertrain/Transmission: Test Cases/GGMP/SiveNav/Powertrain/Transmission

2019-05-21 14:58:29 - [TEST_STEP][PASSED] - openBrowser(""): Browser is opened with url: ''

2019-05-21 14:58:29 - [MESSAGE][INFO] - Starting 'Chrome' driver

2019-05-21 14:58:35 - [MESSAGE][PASSED] - Browser is opened with url: ''

2019-05-21 14:58:35 - [TEST_STEP][PASSED] - navigateToUrl("https://www.genuinegmparts.com/"): Navigate to 'https://www.genuinegmparts.com/' successfully

2019-05-21 14:58:40 - [MESSAGE][PASSED] - Navigate to 'https://www.genuinegmparts.com/' successfully

2019-05-21 14:58:40 - [TEST_STEP][PASSED] - click(findTestObject("Object Repository/a_Transmissions  Transfer Cases")): Object: 'Object Repository/a_Transmissions  Transfer Cases' is clicked on

2019-05-21 14:58:40 - [MESSAGE][PASSED] - Object: 'Object Repository/a_Transmissions  Transfer Cases' is clicked on

2019-05-21 14:58:40 - [TEST_STEP][PASSED] - closeBrowser(): Browser is closed

2019-05-21 14:58:41 - [MESSAGE][PASSED] - Browser is closed]]></system-out>
         <system-err><![CDATA[]]></system-err>
      </testcase>
      <system-out><![CDATA[2019-05-21 14:56:22 - [TEST_SUITE][PASSED] - Sivenav: Test Cases/GGMP/SiveNav/Powertrain/Transmission]]></system-out>
      <system-err><![CDATA[]]></system-err>
   </testsuite>
</testsuites>
