<?xml version="1.0" encoding="UTF-8"?>
<testsuites name="Tools" time="65" tests="3" failures="0" errors="0">
   <testsuite name="Tools" tests="3" failures="0" errors="0" time="65" timestamp="2019-05-27 19:32:16" hostname="adrian.dobre - BCHOPT-NW100219.emea.corp.ipgnetwork.com" id="Test Suites/Tools">
      <properties>
         <property name="deviceName" value=""/>
         <property name="devicePlatform" value=""/>
         <property name="logFolder" value="C:\\Users\\adrian.dobre\\Katalon Studio\\Genuine GM Parts\\Reports\\Tools\\20190527_193212"/>
         <property name="logFiles" value="C:\\Users\\adrian.dobre\\Katalon Studio\\Genuine GM Parts\\Reports\\Tools\\20190527_193212\\execution0.log"/>
         <property name="attachments" value=""/>
         <property name="hostName" value="adrian.dobre - BCHOPT-NW100219.emea.corp.ipgnetwork.com"/>
         <property name="os" value="Windows 10 64bit"/>
         <property name="katalonVersion" value="6.1.4.1"/>
         <property name="browser" value="Chrome 74.0.3729.169"/>
         <property name="hostAddress" value="10.69.196.168"/>
         <property name="sessionId" value="a9d084554dc293727ebd700cf5dc4b8d"/>
         <property name="seleniumVersion" value="3.7.1"/>
         <property name="proxyInformation" value="ProxyInformation{proxyOption=NO_PROXY, proxyServerType=HTTP, password=, proxyServerAddress=, proxyServerPort=0}"/>
         <property name="platform" value="Windows 10"/>
      </properties>
      <testcase name="Test Cases/GGMP/TOOLS/Locate a Dealer/LAD" classname="Test Cases/GGMP/TOOLS/Locate a Dealer/LAD" status="PASSED">
         <system-out><![CDATA[2019-05-27 19:32:16 - [TEST_CASE][PASSED] - Test Cases/GGMP/TOOLS/Locate a Dealer/LAD: Test Cases/GGMP/TOOLS/Locate a Dealer/LAD

2019-05-27 19:32:17 - [TEST_STEP][PASSED] - openBrowser(""): Browser is opened with url: ''

2019-05-27 19:32:18 - [MESSAGE][INFO] - Starting 'Chrome' driver

2019-05-27 19:32:18 - [MESSAGE][INFO] - Action delay is set to 0 seconds

2019-05-27 19:32:28 - [MESSAGE][PASSED] - Browser is opened with url: ''

2019-05-27 19:32:28 - [TEST_STEP][PASSED] - maximizeWindow(): Current window maximized

2019-05-27 19:32:29 - [MESSAGE][PASSED] - Current window maximized

2019-05-27 19:32:29 - [TEST_STEP][PASSED] - navigateToUrl("https://www.genuinegmparts.com"): Navigate to 'https://www.genuinegmparts.com' successfully

2019-05-27 19:32:33 - [MESSAGE][PASSED] - Navigate to 'https://www.genuinegmparts.com' successfully

2019-05-27 19:32:33 - [TEST_STEP][PASSED] - click(findTestObject("Locate a Dealer/li_Locate Parts andService")): Object: 'Object Repository/Locate a Dealer/li_Locate Parts andService' is clicked on

2019-05-27 19:32:33 - [MESSAGE][PASSED] - Object: 'Object Repository/Locate a Dealer/li_Locate Parts andService' is clicked on

2019-05-27 19:32:33 - [TEST_STEP][PASSED] - click(findTestObject("Locate a Dealer/span_Locate a Parts Dealer")): Object: 'Object Repository/Locate a Dealer/span_Locate a Parts Dealer' is clicked on

2019-05-27 19:32:37 - [MESSAGE][PASSED] - Object: 'Object Repository/Locate a Dealer/span_Locate a Parts Dealer' is clicked on

2019-05-27 19:32:37 - [TEST_STEP][PASSED] - setText(findTestObject("Locate a Dealer/input_City State_inpZip"), "10001"): Text '10001' is set on object 'Object Repository/Locate a Dealer/input_City State_inpZip'

2019-05-27 19:32:37 - [MESSAGE][PASSED] - Text '10001' is set on object 'Object Repository/Locate a Dealer/input_City State_inpZip'

2019-05-27 19:32:37 - [TEST_STEP][PASSED] - click(findTestObject("Locate a Dealer/button_Begin your search")): Object: 'Object Repository/Locate a Dealer/button_Begin your search' is clicked on

2019-05-27 19:32:37 - [MESSAGE][PASSED] - Object: 'Object Repository/Locate a Dealer/button_Begin your search' is clicked on

2019-05-27 19:32:37 - [TEST_STEP][PASSED] - click(findTestObject("Object Repository/Locate a Dealer/a_Dealer Website")): Object: 'Object Repository/Locate a Dealer/a_Dealer Website' is clicked on

2019-05-27 19:32:38 - [MESSAGE][PASSED] - Object: 'Object Repository/Locate a Dealer/a_Dealer Website' is clicked on

2019-05-27 19:32:38 - [TEST_STEP][PASSED] - closeBrowser(): Browser is closed

2019-05-27 19:32:39 - [MESSAGE][PASSED] - Browser is closed]]></system-out>
         <system-err><![CDATA[]]></system-err>
      </testcase>
      <testcase name="Test Cases/GGMP/TOOLS/Locate a Dealer/New LAD" classname="Test Cases/GGMP/TOOLS/Locate a Dealer/New LAD" status="PASSED">
         <system-out><![CDATA[2019-05-27 19:32:39 - [TEST_CASE][PASSED] - Test Cases/GGMP/TOOLS/Locate a Dealer/New LAD: Test Cases/GGMP/TOOLS/Locate a Dealer/New LAD

2019-05-27 19:32:40 - [TEST_STEP][PASSED] - openBrowser(""): Browser is opened with url: ''

2019-05-27 19:32:40 - [MESSAGE][INFO] - Starting 'Chrome' driver

2019-05-27 19:32:47 - [MESSAGE][PASSED] - Browser is opened with url: ''

2019-05-27 19:32:47 - [TEST_STEP][PASSED] - maximizeWindow(): Current window maximized

2019-05-27 19:32:48 - [MESSAGE][PASSED] - Current window maximized

2019-05-27 19:32:48 - [TEST_STEP][PASSED] - navigateToUrl("https://www.genuinegmparts.com/"): Navigate to 'https://www.genuinegmparts.com/' successfully

2019-05-27 19:32:52 - [MESSAGE][PASSED] - Navigate to 'https://www.genuinegmparts.com/' successfully

2019-05-27 19:32:52 - [TEST_STEP][PASSED] - click(findTestObject("Object Repository/Locate a Dealer/new LAD/li_Locate Parts andService")): Object: 'Object Repository/Locate a Dealer/new LAD/li_Locate Parts andService' is clicked on

2019-05-27 19:32:53 - [MESSAGE][PASSED] - Object: 'Object Repository/Locate a Dealer/new LAD/li_Locate Parts andService' is clicked on

2019-05-27 19:32:53 - [TEST_STEP][PASSED] - click(findTestObject("Object Repository/Locate a Dealer/new LAD/span_Locate a GM Collision Repair Network Facility")): Object: 'Object Repository/Locate a Dealer/new LAD/span_Locate a GM Collision Repair Network Facility' is clicked on

2019-05-27 19:32:56 - [MESSAGE][PASSED] - Object: 'Object Repository/Locate a Dealer/new LAD/span_Locate a GM Collision Repair Network Facility' is clicked on

2019-05-27 19:32:56 - [TEST_STEP][PASSED] - setText(findTestObject("Object Repository/Locate a Dealer/new LAD/input_ZIP Code or CityState_inpZip"), "10001"): Text '10001' is set on object 'Object Repository/Locate a Dealer/new LAD/input_ZIP Code or CityState_inpZip'

2019-05-27 19:32:57 - [MESSAGE][PASSED] - Text '10001' is set on object 'Object Repository/Locate a Dealer/new LAD/input_ZIP Code or CityState_inpZip'

2019-05-27 19:32:57 - [TEST_STEP][PASSED] - click(findTestObject("Object Repository/Locate a Dealer/new LAD/button_ZIP Code or CityState_searchBtn")): Object: 'Object Repository/Locate a Dealer/new LAD/button_ZIP Code or CityState_searchBtn' is clicked on

2019-05-27 19:32:57 - [MESSAGE][PASSED] - Object: 'Object Repository/Locate a Dealer/new LAD/button_ZIP Code or CityState_searchBtn' is clicked on

2019-05-27 19:32:57 - [TEST_STEP][PASSED] - click(findTestObject("Object Repository/Locate a Dealer/new LAD/h2_precision auto works")): Object: 'Object Repository/Locate a Dealer/new LAD/h2_precision auto works' is clicked on

2019-05-27 19:32:58 - [MESSAGE][PASSED] - Object: 'Object Repository/Locate a Dealer/new LAD/h2_precision auto works' is clicked on

2019-05-27 19:32:58 - [TEST_STEP][PASSED] - click(findTestObject("Object Repository/Locate a Dealer/new LAD/p_Back to List")): Object: 'Object Repository/Locate a Dealer/new LAD/p_Back to List' is clicked on

2019-05-27 19:32:59 - [MESSAGE][PASSED] - Object: 'Object Repository/Locate a Dealer/new LAD/p_Back to List' is clicked on

2019-05-27 19:32:59 - [TEST_STEP][PASSED] - click(findTestObject("Object Repository/Locate a Dealer/new LAD/button_Terms of Use_gm-control-active gm-fullscreen-control")): Object: 'Object Repository/Locate a Dealer/new LAD/button_Terms of Use_gm-control-active gm-fullscreen-control' is clicked on

2019-05-27 19:32:59 - [MESSAGE][PASSED] - Object: 'Object Repository/Locate a Dealer/new LAD/button_Terms of Use_gm-control-active gm-fullscreen-control' is clicked on

2019-05-27 19:32:59 - [TEST_STEP][PASSED] - click(findTestObject("Object Repository/Locate a Dealer/new LAD/button_Terms of Use_gm-control-active gm-fullscreen-control")): Object: 'Object Repository/Locate a Dealer/new LAD/button_Terms of Use_gm-control-active gm-fullscreen-control' is clicked on

2019-05-27 19:33:00 - [MESSAGE][PASSED] - Object: 'Object Repository/Locate a Dealer/new LAD/button_Terms of Use_gm-control-active gm-fullscreen-control' is clicked on

2019-05-27 19:33:00 - [TEST_STEP][PASSED] - closeBrowser(): Browser is closed

2019-05-27 19:33:02 - [MESSAGE][PASSED] - Browser is closed]]></system-out>
         <system-err><![CDATA[]]></system-err>
      </testcase>
      <testcase name="Test Cases/GGMP/TOOLS/Locate a Dealer/Touch-Up Paint" classname="Test Cases/GGMP/TOOLS/Locate a Dealer/Touch-Up Paint" status="PASSED">
         <system-out><![CDATA[2019-05-27 19:33:02 - [TEST_CASE][PASSED] - Test Cases/GGMP/TOOLS/Locate a Dealer/Touch-Up Paint: Test Cases/GGMP/TOOLS/Locate a Dealer/Touch-Up Paint

2019-05-27 19:33:02 - [TEST_STEP][PASSED] - openBrowser(""): Browser is opened with url: ''

2019-05-27 19:33:02 - [MESSAGE][INFO] - Starting 'Chrome' driver

2019-05-27 19:33:10 - [MESSAGE][PASSED] - Browser is opened with url: ''

2019-05-27 19:33:10 - [TEST_STEP][PASSED] - maximizeWindow(): Current window maximized

2019-05-27 19:33:11 - [MESSAGE][PASSED] - Current window maximized

2019-05-27 19:33:11 - [TEST_STEP][PASSED] - navigateToUrl("https://www.genuinegmparts.com/"): Navigate to 'https://www.genuinegmparts.com/' successfully

2019-05-27 19:33:16 - [MESSAGE][PASSED] - Navigate to 'https://www.genuinegmparts.com/' successfully

2019-05-27 19:33:16 - [TEST_STEP][PASSED] - click(findTestObject("Object Repository/HomePage/TouchUp Paint/li_Collision")): Object: 'Object Repository/HomePage/TouchUp Paint/li_Collision' is clicked on

2019-05-27 19:33:16 - [MESSAGE][PASSED] - Object: 'Object Repository/HomePage/TouchUp Paint/li_Collision' is clicked on

2019-05-27 19:33:16 - [TEST_STEP][PASSED] - click(findTestObject("Object Repository/HomePage/TouchUp Paint/span_Touch-up paint")): Object: 'Object Repository/HomePage/TouchUp Paint/span_Touch-up paint' is clicked on

2019-05-27 19:33:19 - [MESSAGE][PASSED] - Object: 'Object Repository/HomePage/TouchUp Paint/span_Touch-up paint' is clicked on

2019-05-27 19:33:19 - [TEST_STEP][PASSED] - click(findTestObject("Object Repository/HomePage/TouchUp Paint/a_Downloadable Guides")): Object: 'Object Repository/HomePage/TouchUp Paint/a_Downloadable Guides' is clicked on

2019-05-27 19:33:20 - [MESSAGE][PASSED] - Object: 'Object Repository/HomePage/TouchUp Paint/a_Downloadable Guides' is clicked on

2019-05-27 19:33:20 - [TEST_STEP][PASSED] - click(findTestObject("Object Repository/HomePage/TouchUp Paint/span_2018 GM Refinish Materials - GMW-15406-2017")): Object: 'Object Repository/HomePage/TouchUp Paint/span_2018 GM Refinish Materials - GMW-15406-2017' is clicked on

2019-05-27 19:33:20 - [MESSAGE][PASSED] - Object: 'Object Repository/HomePage/TouchUp Paint/span_2018 GM Refinish Materials - GMW-15406-2017' is clicked on

2019-05-27 19:33:20 - [TEST_STEP][PASSED] - closeBrowser(): Browser is closed

2019-05-27 19:33:21 - [MESSAGE][PASSED] - Browser is closed]]></system-out>
         <system-err><![CDATA[]]></system-err>
      </testcase>
      <system-out><![CDATA[2019-05-27 19:32:16 - [TEST_SUITE][PASSED] - Tools: Test Cases/GGMP/TOOLS/Locate a Dealer/Touch-Up Paint]]></system-out>
      <system-err><![CDATA[]]></system-err>
   </testsuite>
</testsuites>
