<?xml version="1.0" encoding="UTF-8"?>
<testsuites name="Global Nav" time="272" tests="16" failures="0" errors="0">
   <testsuite name="Global Nav" tests="16" failures="0" errors="0" time="272" timestamp="2019-05-27 19:23:12" hostname="adrian.dobre - BCHOPT-NW100219.emea.corp.ipgnetwork.com" id="Test Suites/Global Nav">
      <properties>
         <property name="deviceName" value=""/>
         <property name="devicePlatform" value=""/>
         <property name="logFolder" value="C:\\Users\\adrian.dobre\\Katalon Studio\\Genuine GM Parts\\Reports\\Global Nav\\20190527_192309"/>
         <property name="logFiles" value="C:\\Users\\adrian.dobre\\Katalon Studio\\Genuine GM Parts\\Reports\\Global Nav\\20190527_192309\\execution0.log"/>
         <property name="attachments" value=""/>
         <property name="hostName" value="adrian.dobre - BCHOPT-NW100219.emea.corp.ipgnetwork.com"/>
         <property name="os" value="Windows 10 64bit"/>
         <property name="katalonVersion" value="6.1.4.1"/>
         <property name="browser" value="Chrome 74.0.3729.169"/>
         <property name="hostAddress" value="10.69.196.168"/>
         <property name="sessionId" value="f741727c99a518a3ec33ae47ec375962"/>
         <property name="seleniumVersion" value="3.7.1"/>
         <property name="proxyInformation" value="ProxyInformation{proxyOption=NO_PROXY, proxyServerType=HTTP, password=, proxyServerAddress=, proxyServerPort=0}"/>
         <property name="platform" value="Windows 10"/>
      </properties>
      <testcase name="Test Cases/GGMP/GlobalNav/Collision/Cadillac Repair Network" classname="Test Cases/GGMP/GlobalNav/Collision/Cadillac Repair Network" status="PASSED">
         <system-out><![CDATA[2019-05-27 19:23:13 - [TEST_CASE][PASSED] - Test Cases/GGMP/GlobalNav/Collision/Cadillac Repair Network: Test Cases/GGMP/GlobalNav/Collision/Cadillac Repair Network

2019-05-27 19:23:13 - [TEST_STEP][PASSED] - openBrowser(""): Browser is opened with url: ''

2019-05-27 19:23:14 - [MESSAGE][INFO] - Starting 'Chrome' driver

2019-05-27 19:23:14 - [MESSAGE][INFO] - Action delay is set to 0 seconds

2019-05-27 19:23:22 - [MESSAGE][PASSED] - Browser is opened with url: ''

2019-05-27 19:23:22 - [TEST_STEP][PASSED] - maximizeWindow(): Current window maximized

2019-05-27 19:23:23 - [MESSAGE][PASSED] - Current window maximized

2019-05-27 19:23:23 - [TEST_STEP][PASSED] - navigateToUrl("https://www.genuinegmparts.com/"): Navigate to 'https://www.genuinegmparts.com/' successfully

2019-05-27 19:23:27 - [MESSAGE][PASSED] - Navigate to 'https://www.genuinegmparts.com/' successfully

2019-05-27 19:23:27 - [TEST_STEP][PASSED] - click(findTestObject("Object Repository/New Folder/Global nav/li_Collision")): Object: 'Object Repository/New Folder/Global nav/li_Collision' is clicked on

2019-05-27 19:23:28 - [MESSAGE][PASSED] - Object: 'Object Repository/New Folder/Global nav/li_Collision' is clicked on

2019-05-27 19:23:28 - [TEST_STEP][PASSED] - click(findTestObject("Object Repository/New Folder/Global nav/a_Cadillac Aluminum Repair Network")): Object: 'Object Repository/New Folder/Global nav/a_Cadillac Aluminum Repair Network' is clicked on

2019-05-27 19:23:31 - [MESSAGE][PASSED] - Object: 'Object Repository/New Folder/Global nav/a_Cadillac Aluminum Repair Network' is clicked on

2019-05-27 19:23:31 - [TEST_STEP][PASSED] - click(findTestObject("Object Repository/New Folder/Global nav/span_GENUINE GM REWARDS")): Object: 'Object Repository/New Folder/Global nav/span_GENUINE GM REWARDS' is clicked on

2019-05-27 19:23:31 - [MESSAGE][PASSED] - Object: 'Object Repository/New Folder/Global nav/span_GENUINE GM REWARDS' is clicked on

2019-05-27 19:23:31 - [TEST_STEP][PASSED] - closeBrowser(): Browser is closed

2019-05-27 19:23:32 - [MESSAGE][PASSED] - Browser is closed]]></system-out>
         <system-err><![CDATA[]]></system-err>
      </testcase>
      <testcase name="Test Cases/GGMP/GlobalNav/Collision/Collision Parts" classname="Test Cases/GGMP/GlobalNav/Collision/Collision Parts" status="PASSED">
         <system-out><![CDATA[2019-05-27 19:23:32 - [TEST_CASE][PASSED] - Test Cases/GGMP/GlobalNav/Collision/Collision Parts: Test Cases/GGMP/GlobalNav/Collision/Collision Parts

2019-05-27 19:23:33 - [TEST_STEP][PASSED] - openBrowser(""): Browser is opened with url: ''

2019-05-27 19:23:33 - [MESSAGE][INFO] - Starting 'Chrome' driver

2019-05-27 19:23:39 - [MESSAGE][PASSED] - Browser is opened with url: ''

2019-05-27 19:23:39 - [TEST_STEP][PASSED] - navigateToUrl("https://www.genuinegmparts.com/"): Navigate to 'https://www.genuinegmparts.com/' successfully

2019-05-27 19:23:43 - [MESSAGE][PASSED] - Navigate to 'https://www.genuinegmparts.com/' successfully

2019-05-27 19:23:43 - [TEST_STEP][PASSED] - click(findTestObject("Object Repository/collision Parts/li_Collision")): Object: 'Object Repository/collision Parts/li_Collision' is clicked on

2019-05-27 19:23:43 - [MESSAGE][PASSED] - Object: 'Object Repository/collision Parts/li_Collision' is clicked on

2019-05-27 19:23:43 - [TEST_STEP][PASSED] - click(findTestObject("Object Repository/collision Parts/span_Collision parts")): Object: 'Object Repository/collision Parts/span_Collision parts' is clicked on

2019-05-27 19:23:45 - [MESSAGE][PASSED] - Object: 'Object Repository/collision Parts/span_Collision parts' is clicked on

2019-05-27 19:23:45 - [TEST_STEP][PASSED] - verifyElementText(findTestObject("Object Repository/collision Parts/h1_There are parts and then there are Genuine GM Collision and Auto Body Parts"), "There are parts, and then there are Genuine GM Collision and Auto Body Parts"): Actual text and expected text of test object 'Object Repository/collision Parts/h1_There are parts and then there are Genuine GM Collision and Auto Body Parts' are matched.

2019-05-27 19:23:45 - [MESSAGE][PASSED] - Actual text and expected text of test object 'Object Repository/collision Parts/h1_There are parts and then there are Genuine GM Collision and Auto Body Parts' are matched.

2019-05-27 19:23:45 - [TEST_STEP][PASSED] - closeBrowser(): Browser is closed

2019-05-27 19:23:46 - [MESSAGE][PASSED] - Browser is closed]]></system-out>
         <system-err><![CDATA[]]></system-err>
      </testcase>
      <testcase name="Test Cases/GGMP/GlobalNav/Collision/Collision Repair Manuals" classname="Test Cases/GGMP/GlobalNav/Collision/Collision Repair Manuals" status="PASSED">
         <system-out><![CDATA[2019-05-27 19:23:46 - [TEST_CASE][PASSED] - Test Cases/GGMP/GlobalNav/Collision/Collision Repair Manuals: Test Cases/GGMP/GlobalNav/Collision/Collision Repair Manuals

2019-05-27 19:23:47 - [TEST_STEP][PASSED] - openBrowser(""): Browser is opened with url: ''

2019-05-27 19:23:47 - [MESSAGE][INFO] - Starting 'Chrome' driver

2019-05-27 19:23:53 - [MESSAGE][PASSED] - Browser is opened with url: ''

2019-05-27 19:23:53 - [TEST_STEP][PASSED] - maximizeWindow(): Current window maximized

2019-05-27 19:23:54 - [MESSAGE][PASSED] - Current window maximized

2019-05-27 19:23:54 - [TEST_STEP][PASSED] - navigateToUrl("https://www.genuinegmparts.com/"): Navigate to 'https://www.genuinegmparts.com/' successfully

2019-05-27 19:23:58 - [MESSAGE][PASSED] - Navigate to 'https://www.genuinegmparts.com/' successfully

2019-05-27 19:23:58 - [TEST_STEP][PASSED] - click(findTestObject("Object Repository/New Folder/Global nav/li_Collision")): Object: 'Object Repository/New Folder/Global nav/li_Collision' is clicked on

2019-05-27 19:23:58 - [MESSAGE][PASSED] - Object: 'Object Repository/New Folder/Global nav/li_Collision' is clicked on

2019-05-27 19:23:58 - [TEST_STEP][PASSED] - click(findTestObject("Object Repository/New Folder/Global nav/a_Collision Repair Manuals")): Object: 'Object Repository/New Folder/Global nav/a_Collision Repair Manuals' is clicked on

2019-05-27 19:24:00 - [MESSAGE][PASSED] - Object: 'Object Repository/New Folder/Global nav/a_Collision Repair Manuals' is clicked on

2019-05-27 19:24:00 - [TEST_STEP][PASSED] - click(findTestObject("Object Repository/New Folder/Global nav/button_Programs  Offers")): Object: 'Object Repository/New Folder/Global nav/button_Programs  Offers' is clicked on

2019-05-27 19:24:09 - [MESSAGE][PASSED] - Object: 'Object Repository/New Folder/Global nav/button_Programs  Offers' is clicked on

2019-05-27 19:24:09 - [TEST_STEP][PASSED] - closeBrowser(): Browser is closed

2019-05-27 19:24:09 - [MESSAGE][PASSED] - Browser is closed]]></system-out>
         <system-err><![CDATA[]]></system-err>
      </testcase>
      <testcase name="Test Cases/GGMP/GlobalNav/Collision/Collision Repair Network" classname="Test Cases/GGMP/GlobalNav/Collision/Collision Repair Network" status="PASSED">
         <system-out><![CDATA[2019-05-27 19:24:09 - [TEST_CASE][PASSED] - Test Cases/GGMP/GlobalNav/Collision/Collision Repair Network: Test Cases/GGMP/GlobalNav/Collision/Collision Repair Network

2019-05-27 19:24:10 - [TEST_STEP][PASSED] - openBrowser(""): Browser is opened with url: ''

2019-05-27 19:24:10 - [MESSAGE][INFO] - Starting 'Chrome' driver

2019-05-27 19:24:16 - [MESSAGE][PASSED] - Browser is opened with url: ''

2019-05-27 19:24:16 - [TEST_STEP][PASSED] - maximizeWindow(): Current window maximized

2019-05-27 19:24:17 - [MESSAGE][PASSED] - Current window maximized

2019-05-27 19:24:17 - [TEST_STEP][PASSED] - navigateToUrl("https://www.genuinegmparts.com/"): Navigate to 'https://www.genuinegmparts.com/' successfully

2019-05-27 19:24:21 - [MESSAGE][PASSED] - Navigate to 'https://www.genuinegmparts.com/' successfully

2019-05-27 19:24:21 - [TEST_STEP][PASSED] - click(findTestObject("Object Repository/New Folder/Global nav/li_Collision")): Object: 'Object Repository/New Folder/Global nav/li_Collision' is clicked on

2019-05-27 19:24:21 - [MESSAGE][PASSED] - Object: 'Object Repository/New Folder/Global nav/li_Collision' is clicked on

2019-05-27 19:24:21 - [TEST_STEP][PASSED] - click(findTestObject("Object Repository/New Folder/Global nav/a_Collision Repair Network")): Object: 'Object Repository/New Folder/Global nav/a_Collision Repair Network' is clicked on

2019-05-27 19:24:25 - [MESSAGE][PASSED] - Object: 'Object Repository/New Folder/Global nav/a_Collision Repair Network' is clicked on

2019-05-27 19:24:25 - [TEST_STEP][PASSED] - click(findTestObject("Object Repository/New Folder/Global nav/a_Why participate in the General Motors Collision Repair Network")): Object: 'Object Repository/New Folder/Global nav/a_Why participate in the General Motors Collision Repair Network' is clicked on

2019-05-27 19:24:25 - [MESSAGE][PASSED] - Object: 'Object Repository/New Folder/Global nav/a_Why participate in the General Motors Collision Repair Network' is clicked on

2019-05-27 19:24:25 - [TEST_STEP][PASSED] - click(findTestObject("Object Repository/New Folder/Global nav/a_Why participate in the General Motors Collision Repair Network")): Object: 'Object Repository/New Folder/Global nav/a_Why participate in the General Motors Collision Repair Network' is clicked on

2019-05-27 19:24:26 - [MESSAGE][PASSED] - Object: 'Object Repository/New Folder/Global nav/a_Why participate in the General Motors Collision Repair Network' is clicked on

2019-05-27 19:24:26 - [TEST_STEP][PASSED] - click(findTestObject("Object Repository/New Folder/Global nav/button_ENROLL NOW")): Object: 'Object Repository/New Folder/Global nav/button_ENROLL NOW' is clicked on

2019-05-27 19:24:26 - [MESSAGE][PASSED] - Object: 'Object Repository/New Folder/Global nav/button_ENROLL NOW' is clicked on

2019-05-27 19:24:26 - [TEST_STEP][PASSED] - closeBrowser(): Browser is closed

2019-05-27 19:24:27 - [MESSAGE][PASSED] - Browser is closed]]></system-out>
         <system-err><![CDATA[]]></system-err>
      </testcase>
      <testcase name="Test Cases/GGMP/GlobalNav/Collision/My GM Partner Perks" classname="Test Cases/GGMP/GlobalNav/Collision/My GM Partner Perks" status="PASSED">
         <system-out><![CDATA[2019-05-27 19:24:27 - [TEST_CASE][PASSED] - Test Cases/GGMP/GlobalNav/Collision/My GM Partner Perks: Test Cases/GGMP/GlobalNav/Collision/My GM Partner Perks

2019-05-27 19:24:27 - [TEST_STEP][PASSED] - openBrowser(""): Browser is opened with url: ''

2019-05-27 19:24:27 - [MESSAGE][INFO] - Starting 'Chrome' driver

2019-05-27 19:24:34 - [MESSAGE][PASSED] - Browser is opened with url: ''

2019-05-27 19:24:34 - [TEST_STEP][PASSED] - maximizeWindow(): Current window maximized

2019-05-27 19:24:35 - [MESSAGE][PASSED] - Current window maximized

2019-05-27 19:24:35 - [TEST_STEP][PASSED] - navigateToUrl("https://www.genuinegmparts.com/"): Navigate to 'https://www.genuinegmparts.com/' successfully

2019-05-27 19:24:38 - [MESSAGE][PASSED] - Navigate to 'https://www.genuinegmparts.com/' successfully

2019-05-27 19:24:38 - [TEST_STEP][PASSED] - click(findTestObject("Object Repository/New Folder/Global nav/li_Collision")): Object: 'Object Repository/New Folder/Global nav/li_Collision' is clicked on

2019-05-27 19:24:38 - [MESSAGE][PASSED] - Object: 'Object Repository/New Folder/Global nav/li_Collision' is clicked on

2019-05-27 19:24:38 - [TEST_STEP][PASSED] - click(findTestObject("Object Repository/New Folder/Global nav/a_My GM Partner Perks")): Object: 'Object Repository/New Folder/Global nav/a_My GM Partner Perks' is clicked on

2019-05-27 19:24:43 - [MESSAGE][PASSED] - Object: 'Object Repository/New Folder/Global nav/a_My GM Partner Perks' is clicked on

2019-05-27 19:24:43 - [TEST_STEP][PASSED] - click(findTestObject("Object Repository/New Folder/Global nav/a_INDEPENDENT SERVICECENTER INFORMATION")): Object: 'Object Repository/New Folder/Global nav/a_INDEPENDENT SERVICECENTER INFORMATION' is clicked on

2019-05-27 19:24:43 - [MESSAGE][PASSED] - Object: 'Object Repository/New Folder/Global nav/a_INDEPENDENT SERVICECENTER INFORMATION' is clicked on

2019-05-27 19:24:43 - [TEST_STEP][PASSED] - click(findTestObject("Object Repository/New Folder/Global nav/a_INDEPENDENT SERVICECENTER INFORMATION")): Object: 'Object Repository/New Folder/Global nav/a_INDEPENDENT SERVICECENTER INFORMATION' is clicked on

2019-05-27 19:24:43 - [MESSAGE][PASSED] - Object: 'Object Repository/New Folder/Global nav/a_INDEPENDENT SERVICECENTER INFORMATION' is clicked on

2019-05-27 19:24:43 - [TEST_STEP][PASSED] - click(findTestObject("Object Repository/New Folder/Global nav/a_INDEPENDENT BODY SHOP INFORMATION")): Object: 'Object Repository/New Folder/Global nav/a_INDEPENDENT BODY SHOP INFORMATION' is clicked on

2019-05-27 19:24:44 - [MESSAGE][PASSED] - Object: 'Object Repository/New Folder/Global nav/a_INDEPENDENT BODY SHOP INFORMATION' is clicked on

2019-05-27 19:24:44 - [TEST_STEP][PASSED] - click(findTestObject("Object Repository/New Folder/Global nav/a_INDEPENDENT BODY SHOP INFORMATION")): Object: 'Object Repository/New Folder/Global nav/a_INDEPENDENT BODY SHOP INFORMATION' is clicked on

2019-05-27 19:24:44 - [MESSAGE][PASSED] - Object: 'Object Repository/New Folder/Global nav/a_INDEPENDENT BODY SHOP INFORMATION' is clicked on

2019-05-27 19:24:44 - [TEST_STEP][PASSED] - click(findTestObject("Object Repository/New Folder/Global nav/a_FLEET INFORMATION")): Object: 'Object Repository/New Folder/Global nav/a_FLEET INFORMATION' is clicked on

2019-05-27 19:24:44 - [MESSAGE][PASSED] - Object: 'Object Repository/New Folder/Global nav/a_FLEET INFORMATION' is clicked on

2019-05-27 19:24:44 - [TEST_STEP][PASSED] - click(findTestObject("Object Repository/New Folder/Global nav/a_FLEET INFORMATION")): Object: 'Object Repository/New Folder/Global nav/a_FLEET INFORMATION' is clicked on

2019-05-27 19:24:44 - [MESSAGE][PASSED] - Object: 'Object Repository/New Folder/Global nav/a_FLEET INFORMATION' is clicked on

2019-05-27 19:24:44 - [TEST_STEP][PASSED] - closeBrowser(): Browser is closed

2019-05-27 19:24:45 - [MESSAGE][PASSED] - Browser is closed]]></system-out>
         <system-err><![CDATA[]]></system-err>
      </testcase>
      <testcase name="Test Cases/GGMP/GlobalNav/Collision/Position Statement" classname="Test Cases/GGMP/GlobalNav/Collision/Position Statement" status="PASSED">
         <system-out><![CDATA[2019-05-27 19:24:45 - [TEST_CASE][PASSED] - Test Cases/GGMP/GlobalNav/Collision/Position Statement: Test Cases/GGMP/GlobalNav/Collision/Position Statement

2019-05-27 19:24:45 - [TEST_STEP][PASSED] - openBrowser(""): Browser is opened with url: ''

2019-05-27 19:24:45 - [MESSAGE][INFO] - Starting 'Chrome' driver

2019-05-27 19:24:52 - [MESSAGE][PASSED] - Browser is opened with url: ''

2019-05-27 19:24:52 - [TEST_STEP][PASSED] - maximizeWindow(): Current window maximized

2019-05-27 19:24:53 - [MESSAGE][PASSED] - Current window maximized

2019-05-27 19:24:53 - [TEST_STEP][PASSED] - navigateToUrl("https://www.genuinegmparts.com/"): Navigate to 'https://www.genuinegmparts.com/' successfully

2019-05-27 19:24:58 - [MESSAGE][PASSED] - Navigate to 'https://www.genuinegmparts.com/' successfully

2019-05-27 19:24:58 - [TEST_STEP][PASSED] - click(findTestObject("Object Repository/New Folder/Global nav/li_Collision")): Object: 'Object Repository/New Folder/Global nav/li_Collision' is clicked on

2019-05-27 19:24:59 - [MESSAGE][PASSED] - Object: 'Object Repository/New Folder/Global nav/li_Collision' is clicked on

2019-05-27 19:24:59 - [TEST_STEP][PASSED] - click(findTestObject("Object Repository/New Folder/Global nav/a_Position Statements")): Object: 'Object Repository/New Folder/Global nav/a_Position Statements' is clicked on

2019-05-27 19:25:01 - [MESSAGE][PASSED] - Object: 'Object Repository/New Folder/Global nav/a_Position Statements' is clicked on

2019-05-27 19:25:01 - [TEST_STEP][PASSED] - click(findTestObject("Object Repository/New Folder/Global nav/span_Safety System Repairs and Inspections required after a Collision")): Object: 'Object Repository/New Folder/Global nav/span_Safety System Repairs and Inspections required after a Collision' is clicked on

2019-05-27 19:25:01 - [MESSAGE][PASSED] - Object: 'Object Repository/New Folder/Global nav/span_Safety System Repairs and Inspections required after a Collision' is clicked on

2019-05-27 19:25:01 - [TEST_STEP][PASSED] - closeBrowser(): Browser is closed

2019-05-27 19:25:02 - [MESSAGE][PASSED] - Browser is closed]]></system-out>
         <system-err><![CDATA[]]></system-err>
      </testcase>
      <testcase name="Test Cases/GGMP/GlobalNav/Collision/Programs and Offers" classname="Test Cases/GGMP/GlobalNav/Collision/Programs and Offers" status="PASSED">
         <system-out><![CDATA[2019-05-27 19:25:02 - [TEST_CASE][PASSED] - Test Cases/GGMP/GlobalNav/Collision/Programs and Offers: Test Cases/GGMP/GlobalNav/Collision/Programs and Offers

2019-05-27 19:25:02 - [TEST_STEP][PASSED] - openBrowser(""): Browser is opened with url: ''

2019-05-27 19:25:02 - [MESSAGE][INFO] - Starting 'Chrome' driver

2019-05-27 19:25:09 - [MESSAGE][PASSED] - Browser is opened with url: ''

2019-05-27 19:25:09 - [TEST_STEP][PASSED] - maximizeWindow(): Current window maximized

2019-05-27 19:25:10 - [MESSAGE][PASSED] - Current window maximized

2019-05-27 19:25:10 - [TEST_STEP][PASSED] - navigateToUrl("https://www.genuinegmparts.com/"): Navigate to 'https://www.genuinegmparts.com/' successfully

2019-05-27 19:25:14 - [MESSAGE][PASSED] - Navigate to 'https://www.genuinegmparts.com/' successfully

2019-05-27 19:25:14 - [TEST_STEP][PASSED] - click(findTestObject("Object Repository/li_Collision")): Object: 'Object Repository/li_Collision' is clicked on

2019-05-27 19:25:14 - [MESSAGE][PASSED] - Object: 'Object Repository/li_Collision' is clicked on

2019-05-27 19:25:14 - [TEST_STEP][PASSED] - click(findTestObject("Object Repository/a_Programs  Offers")): Object: 'Object Repository/a_Programs  Offers' is clicked on

2019-05-27 19:25:18 - [MESSAGE][PASSED] - Object: 'Object Repository/a_Programs  Offers' is clicked on

2019-05-27 19:25:18 - [TEST_STEP][PASSED] - closeBrowser(): Browser is closed

2019-05-27 19:25:19 - [MESSAGE][PASSED] - Browser is closed]]></system-out>
         <system-err><![CDATA[]]></system-err>
      </testcase>
      <testcase name="Test Cases/GGMP/GlobalNav/Collision/Technical Documents" classname="Test Cases/GGMP/GlobalNav/Collision/Technical Documents" status="PASSED">
         <system-out><![CDATA[2019-05-27 19:25:19 - [TEST_CASE][PASSED] - Test Cases/GGMP/GlobalNav/Collision/Technical Documents: Test Cases/GGMP/GlobalNav/Collision/Technical Documents

2019-05-27 19:25:20 - [TEST_STEP][PASSED] - openBrowser(""): Browser is opened with url: ''

2019-05-27 19:25:20 - [MESSAGE][INFO] - Starting 'Chrome' driver

2019-05-27 19:25:26 - [MESSAGE][PASSED] - Browser is opened with url: ''

2019-05-27 19:25:26 - [TEST_STEP][PASSED] - maximizeWindow(): Current window maximized

2019-05-27 19:25:27 - [MESSAGE][PASSED] - Current window maximized

2019-05-27 19:25:27 - [TEST_STEP][PASSED] - navigateToUrl("https://www.genuinegmparts.com/"): Navigate to 'https://www.genuinegmparts.com/' successfully

2019-05-27 19:25:31 - [MESSAGE][PASSED] - Navigate to 'https://www.genuinegmparts.com/' successfully

2019-05-27 19:25:31 - [TEST_STEP][PASSED] - click(findTestObject("Object Repository/New Folder/Global nav/li_Collision")): Object: 'Object Repository/New Folder/Global nav/li_Collision' is clicked on

2019-05-27 19:25:31 - [MESSAGE][PASSED] - Object: 'Object Repository/New Folder/Global nav/li_Collision' is clicked on

2019-05-27 19:25:31 - [TEST_STEP][PASSED] - click(findTestObject("Object Repository/New Folder/Global nav/a_Technical Documents")): Object: 'Object Repository/New Folder/Global nav/a_Technical Documents' is clicked on

2019-05-27 19:25:35 - [MESSAGE][PASSED] - Object: 'Object Repository/New Folder/Global nav/a_Technical Documents' is clicked on

2019-05-27 19:25:35 - [TEST_STEP][PASSED] - click(findTestObject("Object Repository/New Folder/Global nav/a_Service bulletins")): Object: 'Object Repository/New Folder/Global nav/a_Service bulletins' is clicked on

2019-05-27 19:25:35 - [MESSAGE][PASSED] - Object: 'Object Repository/New Folder/Global nav/a_Service bulletins' is clicked on

2019-05-27 19:25:35 - [TEST_STEP][PASSED] - click(findTestObject("Object Repository/New Folder/Global nav/a_Service bulletins")): Object: 'Object Repository/New Folder/Global nav/a_Service bulletins' is clicked on

2019-05-27 19:25:36 - [MESSAGE][PASSED] - Object: 'Object Repository/New Folder/Global nav/a_Service bulletins' is clicked on

2019-05-27 19:25:36 - [TEST_STEP][PASSED] - click(findTestObject("Object Repository/New Folder/Global nav/button_Position Statements")): Object: 'Object Repository/New Folder/Global nav/button_Position Statements' is clicked on

2019-05-27 19:25:37 - [MESSAGE][PASSED] - Object: 'Object Repository/New Folder/Global nav/button_Position Statements' is clicked on

2019-05-27 19:25:37 - [TEST_STEP][PASSED] - closeBrowser(): Browser is closed

2019-05-27 19:25:38 - [MESSAGE][PASSED] - Browser is closed]]></system-out>
         <system-err><![CDATA[]]></system-err>
      </testcase>
      <testcase name="Test Cases/GGMP/GlobalNav/Collision/The Genuine Difference" classname="Test Cases/GGMP/GlobalNav/Collision/The Genuine Difference" status="PASSED">
         <system-out><![CDATA[2019-05-27 19:25:38 - [TEST_CASE][PASSED] - Test Cases/GGMP/GlobalNav/Collision/The Genuine Difference: Test Cases/GGMP/GlobalNav/Collision/The Genuine Difference

2019-05-27 19:25:38 - [TEST_STEP][PASSED] - openBrowser(""): Browser is opened with url: ''

2019-05-27 19:25:38 - [MESSAGE][INFO] - Starting 'Chrome' driver

2019-05-27 19:25:45 - [MESSAGE][PASSED] - Browser is opened with url: ''

2019-05-27 19:25:45 - [TEST_STEP][PASSED] - maximizeWindow(): Current window maximized

2019-05-27 19:25:46 - [MESSAGE][PASSED] - Current window maximized

2019-05-27 19:25:46 - [TEST_STEP][PASSED] - navigateToUrl("https://www.genuinegmparts.com/"): Navigate to 'https://www.genuinegmparts.com/' successfully

2019-05-27 19:25:49 - [MESSAGE][PASSED] - Navigate to 'https://www.genuinegmparts.com/' successfully

2019-05-27 19:25:49 - [TEST_STEP][PASSED] - click(findTestObject("Object Repository/New Folder/Global nav/li_Collision")): Object: 'Object Repository/New Folder/Global nav/li_Collision' is clicked on

2019-05-27 19:25:50 - [MESSAGE][PASSED] - Object: 'Object Repository/New Folder/Global nav/li_Collision' is clicked on

2019-05-27 19:25:50 - [TEST_STEP][PASSED] - click(findTestObject("Object Repository/New Folder/Global nav/span_The Genuine Difference")): Object: 'Object Repository/New Folder/Global nav/span_The Genuine Difference' is clicked on

2019-05-27 19:25:53 - [MESSAGE][PASSED] - Object: 'Object Repository/New Folder/Global nav/span_The Genuine Difference' is clicked on

2019-05-27 19:25:53 - [TEST_STEP][PASSED] - closeBrowser(): Browser is closed

2019-05-27 19:25:54 - [MESSAGE][PASSED] - Browser is closed]]></system-out>
         <system-err><![CDATA[]]></system-err>
      </testcase>
      <testcase name="Test Cases/GGMP/GlobalNav/Collision/Touch-UP Paint" classname="Test Cases/GGMP/GlobalNav/Collision/Touch-UP Paint" status="PASSED">
         <system-out><![CDATA[2019-05-27 19:25:54 - [TEST_CASE][PASSED] - Test Cases/GGMP/GlobalNav/Collision/Touch-UP Paint: Test Cases/GGMP/GlobalNav/Collision/Touch-UP Paint

2019-05-27 19:25:54 - [TEST_STEP][PASSED] - openBrowser(""): Browser is opened with url: ''

2019-05-27 19:25:54 - [MESSAGE][INFO] - Starting 'Chrome' driver

2019-05-27 19:26:01 - [MESSAGE][PASSED] - Browser is opened with url: ''

2019-05-27 19:26:01 - [TEST_STEP][PASSED] - maximizeWindow(): Current window maximized

2019-05-27 19:26:02 - [MESSAGE][PASSED] - Current window maximized

2019-05-27 19:26:02 - [TEST_STEP][PASSED] - navigateToUrl("https://www.genuinegmparts.com/"): Navigate to 'https://www.genuinegmparts.com/' successfully

2019-05-27 19:26:07 - [MESSAGE][PASSED] - Navigate to 'https://www.genuinegmparts.com/' successfully

2019-05-27 19:26:07 - [TEST_STEP][PASSED] - click(findTestObject("Object Repository/New Folder/Global nav/li_Collision")): Object: 'Object Repository/New Folder/Global nav/li_Collision' is clicked on

2019-05-27 19:26:07 - [MESSAGE][PASSED] - Object: 'Object Repository/New Folder/Global nav/li_Collision' is clicked on

2019-05-27 19:26:07 - [TEST_STEP][PASSED] - click(findTestObject("Object Repository/New Folder/Global nav/span_Touch-up paint")): Object: 'Object Repository/New Folder/Global nav/span_Touch-up paint' is clicked on

2019-05-27 19:26:10 - [MESSAGE][PASSED] - Object: 'Object Repository/New Folder/Global nav/span_Touch-up paint' is clicked on

2019-05-27 19:26:10 - [TEST_STEP][PASSED] - closeBrowser(): Browser is closed

2019-05-27 19:26:11 - [MESSAGE][PASSED] - Browser is closed]]></system-out>
         <system-err><![CDATA[]]></system-err>
      </testcase>
      <testcase name="Test Cases/GGMP/GlobalNav/Powertrain/Engine Components" classname="Test Cases/GGMP/GlobalNav/Powertrain/Engine Components" status="PASSED">
         <system-out><![CDATA[2019-05-27 19:26:11 - [TEST_CASE][PASSED] - Test Cases/GGMP/GlobalNav/Powertrain/Engine Components: Test Cases/GGMP/GlobalNav/Powertrain/Engine Components

2019-05-27 19:26:12 - [TEST_STEP][PASSED] - openBrowser(""): Browser is opened with url: ''

2019-05-27 19:26:12 - [MESSAGE][INFO] - Starting 'Chrome' driver

2019-05-27 19:26:19 - [MESSAGE][PASSED] - Browser is opened with url: ''

2019-05-27 19:26:19 - [TEST_STEP][PASSED] - maximizeWindow(): Current window maximized

2019-05-27 19:26:20 - [MESSAGE][PASSED] - Current window maximized

2019-05-27 19:26:20 - [TEST_STEP][PASSED] - navigateToUrl("https://www.genuinegmparts.com/"): Navigate to 'https://www.genuinegmparts.com/' successfully

2019-05-27 19:26:24 - [MESSAGE][PASSED] - Navigate to 'https://www.genuinegmparts.com/' successfully

2019-05-27 19:26:24 - [TEST_STEP][PASSED] - click(findTestObject("Object Repository/New Folder/Global nav/li_Powertrain")): Object: 'Object Repository/New Folder/Global nav/li_Powertrain' is clicked on

2019-05-27 19:26:24 - [MESSAGE][PASSED] - Object: 'Object Repository/New Folder/Global nav/li_Powertrain' is clicked on

2019-05-27 19:26:24 - [TEST_STEP][PASSED] - click(findTestObject("Object Repository/New Folder/Global nav/span_Engine components")): Object: 'Object Repository/New Folder/Global nav/span_Engine components' is clicked on

2019-05-27 19:26:24 - [MESSAGE][PASSED] - Object: 'Object Repository/New Folder/Global nav/span_Engine components' is clicked on

2019-05-27 19:26:24 - [TEST_STEP][PASSED] - closeBrowser(): Browser is closed

2019-05-27 19:26:25 - [MESSAGE][PASSED] - Browser is closed]]></system-out>
         <system-err><![CDATA[]]></system-err>
      </testcase>
      <testcase name="Test Cases/GGMP/GlobalNav/Powertrain/Engines" classname="Test Cases/GGMP/GlobalNav/Powertrain/Engines" status="PASSED">
         <system-out><![CDATA[2019-05-27 19:26:25 - [TEST_CASE][PASSED] - Test Cases/GGMP/GlobalNav/Powertrain/Engines: Test Cases/GGMP/GlobalNav/Powertrain/Engines

2019-05-27 19:26:25 - [TEST_STEP][PASSED] - openBrowser(""): Browser is opened with url: ''

2019-05-27 19:26:25 - [MESSAGE][INFO] - Starting 'Chrome' driver

2019-05-27 19:26:32 - [MESSAGE][PASSED] - Browser is opened with url: ''

2019-05-27 19:26:32 - [TEST_STEP][PASSED] - maximizeWindow(): Current window maximized

2019-05-27 19:26:42 - [MESSAGE][PASSED] - Current window maximized

2019-05-27 19:26:42 - [TEST_STEP][PASSED] - navigateToUrl("https://www.genuinegmparts.com/"): Navigate to 'https://www.genuinegmparts.com/' successfully

2019-05-27 19:26:46 - [MESSAGE][PASSED] - Navigate to 'https://www.genuinegmparts.com/' successfully

2019-05-27 19:26:46 - [TEST_STEP][PASSED] - click(findTestObject("Object Repository/New Folder/Global nav/li_Powertrain")): Object: 'Object Repository/New Folder/Global nav/li_Powertrain' is clicked on

2019-05-27 19:26:46 - [MESSAGE][PASSED] - Object: 'Object Repository/New Folder/Global nav/li_Powertrain' is clicked on

2019-05-27 19:26:46 - [TEST_STEP][PASSED] - click(findTestObject("Object Repository/New Folder/Global nav/span_Engines")): Object: 'Object Repository/New Folder/Global nav/span_Engines' is clicked on

2019-05-27 19:26:47 - [MESSAGE][PASSED] - Object: 'Object Repository/New Folder/Global nav/span_Engines' is clicked on

2019-05-27 19:26:47 - [TEST_STEP][PASSED] - closeBrowser(): Browser is closed

2019-05-27 19:26:48 - [MESSAGE][PASSED] - Browser is closed]]></system-out>
         <system-err><![CDATA[]]></system-err>
      </testcase>
      <testcase name="Test Cases/GGMP/GlobalNav/Powertrain/Programs" classname="Test Cases/GGMP/GlobalNav/Powertrain/Programs" status="PASSED">
         <system-out><![CDATA[2019-05-27 19:26:48 - [TEST_CASE][PASSED] - Test Cases/GGMP/GlobalNav/Powertrain/Programs: Test Cases/GGMP/GlobalNav/Powertrain/Programs

2019-05-27 19:26:48 - [TEST_STEP][PASSED] - openBrowser(""): Browser is opened with url: ''

2019-05-27 19:26:48 - [MESSAGE][INFO] - Starting 'Chrome' driver

2019-05-27 19:26:55 - [MESSAGE][PASSED] - Browser is opened with url: ''

2019-05-27 19:26:55 - [TEST_STEP][PASSED] - maximizeWindow(): Current window maximized

2019-05-27 19:26:56 - [MESSAGE][PASSED] - Current window maximized

2019-05-27 19:26:56 - [TEST_STEP][PASSED] - navigateToUrl("https://www.genuinegmparts.com/"): Navigate to 'https://www.genuinegmparts.com/' successfully

2019-05-27 19:27:02 - [MESSAGE][PASSED] - Navigate to 'https://www.genuinegmparts.com/' successfully

2019-05-27 19:27:02 - [TEST_STEP][PASSED] - click(findTestObject("Object Repository/New Folder/Global nav/Powertrain/li_Powertrain")): Object: 'Object Repository/New Folder/Global nav/Powertrain/li_Powertrain' is clicked on

2019-05-27 19:27:02 - [MESSAGE][PASSED] - Object: 'Object Repository/New Folder/Global nav/Powertrain/li_Powertrain' is clicked on

2019-05-27 19:27:02 - [TEST_STEP][PASSED] - click(findTestObject("Object Repository/New Folder/Global nav/Powertrain/a_Programs  Offers")): Object: 'Object Repository/New Folder/Global nav/Powertrain/a_Programs  Offers' is clicked on

2019-05-27 19:27:03 - [MESSAGE][PASSED] - Object: 'Object Repository/New Folder/Global nav/Powertrain/a_Programs  Offers' is clicked on

2019-05-27 19:27:03 - [TEST_STEP][PASSED] - closeBrowser(): Browser is closed

2019-05-27 19:27:03 - [MESSAGE][PASSED] - Browser is closed]]></system-out>
         <system-err><![CDATA[]]></system-err>
      </testcase>
      <testcase name="Test Cases/GGMP/GlobalNav/Powertrain/Technical Documents" classname="Test Cases/GGMP/GlobalNav/Powertrain/Technical Documents" status="PASSED">
         <system-out><![CDATA[2019-05-27 19:27:03 - [TEST_CASE][PASSED] - Test Cases/GGMP/GlobalNav/Powertrain/Technical Documents: Test Cases/GGMP/GlobalNav/Powertrain/Technical Documents

2019-05-27 19:27:04 - [TEST_STEP][PASSED] - openBrowser(""): Browser is opened with url: ''

2019-05-27 19:27:04 - [MESSAGE][INFO] - Starting 'Chrome' driver

2019-05-27 19:27:10 - [MESSAGE][PASSED] - Browser is opened with url: ''

2019-05-27 19:27:10 - [TEST_STEP][PASSED] - maximizeWindow(): Current window maximized

2019-05-27 19:27:12 - [MESSAGE][PASSED] - Current window maximized

2019-05-27 19:27:12 - [TEST_STEP][PASSED] - navigateToUrl("https://www.genuinegmparts.com/"): Navigate to 'https://www.genuinegmparts.com/' successfully

2019-05-27 19:27:16 - [MESSAGE][PASSED] - Navigate to 'https://www.genuinegmparts.com/' successfully

2019-05-27 19:27:16 - [TEST_STEP][PASSED] - click(findTestObject("Powertrain docs/li_Powertrain")): Object: 'Object Repository/Powertrain docs/li_Powertrain' is clicked on

2019-05-27 19:27:16 - [MESSAGE][PASSED] - Object: 'Object Repository/Powertrain docs/li_Powertrain' is clicked on

2019-05-27 19:27:16 - [TEST_STEP][PASSED] - click(findTestObject("Powertrain docs/a_Technical Documents")): Object: 'Object Repository/Powertrain docs/a_Technical Documents' is clicked on

2019-05-27 19:27:16 - [MESSAGE][PASSED] - Object: 'Object Repository/Powertrain docs/a_Technical Documents' is clicked on

2019-05-27 19:27:16 - [TEST_STEP][PASSED] - closeBrowser(): Browser is closed

2019-05-27 19:27:17 - [MESSAGE][PASSED] - Browser is closed]]></system-out>
         <system-err><![CDATA[]]></system-err>
      </testcase>
      <testcase name="Test Cases/GGMP/GlobalNav/Powertrain/Transmission Components" classname="Test Cases/GGMP/GlobalNav/Powertrain/Transmission Components" status="PASSED">
         <system-out><![CDATA[2019-05-27 19:27:17 - [TEST_CASE][PASSED] - Test Cases/GGMP/GlobalNav/Powertrain/Transmission Components: Test Cases/GGMP/GlobalNav/Powertrain/Transmission Components

2019-05-27 19:27:17 - [TEST_STEP][PASSED] - openBrowser(""): Browser is opened with url: ''

2019-05-27 19:27:17 - [MESSAGE][INFO] - Starting 'Chrome' driver

2019-05-27 19:27:24 - [MESSAGE][PASSED] - Browser is opened with url: ''

2019-05-27 19:27:24 - [TEST_STEP][PASSED] - maximizeWindow(): Current window maximized

2019-05-27 19:27:25 - [MESSAGE][PASSED] - Current window maximized

2019-05-27 19:27:25 - [TEST_STEP][PASSED] - navigateToUrl("https://www.genuinegmparts.com/"): Navigate to 'https://www.genuinegmparts.com/' successfully

2019-05-27 19:27:29 - [MESSAGE][PASSED] - Navigate to 'https://www.genuinegmparts.com/' successfully

2019-05-27 19:27:29 - [TEST_STEP][PASSED] - click(findTestObject("Object Repository/New Folder/Global nav/li_Powertrain")): Object: 'Object Repository/New Folder/Global nav/li_Powertrain' is clicked on

2019-05-27 19:27:29 - [MESSAGE][PASSED] - Object: 'Object Repository/New Folder/Global nav/li_Powertrain' is clicked on

2019-05-27 19:27:29 - [TEST_STEP][PASSED] - click(findTestObject("Object Repository/New Folder/Global nav/span_Transmission components")): Object: 'Object Repository/New Folder/Global nav/span_Transmission components' is clicked on

2019-05-27 19:27:29 - [MESSAGE][PASSED] - Object: 'Object Repository/New Folder/Global nav/span_Transmission components' is clicked on

2019-05-27 19:27:29 - [TEST_STEP][PASSED] - closeBrowser(): Browser is closed

2019-05-27 19:27:30 - [MESSAGE][PASSED] - Browser is closed]]></system-out>
         <system-err><![CDATA[]]></system-err>
      </testcase>
      <testcase name="Test Cases/GGMP/GlobalNav/Powertrain/Transmission Transfer Cases" classname="Test Cases/GGMP/GlobalNav/Powertrain/Transmission Transfer Cases" status="PASSED">
         <system-out><![CDATA[2019-05-27 19:27:31 - [TEST_CASE][PASSED] - Test Cases/GGMP/GlobalNav/Powertrain/Transmission Transfer Cases: Test Cases/GGMP/GlobalNav/Powertrain/Transmission Transfer Cases

2019-05-27 19:27:31 - [TEST_STEP][PASSED] - openBrowser(""): Browser is opened with url: ''

2019-05-27 19:27:31 - [MESSAGE][INFO] - Starting 'Chrome' driver

2019-05-27 19:27:38 - [MESSAGE][PASSED] - Browser is opened with url: ''

2019-05-27 19:27:38 - [TEST_STEP][PASSED] - maximizeWindow(): Current window maximized

2019-05-27 19:27:39 - [MESSAGE][PASSED] - Current window maximized

2019-05-27 19:27:39 - [TEST_STEP][PASSED] - navigateToUrl("https://www.genuinegmparts.com/"): Navigate to 'https://www.genuinegmparts.com/' successfully

2019-05-27 19:27:44 - [MESSAGE][PASSED] - Navigate to 'https://www.genuinegmparts.com/' successfully

2019-05-27 19:27:44 - [TEST_STEP][PASSED] - click(findTestObject("Object Repository/New Folder/Global nav/li_Powertrain")): Object: 'Object Repository/New Folder/Global nav/li_Powertrain' is clicked on

2019-05-27 19:27:44 - [MESSAGE][PASSED] - Object: 'Object Repository/New Folder/Global nav/li_Powertrain' is clicked on

2019-05-27 19:27:44 - [TEST_STEP][PASSED] - click(findTestObject("Object Repository/New Folder/Global nav/span_Transmissions  Transfer cases")): Object: 'Object Repository/New Folder/Global nav/span_Transmissions  Transfer cases' is clicked on

2019-05-27 19:27:44 - [MESSAGE][PASSED] - Object: 'Object Repository/New Folder/Global nav/span_Transmissions  Transfer cases' is clicked on

2019-05-27 19:27:44 - [TEST_STEP][PASSED] - closeBrowser(): Browser is closed

2019-05-27 19:27:45 - [MESSAGE][PASSED] - Browser is closed]]></system-out>
         <system-err><![CDATA[]]></system-err>
      </testcase>
      <system-out><![CDATA[2019-05-27 19:23:12 - [TEST_SUITE][PASSED] - Global Nav: Test Cases/GGMP/GlobalNav/Powertrain/Transmission Transfer Cases]]></system-out>
      <system-err><![CDATA[]]></system-err>
   </testsuite>
</testsuites>
