<?xml version="1.0" encoding="UTF-8"?>
<testsuites name="Tests" time="730" tests="54" failures="0" errors="0">
   <testsuite name="Tests" tests="54" failures="0" errors="0" time="730" timestamp="2019-05-28 20:03:48" hostname="adrian.dobre - BCHOPT-NW100219.emea.corp.ipgnetwork.com" id="Test Suites/GGMP/Tests">
      <properties>
         <property name="deviceName" value=""/>
         <property name="devicePlatform" value=""/>
         <property name="logFolder" value="C:\\Users\\adrian.dobre\\Katalon Studio\\Genuine GM Parts\\Reports\\GGMP\\Tests\\20190528_200345"/>
         <property name="logFiles" value="C:\\Users\\adrian.dobre\\Katalon Studio\\Genuine GM Parts\\Reports\\GGMP\\Tests\\20190528_200345\\execution0.log"/>
         <property name="attachments" value=""/>
         <property name="hostName" value="adrian.dobre - BCHOPT-NW100219.emea.corp.ipgnetwork.com"/>
         <property name="os" value="Windows 10 64bit"/>
         <property name="katalonVersion" value="6.1.4.1"/>
         <property name="browser" value="Chrome 74.0.3729.169"/>
         <property name="hostAddress" value="10.69.196.168"/>
         <property name="sessionId" value="93c4bf94d75d03939fe73b080d6b76fb"/>
         <property name="seleniumVersion" value="3.7.1"/>
         <property name="proxyInformation" value="ProxyInformation{proxyOption=NO_PROXY, proxyServerType=HTTP, password=, proxyServerAddress=, proxyServerPort=0}"/>
         <property name="platform" value="Windows 10"/>
      </properties>
      <testcase name="Test Cases/GGMP/GlobalNav/Collision/Cadillac Repair Network" classname="Test Cases/GGMP/GlobalNav/Collision/Cadillac Repair Network" status="PASSED">
         <system-out><![CDATA[2019-05-28 20:03:48 - [TEST_CASE][PASSED] - Test Cases/GGMP/GlobalNav/Collision/Cadillac Repair Network: Test Cases/GGMP/GlobalNav/Collision/Cadillac Repair Network

2019-05-28 20:03:48 - [TEST_STEP][PASSED] - openBrowser(""): Browser is opened with url: ''

2019-05-28 20:03:49 - [MESSAGE][INFO] - Starting 'Chrome' driver

2019-05-28 20:03:49 - [MESSAGE][INFO] - Action delay is set to 0 seconds

2019-05-28 20:03:56 - [MESSAGE][PASSED] - Browser is opened with url: ''

2019-05-28 20:03:56 - [TEST_STEP][PASSED] - maximizeWindow(): Current window maximized

2019-05-28 20:03:58 - [MESSAGE][PASSED] - Current window maximized

2019-05-28 20:03:58 - [TEST_STEP][PASSED] - navigateToUrl("https://www.genuinegmparts.com/"): Navigate to 'https://www.genuinegmparts.com/' successfully

2019-05-28 20:04:00 - [MESSAGE][PASSED] - Navigate to 'https://www.genuinegmparts.com/' successfully

2019-05-28 20:04:00 - [TEST_STEP][PASSED] - click(findTestObject("Object Repository/New Folder/Global nav/li_Collision")): Object: 'Object Repository/New Folder/Global nav/li_Collision' is clicked on

2019-05-28 20:04:00 - [MESSAGE][PASSED] - Object: 'Object Repository/New Folder/Global nav/li_Collision' is clicked on

2019-05-28 20:04:00 - [TEST_STEP][PASSED] - click(findTestObject("Object Repository/New Folder/Global nav/a_Cadillac Aluminum Repair Network")): Object: 'Object Repository/New Folder/Global nav/a_Cadillac Aluminum Repair Network' is clicked on

2019-05-28 20:04:02 - [MESSAGE][PASSED] - Object: 'Object Repository/New Folder/Global nav/a_Cadillac Aluminum Repair Network' is clicked on

2019-05-28 20:04:02 - [TEST_STEP][PASSED] - click(findTestObject("Object Repository/New Folder/Global nav/span_GENUINE GM REWARDS")): Object: 'Object Repository/New Folder/Global nav/span_GENUINE GM REWARDS' is clicked on

2019-05-28 20:04:03 - [MESSAGE][PASSED] - Object: 'Object Repository/New Folder/Global nav/span_GENUINE GM REWARDS' is clicked on

2019-05-28 20:04:03 - [TEST_STEP][PASSED] - closeBrowser(): Browser is closed

2019-05-28 20:04:03 - [MESSAGE][PASSED] - Browser is closed]]></system-out>
         <system-err><![CDATA[]]></system-err>
      </testcase>
      <testcase name="Test Cases/GGMP/GlobalNav/Collision/Collision Parts" classname="Test Cases/GGMP/GlobalNav/Collision/Collision Parts" status="PASSED">
         <system-out><![CDATA[2019-05-28 20:04:03 - [TEST_CASE][PASSED] - Test Cases/GGMP/GlobalNav/Collision/Collision Parts: Test Cases/GGMP/GlobalNav/Collision/Collision Parts

2019-05-28 20:04:04 - [TEST_STEP][PASSED] - openBrowser(""): Browser is opened with url: ''

2019-05-28 20:04:04 - [MESSAGE][INFO] - Starting 'Chrome' driver

2019-05-28 20:04:09 - [MESSAGE][PASSED] - Browser is opened with url: ''

2019-05-28 20:04:09 - [TEST_STEP][PASSED] - navigateToUrl("https://www.genuinegmparts.com/"): Navigate to 'https://www.genuinegmparts.com/' successfully

2019-05-28 20:04:12 - [MESSAGE][PASSED] - Navigate to 'https://www.genuinegmparts.com/' successfully

2019-05-28 20:04:12 - [TEST_STEP][PASSED] - click(findTestObject("Object Repository/collision Parts/li_Collision")): Object: 'Object Repository/collision Parts/li_Collision' is clicked on

2019-05-28 20:04:12 - [MESSAGE][PASSED] - Object: 'Object Repository/collision Parts/li_Collision' is clicked on

2019-05-28 20:04:12 - [TEST_STEP][PASSED] - click(findTestObject("Object Repository/collision Parts/span_Collision parts")): Object: 'Object Repository/collision Parts/span_Collision parts' is clicked on

2019-05-28 20:04:13 - [MESSAGE][PASSED] - Object: 'Object Repository/collision Parts/span_Collision parts' is clicked on

2019-05-28 20:04:13 - [TEST_STEP][PASSED] - verifyElementText(findTestObject("Object Repository/collision Parts/h1_There are parts and then there are Genuine GM Collision and Auto Body Parts"), "There are parts, and then there are Genuine GM Collision and Auto Body Parts"): Actual text and expected text of test object 'Object Repository/collision Parts/h1_There are parts and then there are Genuine GM Collision and Auto Body Parts' are matched.

2019-05-28 20:04:13 - [MESSAGE][PASSED] - Actual text and expected text of test object 'Object Repository/collision Parts/h1_There are parts and then there are Genuine GM Collision and Auto Body Parts' are matched.

2019-05-28 20:04:13 - [TEST_STEP][PASSED] - closeBrowser(): Browser is closed

2019-05-28 20:04:14 - [MESSAGE][PASSED] - Browser is closed]]></system-out>
         <system-err><![CDATA[]]></system-err>
      </testcase>
      <testcase name="Test Cases/GGMP/GlobalNav/Collision/Collision Repair Manuals" classname="Test Cases/GGMP/GlobalNav/Collision/Collision Repair Manuals" status="PASSED">
         <system-out><![CDATA[2019-05-28 20:04:14 - [TEST_CASE][PASSED] - Test Cases/GGMP/GlobalNav/Collision/Collision Repair Manuals: Test Cases/GGMP/GlobalNav/Collision/Collision Repair Manuals

2019-05-28 20:04:14 - [TEST_STEP][PASSED] - openBrowser(""): Browser is opened with url: ''

2019-05-28 20:04:14 - [MESSAGE][INFO] - Starting 'Chrome' driver

2019-05-28 20:04:20 - [MESSAGE][PASSED] - Browser is opened with url: ''

2019-05-28 20:04:20 - [TEST_STEP][PASSED] - maximizeWindow(): Current window maximized

2019-05-28 20:04:21 - [MESSAGE][PASSED] - Current window maximized

2019-05-28 20:04:21 - [TEST_STEP][PASSED] - navigateToUrl("https://www.genuinegmparts.com/"): Navigate to 'https://www.genuinegmparts.com/' successfully

2019-05-28 20:04:24 - [MESSAGE][PASSED] - Navigate to 'https://www.genuinegmparts.com/' successfully

2019-05-28 20:04:24 - [TEST_STEP][PASSED] - click(findTestObject("Object Repository/New Folder/Global nav/li_Collision")): Object: 'Object Repository/New Folder/Global nav/li_Collision' is clicked on

2019-05-28 20:04:24 - [MESSAGE][PASSED] - Object: 'Object Repository/New Folder/Global nav/li_Collision' is clicked on

2019-05-28 20:04:24 - [TEST_STEP][PASSED] - click(findTestObject("Object Repository/New Folder/Global nav/a_Collision Repair Manuals")): Object: 'Object Repository/New Folder/Global nav/a_Collision Repair Manuals' is clicked on

2019-05-28 20:04:25 - [MESSAGE][PASSED] - Object: 'Object Repository/New Folder/Global nav/a_Collision Repair Manuals' is clicked on

2019-05-28 20:04:25 - [TEST_STEP][PASSED] - click(findTestObject("Object Repository/New Folder/Global nav/button_Programs  Offers")): Object: 'Object Repository/New Folder/Global nav/button_Programs  Offers' is clicked on

2019-05-28 20:04:27 - [MESSAGE][PASSED] - Object: 'Object Repository/New Folder/Global nav/button_Programs  Offers' is clicked on

2019-05-28 20:04:27 - [TEST_STEP][PASSED] - closeBrowser(): Browser is closed

2019-05-28 20:04:28 - [MESSAGE][PASSED] - Browser is closed]]></system-out>
         <system-err><![CDATA[]]></system-err>
      </testcase>
      <testcase name="Test Cases/GGMP/GlobalNav/Collision/Collision Repair Network" classname="Test Cases/GGMP/GlobalNav/Collision/Collision Repair Network" status="PASSED">
         <system-out><![CDATA[2019-05-28 20:04:28 - [TEST_CASE][PASSED] - Test Cases/GGMP/GlobalNav/Collision/Collision Repair Network: Test Cases/GGMP/GlobalNav/Collision/Collision Repair Network

2019-05-28 20:04:28 - [TEST_STEP][PASSED] - openBrowser(""): Browser is opened with url: ''

2019-05-28 20:04:28 - [MESSAGE][INFO] - Starting 'Chrome' driver

2019-05-28 20:04:35 - [MESSAGE][PASSED] - Browser is opened with url: ''

2019-05-28 20:04:35 - [TEST_STEP][PASSED] - maximizeWindow(): Current window maximized

2019-05-28 20:04:36 - [MESSAGE][PASSED] - Current window maximized

2019-05-28 20:04:36 - [TEST_STEP][PASSED] - navigateToUrl("https://www.genuinegmparts.com/"): Navigate to 'https://www.genuinegmparts.com/' successfully

2019-05-28 20:04:39 - [MESSAGE][PASSED] - Navigate to 'https://www.genuinegmparts.com/' successfully

2019-05-28 20:04:39 - [TEST_STEP][PASSED] - click(findTestObject("Object Repository/New Folder/Global nav/li_Collision")): Object: 'Object Repository/New Folder/Global nav/li_Collision' is clicked on

2019-05-28 20:04:39 - [MESSAGE][PASSED] - Object: 'Object Repository/New Folder/Global nav/li_Collision' is clicked on

2019-05-28 20:04:39 - [TEST_STEP][PASSED] - click(findTestObject("Object Repository/New Folder/Global nav/a_Collision Repair Network")): Object: 'Object Repository/New Folder/Global nav/a_Collision Repair Network' is clicked on

2019-05-28 20:04:43 - [MESSAGE][PASSED] - Object: 'Object Repository/New Folder/Global nav/a_Collision Repair Network' is clicked on

2019-05-28 20:04:43 - [TEST_STEP][PASSED] - click(findTestObject("Object Repository/New Folder/Global nav/a_Why participate in the General Motors Collision Repair Network")): Object: 'Object Repository/New Folder/Global nav/a_Why participate in the General Motors Collision Repair Network' is clicked on

2019-05-28 20:04:43 - [MESSAGE][PASSED] - Object: 'Object Repository/New Folder/Global nav/a_Why participate in the General Motors Collision Repair Network' is clicked on

2019-05-28 20:04:43 - [TEST_STEP][PASSED] - click(findTestObject("Object Repository/New Folder/Global nav/a_Why participate in the General Motors Collision Repair Network")): Object: 'Object Repository/New Folder/Global nav/a_Why participate in the General Motors Collision Repair Network' is clicked on

2019-05-28 20:04:43 - [MESSAGE][PASSED] - Object: 'Object Repository/New Folder/Global nav/a_Why participate in the General Motors Collision Repair Network' is clicked on

2019-05-28 20:04:43 - [TEST_STEP][PASSED] - click(findTestObject("Object Repository/New Folder/Global nav/button_ENROLL NOW")): Object: 'Object Repository/New Folder/Global nav/button_ENROLL NOW' is clicked on

2019-05-28 20:04:44 - [MESSAGE][PASSED] - Object: 'Object Repository/New Folder/Global nav/button_ENROLL NOW' is clicked on

2019-05-28 20:04:44 - [TEST_STEP][PASSED] - closeBrowser(): Browser is closed

2019-05-28 20:04:45 - [MESSAGE][PASSED] - Browser is closed]]></system-out>
         <system-err><![CDATA[]]></system-err>
      </testcase>
      <testcase name="Test Cases/GGMP/GlobalNav/Collision/My GM Partner Perks" classname="Test Cases/GGMP/GlobalNav/Collision/My GM Partner Perks" status="PASSED">
         <system-out><![CDATA[2019-05-28 20:04:45 - [TEST_CASE][PASSED] - Test Cases/GGMP/GlobalNav/Collision/My GM Partner Perks: Test Cases/GGMP/GlobalNav/Collision/My GM Partner Perks

2019-05-28 20:04:45 - [TEST_STEP][PASSED] - openBrowser(""): Browser is opened with url: ''

2019-05-28 20:04:45 - [MESSAGE][INFO] - Starting 'Chrome' driver

2019-05-28 20:04:50 - [MESSAGE][PASSED] - Browser is opened with url: ''

2019-05-28 20:04:50 - [TEST_STEP][PASSED] - maximizeWindow(): Current window maximized

2019-05-28 20:04:51 - [MESSAGE][PASSED] - Current window maximized

2019-05-28 20:04:51 - [TEST_STEP][PASSED] - navigateToUrl("https://www.genuinegmparts.com/"): Navigate to 'https://www.genuinegmparts.com/' successfully

2019-05-28 20:04:56 - [MESSAGE][PASSED] - Navigate to 'https://www.genuinegmparts.com/' successfully

2019-05-28 20:04:56 - [TEST_STEP][PASSED] - click(findTestObject("Object Repository/New Folder/Global nav/li_Collision")): Object: 'Object Repository/New Folder/Global nav/li_Collision' is clicked on

2019-05-28 20:04:56 - [MESSAGE][PASSED] - Object: 'Object Repository/New Folder/Global nav/li_Collision' is clicked on

2019-05-28 20:04:56 - [TEST_STEP][PASSED] - click(findTestObject("Object Repository/New Folder/Global nav/a_My GM Partner Perks")): Object: 'Object Repository/New Folder/Global nav/a_My GM Partner Perks' is clicked on

2019-05-28 20:05:01 - [MESSAGE][PASSED] - Object: 'Object Repository/New Folder/Global nav/a_My GM Partner Perks' is clicked on

2019-05-28 20:05:01 - [TEST_STEP][PASSED] - click(findTestObject("Object Repository/New Folder/Global nav/a_INDEPENDENT SERVICECENTER INFORMATION")): Object: 'Object Repository/New Folder/Global nav/a_INDEPENDENT SERVICECENTER INFORMATION' is clicked on

2019-05-28 20:05:01 - [MESSAGE][PASSED] - Object: 'Object Repository/New Folder/Global nav/a_INDEPENDENT SERVICECENTER INFORMATION' is clicked on

2019-05-28 20:05:01 - [TEST_STEP][PASSED] - click(findTestObject("Object Repository/New Folder/Global nav/a_INDEPENDENT SERVICECENTER INFORMATION")): Object: 'Object Repository/New Folder/Global nav/a_INDEPENDENT SERVICECENTER INFORMATION' is clicked on

2019-05-28 20:05:01 - [MESSAGE][PASSED] - Object: 'Object Repository/New Folder/Global nav/a_INDEPENDENT SERVICECENTER INFORMATION' is clicked on

2019-05-28 20:05:01 - [TEST_STEP][PASSED] - click(findTestObject("Object Repository/New Folder/Global nav/a_INDEPENDENT BODY SHOP INFORMATION")): Object: 'Object Repository/New Folder/Global nav/a_INDEPENDENT BODY SHOP INFORMATION' is clicked on

2019-05-28 20:05:02 - [MESSAGE][PASSED] - Object: 'Object Repository/New Folder/Global nav/a_INDEPENDENT BODY SHOP INFORMATION' is clicked on

2019-05-28 20:05:02 - [TEST_STEP][PASSED] - click(findTestObject("Object Repository/New Folder/Global nav/a_INDEPENDENT BODY SHOP INFORMATION")): Object: 'Object Repository/New Folder/Global nav/a_INDEPENDENT BODY SHOP INFORMATION' is clicked on

2019-05-28 20:05:02 - [MESSAGE][PASSED] - Object: 'Object Repository/New Folder/Global nav/a_INDEPENDENT BODY SHOP INFORMATION' is clicked on

2019-05-28 20:05:02 - [TEST_STEP][PASSED] - click(findTestObject("Object Repository/New Folder/Global nav/a_FLEET INFORMATION")): Object: 'Object Repository/New Folder/Global nav/a_FLEET INFORMATION' is clicked on

2019-05-28 20:05:02 - [MESSAGE][PASSED] - Object: 'Object Repository/New Folder/Global nav/a_FLEET INFORMATION' is clicked on

2019-05-28 20:05:02 - [TEST_STEP][PASSED] - click(findTestObject("Object Repository/New Folder/Global nav/a_FLEET INFORMATION")): Object: 'Object Repository/New Folder/Global nav/a_FLEET INFORMATION' is clicked on

2019-05-28 20:05:02 - [MESSAGE][PASSED] - Object: 'Object Repository/New Folder/Global nav/a_FLEET INFORMATION' is clicked on

2019-05-28 20:05:02 - [TEST_STEP][PASSED] - closeBrowser(): Browser is closed

2019-05-28 20:05:03 - [MESSAGE][PASSED] - Browser is closed]]></system-out>
         <system-err><![CDATA[]]></system-err>
      </testcase>
      <testcase name="Test Cases/GGMP/GlobalNav/Collision/Position Statement" classname="Test Cases/GGMP/GlobalNav/Collision/Position Statement" status="PASSED">
         <system-out><![CDATA[2019-05-28 20:05:03 - [TEST_CASE][PASSED] - Test Cases/GGMP/GlobalNav/Collision/Position Statement: Test Cases/GGMP/GlobalNav/Collision/Position Statement

2019-05-28 20:05:03 - [TEST_STEP][PASSED] - openBrowser(""): Browser is opened with url: ''

2019-05-28 20:05:03 - [MESSAGE][INFO] - Starting 'Chrome' driver

2019-05-28 20:05:08 - [MESSAGE][PASSED] - Browser is opened with url: ''

2019-05-28 20:05:08 - [TEST_STEP][PASSED] - maximizeWindow(): Current window maximized

2019-05-28 20:05:10 - [MESSAGE][PASSED] - Current window maximized

2019-05-28 20:05:10 - [TEST_STEP][PASSED] - navigateToUrl("https://www.genuinegmparts.com/"): Navigate to 'https://www.genuinegmparts.com/' successfully

2019-05-28 20:05:12 - [MESSAGE][PASSED] - Navigate to 'https://www.genuinegmparts.com/' successfully

2019-05-28 20:05:12 - [TEST_STEP][PASSED] - click(findTestObject("Object Repository/New Folder/Global nav/li_Collision")): Object: 'Object Repository/New Folder/Global nav/li_Collision' is clicked on

2019-05-28 20:05:13 - [MESSAGE][PASSED] - Object: 'Object Repository/New Folder/Global nav/li_Collision' is clicked on

2019-05-28 20:05:13 - [TEST_STEP][PASSED] - click(findTestObject("Object Repository/New Folder/Global nav/a_Position Statements")): Object: 'Object Repository/New Folder/Global nav/a_Position Statements' is clicked on

2019-05-28 20:05:14 - [MESSAGE][PASSED] - Object: 'Object Repository/New Folder/Global nav/a_Position Statements' is clicked on

2019-05-28 20:05:14 - [TEST_STEP][PASSED] - click(findTestObject("Object Repository/New Folder/Global nav/span_Safety System Repairs and Inspections required after a Collision")): Object: 'Object Repository/New Folder/Global nav/span_Safety System Repairs and Inspections required after a Collision' is clicked on

2019-05-28 20:05:14 - [MESSAGE][PASSED] - Object: 'Object Repository/New Folder/Global nav/span_Safety System Repairs and Inspections required after a Collision' is clicked on

2019-05-28 20:05:14 - [TEST_STEP][PASSED] - closeBrowser(): Browser is closed

2019-05-28 20:05:15 - [MESSAGE][PASSED] - Browser is closed]]></system-out>
         <system-err><![CDATA[]]></system-err>
      </testcase>
      <testcase name="Test Cases/GGMP/GlobalNav/Collision/Programs and Offers" classname="Test Cases/GGMP/GlobalNav/Collision/Programs and Offers" status="PASSED">
         <system-out><![CDATA[2019-05-28 20:05:15 - [TEST_CASE][PASSED] - Test Cases/GGMP/GlobalNav/Collision/Programs and Offers: Test Cases/GGMP/GlobalNav/Collision/Programs and Offers

2019-05-28 20:05:15 - [TEST_STEP][PASSED] - openBrowser(""): Browser is opened with url: ''

2019-05-28 20:05:15 - [MESSAGE][INFO] - Starting 'Chrome' driver

2019-05-28 20:05:21 - [MESSAGE][PASSED] - Browser is opened with url: ''

2019-05-28 20:05:21 - [TEST_STEP][PASSED] - maximizeWindow(): Current window maximized

2019-05-28 20:05:22 - [MESSAGE][PASSED] - Current window maximized

2019-05-28 20:05:22 - [TEST_STEP][PASSED] - navigateToUrl("https://www.genuinegmparts.com/"): Navigate to 'https://www.genuinegmparts.com/' successfully

2019-05-28 20:05:25 - [MESSAGE][PASSED] - Navigate to 'https://www.genuinegmparts.com/' successfully

2019-05-28 20:05:25 - [TEST_STEP][PASSED] - click(findTestObject("Object Repository/li_Collision")): Object: 'Object Repository/li_Collision' is clicked on

2019-05-28 20:05:25 - [MESSAGE][PASSED] - Object: 'Object Repository/li_Collision' is clicked on

2019-05-28 20:05:25 - [TEST_STEP][PASSED] - click(findTestObject("Object Repository/a_Programs  Offers")): Object: 'Object Repository/a_Programs  Offers' is clicked on

2019-05-28 20:05:27 - [MESSAGE][PASSED] - Object: 'Object Repository/a_Programs  Offers' is clicked on

2019-05-28 20:05:27 - [TEST_STEP][PASSED] - closeBrowser(): Browser is closed

2019-05-28 20:05:28 - [MESSAGE][PASSED] - Browser is closed]]></system-out>
         <system-err><![CDATA[]]></system-err>
      </testcase>
      <testcase name="Test Cases/GGMP/GlobalNav/Collision/Technical Documents" classname="Test Cases/GGMP/GlobalNav/Collision/Technical Documents" status="PASSED">
         <system-out><![CDATA[2019-05-28 20:05:28 - [TEST_CASE][PASSED] - Test Cases/GGMP/GlobalNav/Collision/Technical Documents: Test Cases/GGMP/GlobalNav/Collision/Technical Documents

2019-05-28 20:05:28 - [TEST_STEP][PASSED] - openBrowser(""): Browser is opened with url: ''

2019-05-28 20:05:28 - [MESSAGE][INFO] - Starting 'Chrome' driver

2019-05-28 20:05:34 - [MESSAGE][PASSED] - Browser is opened with url: ''

2019-05-28 20:05:34 - [TEST_STEP][PASSED] - maximizeWindow(): Current window maximized

2019-05-28 20:05:35 - [MESSAGE][PASSED] - Current window maximized

2019-05-28 20:05:35 - [TEST_STEP][PASSED] - navigateToUrl("https://www.genuinegmparts.com/"): Navigate to 'https://www.genuinegmparts.com/' successfully

2019-05-28 20:05:38 - [MESSAGE][PASSED] - Navigate to 'https://www.genuinegmparts.com/' successfully

2019-05-28 20:05:38 - [TEST_STEP][PASSED] - click(findTestObject("Object Repository/New Folder/Global nav/li_Collision")): Object: 'Object Repository/New Folder/Global nav/li_Collision' is clicked on

2019-05-28 20:05:38 - [MESSAGE][PASSED] - Object: 'Object Repository/New Folder/Global nav/li_Collision' is clicked on

2019-05-28 20:05:38 - [TEST_STEP][PASSED] - click(findTestObject("Object Repository/New Folder/Global nav/a_Technical Documents")): Object: 'Object Repository/New Folder/Global nav/a_Technical Documents' is clicked on

2019-05-28 20:05:41 - [MESSAGE][PASSED] - Object: 'Object Repository/New Folder/Global nav/a_Technical Documents' is clicked on

2019-05-28 20:05:41 - [TEST_STEP][PASSED] - click(findTestObject("Object Repository/New Folder/Global nav/a_Service bulletins")): Object: 'Object Repository/New Folder/Global nav/a_Service bulletins' is clicked on

2019-05-28 20:05:41 - [MESSAGE][PASSED] - Object: 'Object Repository/New Folder/Global nav/a_Service bulletins' is clicked on

2019-05-28 20:05:41 - [TEST_STEP][PASSED] - click(findTestObject("Object Repository/New Folder/Global nav/a_Service bulletins")): Object: 'Object Repository/New Folder/Global nav/a_Service bulletins' is clicked on

2019-05-28 20:05:41 - [MESSAGE][PASSED] - Object: 'Object Repository/New Folder/Global nav/a_Service bulletins' is clicked on

2019-05-28 20:05:41 - [TEST_STEP][PASSED] - click(findTestObject("Object Repository/New Folder/Global nav/button_Position Statements")): Object: 'Object Repository/New Folder/Global nav/button_Position Statements' is clicked on

2019-05-28 20:05:42 - [MESSAGE][PASSED] - Object: 'Object Repository/New Folder/Global nav/button_Position Statements' is clicked on

2019-05-28 20:05:42 - [TEST_STEP][PASSED] - closeBrowser(): Browser is closed

2019-05-28 20:05:43 - [MESSAGE][PASSED] - Browser is closed]]></system-out>
         <system-err><![CDATA[]]></system-err>
      </testcase>
      <testcase name="Test Cases/GGMP/GlobalNav/Collision/The Genuine Difference" classname="Test Cases/GGMP/GlobalNav/Collision/The Genuine Difference" status="PASSED">
         <system-out><![CDATA[2019-05-28 20:05:43 - [TEST_CASE][PASSED] - Test Cases/GGMP/GlobalNav/Collision/The Genuine Difference: Test Cases/GGMP/GlobalNav/Collision/The Genuine Difference

2019-05-28 20:05:43 - [TEST_STEP][PASSED] - openBrowser(""): Browser is opened with url: ''

2019-05-28 20:05:43 - [MESSAGE][INFO] - Starting 'Chrome' driver

2019-05-28 20:05:48 - [MESSAGE][PASSED] - Browser is opened with url: ''

2019-05-28 20:05:48 - [TEST_STEP][PASSED] - maximizeWindow(): Current window maximized

2019-05-28 20:05:49 - [MESSAGE][PASSED] - Current window maximized

2019-05-28 20:05:49 - [TEST_STEP][PASSED] - navigateToUrl("https://www.genuinegmparts.com/"): Navigate to 'https://www.genuinegmparts.com/' successfully

2019-05-28 20:05:52 - [MESSAGE][PASSED] - Navigate to 'https://www.genuinegmparts.com/' successfully

2019-05-28 20:05:52 - [TEST_STEP][PASSED] - click(findTestObject("Object Repository/New Folder/Global nav/li_Collision")): Object: 'Object Repository/New Folder/Global nav/li_Collision' is clicked on

2019-05-28 20:05:52 - [MESSAGE][PASSED] - Object: 'Object Repository/New Folder/Global nav/li_Collision' is clicked on

2019-05-28 20:05:52 - [TEST_STEP][PASSED] - click(findTestObject("Object Repository/New Folder/Global nav/span_The Genuine Difference")): Object: 'Object Repository/New Folder/Global nav/span_The Genuine Difference' is clicked on

2019-05-28 20:05:57 - [MESSAGE][PASSED] - Object: 'Object Repository/New Folder/Global nav/span_The Genuine Difference' is clicked on

2019-05-28 20:05:57 - [TEST_STEP][PASSED] - closeBrowser(): Browser is closed

2019-05-28 20:05:58 - [MESSAGE][PASSED] - Browser is closed]]></system-out>
         <system-err><![CDATA[]]></system-err>
      </testcase>
      <testcase name="Test Cases/GGMP/GlobalNav/Collision/Touch-UP Paint" classname="Test Cases/GGMP/GlobalNav/Collision/Touch-UP Paint" status="PASSED">
         <system-out><![CDATA[2019-05-28 20:05:58 - [TEST_CASE][PASSED] - Test Cases/GGMP/GlobalNav/Collision/Touch-UP Paint: Test Cases/GGMP/GlobalNav/Collision/Touch-UP Paint

2019-05-28 20:05:58 - [TEST_STEP][PASSED] - openBrowser(""): Browser is opened with url: ''

2019-05-28 20:05:58 - [MESSAGE][INFO] - Starting 'Chrome' driver

2019-05-28 20:06:03 - [MESSAGE][PASSED] - Browser is opened with url: ''

2019-05-28 20:06:03 - [TEST_STEP][PASSED] - maximizeWindow(): Current window maximized

2019-05-28 20:06:04 - [MESSAGE][PASSED] - Current window maximized

2019-05-28 20:06:04 - [TEST_STEP][PASSED] - navigateToUrl("https://www.genuinegmparts.com/"): Navigate to 'https://www.genuinegmparts.com/' successfully

2019-05-28 20:06:07 - [MESSAGE][PASSED] - Navigate to 'https://www.genuinegmparts.com/' successfully

2019-05-28 20:06:07 - [TEST_STEP][PASSED] - click(findTestObject("Object Repository/New Folder/Global nav/li_Collision")): Object: 'Object Repository/New Folder/Global nav/li_Collision' is clicked on

2019-05-28 20:06:07 - [MESSAGE][PASSED] - Object: 'Object Repository/New Folder/Global nav/li_Collision' is clicked on

2019-05-28 20:06:07 - [TEST_STEP][PASSED] - click(findTestObject("Object Repository/New Folder/Global nav/span_Touch-up paint")): Object: 'Object Repository/New Folder/Global nav/span_Touch-up paint' is clicked on

2019-05-28 20:06:09 - [MESSAGE][PASSED] - Object: 'Object Repository/New Folder/Global nav/span_Touch-up paint' is clicked on

2019-05-28 20:06:09 - [TEST_STEP][PASSED] - closeBrowser(): Browser is closed

2019-05-28 20:06:10 - [MESSAGE][PASSED] - Browser is closed]]></system-out>
         <system-err><![CDATA[]]></system-err>
      </testcase>
      <testcase name="Test Cases/GGMP/GlobalNav/HomePage/Masthead" classname="Test Cases/GGMP/GlobalNav/HomePage/Masthead" status="PASSED">
         <system-out><![CDATA[2019-05-28 20:06:10 - [TEST_CASE][PASSED] - Test Cases/GGMP/GlobalNav/HomePage/Masthead: Test Cases/GGMP/GlobalNav/HomePage/Masthead

2019-05-28 20:06:10 - [TEST_STEP][PASSED] - openBrowser(""): Browser is opened with url: ''

2019-05-28 20:06:10 - [MESSAGE][INFO] - Starting 'Chrome' driver

2019-05-28 20:06:16 - [MESSAGE][PASSED] - Browser is opened with url: ''

2019-05-28 20:06:16 - [TEST_STEP][PASSED] - navigateToUrl("https://www.genuinegmparts.com/"): Navigate to 'https://www.genuinegmparts.com/' successfully

2019-05-28 20:06:19 - [MESSAGE][PASSED] - Navigate to 'https://www.genuinegmparts.com/' successfully

2019-05-28 20:06:19 - [TEST_STEP][PASSED] - click(findTestObject("Object Repository/HomePage/Masthead/button_3")): Object: 'Object Repository/HomePage/Masthead/button_3' is clicked on

2019-05-28 20:06:19 - [MESSAGE][PASSED] - Object: 'Object Repository/HomePage/Masthead/button_3' is clicked on

2019-05-28 20:06:19 - [TEST_STEP][PASSED] - click(findTestObject("Object Repository/HomePage/Masthead/button_1")): Object: 'Object Repository/HomePage/Masthead/button_1' is clicked on

2019-05-28 20:06:20 - [MESSAGE][PASSED] - Object: 'Object Repository/HomePage/Masthead/button_1' is clicked on

2019-05-28 20:06:20 - [TEST_STEP][PASSED] - click(findTestObject("Object Repository/HomePage/Masthead/button_4")): Object: 'Object Repository/HomePage/Masthead/button_4' is clicked on

2019-05-28 20:06:20 - [MESSAGE][PASSED] - Object: 'Object Repository/HomePage/Masthead/button_4' is clicked on

2019-05-28 20:06:20 - [TEST_STEP][PASSED] - closeBrowser(): Browser is closed

2019-05-28 20:06:21 - [MESSAGE][PASSED] - Browser is closed]]></system-out>
         <system-err><![CDATA[]]></system-err>
      </testcase>
      <testcase name="Test Cases/GGMP/GlobalNav/Powertrain/Engine Components" classname="Test Cases/GGMP/GlobalNav/Powertrain/Engine Components" status="PASSED">
         <system-out><![CDATA[2019-05-28 20:06:21 - [TEST_CASE][PASSED] - Test Cases/GGMP/GlobalNav/Powertrain/Engine Components: Test Cases/GGMP/GlobalNav/Powertrain/Engine Components

2019-05-28 20:06:21 - [TEST_STEP][PASSED] - openBrowser(""): Browser is opened with url: ''

2019-05-28 20:06:21 - [MESSAGE][INFO] - Starting 'Chrome' driver

2019-05-28 20:06:26 - [MESSAGE][PASSED] - Browser is opened with url: ''

2019-05-28 20:06:26 - [TEST_STEP][PASSED] - maximizeWindow(): Current window maximized

2019-05-28 20:06:27 - [MESSAGE][PASSED] - Current window maximized

2019-05-28 20:06:27 - [TEST_STEP][PASSED] - navigateToUrl("https://www.genuinegmparts.com/"): Navigate to 'https://www.genuinegmparts.com/' successfully

2019-05-28 20:06:30 - [MESSAGE][PASSED] - Navigate to 'https://www.genuinegmparts.com/' successfully

2019-05-28 20:06:30 - [TEST_STEP][PASSED] - click(findTestObject("Object Repository/New Folder/Global nav/li_Powertrain")): Object: 'Object Repository/New Folder/Global nav/li_Powertrain' is clicked on

2019-05-28 20:06:30 - [MESSAGE][PASSED] - Object: 'Object Repository/New Folder/Global nav/li_Powertrain' is clicked on

2019-05-28 20:06:30 - [TEST_STEP][PASSED] - click(findTestObject("Object Repository/New Folder/Global nav/span_Engine components")): Object: 'Object Repository/New Folder/Global nav/span_Engine components' is clicked on

2019-05-28 20:06:30 - [MESSAGE][PASSED] - Object: 'Object Repository/New Folder/Global nav/span_Engine components' is clicked on

2019-05-28 20:06:30 - [TEST_STEP][PASSED] - closeBrowser(): Browser is closed

2019-05-28 20:06:31 - [MESSAGE][PASSED] - Browser is closed]]></system-out>
         <system-err><![CDATA[]]></system-err>
      </testcase>
      <testcase name="Test Cases/GGMP/GlobalNav/Powertrain/Engines" classname="Test Cases/GGMP/GlobalNav/Powertrain/Engines" status="PASSED">
         <system-out><![CDATA[2019-05-28 20:06:31 - [TEST_CASE][PASSED] - Test Cases/GGMP/GlobalNav/Powertrain/Engines: Test Cases/GGMP/GlobalNav/Powertrain/Engines

2019-05-28 20:06:32 - [TEST_STEP][PASSED] - openBrowser(""): Browser is opened with url: ''

2019-05-28 20:06:32 - [MESSAGE][INFO] - Starting 'Chrome' driver

2019-05-28 20:06:37 - [MESSAGE][PASSED] - Browser is opened with url: ''

2019-05-28 20:06:37 - [TEST_STEP][PASSED] - maximizeWindow(): Current window maximized

2019-05-28 20:06:38 - [MESSAGE][PASSED] - Current window maximized

2019-05-28 20:06:38 - [TEST_STEP][PASSED] - navigateToUrl("https://www.genuinegmparts.com/"): Navigate to 'https://www.genuinegmparts.com/' successfully

2019-05-28 20:06:41 - [MESSAGE][PASSED] - Navigate to 'https://www.genuinegmparts.com/' successfully

2019-05-28 20:06:41 - [TEST_STEP][PASSED] - click(findTestObject("Object Repository/New Folder/Global nav/li_Powertrain")): Object: 'Object Repository/New Folder/Global nav/li_Powertrain' is clicked on

2019-05-28 20:06:41 - [MESSAGE][PASSED] - Object: 'Object Repository/New Folder/Global nav/li_Powertrain' is clicked on

2019-05-28 20:06:41 - [TEST_STEP][PASSED] - click(findTestObject("Object Repository/New Folder/Global nav/span_Engines")): Object: 'Object Repository/New Folder/Global nav/span_Engines' is clicked on

2019-05-28 20:06:41 - [MESSAGE][PASSED] - Object: 'Object Repository/New Folder/Global nav/span_Engines' is clicked on

2019-05-28 20:06:41 - [TEST_STEP][PASSED] - closeBrowser(): Browser is closed

2019-05-28 20:06:42 - [MESSAGE][PASSED] - Browser is closed]]></system-out>
         <system-err><![CDATA[]]></system-err>
      </testcase>
      <testcase name="Test Cases/GGMP/GlobalNav/Powertrain/Programs" classname="Test Cases/GGMP/GlobalNav/Powertrain/Programs" status="PASSED">
         <system-out><![CDATA[2019-05-28 20:06:42 - [TEST_CASE][PASSED] - Test Cases/GGMP/GlobalNav/Powertrain/Programs: Test Cases/GGMP/GlobalNav/Powertrain/Programs

2019-05-28 20:06:42 - [TEST_STEP][PASSED] - openBrowser(""): Browser is opened with url: ''

2019-05-28 20:06:42 - [MESSAGE][INFO] - Starting 'Chrome' driver

2019-05-28 20:06:48 - [MESSAGE][PASSED] - Browser is opened with url: ''

2019-05-28 20:06:48 - [TEST_STEP][PASSED] - maximizeWindow(): Current window maximized

2019-05-28 20:06:49 - [MESSAGE][PASSED] - Current window maximized

2019-05-28 20:06:49 - [TEST_STEP][PASSED] - navigateToUrl("https://www.genuinegmparts.com/"): Navigate to 'https://www.genuinegmparts.com/' successfully

2019-05-28 20:06:52 - [MESSAGE][PASSED] - Navigate to 'https://www.genuinegmparts.com/' successfully

2019-05-28 20:06:52 - [TEST_STEP][PASSED] - click(findTestObject("Object Repository/New Folder/Global nav/Powertrain/li_Powertrain")): Object: 'Object Repository/New Folder/Global nav/Powertrain/li_Powertrain' is clicked on

2019-05-28 20:06:52 - [MESSAGE][PASSED] - Object: 'Object Repository/New Folder/Global nav/Powertrain/li_Powertrain' is clicked on

2019-05-28 20:06:52 - [TEST_STEP][PASSED] - click(findTestObject("Object Repository/New Folder/Global nav/Powertrain/a_Programs  Offers")): Object: 'Object Repository/New Folder/Global nav/Powertrain/a_Programs  Offers' is clicked on

2019-05-28 20:06:52 - [MESSAGE][PASSED] - Object: 'Object Repository/New Folder/Global nav/Powertrain/a_Programs  Offers' is clicked on

2019-05-28 20:06:52 - [TEST_STEP][PASSED] - closeBrowser(): Browser is closed

2019-05-28 20:06:53 - [MESSAGE][PASSED] - Browser is closed]]></system-out>
         <system-err><![CDATA[]]></system-err>
      </testcase>
      <testcase name="Test Cases/GGMP/GlobalNav/Powertrain/Technical Documents" classname="Test Cases/GGMP/GlobalNav/Powertrain/Technical Documents" status="PASSED">
         <system-out><![CDATA[2019-05-28 20:06:53 - [TEST_CASE][PASSED] - Test Cases/GGMP/GlobalNav/Powertrain/Technical Documents: Test Cases/GGMP/GlobalNav/Powertrain/Technical Documents

2019-05-28 20:06:53 - [TEST_STEP][PASSED] - openBrowser(""): Browser is opened with url: ''

2019-05-28 20:06:53 - [MESSAGE][INFO] - Starting 'Chrome' driver

2019-05-28 20:06:58 - [MESSAGE][PASSED] - Browser is opened with url: ''

2019-05-28 20:06:58 - [TEST_STEP][PASSED] - maximizeWindow(): Current window maximized

2019-05-28 20:07:00 - [MESSAGE][PASSED] - Current window maximized

2019-05-28 20:07:00 - [TEST_STEP][PASSED] - navigateToUrl("https://www.genuinegmparts.com/"): Navigate to 'https://www.genuinegmparts.com/' successfully

2019-05-28 20:07:03 - [MESSAGE][PASSED] - Navigate to 'https://www.genuinegmparts.com/' successfully

2019-05-28 20:07:03 - [TEST_STEP][PASSED] - click(findTestObject("Powertrain docs/li_Powertrain")): Object: 'Object Repository/Powertrain docs/li_Powertrain' is clicked on

2019-05-28 20:07:03 - [MESSAGE][PASSED] - Object: 'Object Repository/Powertrain docs/li_Powertrain' is clicked on

2019-05-28 20:07:03 - [TEST_STEP][PASSED] - click(findTestObject("Powertrain docs/a_Technical Documents")): Object: 'Object Repository/Powertrain docs/a_Technical Documents' is clicked on

2019-05-28 20:07:03 - [MESSAGE][PASSED] - Object: 'Object Repository/Powertrain docs/a_Technical Documents' is clicked on

2019-05-28 20:07:03 - [TEST_STEP][PASSED] - closeBrowser(): Browser is closed

2019-05-28 20:07:04 - [MESSAGE][PASSED] - Browser is closed]]></system-out>
         <system-err><![CDATA[]]></system-err>
      </testcase>
      <testcase name="Test Cases/GGMP/GlobalNav/Powertrain/Transmission Components" classname="Test Cases/GGMP/GlobalNav/Powertrain/Transmission Components" status="PASSED">
         <system-out><![CDATA[2019-05-28 20:07:04 - [TEST_CASE][PASSED] - Test Cases/GGMP/GlobalNav/Powertrain/Transmission Components: Test Cases/GGMP/GlobalNav/Powertrain/Transmission Components

2019-05-28 20:07:04 - [TEST_STEP][PASSED] - openBrowser(""): Browser is opened with url: ''

2019-05-28 20:07:04 - [MESSAGE][INFO] - Starting 'Chrome' driver

2019-05-28 20:07:09 - [MESSAGE][PASSED] - Browser is opened with url: ''

2019-05-28 20:07:09 - [TEST_STEP][PASSED] - maximizeWindow(): Current window maximized

2019-05-28 20:07:10 - [MESSAGE][PASSED] - Current window maximized

2019-05-28 20:07:10 - [TEST_STEP][PASSED] - navigateToUrl("https://www.genuinegmparts.com/"): Navigate to 'https://www.genuinegmparts.com/' successfully

2019-05-28 20:07:15 - [MESSAGE][PASSED] - Navigate to 'https://www.genuinegmparts.com/' successfully

2019-05-28 20:07:15 - [TEST_STEP][PASSED] - click(findTestObject("Object Repository/New Folder/Global nav/li_Powertrain")): Object: 'Object Repository/New Folder/Global nav/li_Powertrain' is clicked on

2019-05-28 20:07:15 - [MESSAGE][PASSED] - Object: 'Object Repository/New Folder/Global nav/li_Powertrain' is clicked on

2019-05-28 20:07:15 - [TEST_STEP][PASSED] - click(findTestObject("Object Repository/New Folder/Global nav/span_Transmission components")): Object: 'Object Repository/New Folder/Global nav/span_Transmission components' is clicked on

2019-05-28 20:07:15 - [MESSAGE][PASSED] - Object: 'Object Repository/New Folder/Global nav/span_Transmission components' is clicked on

2019-05-28 20:07:15 - [TEST_STEP][PASSED] - closeBrowser(): Browser is closed

2019-05-28 20:07:16 - [MESSAGE][PASSED] - Browser is closed]]></system-out>
         <system-err><![CDATA[]]></system-err>
      </testcase>
      <testcase name="Test Cases/GGMP/GlobalNav/Powertrain/Transmission Transfer Cases" classname="Test Cases/GGMP/GlobalNav/Powertrain/Transmission Transfer Cases" status="PASSED">
         <system-out><![CDATA[2019-05-28 20:07:16 - [TEST_CASE][PASSED] - Test Cases/GGMP/GlobalNav/Powertrain/Transmission Transfer Cases: Test Cases/GGMP/GlobalNav/Powertrain/Transmission Transfer Cases

2019-05-28 20:07:16 - [TEST_STEP][PASSED] - openBrowser(""): Browser is opened with url: ''

2019-05-28 20:07:16 - [MESSAGE][INFO] - Starting 'Chrome' driver

2019-05-28 20:07:22 - [MESSAGE][PASSED] - Browser is opened with url: ''

2019-05-28 20:07:22 - [TEST_STEP][PASSED] - maximizeWindow(): Current window maximized

2019-05-28 20:07:23 - [MESSAGE][PASSED] - Current window maximized

2019-05-28 20:07:23 - [TEST_STEP][PASSED] - navigateToUrl("https://www.genuinegmparts.com/"): Navigate to 'https://www.genuinegmparts.com/' successfully

2019-05-28 20:07:26 - [MESSAGE][PASSED] - Navigate to 'https://www.genuinegmparts.com/' successfully

2019-05-28 20:07:26 - [TEST_STEP][PASSED] - click(findTestObject("Object Repository/New Folder/Global nav/li_Powertrain")): Object: 'Object Repository/New Folder/Global nav/li_Powertrain' is clicked on

2019-05-28 20:07:26 - [MESSAGE][PASSED] - Object: 'Object Repository/New Folder/Global nav/li_Powertrain' is clicked on

2019-05-28 20:07:26 - [TEST_STEP][PASSED] - click(findTestObject("Object Repository/New Folder/Global nav/span_Transmissions  Transfer cases")): Object: 'Object Repository/New Folder/Global nav/span_Transmissions  Transfer cases' is clicked on

2019-05-28 20:07:26 - [MESSAGE][PASSED] - Object: 'Object Repository/New Folder/Global nav/span_Transmissions  Transfer cases' is clicked on

2019-05-28 20:07:26 - [TEST_STEP][PASSED] - closeBrowser(): Browser is closed

2019-05-28 20:07:27 - [MESSAGE][PASSED] - Browser is closed]]></system-out>
         <system-err><![CDATA[]]></system-err>
      </testcase>
      <testcase name="Test Cases/GGMP/Sitemap/Collision/Cadillac" classname="Test Cases/GGMP/Sitemap/Collision/Cadillac" status="PASSED">
         <system-out><![CDATA[2019-05-28 20:07:27 - [TEST_CASE][PASSED] - Test Cases/GGMP/Sitemap/Collision/Cadillac: Test Cases/GGMP/Sitemap/Collision/Cadillac

2019-05-28 20:07:27 - [TEST_STEP][PASSED] - openBrowser(""): Browser is opened with url: ''

2019-05-28 20:07:27 - [MESSAGE][INFO] - Starting 'Chrome' driver

2019-05-28 20:07:32 - [MESSAGE][PASSED] - Browser is opened with url: ''

2019-05-28 20:07:32 - [TEST_STEP][PASSED] - maximizeWindow(): Current window maximized

2019-05-28 20:07:33 - [MESSAGE][PASSED] - Current window maximized

2019-05-28 20:07:33 - [TEST_STEP][PASSED] - navigateToUrl("https://www.genuinegmparts.com/"): Navigate to 'https://www.genuinegmparts.com/' successfully

2019-05-28 20:07:37 - [MESSAGE][PASSED] - Navigate to 'https://www.genuinegmparts.com/' successfully

2019-05-28 20:07:37 - [TEST_STEP][PASSED] - click(findTestObject("Object Repository/SiteMap/Collision/Cadillac/a_Sitemap")): Object: 'Object Repository/SiteMap/Collision/Cadillac/a_Sitemap' is clicked on

2019-05-28 20:07:37 - [MESSAGE][PASSED] - Object: 'Object Repository/SiteMap/Collision/Cadillac/a_Sitemap' is clicked on

2019-05-28 20:07:37 - [TEST_STEP][PASSED] - click(findTestObject("Object Repository/SiteMap/Collision/Cadillac/span_Cadillac Aluminum Repair Network")): Object: 'Object Repository/SiteMap/Collision/Cadillac/span_Cadillac Aluminum Repair Network' is clicked on

2019-05-28 20:07:38 - [MESSAGE][PASSED] - Object: 'Object Repository/SiteMap/Collision/Cadillac/span_Cadillac Aluminum Repair Network' is clicked on

2019-05-28 20:07:38 - [TEST_STEP][PASSED] - click(findTestObject("Object Repository/SiteMap/Collision/Cadillac/span_Contact your local Cadillac Certified Service Center")): Object: 'Object Repository/SiteMap/Collision/Cadillac/span_Contact your local Cadillac Certified Service Center' is clicked on

2019-05-28 20:07:39 - [MESSAGE][PASSED] - Object: 'Object Repository/SiteMap/Collision/Cadillac/span_Contact your local Cadillac Certified Service Center' is clicked on

2019-05-28 20:07:39 - [TEST_STEP][PASSED] - closeBrowser(): Browser is closed

2019-05-28 20:07:40 - [MESSAGE][PASSED] - Browser is closed]]></system-out>
         <system-err><![CDATA[]]></system-err>
      </testcase>
      <testcase name="Test Cases/GGMP/Sitemap/Collision/Collision Parts" classname="Test Cases/GGMP/Sitemap/Collision/Collision Parts" status="PASSED">
         <system-out><![CDATA[2019-05-28 20:07:40 - [TEST_CASE][PASSED] - Test Cases/GGMP/Sitemap/Collision/Collision Parts: Test Cases/GGMP/Sitemap/Collision/Collision Parts

2019-05-28 20:07:40 - [TEST_STEP][PASSED] - openBrowser(""): Browser is opened with url: ''

2019-05-28 20:07:40 - [MESSAGE][INFO] - Starting 'Chrome' driver

2019-05-28 20:07:45 - [MESSAGE][PASSED] - Browser is opened with url: ''

2019-05-28 20:07:45 - [TEST_STEP][PASSED] - maximizeWindow(): Current window maximized

2019-05-28 20:07:46 - [MESSAGE][PASSED] - Current window maximized

2019-05-28 20:07:46 - [TEST_STEP][PASSED] - navigateToUrl("https://www.genuinegmparts.com/"): Navigate to 'https://www.genuinegmparts.com/' successfully

2019-05-28 20:07:49 - [MESSAGE][PASSED] - Navigate to 'https://www.genuinegmparts.com/' successfully

2019-05-28 20:07:49 - [TEST_STEP][PASSED] - click(findTestObject("Object Repository/SiteMap/Collision/Collision Parts/a_Sitemap")): Object: 'Object Repository/SiteMap/Collision/Collision Parts/a_Sitemap' is clicked on

2019-05-28 20:07:50 - [MESSAGE][PASSED] - Object: 'Object Repository/SiteMap/Collision/Collision Parts/a_Sitemap' is clicked on

2019-05-28 20:07:50 - [TEST_STEP][PASSED] - click(findTestObject("Object Repository/SiteMap/Collision/Collision Parts/span_Collision Parts")): Object: 'Object Repository/SiteMap/Collision/Collision Parts/span_Collision Parts' is clicked on

2019-05-28 20:07:51 - [MESSAGE][PASSED] - Object: 'Object Repository/SiteMap/Collision/Collision Parts/span_Collision Parts' is clicked on

2019-05-28 20:07:51 - [TEST_STEP][PASSED] - click(findTestObject("Object Repository/SiteMap/Collision/Collision Parts/span_Sheet metal")): Object: 'Object Repository/SiteMap/Collision/Collision Parts/span_Sheet metal' is clicked on

2019-05-28 20:07:52 - [MESSAGE][PASSED] - Object: 'Object Repository/SiteMap/Collision/Collision Parts/span_Sheet metal' is clicked on

2019-05-28 20:07:52 - [TEST_STEP][PASSED] - closeBrowser(): Browser is closed

2019-05-28 20:07:53 - [MESSAGE][PASSED] - Browser is closed]]></system-out>
         <system-err><![CDATA[]]></system-err>
      </testcase>
      <testcase name="Test Cases/GGMP/Sitemap/Collision/Paint" classname="Test Cases/GGMP/Sitemap/Collision/Paint" status="PASSED">
         <system-out><![CDATA[2019-05-28 20:07:53 - [TEST_CASE][PASSED] - Test Cases/GGMP/Sitemap/Collision/Paint: Test Cases/GGMP/Sitemap/Collision/Paint

2019-05-28 20:07:53 - [TEST_STEP][PASSED] - openBrowser(""): Browser is opened with url: ''

2019-05-28 20:07:53 - [MESSAGE][INFO] - Starting 'Chrome' driver

2019-05-28 20:07:58 - [MESSAGE][PASSED] - Browser is opened with url: ''

2019-05-28 20:07:58 - [TEST_STEP][PASSED] - maximizeWindow(): Current window maximized

2019-05-28 20:07:59 - [MESSAGE][PASSED] - Current window maximized

2019-05-28 20:07:59 - [TEST_STEP][PASSED] - navigateToUrl("https://www.genuinegmparts.com/"): Navigate to 'https://www.genuinegmparts.com/' successfully

2019-05-28 20:08:03 - [MESSAGE][PASSED] - Navigate to 'https://www.genuinegmparts.com/' successfully

2019-05-28 20:08:03 - [TEST_STEP][PASSED] - click(findTestObject("Object Repository/SiteMap/Collision/Paint/a_Sitemap")): Object: 'Object Repository/SiteMap/Collision/Paint/a_Sitemap' is clicked on

2019-05-28 20:08:03 - [MESSAGE][PASSED] - Object: 'Object Repository/SiteMap/Collision/Paint/a_Sitemap' is clicked on

2019-05-28 20:08:03 - [TEST_STEP][PASSED] - click(findTestObject("Object Repository/SiteMap/Collision/Paint/span_Touch-Up Paint")): Object: 'Object Repository/SiteMap/Collision/Paint/span_Touch-Up Paint' is clicked on

2019-05-28 20:08:05 - [MESSAGE][PASSED] - Object: 'Object Repository/SiteMap/Collision/Paint/span_Touch-Up Paint' is clicked on

2019-05-28 20:08:05 - [TEST_STEP][PASSED] - closeBrowser(): Browser is closed

2019-05-28 20:08:05 - [MESSAGE][PASSED] - Browser is closed]]></system-out>
         <system-err><![CDATA[]]></system-err>
      </testcase>
      <testcase name="Test Cases/GGMP/Sitemap/Collision/The Genuine Difference" classname="Test Cases/GGMP/Sitemap/Collision/The Genuine Difference" status="PASSED">
         <system-out><![CDATA[2019-05-28 20:08:05 - [TEST_CASE][PASSED] - Test Cases/GGMP/Sitemap/Collision/The Genuine Difference: Test Cases/GGMP/Sitemap/Collision/The Genuine Difference

2019-05-28 20:08:06 - [TEST_STEP][PASSED] - openBrowser(""): Browser is opened with url: ''

2019-05-28 20:08:06 - [MESSAGE][INFO] - Starting 'Chrome' driver

2019-05-28 20:08:11 - [MESSAGE][PASSED] - Browser is opened with url: ''

2019-05-28 20:08:11 - [TEST_STEP][PASSED] - maximizeWindow(): Current window maximized

2019-05-28 20:08:12 - [MESSAGE][PASSED] - Current window maximized

2019-05-28 20:08:12 - [TEST_STEP][PASSED] - navigateToUrl("https://www.genuinegmparts.com/sitemap"): Navigate to 'https://www.genuinegmparts.com/sitemap' successfully

2019-05-28 20:08:14 - [MESSAGE][PASSED] - Navigate to 'https://www.genuinegmparts.com/sitemap' successfully

2019-05-28 20:08:14 - [TEST_STEP][PASSED] - click(findTestObject("Object Repository/SiteMap/Collision/span_The Genuine Difference")): Object: 'Object Repository/SiteMap/Collision/span_The Genuine Difference' is clicked on

2019-05-28 20:08:14 - [MESSAGE][PASSED] - Object: 'Object Repository/SiteMap/Collision/span_The Genuine Difference' is clicked on

2019-05-28 20:08:14 - [TEST_STEP][PASSED] - click(findTestObject("Object Repository/SiteMap/Collision/span_visit crashrepairinfocom")): Object: 'Object Repository/SiteMap/Collision/span_visit crashrepairinfocom' is clicked on

2019-05-28 20:08:17 - [MESSAGE][PASSED] - Object: 'Object Repository/SiteMap/Collision/span_visit crashrepairinfocom' is clicked on

2019-05-28 20:08:17 - [TEST_STEP][PASSED] - closeBrowser(): Browser is closed

2019-05-28 20:08:18 - [MESSAGE][PASSED] - Browser is closed]]></system-out>
         <system-err><![CDATA[]]></system-err>
      </testcase>
      <testcase name="Test Cases/GGMP/Sitemap/For Professionals/Cadillac Aluminum" classname="Test Cases/GGMP/Sitemap/For Professionals/Cadillac Aluminum" status="PASSED">
         <system-out><![CDATA[2019-05-28 20:08:18 - [TEST_CASE][PASSED] - Test Cases/GGMP/Sitemap/For Professionals/Cadillac Aluminum: Test Cases/GGMP/Sitemap/For Professionals/Cadillac Aluminum

2019-05-28 20:08:18 - [TEST_STEP][PASSED] - openBrowser(""): Browser is opened with url: ''

2019-05-28 20:08:18 - [MESSAGE][INFO] - Starting 'Chrome' driver

2019-05-28 20:08:23 - [MESSAGE][PASSED] - Browser is opened with url: ''

2019-05-28 20:08:23 - [TEST_STEP][PASSED] - maximizeWindow(): Current window maximized

2019-05-28 20:08:24 - [MESSAGE][PASSED] - Current window maximized

2019-05-28 20:08:24 - [TEST_STEP][PASSED] - navigateToUrl("https://www.genuinegmparts.com/"): Navigate to 'https://www.genuinegmparts.com/' successfully

2019-05-28 20:08:27 - [MESSAGE][PASSED] - Navigate to 'https://www.genuinegmparts.com/' successfully

2019-05-28 20:08:27 - [TEST_STEP][PASSED] - click(findTestObject("Object Repository/SiteMap/For Professionals/Cadillac Aluminum/a_Sitemap")): Object: 'Object Repository/SiteMap/For Professionals/Cadillac Aluminum/a_Sitemap' is clicked on

2019-05-28 20:08:27 - [MESSAGE][PASSED] - Object: 'Object Repository/SiteMap/For Professionals/Cadillac Aluminum/a_Sitemap' is clicked on

2019-05-28 20:08:27 - [TEST_STEP][PASSED] - click(findTestObject("Object Repository/SiteMap/For Professionals/Cadillac Aluminum/span_Cadillac Aluminum Repair Network")): Object: 'Object Repository/SiteMap/For Professionals/Cadillac Aluminum/span_Cadillac Aluminum Repair Network' is clicked on

2019-05-28 20:08:28 - [MESSAGE][PASSED] - Object: 'Object Repository/SiteMap/For Professionals/Cadillac Aluminum/span_Cadillac Aluminum Repair Network' is clicked on

2019-05-28 20:08:28 - [TEST_STEP][PASSED] - delay(3): Delayed 3 second(s)

2019-05-28 20:08:31 - [MESSAGE][PASSED] - Delayed 3 second(s)

2019-05-28 20:08:31 - [TEST_STEP][PASSED] - verifyElementText(findTestObject("SiteMap/For Professionals/Cadillac Aluminum/h1_Cadillac Aluminum Repair Network"), "Cadillac Aluminum Repair Network"): Actual text and expected text of test object 'Object Repository/SiteMap/For Professionals/Cadillac Aluminum/h1_Cadillac Aluminum Repair Network' are matched.

2019-05-28 20:08:31 - [MESSAGE][PASSED] - Actual text and expected text of test object 'Object Repository/SiteMap/For Professionals/Cadillac Aluminum/h1_Cadillac Aluminum Repair Network' are matched.

2019-05-28 20:08:31 - [TEST_STEP][PASSED] - closeBrowser(): Browser is closed

2019-05-28 20:08:32 - [MESSAGE][PASSED] - Browser is closed]]></system-out>
         <system-err><![CDATA[]]></system-err>
      </testcase>
      <testcase name="Test Cases/GGMP/Sitemap/For Professionals/Collision Repair Manuals" classname="Test Cases/GGMP/Sitemap/For Professionals/Collision Repair Manuals" status="PASSED">
         <system-out><![CDATA[2019-05-28 20:08:32 - [TEST_CASE][PASSED] - Test Cases/GGMP/Sitemap/For Professionals/Collision Repair Manuals: Test Cases/GGMP/Sitemap/For Professionals/Collision Repair Manuals

2019-05-28 20:08:32 - [TEST_STEP][PASSED] - openBrowser(""): Browser is opened with url: ''

2019-05-28 20:08:32 - [MESSAGE][INFO] - Starting 'Chrome' driver

2019-05-28 20:08:38 - [MESSAGE][PASSED] - Browser is opened with url: ''

2019-05-28 20:08:38 - [TEST_STEP][PASSED] - maximizeWindow(): Current window maximized

2019-05-28 20:08:39 - [MESSAGE][PASSED] - Current window maximized

2019-05-28 20:08:39 - [TEST_STEP][PASSED] - navigateToUrl("https://www.genuinegmparts.com/"): Navigate to 'https://www.genuinegmparts.com/' successfully

2019-05-28 20:08:42 - [MESSAGE][PASSED] - Navigate to 'https://www.genuinegmparts.com/' successfully

2019-05-28 20:08:42 - [TEST_STEP][PASSED] - click(findTestObject("SiteMap/For Professionals/Collision Repair Manuals/a_Sitemap")): Object: 'Object Repository/SiteMap/For Professionals/Collision Repair Manuals/a_Sitemap' is clicked on

2019-05-28 20:08:42 - [MESSAGE][PASSED] - Object: 'Object Repository/SiteMap/For Professionals/Collision Repair Manuals/a_Sitemap' is clicked on

2019-05-28 20:08:42 - [TEST_STEP][PASSED] - click(findTestObject("SiteMap/For Professionals/Collision Repair Manuals/span_Collision Repair Manuals")): Object: 'Object Repository/SiteMap/For Professionals/Collision Repair Manuals/span_Collision Repair Manuals' is clicked on

2019-05-28 20:08:43 - [MESSAGE][PASSED] - Object: 'Object Repository/SiteMap/For Professionals/Collision Repair Manuals/span_Collision Repair Manuals' is clicked on

2019-05-28 20:08:43 - [TEST_STEP][PASSED] - delay(3): Delayed 3 second(s)

2019-05-28 20:08:46 - [MESSAGE][PASSED] - Delayed 3 second(s)

2019-05-28 20:08:46 - [TEST_STEP][PASSED] - verifyElementText(findTestObject("SiteMap/For Professionals/Collision Repair Manuals/h1_Collision repair manuals for GM vehicles"), "Collision repair manuals for GM vehicles"): Actual text and expected text of test object 'Object Repository/SiteMap/For Professionals/Collision Repair Manuals/h1_Collision repair manuals for GM vehicles' are matched.

2019-05-28 20:08:46 - [MESSAGE][PASSED] - Actual text and expected text of test object 'Object Repository/SiteMap/For Professionals/Collision Repair Manuals/h1_Collision repair manuals for GM vehicles' are matched.

2019-05-28 20:08:46 - [TEST_STEP][PASSED] - closeBrowser(): Browser is closed

2019-05-28 20:08:47 - [MESSAGE][PASSED] - Browser is closed]]></system-out>
         <system-err><![CDATA[]]></system-err>
      </testcase>
      <testcase name="Test Cases/GGMP/Sitemap/For Professionals/Core Return Program" classname="Test Cases/GGMP/Sitemap/For Professionals/Core Return Program" status="PASSED">
         <system-out><![CDATA[2019-05-28 20:08:47 - [TEST_CASE][PASSED] - Test Cases/GGMP/Sitemap/For Professionals/Core Return Program: Test Cases/GGMP/Sitemap/For Professionals/Core Return Program

2019-05-28 20:08:47 - [TEST_STEP][PASSED] - openBrowser(""): Browser is opened with url: ''

2019-05-28 20:08:47 - [MESSAGE][INFO] - Starting 'Chrome' driver

2019-05-28 20:08:53 - [MESSAGE][PASSED] - Browser is opened with url: ''

2019-05-28 20:08:53 - [TEST_STEP][PASSED] - maximizeWindow(): Current window maximized

2019-05-28 20:08:54 - [MESSAGE][PASSED] - Current window maximized

2019-05-28 20:08:54 - [TEST_STEP][PASSED] - navigateToUrl("https://www.genuinegmparts.com/"): Navigate to 'https://www.genuinegmparts.com/' successfully

2019-05-28 20:08:57 - [MESSAGE][PASSED] - Navigate to 'https://www.genuinegmparts.com/' successfully

2019-05-28 20:08:57 - [TEST_STEP][PASSED] - click(findTestObject("Object Repository/SiteMap/For Professionals/Core Return Program/a_Sitemap")): Object: 'Object Repository/SiteMap/For Professionals/Core Return Program/a_Sitemap' is clicked on

2019-05-28 20:08:57 - [MESSAGE][PASSED] - Object: 'Object Repository/SiteMap/For Professionals/Core Return Program/a_Sitemap' is clicked on

2019-05-28 20:08:57 - [TEST_STEP][PASSED] - click(findTestObject("Object Repository/SiteMap/For Professionals/Core Return Program/span_Core Return Program")): Object: 'Object Repository/SiteMap/For Professionals/Core Return Program/span_Core Return Program' is clicked on

2019-05-28 20:08:58 - [MESSAGE][PASSED] - Object: 'Object Repository/SiteMap/For Professionals/Core Return Program/span_Core Return Program' is clicked on

2019-05-28 20:08:58 - [TEST_STEP][PASSED] - delay(3): Delayed 3 second(s)

2019-05-28 20:09:01 - [MESSAGE][PASSED] - Delayed 3 second(s)

2019-05-28 20:09:01 - [TEST_STEP][PASSED] - verifyElementText(findTestObject("SiteMap/For Professionals/Core Return Program/h1_GM Core Return Program"), "GM Core Return Program"): Actual text and expected text of test object 'Object Repository/SiteMap/For Professionals/Core Return Program/h1_GM Core Return Program' are matched.

2019-05-28 20:09:01 - [MESSAGE][PASSED] - Actual text and expected text of test object 'Object Repository/SiteMap/For Professionals/Core Return Program/h1_GM Core Return Program' are matched.

2019-05-28 20:09:01 - [TEST_STEP][PASSED] - closeBrowser(): Browser is closed

2019-05-28 20:09:02 - [MESSAGE][PASSED] - Browser is closed]]></system-out>
         <system-err><![CDATA[]]></system-err>
      </testcase>
      <testcase name="Test Cases/GGMP/Sitemap/For Professionals/Position Statements" classname="Test Cases/GGMP/Sitemap/For Professionals/Position Statements" status="PASSED">
         <system-out><![CDATA[2019-05-28 20:09:02 - [TEST_CASE][PASSED] - Test Cases/GGMP/Sitemap/For Professionals/Position Statements: Test Cases/GGMP/Sitemap/For Professionals/Position Statements

2019-05-28 20:09:02 - [TEST_STEP][PASSED] - openBrowser(""): Browser is opened with url: ''

2019-05-28 20:09:02 - [MESSAGE][INFO] - Starting 'Chrome' driver

2019-05-28 20:09:08 - [MESSAGE][PASSED] - Browser is opened with url: ''

2019-05-28 20:09:08 - [TEST_STEP][PASSED] - maximizeWindow(): Current window maximized

2019-05-28 20:09:09 - [MESSAGE][PASSED] - Current window maximized

2019-05-28 20:09:09 - [TEST_STEP][PASSED] - navigateToUrl("https://www.genuinegmparts.com/"): Navigate to 'https://www.genuinegmparts.com/' successfully

2019-05-28 20:09:12 - [MESSAGE][PASSED] - Navigate to 'https://www.genuinegmparts.com/' successfully

2019-05-28 20:09:12 - [TEST_STEP][PASSED] - click(findTestObject("Object Repository/SiteMap/For Professionals/Position Statement/a_Sitemap")): Object: 'Object Repository/SiteMap/For Professionals/Position Statement/a_Sitemap' is clicked on

2019-05-28 20:09:12 - [MESSAGE][PASSED] - Object: 'Object Repository/SiteMap/For Professionals/Position Statement/a_Sitemap' is clicked on

2019-05-28 20:09:12 - [TEST_STEP][PASSED] - click(findTestObject("Object Repository/SiteMap/For Professionals/Position Statement/span_Position Statements")): Object: 'Object Repository/SiteMap/For Professionals/Position Statement/span_Position Statements' is clicked on

2019-05-28 20:09:13 - [MESSAGE][PASSED] - Object: 'Object Repository/SiteMap/For Professionals/Position Statement/span_Position Statements' is clicked on

2019-05-28 20:09:13 - [TEST_STEP][PASSED] - delay(3): Delayed 3 second(s)

2019-05-28 20:09:16 - [MESSAGE][PASSED] - Delayed 3 second(s)

2019-05-28 20:09:16 - [TEST_STEP][PASSED] - verifyElementText(findTestObject("SiteMap/For Professionals/Position Statement/h1_Position statements"), "Position statements"): Actual text and expected text of test object 'Object Repository/SiteMap/For Professionals/Position Statement/h1_Position statements' are matched.

2019-05-28 20:09:16 - [MESSAGE][PASSED] - Actual text and expected text of test object 'Object Repository/SiteMap/For Professionals/Position Statement/h1_Position statements' are matched.

2019-05-28 20:09:16 - [TEST_STEP][PASSED] - closeBrowser(): Browser is closed

2019-05-28 20:09:17 - [MESSAGE][PASSED] - Browser is closed]]></system-out>
         <system-err><![CDATA[]]></system-err>
      </testcase>
      <testcase name="Test Cases/GGMP/Sitemap/For Professionals/Programs and Promotions" classname="Test Cases/GGMP/Sitemap/For Professionals/Programs and Promotions" status="PASSED">
         <system-out><![CDATA[2019-05-28 20:09:17 - [TEST_CASE][PASSED] - Test Cases/GGMP/Sitemap/For Professionals/Programs and Promotions: Test Cases/GGMP/Sitemap/For Professionals/Programs and Promotions

2019-05-28 20:09:17 - [TEST_STEP][PASSED] - openBrowser(""): Browser is opened with url: ''

2019-05-28 20:09:17 - [MESSAGE][INFO] - Starting 'Chrome' driver

2019-05-28 20:09:22 - [MESSAGE][PASSED] - Browser is opened with url: ''

2019-05-28 20:09:22 - [TEST_STEP][PASSED] - maximizeWindow(): Current window maximized

2019-05-28 20:09:23 - [MESSAGE][PASSED] - Current window maximized

2019-05-28 20:09:23 - [TEST_STEP][PASSED] - navigateToUrl("https://www.genuinegmparts.com/"): Navigate to 'https://www.genuinegmparts.com/' successfully

2019-05-28 20:09:26 - [MESSAGE][PASSED] - Navigate to 'https://www.genuinegmparts.com/' successfully

2019-05-28 20:09:26 - [TEST_STEP][PASSED] - click(findTestObject("Object Repository/SiteMap/For Professionals/Programs and Promotions/a_Sitemap")): Object: 'Object Repository/SiteMap/For Professionals/Programs and Promotions/a_Sitemap' is clicked on

2019-05-28 20:09:26 - [MESSAGE][PASSED] - Object: 'Object Repository/SiteMap/For Professionals/Programs and Promotions/a_Sitemap' is clicked on

2019-05-28 20:09:26 - [TEST_STEP][PASSED] - click(findTestObject("Object Repository/SiteMap/For Professionals/Programs and Promotions/span_Programs  Promotions")): Object: 'Object Repository/SiteMap/For Professionals/Programs and Promotions/span_Programs  Promotions' is clicked on

2019-05-28 20:09:27 - [MESSAGE][PASSED] - Object: 'Object Repository/SiteMap/For Professionals/Programs and Promotions/span_Programs  Promotions' is clicked on

2019-05-28 20:09:27 - [TEST_STEP][PASSED] - click(findTestObject("Object Repository/SiteMap/For Professionals/Programs and Promotions/a_concat(id(  ttpopclose1  ))_ttpopclose1")): Object: 'Object Repository/SiteMap/For Professionals/Programs and Promotions/a_concat(id(  ttpopclose1  ))_ttpopclose1' is clicked on

2019-05-28 20:09:32 - [MESSAGE][PASSED] - Object: 'Object Repository/SiteMap/For Professionals/Programs and Promotions/a_concat(id(  ttpopclose1  ))_ttpopclose1' is clicked on

2019-05-28 20:09:32 - [TEST_STEP][PASSED] - delay(2): Delayed 2 second(s)

2019-05-28 20:09:34 - [MESSAGE][PASSED] - Delayed 2 second(s)

2019-05-28 20:09:34 - [TEST_STEP][PASSED] - closeBrowser(): Browser is closed

2019-05-28 20:09:35 - [MESSAGE][PASSED] - Browser is closed]]></system-out>
         <system-err><![CDATA[]]></system-err>
      </testcase>
      <testcase name="Test Cases/GGMP/Sitemap/For Professionals/Technical Documents" classname="Test Cases/GGMP/Sitemap/For Professionals/Technical Documents" status="PASSED">
         <system-out><![CDATA[2019-05-28 20:09:35 - [TEST_CASE][PASSED] - Test Cases/GGMP/Sitemap/For Professionals/Technical Documents: Test Cases/GGMP/Sitemap/For Professionals/Technical Documents

2019-05-28 20:09:35 - [TEST_STEP][PASSED] - openBrowser(""): Browser is opened with url: ''

2019-05-28 20:09:35 - [MESSAGE][INFO] - Starting 'Chrome' driver

2019-05-28 20:09:40 - [MESSAGE][PASSED] - Browser is opened with url: ''

2019-05-28 20:09:40 - [TEST_STEP][PASSED] - maximizeWindow(): Current window maximized

2019-05-28 20:09:41 - [MESSAGE][PASSED] - Current window maximized

2019-05-28 20:09:41 - [TEST_STEP][PASSED] - navigateToUrl("https://www.genuinegmparts.com/"): Navigate to 'https://www.genuinegmparts.com/' successfully

2019-05-28 20:09:45 - [MESSAGE][PASSED] - Navigate to 'https://www.genuinegmparts.com/' successfully

2019-05-28 20:09:45 - [TEST_STEP][PASSED] - click(findTestObject("Object Repository/SiteMap/For Professionals/Technical Documents/a_Sitemap")): Object: 'Object Repository/SiteMap/For Professionals/Technical Documents/a_Sitemap' is clicked on

2019-05-28 20:09:45 - [MESSAGE][PASSED] - Object: 'Object Repository/SiteMap/For Professionals/Technical Documents/a_Sitemap' is clicked on

2019-05-28 20:09:45 - [TEST_STEP][PASSED] - click(findTestObject("Object Repository/SiteMap/For Professionals/Technical Documents/span_Technical Documents")): Object: 'Object Repository/SiteMap/For Professionals/Technical Documents/span_Technical Documents' is clicked on

2019-05-28 20:09:46 - [MESSAGE][PASSED] - Object: 'Object Repository/SiteMap/For Professionals/Technical Documents/span_Technical Documents' is clicked on

2019-05-28 20:09:46 - [TEST_STEP][PASSED] - delay(2): Delayed 2 second(s)

2019-05-28 20:09:48 - [MESSAGE][PASSED] - Delayed 2 second(s)

2019-05-28 20:09:48 - [TEST_STEP][PASSED] - verifyElementText(findTestObject("SiteMap/For Professionals/Technical Documents/h1_Technical documents"), "Technical documents"): Actual text and expected text of test object 'Object Repository/SiteMap/For Professionals/Technical Documents/h1_Technical documents' are matched.

2019-05-28 20:09:48 - [MESSAGE][PASSED] - Actual text and expected text of test object 'Object Repository/SiteMap/For Professionals/Technical Documents/h1_Technical documents' are matched.

2019-05-28 20:09:48 - [TEST_STEP][PASSED] - closeBrowser(): Browser is closed

2019-05-28 20:09:49 - [MESSAGE][PASSED] - Browser is closed]]></system-out>
         <system-err><![CDATA[]]></system-err>
      </testcase>
      <testcase name="Test Cases/GGMP/Sitemap/For Professionals/Touch-Up Paint" classname="Test Cases/GGMP/Sitemap/For Professionals/Touch-Up Paint" status="PASSED">
         <system-out><![CDATA[2019-05-28 20:09:49 - [TEST_CASE][PASSED] - Test Cases/GGMP/Sitemap/For Professionals/Touch-Up Paint: Test Cases/GGMP/Sitemap/For Professionals/Touch-Up Paint

2019-05-28 20:09:49 - [TEST_STEP][PASSED] - openBrowser(""): Browser is opened with url: ''

2019-05-28 20:09:49 - [MESSAGE][INFO] - Starting 'Chrome' driver

2019-05-28 20:09:54 - [MESSAGE][PASSED] - Browser is opened with url: ''

2019-05-28 20:09:54 - [TEST_STEP][PASSED] - maximizeWindow(): Current window maximized

2019-05-28 20:09:56 - [MESSAGE][PASSED] - Current window maximized

2019-05-28 20:09:56 - [TEST_STEP][PASSED] - navigateToUrl("https://www.genuinegmparts.com/"): Navigate to 'https://www.genuinegmparts.com/' successfully

2019-05-28 20:09:58 - [MESSAGE][PASSED] - Navigate to 'https://www.genuinegmparts.com/' successfully

2019-05-28 20:09:58 - [TEST_STEP][PASSED] - click(findTestObject("Object Repository/SiteMap/For Professionals/Touch-Up Paint/a_Sitemap")): Object: 'Object Repository/SiteMap/For Professionals/Touch-Up Paint/a_Sitemap' is clicked on

2019-05-28 20:09:58 - [MESSAGE][PASSED] - Object: 'Object Repository/SiteMap/For Professionals/Touch-Up Paint/a_Sitemap' is clicked on

2019-05-28 20:09:58 - [TEST_STEP][PASSED] - click(findTestObject("Object Repository/SiteMap/For Professionals/Touch-Up Paint/span_Touch-Up Paint")): Object: 'Object Repository/SiteMap/For Professionals/Touch-Up Paint/span_Touch-Up Paint' is clicked on

2019-05-28 20:09:59 - [MESSAGE][PASSED] - Object: 'Object Repository/SiteMap/For Professionals/Touch-Up Paint/span_Touch-Up Paint' is clicked on

2019-05-28 20:09:59 - [TEST_STEP][PASSED] - delay(3): Delayed 3 second(s)

2019-05-28 20:10:02 - [MESSAGE][PASSED] - Delayed 3 second(s)

2019-05-28 20:10:02 - [TEST_STEP][PASSED] - click(findTestObject("Object Repository/SiteMap/For Professionals/Touch-Up Paint/a_Downloadable Guides")): Object: 'Object Repository/SiteMap/For Professionals/Touch-Up Paint/a_Downloadable Guides' is clicked on

2019-05-28 20:10:03 - [MESSAGE][PASSED] - Object: 'Object Repository/SiteMap/For Professionals/Touch-Up Paint/a_Downloadable Guides' is clicked on

2019-05-28 20:10:03 - [TEST_STEP][PASSED] - click(findTestObject("Object Repository/SiteMap/For Professionals/Touch-Up Paint/span_2018 GM Refinish Materials - GMW-15406-2017")): Object: 'Object Repository/SiteMap/For Professionals/Touch-Up Paint/span_2018 GM Refinish Materials - GMW-15406-2017' is clicked on

2019-05-28 20:10:03 - [MESSAGE][PASSED] - Object: 'Object Repository/SiteMap/For Professionals/Touch-Up Paint/span_2018 GM Refinish Materials - GMW-15406-2017' is clicked on

2019-05-28 20:10:03 - [TEST_STEP][PASSED] - closeBrowser(): Browser is closed

2019-05-28 20:10:04 - [MESSAGE][PASSED] - Browser is closed]]></system-out>
         <system-err><![CDATA[]]></system-err>
      </testcase>
      <testcase name="Test Cases/GGMP/Sitemap/LAD/Advanced Search" classname="Test Cases/GGMP/Sitemap/LAD/Advanced Search" status="PASSED">
         <system-out><![CDATA[2019-05-28 20:10:04 - [TEST_CASE][PASSED] - Test Cases/GGMP/Sitemap/LAD/Advanced Search: Test Cases/GGMP/Sitemap/LAD/Advanced Search

2019-05-28 20:10:04 - [TEST_STEP][PASSED] - openBrowser(""): Browser is opened with url: ''

2019-05-28 20:10:04 - [MESSAGE][INFO] - Starting 'Chrome' driver

2019-05-28 20:10:09 - [MESSAGE][PASSED] - Browser is opened with url: ''

2019-05-28 20:10:09 - [TEST_STEP][PASSED] - maximizeWindow(): Current window maximized

2019-05-28 20:10:10 - [MESSAGE][PASSED] - Current window maximized

2019-05-28 20:10:10 - [TEST_STEP][PASSED] - navigateToUrl("https://www.genuinegmparts.com/"): Navigate to 'https://www.genuinegmparts.com/' successfully

2019-05-28 20:10:13 - [MESSAGE][PASSED] - Navigate to 'https://www.genuinegmparts.com/' successfully

2019-05-28 20:10:13 - [TEST_STEP][PASSED] - click(findTestObject("Object Repository/SiteMap/LAD/Advanced Search/a_Sitemap")): Object: 'Object Repository/SiteMap/LAD/Advanced Search/a_Sitemap' is clicked on

2019-05-28 20:10:13 - [MESSAGE][PASSED] - Object: 'Object Repository/SiteMap/LAD/Advanced Search/a_Sitemap' is clicked on

2019-05-28 20:10:13 - [TEST_STEP][PASSED] - click(findTestObject("Object Repository/SiteMap/LAD/Advanced Search/span_Advanced Search")): Object: 'Object Repository/SiteMap/LAD/Advanced Search/span_Advanced Search' is clicked on

2019-05-28 20:10:14 - [MESSAGE][PASSED] - Object: 'Object Repository/SiteMap/LAD/Advanced Search/span_Advanced Search' is clicked on

2019-05-28 20:10:14 - [TEST_STEP][PASSED] - delay(5): Delayed 5 second(s)

2019-05-28 20:10:19 - [MESSAGE][PASSED] - Delayed 5 second(s)

2019-05-28 20:10:19 - [TEST_STEP][PASSED] - verifyElementText(findTestObject("SiteMap/LAD/Advanced Search/h1_Locate a Genuine GM Parts dealer"), "Locate a Genuine GM Parts dealer"): Actual text and expected text of test object 'Object Repository/SiteMap/LAD/Advanced Search/h1_Locate a Genuine GM Parts dealer' are matched.

2019-05-28 20:10:20 - [MESSAGE][PASSED] - Actual text and expected text of test object 'Object Repository/SiteMap/LAD/Advanced Search/h1_Locate a Genuine GM Parts dealer' are matched.

2019-05-28 20:10:20 - [TEST_STEP][PASSED] - closeBrowser(): Browser is closed

2019-05-28 20:10:21 - [MESSAGE][PASSED] - Browser is closed]]></system-out>
         <system-err><![CDATA[]]></system-err>
      </testcase>
      <testcase name="Test Cases/GGMP/Sitemap/Powertrain/Engine COmponents" classname="Test Cases/GGMP/Sitemap/Powertrain/Engine COmponents" status="PASSED">
         <system-out><![CDATA[2019-05-28 20:10:21 - [TEST_CASE][PASSED] - Test Cases/GGMP/Sitemap/Powertrain/Engine COmponents: Test Cases/GGMP/Sitemap/Powertrain/Engine COmponents

2019-05-28 20:10:21 - [TEST_STEP][PASSED] - openBrowser(""): Browser is opened with url: ''

2019-05-28 20:10:21 - [MESSAGE][INFO] - Starting 'Chrome' driver

2019-05-28 20:10:26 - [MESSAGE][PASSED] - Browser is opened with url: ''

2019-05-28 20:10:26 - [TEST_STEP][PASSED] - maximizeWindow(): Current window maximized

2019-05-28 20:10:28 - [MESSAGE][PASSED] - Current window maximized

2019-05-28 20:10:28 - [TEST_STEP][PASSED] - navigateToUrl("https://www.genuinegmparts.com/"): Navigate to 'https://www.genuinegmparts.com/' successfully

2019-05-28 20:10:31 - [MESSAGE][PASSED] - Navigate to 'https://www.genuinegmparts.com/' successfully

2019-05-28 20:10:31 - [TEST_STEP][PASSED] - click(findTestObject("Object Repository/SiteMap/Powertrain/Engine Components/a_Sitemap")): Object: 'Object Repository/SiteMap/Powertrain/Engine Components/a_Sitemap' is clicked on

2019-05-28 20:10:31 - [MESSAGE][PASSED] - Object: 'Object Repository/SiteMap/Powertrain/Engine Components/a_Sitemap' is clicked on

2019-05-28 20:10:31 - [TEST_STEP][PASSED] - click(findTestObject("Object Repository/SiteMap/Powertrain/Engine Components/span_Engine Components")): Object: 'Object Repository/SiteMap/Powertrain/Engine Components/span_Engine Components' is clicked on

2019-05-28 20:10:32 - [MESSAGE][PASSED] - Object: 'Object Repository/SiteMap/Powertrain/Engine Components/span_Engine Components' is clicked on

2019-05-28 20:10:32 - [TEST_STEP][PASSED] - delay(5): Delayed 5 second(s)

2019-05-28 20:10:37 - [MESSAGE][PASSED] - Delayed 5 second(s)

2019-05-28 20:10:37 - [TEST_STEP][PASSED] - verifyElementText(findTestObject("Object Repository/SiteMap/Powertrain/Engine Components/h1_Keep putting power down with Genuine GM Parts"), "Keep putting power down with Genuine GM Parts", CONTINUE_ON_FAILURE): Actual text and expected text of test object 'Object Repository/SiteMap/Powertrain/Engine Components/h1_Keep putting power down with Genuine GM Parts' are matched.

2019-05-28 20:10:37 - [MESSAGE][PASSED] - Actual text and expected text of test object 'Object Repository/SiteMap/Powertrain/Engine Components/h1_Keep putting power down with Genuine GM Parts' are matched.

2019-05-28 20:10:37 - [TEST_STEP][PASSED] - click(findTestObject("Object Repository/SiteMap/Powertrain/Engine Components/span_CAMSHAFT PHASERS")): Object: 'Object Repository/SiteMap/Powertrain/Engine Components/span_CAMSHAFT PHASERS' is clicked on

2019-05-28 20:10:37 - [MESSAGE][PASSED] - Object: 'Object Repository/SiteMap/Powertrain/Engine Components/span_CAMSHAFT PHASERS' is clicked on

2019-05-28 20:10:37 - [TEST_STEP][PASSED] - closeBrowser(): Browser is closed

2019-05-28 20:10:38 - [MESSAGE][PASSED] - Browser is closed]]></system-out>
         <system-err><![CDATA[]]></system-err>
      </testcase>
      <testcase name="Test Cases/GGMP/Sitemap/Powertrain/Engines" classname="Test Cases/GGMP/Sitemap/Powertrain/Engines" status="PASSED">
         <system-out><![CDATA[2019-05-28 20:10:38 - [TEST_CASE][PASSED] - Test Cases/GGMP/Sitemap/Powertrain/Engines: Test Cases/GGMP/Sitemap/Powertrain/Engines

2019-05-28 20:10:38 - [TEST_STEP][PASSED] - openBrowser(""): Browser is opened with url: ''

2019-05-28 20:10:38 - [MESSAGE][INFO] - Starting 'Chrome' driver

2019-05-28 20:10:44 - [MESSAGE][PASSED] - Browser is opened with url: ''

2019-05-28 20:10:44 - [TEST_STEP][PASSED] - maximizeWindow(): Current window maximized

2019-05-28 20:10:45 - [MESSAGE][PASSED] - Current window maximized

2019-05-28 20:10:45 - [TEST_STEP][PASSED] - navigateToUrl("https://www.genuinegmparts.com/"): Navigate to 'https://www.genuinegmparts.com/' successfully

2019-05-28 20:10:48 - [MESSAGE][PASSED] - Navigate to 'https://www.genuinegmparts.com/' successfully

2019-05-28 20:10:48 - [TEST_STEP][PASSED] - click(findTestObject("Object Repository/SiteMap/Powertrain/Engines/a_Sitemap")): Object: 'Object Repository/SiteMap/Powertrain/Engines/a_Sitemap' is clicked on

2019-05-28 20:10:48 - [MESSAGE][PASSED] - Object: 'Object Repository/SiteMap/Powertrain/Engines/a_Sitemap' is clicked on

2019-05-28 20:10:48 - [TEST_STEP][PASSED] - click(findTestObject("Object Repository/SiteMap/Powertrain/Engines/span_Engines")): Object: 'Object Repository/SiteMap/Powertrain/Engines/span_Engines' is clicked on

2019-05-28 20:10:49 - [MESSAGE][PASSED] - Object: 'Object Repository/SiteMap/Powertrain/Engines/span_Engines' is clicked on

2019-05-28 20:10:49 - [TEST_STEP][PASSED] - delay(5): Delayed 5 second(s)

2019-05-28 20:10:54 - [MESSAGE][PASSED] - Delayed 5 second(s)

2019-05-28 20:10:54 - [TEST_STEP][PASSED] - click(findTestObject("Object Repository/SiteMap/Powertrain/Engines/button_GO TO ECATALOG")): Object: 'Object Repository/SiteMap/Powertrain/Engines/button_GO TO ECATALOG' is clicked on

2019-05-28 20:10:55 - [MESSAGE][PASSED] - Object: 'Object Repository/SiteMap/Powertrain/Engines/button_GO TO ECATALOG' is clicked on

2019-05-28 20:10:55 - [TEST_STEP][PASSED] - closeBrowser(): Browser is closed

2019-05-28 20:10:56 - [MESSAGE][PASSED] - Browser is closed]]></system-out>
         <system-err><![CDATA[]]></system-err>
      </testcase>
      <testcase name="Test Cases/GGMP/Sitemap/Powertrain/Powetrain Parts" classname="Test Cases/GGMP/Sitemap/Powertrain/Powetrain Parts" status="PASSED">
         <system-out><![CDATA[2019-05-28 20:10:56 - [TEST_CASE][PASSED] - Test Cases/GGMP/Sitemap/Powertrain/Powetrain Parts: Test Cases/GGMP/Sitemap/Powertrain/Powetrain Parts

2019-05-28 20:10:56 - [TEST_STEP][PASSED] - openBrowser(""): Browser is opened with url: ''

2019-05-28 20:10:56 - [MESSAGE][INFO] - Starting 'Chrome' driver

2019-05-28 20:11:01 - [MESSAGE][PASSED] - Browser is opened with url: ''

2019-05-28 20:11:01 - [TEST_STEP][PASSED] - maximizeWindow(): Current window maximized

2019-05-28 20:11:02 - [MESSAGE][PASSED] - Current window maximized

2019-05-28 20:11:02 - [TEST_STEP][PASSED] - navigateToUrl("https://www.genuinegmparts.com/"): Navigate to 'https://www.genuinegmparts.com/' successfully

2019-05-28 20:11:06 - [MESSAGE][PASSED] - Navigate to 'https://www.genuinegmparts.com/' successfully

2019-05-28 20:11:06 - [TEST_STEP][PASSED] - click(findTestObject("Object Repository/SiteMap/Powertrain/Powertrain Parts/a_Sitemap")): Object: 'Object Repository/SiteMap/Powertrain/Powertrain Parts/a_Sitemap' is clicked on

2019-05-28 20:11:06 - [MESSAGE][PASSED] - Object: 'Object Repository/SiteMap/Powertrain/Powertrain Parts/a_Sitemap' is clicked on

2019-05-28 20:11:06 - [TEST_STEP][PASSED] - click(findTestObject("Object Repository/SiteMap/Powertrain/Powertrain Parts/span_Powertrain Parts")): Object: 'Object Repository/SiteMap/Powertrain/Powertrain Parts/span_Powertrain Parts' is clicked on

2019-05-28 20:11:07 - [MESSAGE][PASSED] - Object: 'Object Repository/SiteMap/Powertrain/Powertrain Parts/span_Powertrain Parts' is clicked on

2019-05-28 20:11:07 - [TEST_STEP][PASSED] - click(findTestObject("Object Repository/SiteMap/Powertrain/Powertrain Parts/span_Engines")): Object: 'Object Repository/SiteMap/Powertrain/Powertrain Parts/span_Engines' is clicked on

2019-05-28 20:11:09 - [MESSAGE][PASSED] - Object: 'Object Repository/SiteMap/Powertrain/Powertrain Parts/span_Engines' is clicked on

2019-05-28 20:11:09 - [TEST_STEP][PASSED] - closeBrowser(): Browser is closed

2019-05-28 20:11:10 - [MESSAGE][PASSED] - Browser is closed]]></system-out>
         <system-err><![CDATA[]]></system-err>
      </testcase>
      <testcase name="Test Cases/GGMP/Sitemap/Powertrain/Transmission Components" classname="Test Cases/GGMP/Sitemap/Powertrain/Transmission Components" status="PASSED">
         <system-out><![CDATA[2019-05-28 20:11:10 - [TEST_CASE][PASSED] - Test Cases/GGMP/Sitemap/Powertrain/Transmission Components: Test Cases/GGMP/Sitemap/Powertrain/Transmission Components

2019-05-28 20:11:10 - [TEST_STEP][PASSED] - openBrowser(""): Browser is opened with url: ''

2019-05-28 20:11:10 - [MESSAGE][INFO] - Starting 'Chrome' driver

2019-05-28 20:11:16 - [MESSAGE][PASSED] - Browser is opened with url: ''

2019-05-28 20:11:16 - [TEST_STEP][PASSED] - maximizeWindow(): Current window maximized

2019-05-28 20:11:17 - [MESSAGE][PASSED] - Current window maximized

2019-05-28 20:11:17 - [TEST_STEP][PASSED] - navigateToUrl("https://www.genuinegmparts.com/"): Navigate to 'https://www.genuinegmparts.com/' successfully

2019-05-28 20:11:21 - [MESSAGE][PASSED] - Navigate to 'https://www.genuinegmparts.com/' successfully

2019-05-28 20:11:21 - [TEST_STEP][PASSED] - click(findTestObject("Object Repository/SiteMap/Powertrain/Transmission Componets/a_Sitemap")): Object: 'Object Repository/SiteMap/Powertrain/Transmission Componets/a_Sitemap' is clicked on

2019-05-28 20:11:21 - [MESSAGE][PASSED] - Object: 'Object Repository/SiteMap/Powertrain/Transmission Componets/a_Sitemap' is clicked on

2019-05-28 20:11:21 - [TEST_STEP][PASSED] - click(findTestObject("Object Repository/SiteMap/Powertrain/Transmission Componets/span_Transmission Components")): Object: 'Object Repository/SiteMap/Powertrain/Transmission Componets/span_Transmission Components' is clicked on

2019-05-28 20:11:22 - [MESSAGE][PASSED] - Object: 'Object Repository/SiteMap/Powertrain/Transmission Componets/span_Transmission Components' is clicked on

2019-05-28 20:11:22 - [TEST_STEP][PASSED] - click(findTestObject("Object Repository/SiteMap/Powertrain/Transmission Componets/span_GASKET SET")): Object: 'Object Repository/SiteMap/Powertrain/Transmission Componets/span_GASKET SET' is clicked on

2019-05-28 20:11:24 - [MESSAGE][PASSED] - Object: 'Object Repository/SiteMap/Powertrain/Transmission Componets/span_GASKET SET' is clicked on

2019-05-28 20:11:24 - [TEST_STEP][PASSED] - closeBrowser(): Browser is closed

2019-05-28 20:11:25 - [MESSAGE][PASSED] - Browser is closed]]></system-out>
         <system-err><![CDATA[]]></system-err>
      </testcase>
      <testcase name="Test Cases/GGMP/Sitemap/Powertrain/Transmission Tranfer Cases" classname="Test Cases/GGMP/Sitemap/Powertrain/Transmission Tranfer Cases" status="PASSED">
         <system-out><![CDATA[2019-05-28 20:11:25 - [TEST_CASE][PASSED] - Test Cases/GGMP/Sitemap/Powertrain/Transmission Tranfer Cases: Test Cases/GGMP/Sitemap/Powertrain/Transmission Tranfer Cases

2019-05-28 20:11:25 - [TEST_STEP][PASSED] - openBrowser(""): Browser is opened with url: ''

2019-05-28 20:11:25 - [MESSAGE][INFO] - Starting 'Chrome' driver

2019-05-28 20:11:30 - [MESSAGE][PASSED] - Browser is opened with url: ''

2019-05-28 20:11:30 - [TEST_STEP][PASSED] - maximizeWindow(): Current window maximized

2019-05-28 20:11:31 - [MESSAGE][PASSED] - Current window maximized

2019-05-28 20:11:31 - [TEST_STEP][PASSED] - navigateToUrl("https://www.genuinegmparts.com/"): Navigate to 'https://www.genuinegmparts.com/' successfully

2019-05-28 20:11:34 - [MESSAGE][PASSED] - Navigate to 'https://www.genuinegmparts.com/' successfully

2019-05-28 20:11:34 - [TEST_STEP][PASSED] - click(findTestObject("Object Repository/SiteMap/Powertrain/Transmission Transfer Cases/a_Sitemap")): Object: 'Object Repository/SiteMap/Powertrain/Transmission Transfer Cases/a_Sitemap' is clicked on

2019-05-28 20:11:34 - [MESSAGE][PASSED] - Object: 'Object Repository/SiteMap/Powertrain/Transmission Transfer Cases/a_Sitemap' is clicked on

2019-05-28 20:11:34 - [TEST_STEP][PASSED] - click(findTestObject("Object Repository/SiteMap/Powertrain/Transmission Transfer Cases/span_Transmissions  Transfer Cases")): Object: 'Object Repository/SiteMap/Powertrain/Transmission Transfer Cases/span_Transmissions  Transfer Cases' is clicked on

2019-05-28 20:11:35 - [MESSAGE][PASSED] - Object: 'Object Repository/SiteMap/Powertrain/Transmission Transfer Cases/span_Transmissions  Transfer Cases' is clicked on

2019-05-28 20:11:35 - [TEST_STEP][PASSED] - delay(5): Delayed 5 second(s)

2019-05-28 20:11:40 - [MESSAGE][PASSED] - Delayed 5 second(s)

2019-05-28 20:11:40 - [TEST_STEP][PASSED] - click(findTestObject("Object Repository/SiteMap/Powertrain/Transmission Transfer Cases/button_GO TO ECATALOG")): Object: 'Object Repository/SiteMap/Powertrain/Transmission Transfer Cases/button_GO TO ECATALOG' is clicked on

2019-05-28 20:11:40 - [MESSAGE][PASSED] - Object: 'Object Repository/SiteMap/Powertrain/Transmission Transfer Cases/button_GO TO ECATALOG' is clicked on

2019-05-28 20:11:40 - [TEST_STEP][PASSED] - closeBrowser(): Browser is closed

2019-05-28 20:11:41 - [MESSAGE][PASSED] - Browser is closed]]></system-out>
         <system-err><![CDATA[]]></system-err>
      </testcase>
      <testcase name="Test Cases/GGMP/Sitemap/Programs and Promotions/Rabtes and Promos" classname="Test Cases/GGMP/Sitemap/Programs and Promotions/Rabtes and Promos" status="PASSED">
         <system-out><![CDATA[2019-05-28 20:11:41 - [TEST_CASE][PASSED] - Test Cases/GGMP/Sitemap/Programs and Promotions/Rabtes and Promos: Test Cases/GGMP/Sitemap/Programs and Promotions/Rabtes and Promos

2019-05-28 20:11:41 - [TEST_STEP][PASSED] - openBrowser(""): Browser is opened with url: ''

2019-05-28 20:11:41 - [MESSAGE][INFO] - Starting 'Chrome' driver

2019-05-28 20:11:47 - [MESSAGE][PASSED] - Browser is opened with url: ''

2019-05-28 20:11:47 - [TEST_STEP][PASSED] - maximizeWindow(): Current window maximized

2019-05-28 20:11:48 - [MESSAGE][PASSED] - Current window maximized

2019-05-28 20:11:48 - [TEST_STEP][PASSED] - navigateToUrl("https://www.genuinegmparts.com/"): Navigate to 'https://www.genuinegmparts.com/' successfully

2019-05-28 20:11:51 - [MESSAGE][PASSED] - Navigate to 'https://www.genuinegmparts.com/' successfully

2019-05-28 20:11:51 - [TEST_STEP][PASSED] - click(findTestObject("Object Repository/SiteMap/Programs and Promotions/Rebates and Promos/a_Sitemap")): Object: 'Object Repository/SiteMap/Programs and Promotions/Rebates and Promos/a_Sitemap' is clicked on

2019-05-28 20:11:51 - [MESSAGE][PASSED] - Object: 'Object Repository/SiteMap/Programs and Promotions/Rebates and Promos/a_Sitemap' is clicked on

2019-05-28 20:11:51 - [TEST_STEP][PASSED] - click(findTestObject("Object Repository/SiteMap/Programs and Promotions/Rebates and Promos/span_Rebates  Promos")): Object: 'Object Repository/SiteMap/Programs and Promotions/Rebates and Promos/span_Rebates  Promos' is clicked on

2019-05-28 20:11:52 - [MESSAGE][PASSED] - Object: 'Object Repository/SiteMap/Programs and Promotions/Rebates and Promos/span_Rebates  Promos' is clicked on

2019-05-28 20:11:52 - [TEST_STEP][PASSED] - delay(5): Delayed 5 second(s)

2019-05-28 20:11:57 - [MESSAGE][PASSED] - Delayed 5 second(s)

2019-05-28 20:11:57 - [TEST_STEP][PASSED] - verifyElementText(findTestObject("SiteMap/Programs and Promotions/Rebates and Promos/h1_Get the Genuine GM Parts you need"), "Get the Genuine GM Parts you need"): Actual text and expected text of test object 'Object Repository/SiteMap/Programs and Promotions/Rebates and Promos/h1_Get the Genuine GM Parts you need' are matched.

2019-05-28 20:11:57 - [MESSAGE][PASSED] - Actual text and expected text of test object 'Object Repository/SiteMap/Programs and Promotions/Rebates and Promos/h1_Get the Genuine GM Parts you need' are matched.

2019-05-28 20:11:57 - [TEST_STEP][PASSED] - closeBrowser(): Browser is closed

2019-05-28 20:11:58 - [MESSAGE][PASSED] - Browser is closed]]></system-out>
         <system-err><![CDATA[]]></system-err>
      </testcase>
      <testcase name="Test Cases/GGMP/Sitemap/Resources/Product Registration" classname="Test Cases/GGMP/Sitemap/Resources/Product Registration" status="PASSED">
         <system-out><![CDATA[2019-05-28 20:11:58 - [TEST_CASE][PASSED] - Test Cases/GGMP/Sitemap/Resources/Product Registration: Test Cases/GGMP/Sitemap/Resources/Product Registration

2019-05-28 20:11:58 - [TEST_STEP][PASSED] - openBrowser(""): Browser is opened with url: ''

2019-05-28 20:11:58 - [MESSAGE][INFO] - Starting 'Chrome' driver

2019-05-28 20:12:03 - [MESSAGE][PASSED] - Browser is opened with url: ''

2019-05-28 20:12:03 - [TEST_STEP][PASSED] - maximizeWindow(): Current window maximized

2019-05-28 20:12:04 - [MESSAGE][PASSED] - Current window maximized

2019-05-28 20:12:04 - [TEST_STEP][PASSED] - navigateToUrl("https://www.genuinegmparts.com/"): Navigate to 'https://www.genuinegmparts.com/' successfully

2019-05-28 20:12:08 - [MESSAGE][PASSED] - Navigate to 'https://www.genuinegmparts.com/' successfully

2019-05-28 20:12:08 - [TEST_STEP][PASSED] - click(findTestObject("Object Repository/SiteMap/Resources/Product Registration/a_Sitemap")): Object: 'Object Repository/SiteMap/Resources/Product Registration/a_Sitemap' is clicked on

2019-05-28 20:12:08 - [MESSAGE][PASSED] - Object: 'Object Repository/SiteMap/Resources/Product Registration/a_Sitemap' is clicked on

2019-05-28 20:12:08 - [TEST_STEP][PASSED] - click(findTestObject("Object Repository/SiteMap/Resources/Product Registration/span_Product Registration")): Object: 'Object Repository/SiteMap/Resources/Product Registration/span_Product Registration' is clicked on

2019-05-28 20:12:09 - [MESSAGE][PASSED] - Object: 'Object Repository/SiteMap/Resources/Product Registration/span_Product Registration' is clicked on

2019-05-28 20:12:09 - [TEST_STEP][PASSED] - delay(3): Delayed 3 second(s)

2019-05-28 20:12:12 - [MESSAGE][PASSED] - Delayed 3 second(s)

2019-05-28 20:12:12 - [TEST_STEP][PASSED] - verifyElementText(findTestObject("SiteMap/Resources/Product Registration/h1_Product Registration"), "Product Registration"): Actual text and expected text of test object 'Object Repository/SiteMap/Resources/Product Registration/h1_Product Registration' are matched.

2019-05-28 20:12:13 - [MESSAGE][PASSED] - Actual text and expected text of test object 'Object Repository/SiteMap/Resources/Product Registration/h1_Product Registration' are matched.

2019-05-28 20:12:13 - [TEST_STEP][PASSED] - closeBrowser(): Browser is closed

2019-05-28 20:12:13 - [MESSAGE][PASSED] - Browser is closed]]></system-out>
         <system-err><![CDATA[]]></system-err>
      </testcase>
      <testcase name="Test Cases/GGMP/Sitemap/Resources/Related Links" classname="Test Cases/GGMP/Sitemap/Resources/Related Links" status="PASSED">
         <system-out><![CDATA[2019-05-28 20:12:13 - [TEST_CASE][PASSED] - Test Cases/GGMP/Sitemap/Resources/Related Links: Test Cases/GGMP/Sitemap/Resources/Related Links

2019-05-28 20:12:14 - [TEST_STEP][PASSED] - openBrowser(""): Browser is opened with url: ''

2019-05-28 20:12:14 - [MESSAGE][INFO] - Starting 'Chrome' driver

2019-05-28 20:12:19 - [MESSAGE][PASSED] - Browser is opened with url: ''

2019-05-28 20:12:19 - [TEST_STEP][PASSED] - maximizeWindow(): Current window maximized

2019-05-28 20:12:20 - [MESSAGE][PASSED] - Current window maximized

2019-05-28 20:12:20 - [TEST_STEP][PASSED] - navigateToUrl("https://www.genuinegmparts.com/"): Navigate to 'https://www.genuinegmparts.com/' successfully

2019-05-28 20:12:24 - [MESSAGE][PASSED] - Navigate to 'https://www.genuinegmparts.com/' successfully

2019-05-28 20:12:24 - [TEST_STEP][PASSED] - click(findTestObject("Object Repository/SiteMap/Resources/Related Links/a_Sitemap")): Object: 'Object Repository/SiteMap/Resources/Related Links/a_Sitemap' is clicked on

2019-05-28 20:12:24 - [MESSAGE][PASSED] - Object: 'Object Repository/SiteMap/Resources/Related Links/a_Sitemap' is clicked on

2019-05-28 20:12:24 - [TEST_STEP][PASSED] - click(findTestObject("Object Repository/SiteMap/Resources/Related Links/span_Related Links")): Object: 'Object Repository/SiteMap/Resources/Related Links/span_Related Links' is clicked on

2019-05-28 20:12:25 - [MESSAGE][PASSED] - Object: 'Object Repository/SiteMap/Resources/Related Links/span_Related Links' is clicked on

2019-05-28 20:12:25 - [TEST_STEP][PASSED] - delay(3): Delayed 3 second(s)

2019-05-28 20:12:28 - [MESSAGE][PASSED] - Delayed 3 second(s)

2019-05-28 20:12:28 - [TEST_STEP][PASSED] - verifyElementText(findTestObject("SiteMap/Resources/Related Links/h1_Related links"), "Related links"): Actual text and expected text of test object 'Object Repository/SiteMap/Resources/Related Links/h1_Related links' are matched.

2019-05-28 20:12:28 - [MESSAGE][PASSED] - Actual text and expected text of test object 'Object Repository/SiteMap/Resources/Related Links/h1_Related links' are matched.

2019-05-28 20:12:28 - [TEST_STEP][PASSED] - closeBrowser(): Browser is closed

2019-05-28 20:12:29 - [MESSAGE][PASSED] - Browser is closed]]></system-out>
         <system-err><![CDATA[]]></system-err>
      </testcase>
      <testcase name="Test Cases/GGMP/Sitemap/Resources/VIN Information" classname="Test Cases/GGMP/Sitemap/Resources/VIN Information" status="PASSED">
         <system-out><![CDATA[2019-05-28 20:12:29 - [TEST_CASE][PASSED] - Test Cases/GGMP/Sitemap/Resources/VIN Information: Test Cases/GGMP/Sitemap/Resources/VIN Information

2019-05-28 20:12:29 - [TEST_STEP][PASSED] - openBrowser(""): Browser is opened with url: ''

2019-05-28 20:12:29 - [MESSAGE][INFO] - Starting 'Chrome' driver

2019-05-28 20:12:35 - [MESSAGE][PASSED] - Browser is opened with url: ''

2019-05-28 20:12:35 - [TEST_STEP][PASSED] - maximizeWindow(): Current window maximized

2019-05-28 20:12:36 - [MESSAGE][PASSED] - Current window maximized

2019-05-28 20:12:36 - [TEST_STEP][PASSED] - navigateToUrl("https://www.genuinegmparts.com/"): Navigate to 'https://www.genuinegmparts.com/' successfully

2019-05-28 20:12:39 - [MESSAGE][PASSED] - Navigate to 'https://www.genuinegmparts.com/' successfully

2019-05-28 20:12:39 - [TEST_STEP][PASSED] - click(findTestObject("Object Repository/SiteMap/Resources/VIN Information/a_Sitemap")): Object: 'Object Repository/SiteMap/Resources/VIN Information/a_Sitemap' is clicked on

2019-05-28 20:12:39 - [MESSAGE][PASSED] - Object: 'Object Repository/SiteMap/Resources/VIN Information/a_Sitemap' is clicked on

2019-05-28 20:12:39 - [TEST_STEP][PASSED] - click(findTestObject("Object Repository/SiteMap/Resources/VIN Information/span_VIN Information")): Object: 'Object Repository/SiteMap/Resources/VIN Information/span_VIN Information' is clicked on

2019-05-28 20:12:40 - [MESSAGE][PASSED] - Object: 'Object Repository/SiteMap/Resources/VIN Information/span_VIN Information' is clicked on

2019-05-28 20:12:40 - [TEST_STEP][PASSED] - delay(5): Delayed 5 second(s)

2019-05-28 20:12:45 - [MESSAGE][PASSED] - Delayed 5 second(s)

2019-05-28 20:12:45 - [TEST_STEP][PASSED] - verifyElementText(findTestObject("SiteMap/Resources/VIN Information/h1_Vehicle Identification Number (VIN) information"), "Vehicle Identification Number (VIN) information"): Actual text and expected text of test object 'Object Repository/SiteMap/Resources/VIN Information/h1_Vehicle Identification Number (VIN) information' are matched.

2019-05-28 20:12:45 - [MESSAGE][PASSED] - Actual text and expected text of test object 'Object Repository/SiteMap/Resources/VIN Information/h1_Vehicle Identification Number (VIN) information' are matched.

2019-05-28 20:12:45 - [TEST_STEP][PASSED] - closeBrowser(): Browser is closed

2019-05-28 20:12:46 - [MESSAGE][PASSED] - Browser is closed]]></system-out>
         <system-err><![CDATA[]]></system-err>
      </testcase>
      <testcase name="Test Cases/GGMP/Sitemap/Resources/Warranty Info" classname="Test Cases/GGMP/Sitemap/Resources/Warranty Info" status="PASSED">
         <system-out><![CDATA[2019-05-28 20:12:46 - [TEST_CASE][PASSED] - Test Cases/GGMP/Sitemap/Resources/Warranty Info: Test Cases/GGMP/Sitemap/Resources/Warranty Info

2019-05-28 20:12:46 - [TEST_STEP][PASSED] - openBrowser(""): Browser is opened with url: ''

2019-05-28 20:12:46 - [MESSAGE][INFO] - Starting 'Chrome' driver

2019-05-28 20:12:52 - [MESSAGE][PASSED] - Browser is opened with url: ''

2019-05-28 20:12:52 - [TEST_STEP][PASSED] - maximizeWindow(): Current window maximized

2019-05-28 20:12:53 - [MESSAGE][PASSED] - Current window maximized

2019-05-28 20:12:53 - [TEST_STEP][PASSED] - navigateToUrl("https://www.genuinegmparts.com/"): Navigate to 'https://www.genuinegmparts.com/' successfully

2019-05-28 20:12:56 - [MESSAGE][PASSED] - Navigate to 'https://www.genuinegmparts.com/' successfully

2019-05-28 20:12:56 - [TEST_STEP][PASSED] - click(findTestObject("Object Repository/SiteMap/Resources/Warranty Info/a_Sitemap")): Object: 'Object Repository/SiteMap/Resources/Warranty Info/a_Sitemap' is clicked on

2019-05-28 20:12:56 - [MESSAGE][PASSED] - Object: 'Object Repository/SiteMap/Resources/Warranty Info/a_Sitemap' is clicked on

2019-05-28 20:12:56 - [TEST_STEP][PASSED] - click(findTestObject("Object Repository/SiteMap/Resources/Warranty Info/span_Warranty Info")): Object: 'Object Repository/SiteMap/Resources/Warranty Info/span_Warranty Info' is clicked on

2019-05-28 20:12:57 - [MESSAGE][PASSED] - Object: 'Object Repository/SiteMap/Resources/Warranty Info/span_Warranty Info' is clicked on

2019-05-28 20:12:57 - [TEST_STEP][PASSED] - delay(3): Delayed 3 second(s)

2019-05-28 20:13:00 - [MESSAGE][PASSED] - Delayed 3 second(s)

2019-05-28 20:13:00 - [TEST_STEP][PASSED] - verifyElementText(findTestObject("SiteMap/Resources/Warranty Info/h1_Warranty information"), "Warranty information"): Actual text and expected text of test object 'Object Repository/SiteMap/Resources/Warranty Info/h1_Warranty information' are matched.

2019-05-28 20:13:00 - [MESSAGE][PASSED] - Actual text and expected text of test object 'Object Repository/SiteMap/Resources/Warranty Info/h1_Warranty information' are matched.

2019-05-28 20:13:00 - [TEST_STEP][PASSED] - closeBrowser(): Browser is closed

2019-05-28 20:13:01 - [MESSAGE][PASSED] - Browser is closed]]></system-out>
         <system-err><![CDATA[]]></system-err>
      </testcase>
      <testcase name="Test Cases/GGMP/SiveNav/Collision/Bumper" classname="Test Cases/GGMP/SiveNav/Collision/Bumper" status="PASSED">
         <system-out><![CDATA[2019-05-28 20:13:01 - [TEST_CASE][PASSED] - Test Cases/GGMP/SiveNav/Collision/Bumper: Test Cases/GGMP/SiveNav/Collision/Bumper

2019-05-28 20:13:01 - [TEST_STEP][PASSED] - openBrowser(""): Browser is opened with url: ''

2019-05-28 20:13:01 - [MESSAGE][INFO] - Starting 'Chrome' driver

2019-05-28 20:13:07 - [MESSAGE][PASSED] - Browser is opened with url: ''

2019-05-28 20:13:07 - [TEST_STEP][PASSED] - maximizeWindow(): Current window maximized

2019-05-28 20:13:08 - [MESSAGE][PASSED] - Current window maximized

2019-05-28 20:13:08 - [TEST_STEP][PASSED] - navigateToUrl("https://www.genuinegmparts.com/"): Navigate to 'https://www.genuinegmparts.com/' successfully

2019-05-28 20:13:12 - [MESSAGE][PASSED] - Navigate to 'https://www.genuinegmparts.com/' successfully

2019-05-28 20:13:12 - [TEST_STEP][PASSED] - click(findTestObject("Object Repository/New Folder/a_Bumpers Fascias  Grilles")): Object: 'Object Repository/New Folder/a_Bumpers Fascias  Grilles' is clicked on

2019-05-28 20:13:12 - [MESSAGE][PASSED] - Object: 'Object Repository/New Folder/a_Bumpers Fascias  Grilles' is clicked on

2019-05-28 20:13:12 - [TEST_STEP][PASSED] - closeBrowser(): Browser is closed

2019-05-28 20:13:13 - [MESSAGE][PASSED] - Browser is closed]]></system-out>
         <system-err><![CDATA[]]></system-err>
      </testcase>
      <testcase name="Test Cases/GGMP/SiveNav/Collision/Headlamps" classname="Test Cases/GGMP/SiveNav/Collision/Headlamps" status="PASSED">
         <system-out><![CDATA[2019-05-28 20:13:13 - [TEST_CASE][PASSED] - Test Cases/GGMP/SiveNav/Collision/Headlamps: Test Cases/GGMP/SiveNav/Collision/Headlamps

2019-05-28 20:13:13 - [TEST_STEP][PASSED] - openBrowser(""): Browser is opened with url: ''

2019-05-28 20:13:13 - [MESSAGE][INFO] - Starting 'Chrome' driver

2019-05-28 20:13:18 - [MESSAGE][PASSED] - Browser is opened with url: ''

2019-05-28 20:13:18 - [TEST_STEP][PASSED] - maximizeWindow(): Current window maximized

2019-05-28 20:13:19 - [MESSAGE][PASSED] - Current window maximized

2019-05-28 20:13:19 - [TEST_STEP][PASSED] - navigateToUrl("https://www.genuinegmparts.com/"): Navigate to 'https://www.genuinegmparts.com/' successfully

2019-05-28 20:13:22 - [MESSAGE][PASSED] - Navigate to 'https://www.genuinegmparts.com/' successfully

2019-05-28 20:13:22 - [TEST_STEP][PASSED] - click(findTestObject("Object Repository/a_Headlamps  Taillamps")): Object: 'Object Repository/a_Headlamps  Taillamps' is clicked on

2019-05-28 20:13:22 - [MESSAGE][PASSED] - Object: 'Object Repository/a_Headlamps  Taillamps' is clicked on

2019-05-28 20:13:22 - [TEST_STEP][PASSED] - closeBrowser(): Browser is closed

2019-05-28 20:13:23 - [MESSAGE][PASSED] - Browser is closed]]></system-out>
         <system-err><![CDATA[]]></system-err>
      </testcase>
      <testcase name="Test Cases/GGMP/SiveNav/Collision/Interior Parts" classname="Test Cases/GGMP/SiveNav/Collision/Interior Parts" status="PASSED">
         <system-out><![CDATA[2019-05-28 20:13:23 - [TEST_CASE][PASSED] - Test Cases/GGMP/SiveNav/Collision/Interior Parts: Test Cases/GGMP/SiveNav/Collision/Interior Parts

2019-05-28 20:13:23 - [TEST_STEP][PASSED] - openBrowser(""): Browser is opened with url: ''

2019-05-28 20:13:23 - [MESSAGE][INFO] - Starting 'Chrome' driver

2019-05-28 20:13:29 - [MESSAGE][PASSED] - Browser is opened with url: ''

2019-05-28 20:13:29 - [TEST_STEP][PASSED] - maximizeWindow(): Current window maximized

2019-05-28 20:13:30 - [MESSAGE][PASSED] - Current window maximized

2019-05-28 20:13:30 - [TEST_STEP][PASSED] - navigateToUrl("https://www.genuinegmparts.com/"): Navigate to 'https://www.genuinegmparts.com/' successfully

2019-05-28 20:13:33 - [MESSAGE][PASSED] - Navigate to 'https://www.genuinegmparts.com/' successfully

2019-05-28 20:13:33 - [TEST_STEP][PASSED] - click(findTestObject("Object Repository/a_Interior Parts  Air Bags")): Object: 'Object Repository/a_Interior Parts  Air Bags' is clicked on

2019-05-28 20:13:33 - [MESSAGE][PASSED] - Object: 'Object Repository/a_Interior Parts  Air Bags' is clicked on

2019-05-28 20:13:33 - [TEST_STEP][PASSED] - closeBrowser(): Browser is closed

2019-05-28 20:13:34 - [MESSAGE][PASSED] - Browser is closed]]></system-out>
         <system-err><![CDATA[]]></system-err>
      </testcase>
      <testcase name="Test Cases/GGMP/SiveNav/Collision/Radiators" classname="Test Cases/GGMP/SiveNav/Collision/Radiators" status="PASSED">
         <system-out><![CDATA[2019-05-28 20:13:34 - [TEST_CASE][PASSED] - Test Cases/GGMP/SiveNav/Collision/Radiators: Test Cases/GGMP/SiveNav/Collision/Radiators

2019-05-28 20:13:34 - [TEST_STEP][PASSED] - openBrowser(""): Browser is opened with url: ''

2019-05-28 20:13:34 - [MESSAGE][INFO] - Starting 'Chrome' driver

2019-05-28 20:13:40 - [MESSAGE][PASSED] - Browser is opened with url: ''

2019-05-28 20:13:40 - [TEST_STEP][PASSED] - maximizeWindow(): Current window maximized

2019-05-28 20:13:41 - [MESSAGE][PASSED] - Current window maximized

2019-05-28 20:13:41 - [TEST_STEP][PASSED] - navigateToUrl("https://www.genuinegmparts.com/"): Navigate to 'https://www.genuinegmparts.com/' successfully

2019-05-28 20:13:44 - [MESSAGE][PASSED] - Navigate to 'https://www.genuinegmparts.com/' successfully

2019-05-28 20:13:44 - [TEST_STEP][PASSED] - click(findTestObject("Object Repository/a_Radiators")): Object: 'Object Repository/a_Radiators' is clicked on

2019-05-28 20:13:44 - [MESSAGE][PASSED] - Object: 'Object Repository/a_Radiators' is clicked on

2019-05-28 20:13:44 - [TEST_STEP][PASSED] - closeBrowser(): Browser is closed

2019-05-28 20:13:45 - [MESSAGE][PASSED] - Browser is closed]]></system-out>
         <system-err><![CDATA[]]></system-err>
      </testcase>
      <testcase name="Test Cases/GGMP/SiveNav/Collision/SheetMetal" classname="Test Cases/GGMP/SiveNav/Collision/SheetMetal" status="PASSED">
         <system-out><![CDATA[2019-05-28 20:13:45 - [TEST_CASE][PASSED] - Test Cases/GGMP/SiveNav/Collision/SheetMetal: Test Cases/GGMP/SiveNav/Collision/SheetMetal

2019-05-28 20:13:45 - [TEST_STEP][PASSED] - openBrowser(""): Browser is opened with url: ''

2019-05-28 20:13:45 - [MESSAGE][INFO] - Starting 'Chrome' driver

2019-05-28 20:13:50 - [MESSAGE][PASSED] - Browser is opened with url: ''

2019-05-28 20:13:50 - [TEST_STEP][PASSED] - maximizeWindow(): Current window maximized

2019-05-28 20:13:52 - [MESSAGE][PASSED] - Current window maximized

2019-05-28 20:13:52 - [TEST_STEP][PASSED] - navigateToUrl("https://www.genuinegmparts.com/"): Navigate to 'https://www.genuinegmparts.com/' successfully

2019-05-28 20:13:54 - [MESSAGE][PASSED] - Navigate to 'https://www.genuinegmparts.com/' successfully

2019-05-28 20:13:54 - [TEST_STEP][PASSED] - click(findTestObject("Object Repository/a_Sheet Metal")): Object: 'Object Repository/a_Sheet Metal' is clicked on

2019-05-28 20:13:54 - [MESSAGE][PASSED] - Object: 'Object Repository/a_Sheet Metal' is clicked on

2019-05-28 20:13:54 - [TEST_STEP][PASSED] - closeBrowser(): Browser is closed

2019-05-28 20:13:55 - [MESSAGE][PASSED] - Browser is closed]]></system-out>
         <system-err><![CDATA[]]></system-err>
      </testcase>
      <testcase name="Test Cases/GGMP/SiveNav/Collision/Structural Parts" classname="Test Cases/GGMP/SiveNav/Collision/Structural Parts" status="PASSED">
         <system-out><![CDATA[2019-05-28 20:13:55 - [TEST_CASE][PASSED] - Test Cases/GGMP/SiveNav/Collision/Structural Parts: Test Cases/GGMP/SiveNav/Collision/Structural Parts

2019-05-28 20:13:55 - [TEST_STEP][PASSED] - openBrowser(""): Browser is opened with url: ''

2019-05-28 20:13:55 - [MESSAGE][INFO] - Starting 'Chrome' driver

2019-05-28 20:14:01 - [MESSAGE][PASSED] - Browser is opened with url: ''

2019-05-28 20:14:01 - [TEST_STEP][PASSED] - maximizeWindow(): Current window maximized

2019-05-28 20:14:02 - [MESSAGE][PASSED] - Current window maximized

2019-05-28 20:14:02 - [TEST_STEP][PASSED] - navigateToUrl("https://www.genuinegmparts.com/"): Navigate to 'https://www.genuinegmparts.com/' successfully

2019-05-28 20:14:05 - [MESSAGE][PASSED] - Navigate to 'https://www.genuinegmparts.com/' successfully

2019-05-28 20:14:05 - [TEST_STEP][PASSED] - click(findTestObject("Object Repository/a_Structural Parts")): Object: 'Object Repository/a_Structural Parts' is clicked on

2019-05-28 20:14:05 - [MESSAGE][PASSED] - Object: 'Object Repository/a_Structural Parts' is clicked on

2019-05-28 20:14:05 - [TEST_STEP][PASSED] - waitForPageLoad(0): Wait for page load successfully

2019-05-28 20:14:05 - [MESSAGE][WARNING] - Timeout '0' is invalid. Using default page load timeout: '30'

2019-05-28 20:14:05 - [MESSAGE][PASSED] - Wait for page load successfully

2019-05-28 20:14:05 - [TEST_STEP][PASSED] - closeBrowser(): Browser is closed

2019-05-28 20:14:06 - [MESSAGE][PASSED] - Browser is closed]]></system-out>
         <system-err><![CDATA[]]></system-err>
      </testcase>
      <testcase name="Test Cases/GGMP/SiveNav/Collision/Tuch-Up Paint" classname="Test Cases/GGMP/SiveNav/Collision/Tuch-Up Paint" status="PASSED">
         <system-out><![CDATA[2019-05-28 20:14:06 - [TEST_CASE][PASSED] - Test Cases/GGMP/SiveNav/Collision/Tuch-Up Paint: Test Cases/GGMP/SiveNav/Collision/Tuch-Up Paint

2019-05-28 20:14:06 - [TEST_STEP][PASSED] - openBrowser(""): Browser is opened with url: ''

2019-05-28 20:14:06 - [MESSAGE][INFO] - Starting 'Chrome' driver

2019-05-28 20:14:11 - [MESSAGE][PASSED] - Browser is opened with url: ''

2019-05-28 20:14:11 - [TEST_STEP][PASSED] - maximizeWindow(): Current window maximized

2019-05-28 20:14:12 - [MESSAGE][PASSED] - Current window maximized

2019-05-28 20:14:12 - [TEST_STEP][PASSED] - navigateToUrl("https://www.genuinegmparts.com/"): Navigate to 'https://www.genuinegmparts.com/' successfully

2019-05-28 20:14:16 - [MESSAGE][PASSED] - Navigate to 'https://www.genuinegmparts.com/' successfully

2019-05-28 20:14:16 - [TEST_STEP][PASSED] - click(findTestObject("Object Repository/a_Touch-Up Paint")): Object: 'Object Repository/a_Touch-Up Paint' is clicked on

2019-05-28 20:14:17 - [MESSAGE][PASSED] - Object: 'Object Repository/a_Touch-Up Paint' is clicked on

2019-05-28 20:14:17 - [TEST_STEP][PASSED] - closeBrowser(): Browser is closed

2019-05-28 20:14:18 - [MESSAGE][PASSED] - Browser is closed]]></system-out>
         <system-err><![CDATA[]]></system-err>
      </testcase>
      <testcase name="Test Cases/GGMP/SiveNav/Collision/Wheels" classname="Test Cases/GGMP/SiveNav/Collision/Wheels" status="PASSED">
         <system-out><![CDATA[2019-05-28 20:14:18 - [TEST_CASE][PASSED] - Test Cases/GGMP/SiveNav/Collision/Wheels: Test Cases/GGMP/SiveNav/Collision/Wheels

2019-05-28 20:14:18 - [TEST_STEP][PASSED] - openBrowser(""): Browser is opened with url: ''

2019-05-28 20:14:18 - [MESSAGE][INFO] - Starting 'Chrome' driver

2019-05-28 20:14:23 - [MESSAGE][PASSED] - Browser is opened with url: ''

2019-05-28 20:14:23 - [TEST_STEP][PASSED] - maximizeWindow(): Current window maximized

2019-05-28 20:14:24 - [MESSAGE][PASSED] - Current window maximized

2019-05-28 20:14:24 - [TEST_STEP][PASSED] - navigateToUrl("https://www.genuinegmparts.com/"): Navigate to 'https://www.genuinegmparts.com/' successfully

2019-05-28 20:14:28 - [MESSAGE][PASSED] - Navigate to 'https://www.genuinegmparts.com/' successfully

2019-05-28 20:14:28 - [TEST_STEP][PASSED] - click(findTestObject("Object Repository/a_Wheels")): Object: 'Object Repository/a_Wheels' is clicked on

2019-05-28 20:14:28 - [MESSAGE][PASSED] - Object: 'Object Repository/a_Wheels' is clicked on

2019-05-28 20:14:28 - [TEST_STEP][PASSED] - closeBrowser(): Browser is closed

2019-05-28 20:14:29 - [MESSAGE][PASSED] - Browser is closed]]></system-out>
         <system-err><![CDATA[]]></system-err>
      </testcase>
      <testcase name="Test Cases/GGMP/SiveNav/Powertrain/Engine Components" classname="Test Cases/GGMP/SiveNav/Powertrain/Engine Components" status="PASSED">
         <system-out><![CDATA[2019-05-28 20:14:29 - [TEST_CASE][PASSED] - Test Cases/GGMP/SiveNav/Powertrain/Engine Components: Test Cases/GGMP/SiveNav/Powertrain/Engine Components

2019-05-28 20:14:29 - [TEST_STEP][PASSED] - openBrowser(""): Browser is opened with url: ''

2019-05-28 20:14:29 - [MESSAGE][INFO] - Starting 'Chrome' driver

2019-05-28 20:14:34 - [MESSAGE][PASSED] - Browser is opened with url: ''

2019-05-28 20:14:34 - [TEST_STEP][PASSED] - maximizeWindow(): Current window maximized

2019-05-28 20:14:35 - [MESSAGE][PASSED] - Current window maximized

2019-05-28 20:14:35 - [TEST_STEP][PASSED] - navigateToUrl("https://www.genuinegmparts.com/"): Navigate to 'https://www.genuinegmparts.com/' successfully

2019-05-28 20:14:38 - [MESSAGE][PASSED] - Navigate to 'https://www.genuinegmparts.com/' successfully

2019-05-28 20:14:38 - [TEST_STEP][PASSED] - click(findTestObject("Object Repository/a_Engine Components")): Object: 'Object Repository/a_Engine Components' is clicked on

2019-05-28 20:14:39 - [MESSAGE][PASSED] - Object: 'Object Repository/a_Engine Components' is clicked on

2019-05-28 20:14:39 - [TEST_STEP][PASSED] - closeBrowser(): Browser is closed

2019-05-28 20:14:40 - [MESSAGE][PASSED] - Browser is closed]]></system-out>
         <system-err><![CDATA[]]></system-err>
      </testcase>
      <testcase name="Test Cases/GGMP/SiveNav/Powertrain/Engines" classname="Test Cases/GGMP/SiveNav/Powertrain/Engines" status="PASSED">
         <system-out><![CDATA[2019-05-28 20:14:40 - [TEST_CASE][PASSED] - Test Cases/GGMP/SiveNav/Powertrain/Engines: Test Cases/GGMP/SiveNav/Powertrain/Engines

2019-05-28 20:14:40 - [TEST_STEP][PASSED] - openBrowser(""): Browser is opened with url: ''

2019-05-28 20:14:40 - [MESSAGE][INFO] - Starting 'Chrome' driver

2019-05-28 20:14:45 - [MESSAGE][PASSED] - Browser is opened with url: ''

2019-05-28 20:14:45 - [TEST_STEP][PASSED] - maximizeWindow(): Current window maximized

2019-05-28 20:14:46 - [MESSAGE][PASSED] - Current window maximized

2019-05-28 20:14:46 - [TEST_STEP][PASSED] - navigateToUrl("https://www.genuinegmparts.com/"): Navigate to 'https://www.genuinegmparts.com/' successfully

2019-05-28 20:14:49 - [MESSAGE][PASSED] - Navigate to 'https://www.genuinegmparts.com/' successfully

2019-05-28 20:14:49 - [TEST_STEP][PASSED] - click(findTestObject("Object Repository/a_Engines")): Object: 'Object Repository/a_Engines' is clicked on

2019-05-28 20:14:49 - [MESSAGE][PASSED] - Object: 'Object Repository/a_Engines' is clicked on

2019-05-28 20:14:49 - [TEST_STEP][PASSED] - closeBrowser(): Browser is closed

2019-05-28 20:14:50 - [MESSAGE][PASSED] - Browser is closed]]></system-out>
         <system-err><![CDATA[]]></system-err>
      </testcase>
      <testcase name="Test Cases/GGMP/SiveNav/Powertrain/Transmission Components" classname="Test Cases/GGMP/SiveNav/Powertrain/Transmission Components" status="PASSED">
         <system-out><![CDATA[2019-05-28 20:14:50 - [TEST_CASE][PASSED] - Test Cases/GGMP/SiveNav/Powertrain/Transmission Components: Test Cases/GGMP/SiveNav/Powertrain/Transmission Components

2019-05-28 20:14:50 - [TEST_STEP][PASSED] - openBrowser(""): Browser is opened with url: ''

2019-05-28 20:14:50 - [MESSAGE][INFO] - Starting 'Chrome' driver

2019-05-28 20:14:55 - [MESSAGE][PASSED] - Browser is opened with url: ''

2019-05-28 20:14:55 - [TEST_STEP][PASSED] - maximizeWindow(): Current window maximized

2019-05-28 20:14:57 - [MESSAGE][PASSED] - Current window maximized

2019-05-28 20:14:57 - [TEST_STEP][PASSED] - navigateToUrl("https://www.genuinegmparts.com/"): Navigate to 'https://www.genuinegmparts.com/' successfully

2019-05-28 20:14:59 - [MESSAGE][PASSED] - Navigate to 'https://www.genuinegmparts.com/' successfully

2019-05-28 20:14:59 - [TEST_STEP][PASSED] - click(findTestObject("Object Repository/a_Transmission Components")): Object: 'Object Repository/a_Transmission Components' is clicked on

2019-05-28 20:15:00 - [MESSAGE][PASSED] - Object: 'Object Repository/a_Transmission Components' is clicked on

2019-05-28 20:15:00 - [TEST_STEP][PASSED] - closeBrowser(): Browser is closed

2019-05-28 20:15:00 - [MESSAGE][PASSED] - Browser is closed]]></system-out>
         <system-err><![CDATA[]]></system-err>
      </testcase>
      <testcase name="Test Cases/GGMP/SiveNav/Powertrain/Transmission" classname="Test Cases/GGMP/SiveNav/Powertrain/Transmission" status="PASSED">
         <system-out><![CDATA[2019-05-28 20:15:00 - [TEST_CASE][PASSED] - Test Cases/GGMP/SiveNav/Powertrain/Transmission: Test Cases/GGMP/SiveNav/Powertrain/Transmission

2019-05-28 20:15:01 - [TEST_STEP][PASSED] - openBrowser(""): Browser is opened with url: ''

2019-05-28 20:15:01 - [MESSAGE][INFO] - Starting 'Chrome' driver

2019-05-28 20:15:06 - [MESSAGE][PASSED] - Browser is opened with url: ''

2019-05-28 20:15:06 - [TEST_STEP][PASSED] - maximizeWindow(): Current window maximized

2019-05-28 20:15:07 - [MESSAGE][PASSED] - Current window maximized

2019-05-28 20:15:07 - [TEST_STEP][PASSED] - navigateToUrl("https://www.genuinegmparts.com/"): Navigate to 'https://www.genuinegmparts.com/' successfully

2019-05-28 20:15:10 - [MESSAGE][PASSED] - Navigate to 'https://www.genuinegmparts.com/' successfully

2019-05-28 20:15:10 - [TEST_STEP][PASSED] - click(findTestObject("Object Repository/a_Transmissions  Transfer Cases")): Object: 'Object Repository/a_Transmissions  Transfer Cases' is clicked on

2019-05-28 20:15:10 - [MESSAGE][PASSED] - Object: 'Object Repository/a_Transmissions  Transfer Cases' is clicked on

2019-05-28 20:15:10 - [TEST_STEP][PASSED] - closeBrowser(): Browser is closed

2019-05-28 20:15:11 - [MESSAGE][PASSED] - Browser is closed]]></system-out>
         <system-err><![CDATA[]]></system-err>
      </testcase>
      <testcase name="Test Cases/GGMP/TOOLS/Locate a Dealer/LAD" classname="Test Cases/GGMP/TOOLS/Locate a Dealer/LAD" status="PASSED">
         <system-out><![CDATA[2019-05-28 20:15:11 - [TEST_CASE][PASSED] - Test Cases/GGMP/TOOLS/Locate a Dealer/LAD: Test Cases/GGMP/TOOLS/Locate a Dealer/LAD

2019-05-28 20:15:11 - [TEST_STEP][PASSED] - openBrowser(""): Browser is opened with url: ''

2019-05-28 20:15:11 - [MESSAGE][INFO] - Starting 'Chrome' driver

2019-05-28 20:15:16 - [MESSAGE][PASSED] - Browser is opened with url: ''

2019-05-28 20:15:16 - [TEST_STEP][PASSED] - maximizeWindow(): Current window maximized

2019-05-28 20:15:18 - [MESSAGE][PASSED] - Current window maximized

2019-05-28 20:15:18 - [TEST_STEP][PASSED] - navigateToUrl("https://www.genuinegmparts.com"): Navigate to 'https://www.genuinegmparts.com' successfully

2019-05-28 20:15:21 - [MESSAGE][PASSED] - Navigate to 'https://www.genuinegmparts.com' successfully

2019-05-28 20:15:21 - [TEST_STEP][PASSED] - click(findTestObject("Locate a Dealer/li_Locate Parts andService")): Object: 'Object Repository/Locate a Dealer/li_Locate Parts andService' is clicked on

2019-05-28 20:15:21 - [MESSAGE][PASSED] - Object: 'Object Repository/Locate a Dealer/li_Locate Parts andService' is clicked on

2019-05-28 20:15:21 - [TEST_STEP][PASSED] - click(findTestObject("Locate a Dealer/span_Locate a Parts Dealer")): Object: 'Object Repository/Locate a Dealer/span_Locate a Parts Dealer' is clicked on

2019-05-28 20:15:23 - [MESSAGE][PASSED] - Object: 'Object Repository/Locate a Dealer/span_Locate a Parts Dealer' is clicked on

2019-05-28 20:15:23 - [TEST_STEP][PASSED] - setText(findTestObject("Locate a Dealer/input_City State_inpZip"), "10001"): Text '10001' is set on object 'Object Repository/Locate a Dealer/input_City State_inpZip'

2019-05-28 20:15:23 - [MESSAGE][PASSED] - Text '10001' is set on object 'Object Repository/Locate a Dealer/input_City State_inpZip'

2019-05-28 20:15:23 - [TEST_STEP][PASSED] - click(findTestObject("Locate a Dealer/button_Begin your search")): Object: 'Object Repository/Locate a Dealer/button_Begin your search' is clicked on

2019-05-28 20:15:25 - [MESSAGE][PASSED] - Object: 'Object Repository/Locate a Dealer/button_Begin your search' is clicked on

2019-05-28 20:15:25 - [TEST_STEP][PASSED] - click(findTestObject("Object Repository/Locate a Dealer/a_Dealer Website")): Object: 'Object Repository/Locate a Dealer/a_Dealer Website' is clicked on

2019-05-28 20:15:26 - [MESSAGE][PASSED] - Object: 'Object Repository/Locate a Dealer/a_Dealer Website' is clicked on

2019-05-28 20:15:26 - [TEST_STEP][PASSED] - closeBrowser(): Browser is closed

2019-05-28 20:15:27 - [MESSAGE][PASSED] - Browser is closed]]></system-out>
         <system-err><![CDATA[]]></system-err>
      </testcase>
      <testcase name="Test Cases/GGMP/TOOLS/Locate a Dealer/New LAD" classname="Test Cases/GGMP/TOOLS/Locate a Dealer/New LAD" status="PASSED">
         <system-out><![CDATA[2019-05-28 20:15:27 - [TEST_CASE][PASSED] - Test Cases/GGMP/TOOLS/Locate a Dealer/New LAD: Test Cases/GGMP/TOOLS/Locate a Dealer/New LAD

2019-05-28 20:15:27 - [TEST_STEP][PASSED] - openBrowser(""): Browser is opened with url: ''

2019-05-28 20:15:27 - [MESSAGE][INFO] - Starting 'Chrome' driver

2019-05-28 20:15:32 - [MESSAGE][PASSED] - Browser is opened with url: ''

2019-05-28 20:15:32 - [TEST_STEP][PASSED] - maximizeWindow(): Current window maximized

2019-05-28 20:15:33 - [MESSAGE][PASSED] - Current window maximized

2019-05-28 20:15:33 - [TEST_STEP][PASSED] - navigateToUrl("https://www.genuinegmparts.com/"): Navigate to 'https://www.genuinegmparts.com/' successfully

2019-05-28 20:15:36 - [MESSAGE][PASSED] - Navigate to 'https://www.genuinegmparts.com/' successfully

2019-05-28 20:15:36 - [TEST_STEP][PASSED] - click(findTestObject("Object Repository/Locate a Dealer/new LAD/li_Locate Parts andService")): Object: 'Object Repository/Locate a Dealer/new LAD/li_Locate Parts andService' is clicked on

2019-05-28 20:15:36 - [MESSAGE][PASSED] - Object: 'Object Repository/Locate a Dealer/new LAD/li_Locate Parts andService' is clicked on

2019-05-28 20:15:36 - [TEST_STEP][PASSED] - click(findTestObject("Object Repository/Locate a Dealer/new LAD/span_Locate a GM Collision Repair Network Facility")): Object: 'Object Repository/Locate a Dealer/new LAD/span_Locate a GM Collision Repair Network Facility' is clicked on

2019-05-28 20:15:39 - [MESSAGE][PASSED] - Object: 'Object Repository/Locate a Dealer/new LAD/span_Locate a GM Collision Repair Network Facility' is clicked on

2019-05-28 20:15:39 - [TEST_STEP][PASSED] - setText(findTestObject("Object Repository/Locate a Dealer/new LAD/input_ZIP Code or CityState_inpZip"), "10001"): Text '10001' is set on object 'Object Repository/Locate a Dealer/new LAD/input_ZIP Code or CityState_inpZip'

2019-05-28 20:15:39 - [MESSAGE][PASSED] - Text '10001' is set on object 'Object Repository/Locate a Dealer/new LAD/input_ZIP Code or CityState_inpZip'

2019-05-28 20:15:39 - [TEST_STEP][PASSED] - click(findTestObject("Object Repository/Locate a Dealer/new LAD/button_ZIP Code or CityState_searchBtn")): Object: 'Object Repository/Locate a Dealer/new LAD/button_ZIP Code or CityState_searchBtn' is clicked on

2019-05-28 20:15:39 - [MESSAGE][PASSED] - Object: 'Object Repository/Locate a Dealer/new LAD/button_ZIP Code or CityState_searchBtn' is clicked on

2019-05-28 20:15:39 - [TEST_STEP][PASSED] - click(findTestObject("Object Repository/Locate a Dealer/new LAD/h2_precision auto works")): Object: 'Object Repository/Locate a Dealer/new LAD/h2_precision auto works' is clicked on

2019-05-28 20:15:42 - [MESSAGE][PASSED] - Object: 'Object Repository/Locate a Dealer/new LAD/h2_precision auto works' is clicked on

2019-05-28 20:15:42 - [TEST_STEP][PASSED] - click(findTestObject("Object Repository/Locate a Dealer/new LAD/p_Back to List")): Object: 'Object Repository/Locate a Dealer/new LAD/p_Back to List' is clicked on

2019-05-28 20:15:42 - [MESSAGE][PASSED] - Object: 'Object Repository/Locate a Dealer/new LAD/p_Back to List' is clicked on

2019-05-28 20:15:42 - [TEST_STEP][PASSED] - click(findTestObject("Object Repository/Locate a Dealer/new LAD/button_Terms of Use_gm-control-active gm-fullscreen-control")): Object: 'Object Repository/Locate a Dealer/new LAD/button_Terms of Use_gm-control-active gm-fullscreen-control' is clicked on

2019-05-28 20:15:43 - [MESSAGE][PASSED] - Object: 'Object Repository/Locate a Dealer/new LAD/button_Terms of Use_gm-control-active gm-fullscreen-control' is clicked on

2019-05-28 20:15:43 - [TEST_STEP][PASSED] - click(findTestObject("Object Repository/Locate a Dealer/new LAD/button_Terms of Use_gm-control-active gm-fullscreen-control")): Object: 'Object Repository/Locate a Dealer/new LAD/button_Terms of Use_gm-control-active gm-fullscreen-control' is clicked on

2019-05-28 20:15:43 - [MESSAGE][PASSED] - Object: 'Object Repository/Locate a Dealer/new LAD/button_Terms of Use_gm-control-active gm-fullscreen-control' is clicked on

2019-05-28 20:15:43 - [TEST_STEP][PASSED] - closeBrowser(): Browser is closed

2019-05-28 20:15:44 - [MESSAGE][PASSED] - Browser is closed]]></system-out>
         <system-err><![CDATA[]]></system-err>
      </testcase>
      <testcase name="Test Cases/GGMP/TOOLS/Locate a Dealer/Touch-Up Paint" classname="Test Cases/GGMP/TOOLS/Locate a Dealer/Touch-Up Paint" status="PASSED">
         <system-out><![CDATA[2019-05-28 20:15:44 - [TEST_CASE][PASSED] - Test Cases/GGMP/TOOLS/Locate a Dealer/Touch-Up Paint: Test Cases/GGMP/TOOLS/Locate a Dealer/Touch-Up Paint

2019-05-28 20:15:45 - [TEST_STEP][PASSED] - openBrowser(""): Browser is opened with url: ''

2019-05-28 20:15:45 - [MESSAGE][INFO] - Starting 'Chrome' driver

2019-05-28 20:15:50 - [MESSAGE][PASSED] - Browser is opened with url: ''

2019-05-28 20:15:50 - [TEST_STEP][PASSED] - maximizeWindow(): Current window maximized

2019-05-28 20:15:51 - [MESSAGE][PASSED] - Current window maximized

2019-05-28 20:15:51 - [TEST_STEP][PASSED] - navigateToUrl("https://www.genuinegmparts.com/"): Navigate to 'https://www.genuinegmparts.com/' successfully

2019-05-28 20:15:54 - [MESSAGE][PASSED] - Navigate to 'https://www.genuinegmparts.com/' successfully

2019-05-28 20:15:54 - [TEST_STEP][PASSED] - click(findTestObject("Object Repository/HomePage/TouchUp Paint/li_Collision")): Object: 'Object Repository/HomePage/TouchUp Paint/li_Collision' is clicked on

2019-05-28 20:15:54 - [MESSAGE][PASSED] - Object: 'Object Repository/HomePage/TouchUp Paint/li_Collision' is clicked on

2019-05-28 20:15:54 - [TEST_STEP][PASSED] - click(findTestObject("Object Repository/HomePage/TouchUp Paint/span_Touch-up paint")): Object: 'Object Repository/HomePage/TouchUp Paint/span_Touch-up paint' is clicked on

2019-05-28 20:15:57 - [MESSAGE][PASSED] - Object: 'Object Repository/HomePage/TouchUp Paint/span_Touch-up paint' is clicked on

2019-05-28 20:15:57 - [TEST_STEP][PASSED] - click(findTestObject("Object Repository/HomePage/TouchUp Paint/a_Downloadable Guides")): Object: 'Object Repository/HomePage/TouchUp Paint/a_Downloadable Guides' is clicked on

2019-05-28 20:15:57 - [MESSAGE][PASSED] - Object: 'Object Repository/HomePage/TouchUp Paint/a_Downloadable Guides' is clicked on

2019-05-28 20:15:57 - [TEST_STEP][PASSED] - click(findTestObject("Object Repository/HomePage/TouchUp Paint/span_2018 GM Refinish Materials - GMW-15406-2017")): Object: 'Object Repository/HomePage/TouchUp Paint/span_2018 GM Refinish Materials - GMW-15406-2017' is clicked on

2019-05-28 20:15:57 - [MESSAGE][PASSED] - Object: 'Object Repository/HomePage/TouchUp Paint/span_2018 GM Refinish Materials - GMW-15406-2017' is clicked on

2019-05-28 20:15:57 - [TEST_STEP][PASSED] - closeBrowser(): Browser is closed

2019-05-28 20:15:58 - [MESSAGE][PASSED] - Browser is closed]]></system-out>
         <system-err><![CDATA[]]></system-err>
      </testcase>
      <system-out><![CDATA[2019-05-28 20:03:48 - [TEST_SUITE][PASSED] - Tests: Test Cases/GGMP/TOOLS/Locate a Dealer/Touch-Up Paint]]></system-out>
      <system-err><![CDATA[]]></system-err>
   </testsuite>
</testsuites>
