<?xml version="1.0" encoding="UTF-8"?>
<testsuites name="Tools" time="83" tests="3" failures="0" errors="0">
   <testsuite name="Tools" tests="3" failures="0" errors="0" time="83" timestamp="2019-05-27 19:05:37" hostname="adrian.dobre - BCHOPT-NW100219.emea.corp.ipgnetwork.com" id="Test Suites/Tools">
      <properties>
         <property name="deviceName" value=""/>
         <property name="devicePlatform" value=""/>
         <property name="logFolder" value="C:\\Users\\adrian.dobre\\Katalon Studio\\Genuine GM Parts\\Reports\\Tools\\20190527_190533"/>
         <property name="logFiles" value="C:\\Users\\adrian.dobre\\Katalon Studio\\Genuine GM Parts\\Reports\\Tools\\20190527_190533\\execution0.log"/>
         <property name="attachments" value=""/>
         <property name="hostName" value="adrian.dobre - BCHOPT-NW100219.emea.corp.ipgnetwork.com"/>
         <property name="os" value="Windows 10 64bit"/>
         <property name="katalonVersion" value="6.1.4.1"/>
         <property name="browser" value="Firefox 67.0"/>
         <property name="hostAddress" value="10.69.196.168"/>
         <property name="sessionId" value="551f4f21-5ccf-40df-a7a8-25609f205d30"/>
         <property name="seleniumVersion" value="3.7.1"/>
         <property name="proxyInformation" value="ProxyInformation{proxyOption=NO_PROXY, proxyServerType=HTTP, password=, proxyServerAddress=, proxyServerPort=0}"/>
         <property name="platform" value="Windows 10"/>
      </properties>
      <testcase name="Test Cases/GGMP/TOOLS/Locate a Dealer/LAD" classname="Test Cases/GGMP/TOOLS/Locate a Dealer/LAD" status="PASSED">
         <system-out><![CDATA[2019-05-27 19:05:38 - [TEST_CASE][PASSED] - Test Cases/GGMP/TOOLS/Locate a Dealer/LAD: Test Cases/GGMP/TOOLS/Locate a Dealer/LAD

2019-05-27 19:05:38 - [TEST_STEP][PASSED] - openBrowser(""): Browser is opened with url: ''

2019-05-27 19:05:39 - [MESSAGE][INFO] - Starting 'Firefox' driver

2019-05-27 19:05:39 - [MESSAGE][INFO] - Action delay is set to 0 seconds

2019-05-27 19:05:55 - [MESSAGE][PASSED] - Browser is opened with url: ''

2019-05-27 19:05:55 - [TEST_STEP][PASSED] - maximizeWindow(): Current window maximized

2019-05-27 19:05:56 - [MESSAGE][PASSED] - Current window maximized

2019-05-27 19:05:56 - [TEST_STEP][PASSED] - navigateToUrl("https://www.genuinegmparts.com"): Navigate to 'https://www.genuinegmparts.com' successfully

2019-05-27 19:05:59 - [MESSAGE][PASSED] - Navigate to 'https://www.genuinegmparts.com' successfully

2019-05-27 19:05:59 - [TEST_STEP][PASSED] - click(findTestObject("Locate a Dealer/li_Locate Parts andService")): Object: 'Object Repository/Locate a Dealer/li_Locate Parts andService' is clicked on

2019-05-27 19:06:00 - [MESSAGE][PASSED] - Object: 'Object Repository/Locate a Dealer/li_Locate Parts andService' is clicked on

2019-05-27 19:06:00 - [TEST_STEP][PASSED] - click(findTestObject("Locate a Dealer/span_Locate a Parts Dealer")): Object: 'Object Repository/Locate a Dealer/span_Locate a Parts Dealer' is clicked on

2019-05-27 19:06:03 - [MESSAGE][PASSED] - Object: 'Object Repository/Locate a Dealer/span_Locate a Parts Dealer' is clicked on

2019-05-27 19:06:03 - [TEST_STEP][PASSED] - setText(findTestObject("Locate a Dealer/input_City State_inpZip"), "10001"): Text '10001' is set on object 'Object Repository/Locate a Dealer/input_City State_inpZip'

2019-05-27 19:06:03 - [MESSAGE][PASSED] - Text '10001' is set on object 'Object Repository/Locate a Dealer/input_City State_inpZip'

2019-05-27 19:06:03 - [TEST_STEP][PASSED] - click(findTestObject("Locate a Dealer/button_Begin your search")): Object: 'Object Repository/Locate a Dealer/button_Begin your search' is clicked on

2019-05-27 19:06:03 - [MESSAGE][PASSED] - Object: 'Object Repository/Locate a Dealer/button_Begin your search' is clicked on

2019-05-27 19:06:03 - [TEST_STEP][PASSED] - click(findTestObject("Object Repository/Locate a Dealer/a_Dealer Website")): Object: 'Object Repository/Locate a Dealer/a_Dealer Website' is clicked on

2019-05-27 19:06:04 - [MESSAGE][PASSED] - Object: 'Object Repository/Locate a Dealer/a_Dealer Website' is clicked on

2019-05-27 19:06:04 - [TEST_STEP][PASSED] - closeBrowser(): Browser is closed

2019-05-27 19:06:07 - [MESSAGE][PASSED] - Browser is closed]]></system-out>
         <system-err><![CDATA[]]></system-err>
      </testcase>
      <testcase name="Test Cases/GGMP/TOOLS/Locate a Dealer/New LAD" classname="Test Cases/GGMP/TOOLS/Locate a Dealer/New LAD" status="PASSED">
         <system-out><![CDATA[2019-05-27 19:06:07 - [TEST_CASE][PASSED] - Test Cases/GGMP/TOOLS/Locate a Dealer/New LAD: Test Cases/GGMP/TOOLS/Locate a Dealer/New LAD

2019-05-27 19:06:07 - [TEST_STEP][PASSED] - openBrowser(""): Browser is opened with url: ''

2019-05-27 19:06:07 - [MESSAGE][INFO] - Starting 'Firefox' driver

2019-05-27 19:06:21 - [MESSAGE][PASSED] - Browser is opened with url: ''

2019-05-27 19:06:21 - [TEST_STEP][PASSED] - maximizeWindow(): Current window maximized

2019-05-27 19:06:21 - [MESSAGE][PASSED] - Current window maximized

2019-05-27 19:06:21 - [TEST_STEP][PASSED] - navigateToUrl("https://www.genuinegmparts.com/"): Navigate to 'https://www.genuinegmparts.com/' successfully

2019-05-27 19:06:24 - [MESSAGE][PASSED] - Navigate to 'https://www.genuinegmparts.com/' successfully

2019-05-27 19:06:24 - [TEST_STEP][PASSED] - click(findTestObject("Object Repository/Locate a Dealer/new LAD/li_Locate Parts andService")): Object: 'Object Repository/Locate a Dealer/new LAD/li_Locate Parts andService' is clicked on

2019-05-27 19:06:25 - [MESSAGE][PASSED] - Object: 'Object Repository/Locate a Dealer/new LAD/li_Locate Parts andService' is clicked on

2019-05-27 19:06:25 - [TEST_STEP][PASSED] - click(findTestObject("Object Repository/Locate a Dealer/new LAD/span_Locate a GM Collision Repair Network Facility")): Object: 'Object Repository/Locate a Dealer/new LAD/span_Locate a GM Collision Repair Network Facility' is clicked on

2019-05-27 19:06:28 - [MESSAGE][PASSED] - Object: 'Object Repository/Locate a Dealer/new LAD/span_Locate a GM Collision Repair Network Facility' is clicked on

2019-05-27 19:06:28 - [TEST_STEP][PASSED] - setText(findTestObject("Object Repository/Locate a Dealer/new LAD/input_ZIP Code or CityState_inpZip"), "10001"): Text '10001' is set on object 'Object Repository/Locate a Dealer/new LAD/input_ZIP Code or CityState_inpZip'

2019-05-27 19:06:28 - [MESSAGE][PASSED] - Text '10001' is set on object 'Object Repository/Locate a Dealer/new LAD/input_ZIP Code or CityState_inpZip'

2019-05-27 19:06:28 - [TEST_STEP][PASSED] - click(findTestObject("Object Repository/Locate a Dealer/new LAD/button_ZIP Code or CityState_searchBtn")): Object: 'Object Repository/Locate a Dealer/new LAD/button_ZIP Code or CityState_searchBtn' is clicked on

2019-05-27 19:06:29 - [MESSAGE][PASSED] - Object: 'Object Repository/Locate a Dealer/new LAD/button_ZIP Code or CityState_searchBtn' is clicked on

2019-05-27 19:06:29 - [TEST_STEP][PASSED] - click(findTestObject("Object Repository/Locate a Dealer/new LAD/h2_precision auto works")): Object: 'Object Repository/Locate a Dealer/new LAD/h2_precision auto works' is clicked on

2019-05-27 19:06:30 - [MESSAGE][PASSED] - Object: 'Object Repository/Locate a Dealer/new LAD/h2_precision auto works' is clicked on

2019-05-27 19:06:30 - [TEST_STEP][PASSED] - click(findTestObject("Object Repository/Locate a Dealer/new LAD/p_Back to List")): Object: 'Object Repository/Locate a Dealer/new LAD/p_Back to List' is clicked on

2019-05-27 19:06:32 - [MESSAGE][PASSED] - Object: 'Object Repository/Locate a Dealer/new LAD/p_Back to List' is clicked on

2019-05-27 19:06:32 - [TEST_STEP][PASSED] - click(findTestObject("Object Repository/Locate a Dealer/new LAD/button_Terms of Use_gm-control-active gm-fullscreen-control")): Object: 'Object Repository/Locate a Dealer/new LAD/button_Terms of Use_gm-control-active gm-fullscreen-control' is clicked on

2019-05-27 19:06:33 - [MESSAGE][PASSED] - Object: 'Object Repository/Locate a Dealer/new LAD/button_Terms of Use_gm-control-active gm-fullscreen-control' is clicked on

2019-05-27 19:06:33 - [TEST_STEP][PASSED] - click(findTestObject("Object Repository/Locate a Dealer/new LAD/button_Terms of Use_gm-control-active gm-fullscreen-control")): Object: 'Object Repository/Locate a Dealer/new LAD/button_Terms of Use_gm-control-active gm-fullscreen-control' is clicked on

2019-05-27 19:06:33 - [MESSAGE][PASSED] - Object: 'Object Repository/Locate a Dealer/new LAD/button_Terms of Use_gm-control-active gm-fullscreen-control' is clicked on

2019-05-27 19:06:33 - [TEST_STEP][PASSED] - closeBrowser(): Browser is closed

2019-05-27 19:06:36 - [MESSAGE][PASSED] - Browser is closed]]></system-out>
         <system-err><![CDATA[]]></system-err>
      </testcase>
      <testcase name="Test Cases/GGMP/TOOLS/Locate a Dealer/Touch-Up Paint" classname="Test Cases/GGMP/TOOLS/Locate a Dealer/Touch-Up Paint" status="PASSED">
         <system-out><![CDATA[2019-05-27 19:06:36 - [TEST_CASE][PASSED] - Test Cases/GGMP/TOOLS/Locate a Dealer/Touch-Up Paint: Test Cases/GGMP/TOOLS/Locate a Dealer/Touch-Up Paint

2019-05-27 19:06:36 - [TEST_STEP][PASSED] - openBrowser(""): Browser is opened with url: ''

2019-05-27 19:06:36 - [MESSAGE][INFO] - Starting 'Firefox' driver

2019-05-27 19:06:51 - [MESSAGE][PASSED] - Browser is opened with url: ''

2019-05-27 19:06:51 - [TEST_STEP][PASSED] - maximizeWindow(): Current window maximized

2019-05-27 19:06:51 - [MESSAGE][PASSED] - Current window maximized

2019-05-27 19:06:51 - [TEST_STEP][PASSED] - navigateToUrl("https://www.genuinegmparts.com/"): Navigate to 'https://www.genuinegmparts.com/' successfully

2019-05-27 19:06:55 - [MESSAGE][PASSED] - Navigate to 'https://www.genuinegmparts.com/' successfully

2019-05-27 19:06:55 - [TEST_STEP][PASSED] - click(findTestObject("Object Repository/HomePage/TouchUp Paint/li_Collision")): Object: 'Object Repository/HomePage/TouchUp Paint/li_Collision' is clicked on

2019-05-27 19:06:55 - [MESSAGE][PASSED] - Object: 'Object Repository/HomePage/TouchUp Paint/li_Collision' is clicked on

2019-05-27 19:06:55 - [TEST_STEP][PASSED] - click(findTestObject("Object Repository/HomePage/TouchUp Paint/span_Touch-up paint")): Object: 'Object Repository/HomePage/TouchUp Paint/span_Touch-up paint' is clicked on

2019-05-27 19:06:57 - [MESSAGE][PASSED] - Object: 'Object Repository/HomePage/TouchUp Paint/span_Touch-up paint' is clicked on

2019-05-27 19:06:57 - [TEST_STEP][PASSED] - click(findTestObject("Object Repository/HomePage/TouchUp Paint/a_Downloadable Guides")): Object: 'Object Repository/HomePage/TouchUp Paint/a_Downloadable Guides' is clicked on

2019-05-27 19:06:58 - [MESSAGE][PASSED] - Object: 'Object Repository/HomePage/TouchUp Paint/a_Downloadable Guides' is clicked on

2019-05-27 19:06:58 - [TEST_STEP][PASSED] - click(findTestObject("Object Repository/HomePage/TouchUp Paint/span_2018 GM Refinish Materials - GMW-15406-2017")): Object: 'Object Repository/HomePage/TouchUp Paint/span_2018 GM Refinish Materials - GMW-15406-2017' is clicked on

2019-05-27 19:06:58 - [MESSAGE][PASSED] - Object: 'Object Repository/HomePage/TouchUp Paint/span_2018 GM Refinish Materials - GMW-15406-2017' is clicked on

2019-05-27 19:06:58 - [TEST_STEP][PASSED] - closeBrowser(): Browser is closed

2019-05-27 19:07:00 - [MESSAGE][PASSED] - Browser is closed]]></system-out>
         <system-err><![CDATA[]]></system-err>
      </testcase>
      <system-out><![CDATA[2019-05-27 19:05:37 - [TEST_SUITE][PASSED] - Tools: Test Cases/GGMP/TOOLS/Locate a Dealer/Touch-Up Paint]]></system-out>
      <system-err><![CDATA[]]></system-err>
   </testsuite>
</testsuites>
