<?xml version="1.0" encoding="UTF-8"?>
<testsuites name="Sivenav" time="131" tests="12" failures="0" errors="0">
   <testsuite name="Sivenav" tests="12" failures="0" errors="0" time="131" timestamp="2019-05-21 14:45:30" hostname="adrian.dobre - BCHOPT-NW100219.emea.corp.ipgnetwork.com" id="Test Suites/Sivenav">
      <properties>
         <property name="deviceName" value=""/>
         <property name="devicePlatform" value=""/>
         <property name="logFolder" value="C:\\Users\\adrian.dobre\\Katalon Studio\\Genuine GM Parts\\Reports\\Sivenav\\20190521_144528"/>
         <property name="logFiles" value="C:\\Users\\adrian.dobre\\Katalon Studio\\Genuine GM Parts\\Reports\\Sivenav\\20190521_144528\\execution0.log"/>
         <property name="attachments" value=""/>
         <property name="hostName" value="adrian.dobre - BCHOPT-NW100219.emea.corp.ipgnetwork.com"/>
         <property name="os" value="Windows 10 64bit"/>
         <property name="katalonVersion" value="6.1.4.1"/>
         <property name="browser" value="Chrome 74.0.3729.157"/>
         <property name="hostAddress" value="10.69.196.168"/>
         <property name="sessionId" value="e1929e55e91b5b5702357b241d2be428"/>
         <property name="seleniumVersion" value="3.7.1"/>
         <property name="proxyInformation" value="ProxyInformation{proxyOption=NO_PROXY, proxyServerType=HTTP, password=, proxyServerAddress=, proxyServerPort=0}"/>
         <property name="platform" value="Windows 10"/>
      </properties>
      <testcase name="Test Cases/GGMP/SiveNav/Collision/Bumper" classname="Test Cases/GGMP/SiveNav/Collision/Bumper" status="PASSED">
         <system-out><![CDATA[2019-05-21 14:45:31 - [TEST_CASE][PASSED] - Test Cases/GGMP/SiveNav/Collision/Bumper: Test Cases/GGMP/SiveNav/Collision/Bumper

2019-05-21 14:45:31 - [TEST_STEP][PASSED] - openBrowser(""): Browser is opened with url: ''

2019-05-21 14:45:32 - [MESSAGE][INFO] - Starting 'Chrome' driver

2019-05-21 14:45:32 - [MESSAGE][INFO] - Action delay is set to 0 seconds

2019-05-21 14:45:39 - [MESSAGE][PASSED] - Browser is opened with url: ''

2019-05-21 14:45:39 - [TEST_STEP][PASSED] - navigateToUrl("https://www.genuinegmparts.com/"): Navigate to 'https://www.genuinegmparts.com/' successfully

2019-05-21 14:45:42 - [MESSAGE][PASSED] - Navigate to 'https://www.genuinegmparts.com/' successfully

2019-05-21 14:45:42 - [TEST_STEP][PASSED] - click(findTestObject("Object Repository/New Folder/a_Bumpers Fascias  Grilles")): Object: 'Object Repository/New Folder/a_Bumpers Fascias  Grilles' is clicked on

2019-05-21 14:45:42 - [MESSAGE][PASSED] - Object: 'Object Repository/New Folder/a_Bumpers Fascias  Grilles' is clicked on

2019-05-21 14:45:42 - [TEST_STEP][PASSED] - closeBrowser(): Browser is closed

2019-05-21 14:45:44 - [MESSAGE][PASSED] - Browser is closed]]></system-out>
         <system-err><![CDATA[]]></system-err>
      </testcase>
      <testcase name="Test Cases/GGMP/SiveNav/Collision/Headlamps" classname="Test Cases/GGMP/SiveNav/Collision/Headlamps" status="PASSED">
         <system-out><![CDATA[2019-05-21 14:45:44 - [TEST_CASE][PASSED] - Test Cases/GGMP/SiveNav/Collision/Headlamps: Test Cases/GGMP/SiveNav/Collision/Headlamps

2019-05-21 14:45:44 - [TEST_STEP][PASSED] - openBrowser(""): Browser is opened with url: ''

2019-05-21 14:45:44 - [MESSAGE][INFO] - Starting 'Chrome' driver

2019-05-21 14:45:49 - [MESSAGE][PASSED] - Browser is opened with url: ''

2019-05-21 14:45:49 - [TEST_STEP][PASSED] - navigateToUrl("https://www.genuinegmparts.com/"): Navigate to 'https://www.genuinegmparts.com/' successfully

2019-05-21 14:45:52 - [MESSAGE][PASSED] - Navigate to 'https://www.genuinegmparts.com/' successfully

2019-05-21 14:45:52 - [TEST_STEP][PASSED] - click(findTestObject("Object Repository/a_Headlamps  Taillamps")): Object: 'Object Repository/a_Headlamps  Taillamps' is clicked on

2019-05-21 14:45:52 - [MESSAGE][PASSED] - Object: 'Object Repository/a_Headlamps  Taillamps' is clicked on

2019-05-21 14:45:52 - [TEST_STEP][PASSED] - closeBrowser(): Browser is closed

2019-05-21 14:45:53 - [MESSAGE][PASSED] - Browser is closed]]></system-out>
         <system-err><![CDATA[]]></system-err>
      </testcase>
      <testcase name="Test Cases/GGMP/SiveNav/Collision/Interior Parts" classname="Test Cases/GGMP/SiveNav/Collision/Interior Parts" status="PASSED">
         <system-out><![CDATA[2019-05-21 14:45:53 - [TEST_CASE][PASSED] - Test Cases/GGMP/SiveNav/Collision/Interior Parts: Test Cases/GGMP/SiveNav/Collision/Interior Parts

2019-05-21 14:45:53 - [TEST_STEP][PASSED] - openBrowser(""): Browser is opened with url: ''

2019-05-21 14:45:53 - [MESSAGE][INFO] - Starting 'Chrome' driver

2019-05-21 14:45:59 - [MESSAGE][PASSED] - Browser is opened with url: ''

2019-05-21 14:45:59 - [TEST_STEP][PASSED] - navigateToUrl("https://www.genuinegmparts.com/"): Navigate to 'https://www.genuinegmparts.com/' successfully

2019-05-21 14:46:02 - [MESSAGE][PASSED] - Navigate to 'https://www.genuinegmparts.com/' successfully

2019-05-21 14:46:02 - [TEST_STEP][PASSED] - click(findTestObject("Object Repository/a_Interior Parts  Air Bags")): Object: 'Object Repository/a_Interior Parts  Air Bags' is clicked on

2019-05-21 14:46:02 - [MESSAGE][PASSED] - Object: 'Object Repository/a_Interior Parts  Air Bags' is clicked on

2019-05-21 14:46:02 - [TEST_STEP][PASSED] - closeBrowser(): Browser is closed

2019-05-21 14:46:03 - [MESSAGE][PASSED] - Browser is closed]]></system-out>
         <system-err><![CDATA[]]></system-err>
      </testcase>
      <testcase name="Test Cases/GGMP/SiveNav/Collision/Radiators" classname="Test Cases/GGMP/SiveNav/Collision/Radiators" status="PASSED">
         <system-out><![CDATA[2019-05-21 14:46:03 - [TEST_CASE][PASSED] - Test Cases/GGMP/SiveNav/Collision/Radiators: Test Cases/GGMP/SiveNav/Collision/Radiators

2019-05-21 14:46:04 - [TEST_STEP][PASSED] - openBrowser(""): Browser is opened with url: ''

2019-05-21 14:46:04 - [MESSAGE][INFO] - Starting 'Chrome' driver

2019-05-21 14:46:09 - [MESSAGE][PASSED] - Browser is opened with url: ''

2019-05-21 14:46:09 - [TEST_STEP][PASSED] - navigateToUrl("https://www.genuinegmparts.com/"): Navigate to 'https://www.genuinegmparts.com/' successfully

2019-05-21 14:46:13 - [MESSAGE][PASSED] - Navigate to 'https://www.genuinegmparts.com/' successfully

2019-05-21 14:46:13 - [TEST_STEP][PASSED] - click(findTestObject("Object Repository/a_Radiators")): Object: 'Object Repository/a_Radiators' is clicked on

2019-05-21 14:46:13 - [MESSAGE][PASSED] - Object: 'Object Repository/a_Radiators' is clicked on

2019-05-21 14:46:13 - [TEST_STEP][PASSED] - closeBrowser(): Browser is closed

2019-05-21 14:46:14 - [MESSAGE][PASSED] - Browser is closed]]></system-out>
         <system-err><![CDATA[]]></system-err>
      </testcase>
      <testcase name="Test Cases/GGMP/SiveNav/Collision/SheetMetal" classname="Test Cases/GGMP/SiveNav/Collision/SheetMetal" status="PASSED">
         <system-out><![CDATA[2019-05-21 14:46:14 - [TEST_CASE][PASSED] - Test Cases/GGMP/SiveNav/Collision/SheetMetal: Test Cases/GGMP/SiveNav/Collision/SheetMetal

2019-05-21 14:46:14 - [TEST_STEP][PASSED] - openBrowser(""): Browser is opened with url: ''

2019-05-21 14:46:14 - [MESSAGE][INFO] - Starting 'Chrome' driver

2019-05-21 14:46:20 - [MESSAGE][PASSED] - Browser is opened with url: ''

2019-05-21 14:46:20 - [TEST_STEP][PASSED] - maximizeWindow(): Current window maximized

2019-05-21 14:46:22 - [MESSAGE][PASSED] - Current window maximized

2019-05-21 14:46:22 - [TEST_STEP][PASSED] - navigateToUrl("https://www.genuinegmparts.com/"): Navigate to 'https://www.genuinegmparts.com/' successfully

2019-05-21 14:46:25 - [MESSAGE][PASSED] - Navigate to 'https://www.genuinegmparts.com/' successfully

2019-05-21 14:46:25 - [TEST_STEP][PASSED] - click(findTestObject("Object Repository/a_Sheet Metal")): Object: 'Object Repository/a_Sheet Metal' is clicked on

2019-05-21 14:46:25 - [MESSAGE][PASSED] - Object: 'Object Repository/a_Sheet Metal' is clicked on

2019-05-21 14:46:25 - [TEST_STEP][PASSED] - closeBrowser(): Browser is closed

2019-05-21 14:46:26 - [MESSAGE][PASSED] - Browser is closed]]></system-out>
         <system-err><![CDATA[]]></system-err>
      </testcase>
      <testcase name="Test Cases/GGMP/SiveNav/Collision/Structural Parts" classname="Test Cases/GGMP/SiveNav/Collision/Structural Parts" status="PASSED">
         <system-out><![CDATA[2019-05-21 14:46:26 - [TEST_CASE][PASSED] - Test Cases/GGMP/SiveNav/Collision/Structural Parts: Test Cases/GGMP/SiveNav/Collision/Structural Parts

2019-05-21 14:46:26 - [TEST_STEP][PASSED] - openBrowser(""): Browser is opened with url: ''

2019-05-21 14:46:26 - [MESSAGE][INFO] - Starting 'Chrome' driver

2019-05-21 14:46:32 - [MESSAGE][PASSED] - Browser is opened with url: ''

2019-05-21 14:46:32 - [TEST_STEP][PASSED] - navigateToUrl("https://www.genuinegmparts.com/"): Navigate to 'https://www.genuinegmparts.com/' successfully

2019-05-21 14:46:36 - [MESSAGE][PASSED] - Navigate to 'https://www.genuinegmparts.com/' successfully

2019-05-21 14:46:36 - [TEST_STEP][PASSED] - click(findTestObject("Object Repository/a_Structural Parts")): Object: 'Object Repository/a_Structural Parts' is clicked on

2019-05-21 14:46:36 - [MESSAGE][PASSED] - Object: 'Object Repository/a_Structural Parts' is clicked on

2019-05-21 14:46:36 - [TEST_STEP][PASSED] - waitForPageLoad(0): Wait for page load successfully

2019-05-21 14:46:36 - [MESSAGE][WARNING] - Timeout '0' is invalid. Using default page load timeout: '30'

2019-05-21 14:46:36 - [MESSAGE][PASSED] - Wait for page load successfully

2019-05-21 14:46:36 - [TEST_STEP][PASSED] - closeBrowser(): Browser is closed

2019-05-21 14:46:37 - [MESSAGE][PASSED] - Browser is closed]]></system-out>
         <system-err><![CDATA[]]></system-err>
      </testcase>
      <testcase name="Test Cases/GGMP/SiveNav/Collision/Tuch-Up Paint" classname="Test Cases/GGMP/SiveNav/Collision/Tuch-Up Paint" status="PASSED">
         <system-out><![CDATA[2019-05-21 14:46:37 - [TEST_CASE][PASSED] - Test Cases/GGMP/SiveNav/Collision/Tuch-Up Paint: Test Cases/GGMP/SiveNav/Collision/Tuch-Up Paint

2019-05-21 14:46:37 - [TEST_STEP][PASSED] - openBrowser(""): Browser is opened with url: ''

2019-05-21 14:46:37 - [MESSAGE][INFO] - Starting 'Chrome' driver

2019-05-21 14:46:43 - [MESSAGE][PASSED] - Browser is opened with url: ''

2019-05-21 14:46:43 - [TEST_STEP][PASSED] - navigateToUrl("https://www.genuinegmparts.com/"): Navigate to 'https://www.genuinegmparts.com/' successfully

2019-05-21 14:46:47 - [MESSAGE][PASSED] - Navigate to 'https://www.genuinegmparts.com/' successfully

2019-05-21 14:46:47 - [TEST_STEP][PASSED] - click(findTestObject("Object Repository/a_Touch-Up Paint")): Object: 'Object Repository/a_Touch-Up Paint' is clicked on

2019-05-21 14:46:47 - [MESSAGE][PASSED] - Object: 'Object Repository/a_Touch-Up Paint' is clicked on

2019-05-21 14:46:47 - [TEST_STEP][PASSED] - closeBrowser(): Browser is closed

2019-05-21 14:46:48 - [MESSAGE][PASSED] - Browser is closed]]></system-out>
         <system-err><![CDATA[]]></system-err>
      </testcase>
      <testcase name="Test Cases/GGMP/SiveNav/Collision/Wheels" classname="Test Cases/GGMP/SiveNav/Collision/Wheels" status="PASSED">
         <system-out><![CDATA[2019-05-21 14:46:48 - [TEST_CASE][PASSED] - Test Cases/GGMP/SiveNav/Collision/Wheels: Test Cases/GGMP/SiveNav/Collision/Wheels

2019-05-21 14:46:49 - [TEST_STEP][PASSED] - openBrowser(""): Browser is opened with url: ''

2019-05-21 14:46:49 - [MESSAGE][INFO] - Starting 'Chrome' driver

2019-05-21 14:46:54 - [MESSAGE][PASSED] - Browser is opened with url: ''

2019-05-21 14:46:54 - [TEST_STEP][PASSED] - navigateToUrl("https://www.genuinegmparts.com/"): Navigate to 'https://www.genuinegmparts.com/' successfully

2019-05-21 14:46:58 - [MESSAGE][PASSED] - Navigate to 'https://www.genuinegmparts.com/' successfully

2019-05-21 14:46:58 - [TEST_STEP][PASSED] - click(findTestObject("Object Repository/a_Wheels")): Object: 'Object Repository/a_Wheels' is clicked on

2019-05-21 14:46:58 - [MESSAGE][PASSED] - Object: 'Object Repository/a_Wheels' is clicked on

2019-05-21 14:46:58 - [TEST_STEP][PASSED] - closeBrowser(): Browser is closed

2019-05-21 14:46:59 - [MESSAGE][PASSED] - Browser is closed]]></system-out>
         <system-err><![CDATA[]]></system-err>
      </testcase>
      <testcase name="Test Cases/GGMP/SiveNav/Powertrain/Engine Components" classname="Test Cases/GGMP/SiveNav/Powertrain/Engine Components" status="PASSED">
         <system-out><![CDATA[2019-05-21 14:46:59 - [TEST_CASE][PASSED] - Test Cases/GGMP/SiveNav/Powertrain/Engine Components: Test Cases/GGMP/SiveNav/Powertrain/Engine Components

2019-05-21 14:46:59 - [TEST_STEP][PASSED] - openBrowser(""): Browser is opened with url: ''

2019-05-21 14:46:59 - [MESSAGE][INFO] - Starting 'Chrome' driver

2019-05-21 14:47:05 - [MESSAGE][PASSED] - Browser is opened with url: ''

2019-05-21 14:47:05 - [TEST_STEP][PASSED] - navigateToUrl("https://www.genuinegmparts.com/"): Navigate to 'https://www.genuinegmparts.com/' successfully

2019-05-21 14:47:08 - [MESSAGE][PASSED] - Navigate to 'https://www.genuinegmparts.com/' successfully

2019-05-21 14:47:08 - [TEST_STEP][PASSED] - click(findTestObject("Object Repository/a_Engine Components")): Object: 'Object Repository/a_Engine Components' is clicked on

2019-05-21 14:47:09 - [MESSAGE][PASSED] - Object: 'Object Repository/a_Engine Components' is clicked on

2019-05-21 14:47:09 - [TEST_STEP][PASSED] - closeBrowser(): Browser is closed

2019-05-21 14:47:09 - [MESSAGE][PASSED] - Browser is closed]]></system-out>
         <system-err><![CDATA[]]></system-err>
      </testcase>
      <testcase name="Test Cases/GGMP/SiveNav/Powertrain/Engines" classname="Test Cases/GGMP/SiveNav/Powertrain/Engines" status="PASSED">
         <system-out><![CDATA[2019-05-21 14:47:09 - [TEST_CASE][PASSED] - Test Cases/GGMP/SiveNav/Powertrain/Engines: Test Cases/GGMP/SiveNav/Powertrain/Engines

2019-05-21 14:47:10 - [TEST_STEP][PASSED] - openBrowser(""): Browser is opened with url: ''

2019-05-21 14:47:10 - [MESSAGE][INFO] - Starting 'Chrome' driver

2019-05-21 14:47:15 - [MESSAGE][PASSED] - Browser is opened with url: ''

2019-05-21 14:47:15 - [TEST_STEP][PASSED] - navigateToUrl("https://www.genuinegmparts.com/"): Navigate to 'https://www.genuinegmparts.com/' successfully

2019-05-21 14:47:19 - [MESSAGE][PASSED] - Navigate to 'https://www.genuinegmparts.com/' successfully

2019-05-21 14:47:19 - [TEST_STEP][PASSED] - click(findTestObject("Object Repository/a_Engines")): Object: 'Object Repository/a_Engines' is clicked on

2019-05-21 14:47:20 - [MESSAGE][PASSED] - Object: 'Object Repository/a_Engines' is clicked on

2019-05-21 14:47:20 - [TEST_STEP][PASSED] - closeBrowser(): Browser is closed

2019-05-21 14:47:20 - [MESSAGE][PASSED] - Browser is closed]]></system-out>
         <system-err><![CDATA[]]></system-err>
      </testcase>
      <testcase name="Test Cases/GGMP/SiveNav/Powertrain/Transmission Components" classname="Test Cases/GGMP/SiveNav/Powertrain/Transmission Components" status="PASSED">
         <system-out><![CDATA[2019-05-21 14:47:20 - [TEST_CASE][PASSED] - Test Cases/GGMP/SiveNav/Powertrain/Transmission Components: Test Cases/GGMP/SiveNav/Powertrain/Transmission Components

2019-05-21 14:47:21 - [TEST_STEP][PASSED] - openBrowser(""): Browser is opened with url: ''

2019-05-21 14:47:21 - [MESSAGE][INFO] - Starting 'Chrome' driver

2019-05-21 14:47:26 - [MESSAGE][PASSED] - Browser is opened with url: ''

2019-05-21 14:47:26 - [TEST_STEP][PASSED] - navigateToUrl("https://www.genuinegmparts.com/"): Navigate to 'https://www.genuinegmparts.com/' successfully

2019-05-21 14:47:30 - [MESSAGE][PASSED] - Navigate to 'https://www.genuinegmparts.com/' successfully

2019-05-21 14:47:30 - [TEST_STEP][PASSED] - click(findTestObject("Object Repository/a_Transmission Components")): Object: 'Object Repository/a_Transmission Components' is clicked on

2019-05-21 14:47:30 - [MESSAGE][PASSED] - Object: 'Object Repository/a_Transmission Components' is clicked on

2019-05-21 14:47:30 - [TEST_STEP][PASSED] - closeBrowser(): Browser is closed

2019-05-21 14:47:31 - [MESSAGE][PASSED] - Browser is closed]]></system-out>
         <system-err><![CDATA[]]></system-err>
      </testcase>
      <testcase name="Test Cases/GGMP/SiveNav/Powertrain/Transmission" classname="Test Cases/GGMP/SiveNav/Powertrain/Transmission" status="PASSED">
         <system-out><![CDATA[2019-05-21 14:47:31 - [TEST_CASE][PASSED] - Test Cases/GGMP/SiveNav/Powertrain/Transmission: Test Cases/GGMP/SiveNav/Powertrain/Transmission

2019-05-21 14:47:31 - [TEST_STEP][PASSED] - openBrowser(""): Browser is opened with url: ''

2019-05-21 14:47:31 - [MESSAGE][INFO] - Starting 'Chrome' driver

2019-05-21 14:47:37 - [MESSAGE][PASSED] - Browser is opened with url: ''

2019-05-21 14:47:37 - [TEST_STEP][PASSED] - navigateToUrl("https://www.genuinegmparts.com/"): Navigate to 'https://www.genuinegmparts.com/' successfully

2019-05-21 14:47:40 - [MESSAGE][PASSED] - Navigate to 'https://www.genuinegmparts.com/' successfully

2019-05-21 14:47:40 - [TEST_STEP][PASSED] - click(findTestObject("Object Repository/a_Transmissions  Transfer Cases")): Object: 'Object Repository/a_Transmissions  Transfer Cases' is clicked on

2019-05-21 14:47:41 - [MESSAGE][PASSED] - Object: 'Object Repository/a_Transmissions  Transfer Cases' is clicked on

2019-05-21 14:47:41 - [TEST_STEP][PASSED] - closeBrowser(): Browser is closed

2019-05-21 14:47:42 - [MESSAGE][PASSED] - Browser is closed]]></system-out>
         <system-err><![CDATA[]]></system-err>
      </testcase>
      <system-out><![CDATA[2019-05-21 14:45:30 - [TEST_SUITE][PASSED] - Sivenav: Test Cases/GGMP/SiveNav/Powertrain/Transmission]]></system-out>
      <system-err><![CDATA[]]></system-err>
   </testsuite>
</testsuites>
