<?xml version="1.0" encoding="UTF-8"?>
<testsuites name="Tests" time="1374" tests="69" failures="0" errors="0">
   <testsuite name="Tests" tests="69" failures="0" errors="0" time="1374" timestamp="2019-05-30 13:54:34" hostname="adrian.dobre - BCHOPT-NW100219.emea.corp.ipgnetwork.com" id="Test Suites/GGMP/Tests">
      <properties>
         <property name="deviceName" value=""/>
         <property name="devicePlatform" value=""/>
         <property name="logFolder" value="C:\\Users\\adrian.dobre\\Katalon Studio\\Genuine GM Parts\\Reports\\GGMP\\Tests\\20190530_135429"/>
         <property name="logFiles" value="C:\\Users\\adrian.dobre\\Katalon Studio\\Genuine GM Parts\\Reports\\GGMP\\Tests\\20190530_135429\\execution0.log"/>
         <property name="attachments" value=""/>
         <property name="hostName" value="adrian.dobre - BCHOPT-NW100219.emea.corp.ipgnetwork.com"/>
         <property name="os" value="Windows 10 64bit"/>
         <property name="katalonVersion" value="6.1.4.1"/>
         <property name="browser" value="Chrome 74.0.3729.169"/>
         <property name="hostAddress" value="10.69.196.168"/>
         <property name="sessionId" value="7fa73f0d12a8fabd46d765a360a23da6"/>
         <property name="seleniumVersion" value="3.7.1"/>
         <property name="proxyInformation" value="ProxyInformation{proxyOption=NO_PROXY, proxyServerType=HTTP, password=, proxyServerAddress=, proxyServerPort=0}"/>
         <property name="platform" value="Windows 10"/>
      </properties>
      <testcase name="Test Cases/GGMP/GlobalNav/Collision/Cadillac Repair Network" classname="Test Cases/GGMP/GlobalNav/Collision/Cadillac Repair Network" status="PASSED">
         <system-out><![CDATA[2019-05-30 13:54:34 - [TEST_CASE][PASSED] - Test Cases/GGMP/GlobalNav/Collision/Cadillac Repair Network: Test Cases/GGMP/GlobalNav/Collision/Cadillac Repair Network

2019-05-30 13:54:35 - [TEST_STEP][PASSED] - openBrowser(""): Browser is opened with url: ''

2019-05-30 13:54:35 - [MESSAGE][INFO] - Starting 'Chrome' driver

2019-05-30 13:54:35 - [MESSAGE][INFO] - Action delay is set to 0 seconds

2019-05-30 13:54:43 - [MESSAGE][PASSED] - Browser is opened with url: ''

2019-05-30 13:54:43 - [TEST_STEP][PASSED] - maximizeWindow(): Current window maximized

2019-05-30 13:54:44 - [MESSAGE][PASSED] - Current window maximized

2019-05-30 13:54:44 - [TEST_STEP][PASSED] - navigateToUrl("https://www.genuinegmparts.com/"): Navigate to 'https://www.genuinegmparts.com/' successfully

2019-05-30 13:54:48 - [MESSAGE][PASSED] - Navigate to 'https://www.genuinegmparts.com/' successfully

2019-05-30 13:54:48 - [TEST_STEP][PASSED] - click(findTestObject("Object Repository/Global Nav/Collision/Cadillac Repair Network/li_Collision")): Object: 'Object Repository/Global Nav/Collision/Cadillac Repair Network/li_Collision' is clicked on

2019-05-30 13:54:48 - [MESSAGE][PASSED] - Object: 'Object Repository/Global Nav/Collision/Cadillac Repair Network/li_Collision' is clicked on

2019-05-30 13:54:48 - [TEST_STEP][PASSED] - click(findTestObject("Object Repository/Global Nav/Collision/Cadillac Repair Network/a_Cadillac Aluminum Repair Network")): Object: 'Object Repository/Global Nav/Collision/Cadillac Repair Network/a_Cadillac Aluminum Repair Network' is clicked on

2019-05-30 13:54:50 - [MESSAGE][PASSED] - Object: 'Object Repository/Global Nav/Collision/Cadillac Repair Network/a_Cadillac Aluminum Repair Network' is clicked on

2019-05-30 13:54:50 - [TEST_STEP][PASSED] - delay(2): Delayed 2 second(s)

2019-05-30 13:54:52 - [MESSAGE][PASSED] - Delayed 2 second(s)

2019-05-30 13:54:52 - [TEST_STEP][PASSED] - verifyElementText(findTestObject("Object Repository/Global Nav/Collision/Cadillac Repair Network/h1_Cadillac Aluminum Repair Network"), "Cadillac Aluminum Repair Network"): Actual text and expected text of test object 'Object Repository/Global Nav/Collision/Cadillac Repair Network/h1_Cadillac Aluminum Repair Network' are matched.

2019-05-30 13:54:52 - [MESSAGE][PASSED] - Actual text and expected text of test object 'Object Repository/Global Nav/Collision/Cadillac Repair Network/h1_Cadillac Aluminum Repair Network' are matched.

2019-05-30 13:54:52 - [TEST_STEP][PASSED] - closeBrowser(): Browser is closed

2019-05-30 13:54:53 - [MESSAGE][PASSED] - Browser is closed]]></system-out>
         <system-err><![CDATA[]]></system-err>
      </testcase>
      <testcase name="Test Cases/GGMP/GlobalNav/Collision/Collision Parts" classname="Test Cases/GGMP/GlobalNav/Collision/Collision Parts" status="PASSED">
         <system-out><![CDATA[2019-05-30 13:54:53 - [TEST_CASE][PASSED] - Test Cases/GGMP/GlobalNav/Collision/Collision Parts: Test Cases/GGMP/GlobalNav/Collision/Collision Parts

2019-05-30 13:54:54 - [TEST_STEP][PASSED] - openBrowser(""): Browser is opened with url: ''

2019-05-30 13:54:54 - [MESSAGE][INFO] - Starting 'Chrome' driver

2019-05-30 13:55:00 - [MESSAGE][PASSED] - Browser is opened with url: ''

2019-05-30 13:55:00 - [TEST_STEP][PASSED] - maximizeWindow(): Current window maximized

2019-05-30 13:55:01 - [MESSAGE][PASSED] - Current window maximized

2019-05-30 13:55:01 - [TEST_STEP][PASSED] - navigateToUrl("https://www.genuinegmparts.com/"): Navigate to 'https://www.genuinegmparts.com/' successfully

2019-05-30 13:55:05 - [MESSAGE][PASSED] - Navigate to 'https://www.genuinegmparts.com/' successfully

2019-05-30 13:55:05 - [TEST_STEP][PASSED] - click(findTestObject("Global Nav/Collision/Collision Parts/li_Collision")): Object: 'Object Repository/Global Nav/Collision/Collision Parts/li_Collision' is clicked on

2019-05-30 13:55:05 - [MESSAGE][PASSED] - Object: 'Object Repository/Global Nav/Collision/Collision Parts/li_Collision' is clicked on

2019-05-30 13:55:05 - [TEST_STEP][PASSED] - click(findTestObject("Global Nav/Collision/Collision Parts/span_Collision parts")): Object: 'Object Repository/Global Nav/Collision/Collision Parts/span_Collision parts' is clicked on

2019-05-30 13:55:06 - [MESSAGE][PASSED] - Object: 'Object Repository/Global Nav/Collision/Collision Parts/span_Collision parts' is clicked on

2019-05-30 13:55:06 - [TEST_STEP][PASSED] - delay(2): Delayed 2 second(s)

2019-05-30 13:55:08 - [MESSAGE][PASSED] - Delayed 2 second(s)

2019-05-30 13:55:08 - [TEST_STEP][PASSED] - verifyElementText(findTestObject("Global Nav/Collision/Collision Parts/h2_You might not know the difference but the difference is worth knowing"), "You might not know the difference, but the difference is worth knowing."): Actual text and expected text of test object 'Object Repository/Global Nav/Collision/Collision Parts/h2_You might not know the difference but the difference is worth knowing' are matched.

2019-05-30 13:55:08 - [MESSAGE][PASSED] - Actual text and expected text of test object 'Object Repository/Global Nav/Collision/Collision Parts/h2_You might not know the difference but the difference is worth knowing' are matched.

2019-05-30 13:55:08 - [TEST_STEP][PASSED] - closeBrowser(): Browser is closed

2019-05-30 13:55:09 - [MESSAGE][PASSED] - Browser is closed]]></system-out>
         <system-err><![CDATA[]]></system-err>
      </testcase>
      <testcase name="Test Cases/GGMP/GlobalNav/Collision/Collision Repair Manuals" classname="Test Cases/GGMP/GlobalNav/Collision/Collision Repair Manuals" status="PASSED">
         <system-out><![CDATA[2019-05-30 13:55:09 - [TEST_CASE][PASSED] - Test Cases/GGMP/GlobalNav/Collision/Collision Repair Manuals: Test Cases/GGMP/GlobalNav/Collision/Collision Repair Manuals

2019-05-30 13:55:10 - [TEST_STEP][PASSED] - openBrowser(""): Browser is opened with url: ''

2019-05-30 13:55:10 - [MESSAGE][INFO] - Starting 'Chrome' driver

2019-05-30 13:55:16 - [MESSAGE][PASSED] - Browser is opened with url: ''

2019-05-30 13:55:16 - [TEST_STEP][PASSED] - maximizeWindow(): Current window maximized

2019-05-30 13:55:17 - [MESSAGE][PASSED] - Current window maximized

2019-05-30 13:55:17 - [TEST_STEP][PASSED] - navigateToUrl("https://www.genuinegmparts.com/"): Navigate to 'https://www.genuinegmparts.com/' successfully

2019-05-30 13:55:20 - [MESSAGE][PASSED] - Navigate to 'https://www.genuinegmparts.com/' successfully

2019-05-30 13:55:20 - [TEST_STEP][PASSED] - click(findTestObject("Object Repository/Global Nav/Collision/Collision Repair Manuals/li_Collision")): Object: 'Object Repository/Global Nav/Collision/Collision Repair Manuals/li_Collision' is clicked on

2019-05-30 13:55:21 - [MESSAGE][PASSED] - Object: 'Object Repository/Global Nav/Collision/Collision Repair Manuals/li_Collision' is clicked on

2019-05-30 13:55:21 - [TEST_STEP][PASSED] - click(findTestObject("Object Repository/Global Nav/Collision/Collision Repair Manuals/a_Collision Repair Manuals")): Object: 'Object Repository/Global Nav/Collision/Collision Repair Manuals/a_Collision Repair Manuals' is clicked on

2019-05-30 13:55:22 - [MESSAGE][PASSED] - Object: 'Object Repository/Global Nav/Collision/Collision Repair Manuals/a_Collision Repair Manuals' is clicked on

2019-05-30 13:55:22 - [TEST_STEP][PASSED] - delay(2): Delayed 2 second(s)

2019-05-30 13:55:24 - [MESSAGE][PASSED] - Delayed 2 second(s)

2019-05-30 13:55:24 - [TEST_STEP][PASSED] - verifyElementText(findTestObject("Global Nav/Collision/Collision Repair Manuals/h1_Collision repair manuals for GM vehicles"), "Collision repair manuals for GM vehicles"): Actual text and expected text of test object 'Object Repository/Global Nav/Collision/Collision Repair Manuals/h1_Collision repair manuals for GM vehicles' are matched.

2019-05-30 13:55:24 - [MESSAGE][PASSED] - Actual text and expected text of test object 'Object Repository/Global Nav/Collision/Collision Repair Manuals/h1_Collision repair manuals for GM vehicles' are matched.

2019-05-30 13:55:24 - [TEST_STEP][PASSED] - closeBrowser(): Browser is closed

2019-05-30 13:55:25 - [MESSAGE][PASSED] - Browser is closed]]></system-out>
         <system-err><![CDATA[]]></system-err>
      </testcase>
      <testcase name="Test Cases/GGMP/GlobalNav/Collision/Collision Repair Network" classname="Test Cases/GGMP/GlobalNav/Collision/Collision Repair Network" status="PASSED">
         <system-out><![CDATA[2019-05-30 13:55:25 - [TEST_CASE][PASSED] - Test Cases/GGMP/GlobalNav/Collision/Collision Repair Network: Test Cases/GGMP/GlobalNav/Collision/Collision Repair Network

2019-05-30 13:55:25 - [TEST_STEP][PASSED] - openBrowser(""): Browser is opened with url: ''

2019-05-30 13:55:25 - [MESSAGE][INFO] - Starting 'Chrome' driver

2019-05-30 13:55:31 - [MESSAGE][PASSED] - Browser is opened with url: ''

2019-05-30 13:55:31 - [TEST_STEP][PASSED] - maximizeWindow(): Current window maximized

2019-05-30 13:55:32 - [MESSAGE][PASSED] - Current window maximized

2019-05-30 13:55:32 - [TEST_STEP][PASSED] - navigateToUrl("https://www.genuinegmparts.com/"): Navigate to 'https://www.genuinegmparts.com/' successfully

2019-05-30 13:55:36 - [MESSAGE][PASSED] - Navigate to 'https://www.genuinegmparts.com/' successfully

2019-05-30 13:55:36 - [TEST_STEP][PASSED] - click(findTestObject("Object Repository/Global Nav/Collision/Collision Repair Network/li_Collision")): Object: 'Object Repository/Global Nav/Collision/Collision Repair Network/li_Collision' is clicked on

2019-05-30 13:55:36 - [MESSAGE][PASSED] - Object: 'Object Repository/Global Nav/Collision/Collision Repair Network/li_Collision' is clicked on

2019-05-30 13:55:36 - [TEST_STEP][PASSED] - click(findTestObject("Object Repository/Global Nav/Collision/Collision Repair Network/a_Collision Repair Network")): Object: 'Object Repository/Global Nav/Collision/Collision Repair Network/a_Collision Repair Network' is clicked on

2019-05-30 13:55:39 - [MESSAGE][PASSED] - Object: 'Object Repository/Global Nav/Collision/Collision Repair Network/a_Collision Repair Network' is clicked on

2019-05-30 13:55:39 - [TEST_STEP][PASSED] - delay(2): Delayed 2 second(s)

2019-05-30 13:55:41 - [MESSAGE][PASSED] - Delayed 2 second(s)

2019-05-30 13:55:41 - [TEST_STEP][PASSED] - verifyElementText(findTestObject("Global Nav/Collision/Collision Repair Network/h2_Enroll Today"), "Enroll Today"): Actual text and expected text of test object 'Object Repository/Global Nav/Collision/Collision Repair Network/h2_Enroll Today' are matched.

2019-05-30 13:55:41 - [MESSAGE][PASSED] - Actual text and expected text of test object 'Object Repository/Global Nav/Collision/Collision Repair Network/h2_Enroll Today' are matched.

2019-05-30 13:55:41 - [TEST_STEP][PASSED] - click(findTestObject("Object Repository/Global Nav/Collision/Collision Repair Network/button_ENROLL NOW")): Object: 'Object Repository/Global Nav/Collision/Collision Repair Network/button_ENROLL NOW' is clicked on

2019-05-30 13:55:41 - [MESSAGE][PASSED] - Object: 'Object Repository/Global Nav/Collision/Collision Repair Network/button_ENROLL NOW' is clicked on

2019-05-30 13:55:41 - [TEST_STEP][PASSED] - closeBrowser(): Browser is closed

2019-05-30 13:55:42 - [MESSAGE][PASSED] - Browser is closed]]></system-out>
         <system-err><![CDATA[]]></system-err>
      </testcase>
      <testcase name="Test Cases/GGMP/GlobalNav/Collision/My GM Partner Perks" classname="Test Cases/GGMP/GlobalNav/Collision/My GM Partner Perks" status="PASSED">
         <system-out><![CDATA[2019-05-30 13:55:42 - [TEST_CASE][PASSED] - Test Cases/GGMP/GlobalNav/Collision/My GM Partner Perks: Test Cases/GGMP/GlobalNav/Collision/My GM Partner Perks

2019-05-30 13:55:42 - [TEST_STEP][PASSED] - openBrowser(""): Browser is opened with url: ''

2019-05-30 13:55:42 - [MESSAGE][INFO] - Starting 'Chrome' driver

2019-05-30 13:55:48 - [MESSAGE][PASSED] - Browser is opened with url: ''

2019-05-30 13:55:48 - [TEST_STEP][PASSED] - maximizeWindow(): Current window maximized

2019-05-30 13:55:49 - [MESSAGE][PASSED] - Current window maximized

2019-05-30 13:55:49 - [TEST_STEP][PASSED] - navigateToUrl("https://www.genuinegmparts.com/"): Navigate to 'https://www.genuinegmparts.com/' successfully

2019-05-30 13:55:53 - [MESSAGE][PASSED] - Navigate to 'https://www.genuinegmparts.com/' successfully

2019-05-30 13:55:53 - [TEST_STEP][PASSED] - click(findTestObject("Object Repository/Global Nav/Collision/My GM Partner Perks/li_Collision")): Object: 'Object Repository/Global Nav/Collision/My GM Partner Perks/li_Collision' is clicked on

2019-05-30 13:55:53 - [MESSAGE][PASSED] - Object: 'Object Repository/Global Nav/Collision/My GM Partner Perks/li_Collision' is clicked on

2019-05-30 13:55:53 - [TEST_STEP][PASSED] - click(findTestObject("Object Repository/Global Nav/Collision/My GM Partner Perks/a_My GM Partner Perks")): Object: 'Object Repository/Global Nav/Collision/My GM Partner Perks/a_My GM Partner Perks' is clicked on

2019-05-30 13:55:56 - [MESSAGE][PASSED] - Object: 'Object Repository/Global Nav/Collision/My GM Partner Perks/a_My GM Partner Perks' is clicked on

2019-05-30 13:55:56 - [TEST_STEP][PASSED] - delay(2): Delayed 2 second(s)

2019-05-30 13:55:58 - [MESSAGE][PASSED] - Delayed 2 second(s)

2019-05-30 13:55:58 - [TEST_STEP][PASSED] - verifyElementText(findTestObject("Global Nav/Collision/My GM Partner Perks/font_MY GM PARTNER PERKS"), "MY GM PARTNER PERKS"): Actual text and expected text of test object 'Object Repository/Global Nav/Collision/My GM Partner Perks/font_MY GM PARTNER PERKS' are matched.

2019-05-30 13:55:58 - [MESSAGE][PASSED] - Actual text and expected text of test object 'Object Repository/Global Nav/Collision/My GM Partner Perks/font_MY GM PARTNER PERKS' are matched.

2019-05-30 13:55:58 - [TEST_STEP][PASSED] - closeBrowser(): Browser is closed

2019-05-30 13:55:59 - [MESSAGE][PASSED] - Browser is closed]]></system-out>
         <system-err><![CDATA[]]></system-err>
      </testcase>
      <testcase name="Test Cases/GGMP/GlobalNav/Collision/Position Statement" classname="Test Cases/GGMP/GlobalNav/Collision/Position Statement" status="PASSED">
         <system-out><![CDATA[2019-05-30 13:55:59 - [TEST_CASE][PASSED] - Test Cases/GGMP/GlobalNav/Collision/Position Statement: Test Cases/GGMP/GlobalNav/Collision/Position Statement

2019-05-30 13:56:00 - [TEST_STEP][PASSED] - openBrowser(""): Browser is opened with url: ''

2019-05-30 13:56:00 - [MESSAGE][INFO] - Starting 'Chrome' driver

2019-05-30 13:56:05 - [MESSAGE][PASSED] - Browser is opened with url: ''

2019-05-30 13:56:05 - [TEST_STEP][PASSED] - maximizeWindow(): Current window maximized

2019-05-30 13:56:07 - [MESSAGE][PASSED] - Current window maximized

2019-05-30 13:56:07 - [TEST_STEP][PASSED] - navigateToUrl("https://www.genuinegmparts.com/"): Navigate to 'https://www.genuinegmparts.com/' successfully

2019-05-30 13:56:11 - [MESSAGE][PASSED] - Navigate to 'https://www.genuinegmparts.com/' successfully

2019-05-30 13:56:11 - [TEST_STEP][PASSED] - click(findTestObject("Object Repository/Global Nav/Collision/Position Statement/li_Collision")): Object: 'Object Repository/Global Nav/Collision/Position Statement/li_Collision' is clicked on

2019-05-30 13:56:11 - [MESSAGE][PASSED] - Object: 'Object Repository/Global Nav/Collision/Position Statement/li_Collision' is clicked on

2019-05-30 13:56:11 - [TEST_STEP][PASSED] - click(findTestObject("Object Repository/Global Nav/Collision/Position Statement/a_Position Statements")): Object: 'Object Repository/Global Nav/Collision/Position Statement/a_Position Statements' is clicked on

2019-05-30 13:56:13 - [MESSAGE][PASSED] - Object: 'Object Repository/Global Nav/Collision/Position Statement/a_Position Statements' is clicked on

2019-05-30 13:56:13 - [TEST_STEP][PASSED] - delay(2): Delayed 2 second(s)

2019-05-30 13:56:15 - [MESSAGE][PASSED] - Delayed 2 second(s)

2019-05-30 13:56:15 - [TEST_STEP][PASSED] - verifyElementText(findTestObject("Global Nav/Collision/Position Statement/h1_Position statements"), "Position statements"): Actual text and expected text of test object 'Object Repository/Global Nav/Collision/Position Statement/h1_Position statements' are matched.

2019-05-30 13:56:15 - [MESSAGE][PASSED] - Actual text and expected text of test object 'Object Repository/Global Nav/Collision/Position Statement/h1_Position statements' are matched.

2019-05-30 13:56:15 - [TEST_STEP][PASSED] - closeBrowser(): Browser is closed

2019-05-30 13:56:16 - [MESSAGE][PASSED] - Browser is closed]]></system-out>
         <system-err><![CDATA[]]></system-err>
      </testcase>
      <testcase name="Test Cases/GGMP/GlobalNav/Collision/Programs and Offers" classname="Test Cases/GGMP/GlobalNav/Collision/Programs and Offers" status="PASSED">
         <system-out><![CDATA[2019-05-30 13:56:16 - [TEST_CASE][PASSED] - Test Cases/GGMP/GlobalNav/Collision/Programs and Offers: Test Cases/GGMP/GlobalNav/Collision/Programs and Offers

2019-05-30 13:56:16 - [TEST_STEP][PASSED] - openBrowser(""): Browser is opened with url: ''

2019-05-30 13:56:16 - [MESSAGE][INFO] - Starting 'Chrome' driver

2019-05-30 13:56:22 - [MESSAGE][PASSED] - Browser is opened with url: ''

2019-05-30 13:56:22 - [TEST_STEP][PASSED] - maximizeWindow(): Current window maximized

2019-05-30 13:56:23 - [MESSAGE][PASSED] - Current window maximized

2019-05-30 13:56:23 - [TEST_STEP][PASSED] - navigateToUrl("https://www.genuinegmparts.com/"): Navigate to 'https://www.genuinegmparts.com/' successfully

2019-05-30 13:56:26 - [MESSAGE][PASSED] - Navigate to 'https://www.genuinegmparts.com/' successfully

2019-05-30 13:56:26 - [TEST_STEP][PASSED] - click(findTestObject("Object Repository/Global Nav/Collision/Programs and Offers/li_Collision")): Object: 'Object Repository/Global Nav/Collision/Programs and Offers/li_Collision' is clicked on

2019-05-30 13:56:26 - [MESSAGE][PASSED] - Object: 'Object Repository/Global Nav/Collision/Programs and Offers/li_Collision' is clicked on

2019-05-30 13:56:26 - [TEST_STEP][PASSED] - click(findTestObject("Object Repository/Global Nav/Collision/Programs and Offers/a_Programs  Offers")): Object: 'Object Repository/Global Nav/Collision/Programs and Offers/a_Programs  Offers' is clicked on

2019-05-30 13:56:29 - [MESSAGE][PASSED] - Object: 'Object Repository/Global Nav/Collision/Programs and Offers/a_Programs  Offers' is clicked on

2019-05-30 13:56:29 - [TEST_STEP][PASSED] - click(findTestObject("Object Repository/Global Nav/Collision/Programs and Offers/a_concat(id(  ttpopclose1  ))_ttpopclose1")): Object: 'Object Repository/Global Nav/Collision/Programs and Offers/a_concat(id(  ttpopclose1  ))_ttpopclose1' is clicked on

2019-05-30 13:56:30 - [MESSAGE][PASSED] - Object: 'Object Repository/Global Nav/Collision/Programs and Offers/a_concat(id(  ttpopclose1  ))_ttpopclose1' is clicked on

2019-05-30 13:56:30 - [TEST_STEP][PASSED] - delay(2): Delayed 2 second(s)

2019-05-30 13:56:32 - [MESSAGE][PASSED] - Delayed 2 second(s)

2019-05-30 13:56:32 - [TEST_STEP][PASSED] - verifyElementText(findTestObject("Global Nav/Collision/Programs and Offers/p_Shops that choose 100 GM Genuine Parts can earn rewards and help get the job done right the first time"), "Shops that choose 100% GM Genuine Parts can earn rewards and help get the job done right the first time."): Actual text and expected text of test object 'Object Repository/Global Nav/Collision/Programs and Offers/p_Shops that choose 100 GM Genuine Parts can earn rewards and help get the job done right the first time' are matched.

2019-05-30 13:56:32 - [MESSAGE][PASSED] - Actual text and expected text of test object 'Object Repository/Global Nav/Collision/Programs and Offers/p_Shops that choose 100 GM Genuine Parts can earn rewards and help get the job done right the first time' are matched.

2019-05-30 13:56:32 - [TEST_STEP][PASSED] - closeBrowser(): Browser is closed

2019-05-30 13:56:33 - [MESSAGE][PASSED] - Browser is closed]]></system-out>
         <system-err><![CDATA[]]></system-err>
      </testcase>
      <testcase name="Test Cases/GGMP/GlobalNav/Collision/Technical Documents" classname="Test Cases/GGMP/GlobalNav/Collision/Technical Documents" status="PASSED">
         <system-out><![CDATA[2019-05-30 13:56:33 - [TEST_CASE][PASSED] - Test Cases/GGMP/GlobalNav/Collision/Technical Documents: Test Cases/GGMP/GlobalNav/Collision/Technical Documents

2019-05-30 13:56:34 - [TEST_STEP][PASSED] - openBrowser(""): Browser is opened with url: ''

2019-05-30 13:56:34 - [MESSAGE][INFO] - Starting 'Chrome' driver

2019-05-30 13:56:41 - [MESSAGE][PASSED] - Browser is opened with url: ''

2019-05-30 13:56:41 - [TEST_STEP][PASSED] - maximizeWindow(): Current window maximized

2019-05-30 13:56:42 - [MESSAGE][PASSED] - Current window maximized

2019-05-30 13:56:42 - [TEST_STEP][PASSED] - navigateToUrl("https://www.genuinegmparts.com/"): Navigate to 'https://www.genuinegmparts.com/' successfully

2019-05-30 13:56:45 - [MESSAGE][PASSED] - Navigate to 'https://www.genuinegmparts.com/' successfully

2019-05-30 13:56:45 - [TEST_STEP][PASSED] - click(findTestObject("Object Repository/Global Nav/Collision/Technical Documents/li_Collision")): Object: 'Object Repository/Global Nav/Collision/Technical Documents/li_Collision' is clicked on

2019-05-30 13:56:46 - [MESSAGE][PASSED] - Object: 'Object Repository/Global Nav/Collision/Technical Documents/li_Collision' is clicked on

2019-05-30 13:56:46 - [TEST_STEP][PASSED] - click(findTestObject("Object Repository/Global Nav/Collision/Technical Documents/a_Technical Documents")): Object: 'Object Repository/Global Nav/Collision/Technical Documents/a_Technical Documents' is clicked on

2019-05-30 13:56:49 - [MESSAGE][PASSED] - Object: 'Object Repository/Global Nav/Collision/Technical Documents/a_Technical Documents' is clicked on

2019-05-30 13:56:49 - [TEST_STEP][PASSED] - delay(2): Delayed 2 second(s)

2019-05-30 13:56:51 - [MESSAGE][PASSED] - Delayed 2 second(s)

2019-05-30 13:56:51 - [TEST_STEP][PASSED] - verifyElementText(findTestObject("Global Nav/Collision/Technical Documents/h1_Technical documents"), "Technical documents"): Actual text and expected text of test object 'Object Repository/Global Nav/Collision/Technical Documents/h1_Technical documents' are matched.

2019-05-30 13:56:51 - [MESSAGE][PASSED] - Actual text and expected text of test object 'Object Repository/Global Nav/Collision/Technical Documents/h1_Technical documents' are matched.

2019-05-30 13:56:51 - [TEST_STEP][PASSED] - click(findTestObject("Object Repository/Global Nav/Collision/Technical Documents/button_Position Statements")): Object: 'Object Repository/Global Nav/Collision/Technical Documents/button_Position Statements' is clicked on

2019-05-30 13:56:51 - [MESSAGE][PASSED] - Object: 'Object Repository/Global Nav/Collision/Technical Documents/button_Position Statements' is clicked on

2019-05-30 13:56:51 - [TEST_STEP][PASSED] - delay(2): Delayed 2 second(s)

2019-05-30 13:56:53 - [MESSAGE][PASSED] - Delayed 2 second(s)

2019-05-30 13:56:53 - [TEST_STEP][PASSED] - verifyElementText(findTestObject("Global Nav/Collision/Technical Documents/h1_Position statements"), "Position statements"): Actual text and expected text of test object 'Object Repository/Global Nav/Collision/Technical Documents/h1_Position statements' are matched.

2019-05-30 13:56:54 - [MESSAGE][PASSED] - Actual text and expected text of test object 'Object Repository/Global Nav/Collision/Technical Documents/h1_Position statements' are matched.

2019-05-30 13:56:54 - [TEST_STEP][PASSED] - closeBrowser(): Browser is closed

2019-05-30 13:56:55 - [MESSAGE][PASSED] - Browser is closed]]></system-out>
         <system-err><![CDATA[]]></system-err>
      </testcase>
      <testcase name="Test Cases/GGMP/GlobalNav/Collision/The Genuine Difference" classname="Test Cases/GGMP/GlobalNav/Collision/The Genuine Difference" status="PASSED">
         <system-out><![CDATA[2019-05-30 13:56:55 - [TEST_CASE][PASSED] - Test Cases/GGMP/GlobalNav/Collision/The Genuine Difference: Test Cases/GGMP/GlobalNav/Collision/The Genuine Difference

2019-05-30 13:56:55 - [TEST_STEP][PASSED] - openBrowser(""): Browser is opened with url: ''

2019-05-30 13:56:55 - [MESSAGE][INFO] - Starting 'Chrome' driver

2019-05-30 13:57:02 - [MESSAGE][PASSED] - Browser is opened with url: ''

2019-05-30 13:57:02 - [TEST_STEP][PASSED] - maximizeWindow(): Current window maximized

2019-05-30 13:57:03 - [MESSAGE][PASSED] - Current window maximized

2019-05-30 13:57:03 - [TEST_STEP][PASSED] - navigateToUrl("https://www.genuinegmparts.com/"): Navigate to 'https://www.genuinegmparts.com/' successfully

2019-05-30 13:57:06 - [MESSAGE][PASSED] - Navigate to 'https://www.genuinegmparts.com/' successfully

2019-05-30 13:57:06 - [TEST_STEP][PASSED] - click(findTestObject("Object Repository/Global Nav/Collision/The Genuine Difference/li_Collision")): Object: 'Object Repository/Global Nav/Collision/The Genuine Difference/li_Collision' is clicked on

2019-05-30 13:57:06 - [MESSAGE][PASSED] - Object: 'Object Repository/Global Nav/Collision/The Genuine Difference/li_Collision' is clicked on

2019-05-30 13:57:06 - [TEST_STEP][PASSED] - click(findTestObject("Object Repository/Global Nav/Collision/The Genuine Difference/span_The Genuine Difference")): Object: 'Object Repository/Global Nav/Collision/The Genuine Difference/span_The Genuine Difference' is clicked on

2019-05-30 13:57:10 - [MESSAGE][PASSED] - Object: 'Object Repository/Global Nav/Collision/The Genuine Difference/span_The Genuine Difference' is clicked on

2019-05-30 13:57:10 - [TEST_STEP][PASSED] - delay(2): Delayed 2 second(s)

2019-05-30 13:57:12 - [MESSAGE][PASSED] - Delayed 2 second(s)

2019-05-30 13:57:12 - [TEST_STEP][PASSED] - verifyElementText(findTestObject("Global Nav/Collision/The Genuine Difference/h1_Take control of your collision repair with Genuine GM Parts"), "Take control of your collision repair with Genuine GM Parts"): Actual text and expected text of test object 'Object Repository/Global Nav/Collision/The Genuine Difference/h1_Take control of your collision repair with Genuine GM Parts' are matched.

2019-05-30 13:57:12 - [MESSAGE][PASSED] - Actual text and expected text of test object 'Object Repository/Global Nav/Collision/The Genuine Difference/h1_Take control of your collision repair with Genuine GM Parts' are matched.

2019-05-30 13:57:12 - [TEST_STEP][PASSED] - closeBrowser(): Browser is closed

2019-05-30 13:57:13 - [MESSAGE][PASSED] - Browser is closed]]></system-out>
         <system-err><![CDATA[]]></system-err>
      </testcase>
      <testcase name="Test Cases/GGMP/GlobalNav/Collision/Touch-UP Paint" classname="Test Cases/GGMP/GlobalNav/Collision/Touch-UP Paint" status="PASSED">
         <system-out><![CDATA[2019-05-30 13:57:13 - [TEST_CASE][PASSED] - Test Cases/GGMP/GlobalNav/Collision/Touch-UP Paint: Test Cases/GGMP/GlobalNav/Collision/Touch-UP Paint

2019-05-30 13:57:13 - [TEST_STEP][PASSED] - openBrowser(""): Browser is opened with url: ''

2019-05-30 13:57:13 - [MESSAGE][INFO] - Starting 'Chrome' driver

2019-05-30 13:57:19 - [MESSAGE][PASSED] - Browser is opened with url: ''

2019-05-30 13:57:19 - [TEST_STEP][PASSED] - maximizeWindow(): Current window maximized

2019-05-30 13:57:21 - [MESSAGE][PASSED] - Current window maximized

2019-05-30 13:57:21 - [TEST_STEP][PASSED] - navigateToUrl("https://www.genuinegmparts.com/"): Navigate to 'https://www.genuinegmparts.com/' successfully

2019-05-30 13:57:24 - [MESSAGE][PASSED] - Navigate to 'https://www.genuinegmparts.com/' successfully

2019-05-30 13:57:24 - [TEST_STEP][PASSED] - click(findTestObject("Object Repository/Global Nav/Collision/Touch-Up Paint/li_Collision")): Object: 'Object Repository/Global Nav/Collision/Touch-Up Paint/li_Collision' is clicked on

2019-05-30 13:57:24 - [MESSAGE][PASSED] - Object: 'Object Repository/Global Nav/Collision/Touch-Up Paint/li_Collision' is clicked on

2019-05-30 13:57:24 - [TEST_STEP][PASSED] - click(findTestObject("Object Repository/Global Nav/Collision/Touch-Up Paint/span_Touch-up paint")): Object: 'Object Repository/Global Nav/Collision/Touch-Up Paint/span_Touch-up paint' is clicked on

2019-05-30 13:57:27 - [MESSAGE][PASSED] - Object: 'Object Repository/Global Nav/Collision/Touch-Up Paint/span_Touch-up paint' is clicked on

2019-05-30 13:57:27 - [TEST_STEP][PASSED] - delay(2): Delayed 2 second(s)

2019-05-30 13:57:29 - [MESSAGE][PASSED] - Delayed 2 second(s)

2019-05-30 13:57:29 - [TEST_STEP][PASSED] - verifyElementText(findTestObject("Global Nav/Collision/Touch-Up Paint/h1_Show your true colors with GM auto touch-up paint"), "Show your true colors with GM auto touch-up paint"): Actual text and expected text of test object 'Object Repository/Global Nav/Collision/Touch-Up Paint/h1_Show your true colors with GM auto touch-up paint' are matched.

2019-05-30 13:57:29 - [MESSAGE][PASSED] - Actual text and expected text of test object 'Object Repository/Global Nav/Collision/Touch-Up Paint/h1_Show your true colors with GM auto touch-up paint' are matched.

2019-05-30 13:57:29 - [TEST_STEP][PASSED] - click(findTestObject("Object Repository/Global Nav/Collision/Touch-Up Paint/a_Downloadable Guides")): Object: 'Object Repository/Global Nav/Collision/Touch-Up Paint/a_Downloadable Guides' is clicked on

2019-05-30 13:57:29 - [MESSAGE][PASSED] - Object: 'Object Repository/Global Nav/Collision/Touch-Up Paint/a_Downloadable Guides' is clicked on

2019-05-30 13:57:29 - [TEST_STEP][PASSED] - click(findTestObject("Object Repository/Global Nav/Collision/Touch-Up Paint/a_Downloadable Guides")): Object: 'Object Repository/Global Nav/Collision/Touch-Up Paint/a_Downloadable Guides' is clicked on

2019-05-30 13:57:29 - [MESSAGE][PASSED] - Object: 'Object Repository/Global Nav/Collision/Touch-Up Paint/a_Downloadable Guides' is clicked on

2019-05-30 13:57:29 - [TEST_STEP][PASSED] - click(findTestObject("Object Repository/Global Nav/Collision/Touch-Up Paint/a_GM-approved paint manufacturers")): Object: 'Object Repository/Global Nav/Collision/Touch-Up Paint/a_GM-approved paint manufacturers' is clicked on

2019-05-30 13:57:30 - [MESSAGE][PASSED] - Object: 'Object Repository/Global Nav/Collision/Touch-Up Paint/a_GM-approved paint manufacturers' is clicked on

2019-05-30 13:57:30 - [TEST_STEP][PASSED] - click(findTestObject("Object Repository/Global Nav/Collision/Touch-Up Paint/a_GM-approved paint manufacturers")): Object: 'Object Repository/Global Nav/Collision/Touch-Up Paint/a_GM-approved paint manufacturers' is clicked on

2019-05-30 13:57:30 - [MESSAGE][PASSED] - Object: 'Object Repository/Global Nav/Collision/Touch-Up Paint/a_GM-approved paint manufacturers' is clicked on

2019-05-30 13:57:30 - [TEST_STEP][PASSED] - click(findTestObject("Object Repository/Global Nav/Collision/Touch-Up Paint/a_Where do I find the paint code")): Object: 'Object Repository/Global Nav/Collision/Touch-Up Paint/a_Where do I find the paint code' is clicked on

2019-05-30 13:57:30 - [MESSAGE][PASSED] - Object: 'Object Repository/Global Nav/Collision/Touch-Up Paint/a_Where do I find the paint code' is clicked on

2019-05-30 13:57:30 - [TEST_STEP][PASSED] - click(findTestObject("Object Repository/Global Nav/Collision/Touch-Up Paint/a_Where do I find the paint code")): Object: 'Object Repository/Global Nav/Collision/Touch-Up Paint/a_Where do I find the paint code' is clicked on

2019-05-30 13:57:30 - [MESSAGE][PASSED] - Object: 'Object Repository/Global Nav/Collision/Touch-Up Paint/a_Where do I find the paint code' is clicked on

2019-05-30 13:57:30 - [TEST_STEP][PASSED] - delay(2): Delayed 2 second(s)

2019-05-30 13:57:32 - [MESSAGE][PASSED] - Delayed 2 second(s)

2019-05-30 13:57:32 - [TEST_STEP][PASSED] - click(findTestObject("Global Nav/Collision/Touch-Up Paint/span_2018 GM Refinish Materials - GMW-15406-2017")): Object: 'Object Repository/Global Nav/Collision/Touch-Up Paint/span_2018 GM Refinish Materials - GMW-15406-2017' is clicked on

2019-05-30 13:57:32 - [MESSAGE][PASSED] - Object: 'Object Repository/Global Nav/Collision/Touch-Up Paint/span_2018 GM Refinish Materials - GMW-15406-2017' is clicked on

2019-05-30 13:57:32 - [TEST_STEP][PASSED] - closeBrowser(): Browser is closed

2019-05-30 13:57:34 - [MESSAGE][PASSED] - Browser is closed]]></system-out>
         <system-err><![CDATA[]]></system-err>
      </testcase>
      <testcase name="Test Cases/GGMP/GlobalNav/For Professionals/ACDelco SHop Tools" classname="Test Cases/GGMP/GlobalNav/For Professionals/ACDelco SHop Tools" status="PASSED">
         <system-out><![CDATA[2019-05-30 13:57:34 - [TEST_CASE][PASSED] - Test Cases/GGMP/GlobalNav/For Professionals/ACDelco SHop Tools: Test Cases/GGMP/GlobalNav/For Professionals/ACDelco SHop Tools

2019-05-30 13:57:34 - [TEST_STEP][PASSED] - openBrowser(""): Browser is opened with url: ''

2019-05-30 13:57:34 - [MESSAGE][INFO] - Starting 'Chrome' driver

2019-05-30 13:57:40 - [MESSAGE][PASSED] - Browser is opened with url: ''

2019-05-30 13:57:40 - [TEST_STEP][PASSED] - maximizeWindow(): Current window maximized

2019-05-30 13:57:41 - [MESSAGE][PASSED] - Current window maximized

2019-05-30 13:57:41 - [TEST_STEP][PASSED] - navigateToUrl("https://www.genuinegmparts.com"): Navigate to 'https://www.genuinegmparts.com' successfully

2019-05-30 13:57:45 - [MESSAGE][PASSED] - Navigate to 'https://www.genuinegmparts.com' successfully

2019-05-30 13:57:45 - [TEST_STEP][PASSED] - click(findTestObject("Object Repository/Global Nav/For Professionals/ACDelco Shop Tools/li_Forprofessionals")): Object: 'Object Repository/Global Nav/For Professionals/ACDelco Shop Tools/li_Forprofessionals' is clicked on

2019-05-30 13:57:45 - [MESSAGE][PASSED] - Object: 'Object Repository/Global Nav/For Professionals/ACDelco Shop Tools/li_Forprofessionals' is clicked on

2019-05-30 13:57:45 - [TEST_STEP][PASSED] - click(findTestObject("Object Repository/Global Nav/For Professionals/ACDelco Shop Tools/a_ACDelco Shop Tools")): Object: 'Object Repository/Global Nav/For Professionals/ACDelco Shop Tools/a_ACDelco Shop Tools' is clicked on

2019-05-30 13:57:45 - [MESSAGE][PASSED] - Object: 'Object Repository/Global Nav/For Professionals/ACDelco Shop Tools/a_ACDelco Shop Tools' is clicked on

2019-05-30 13:57:45 - [TEST_STEP][PASSED] - switchToWindowTitle("For Professionals: Shop Tools | ACDelco"): Switched to window with title: 'For Professionals: Shop Tools | ACDelco'

2019-05-30 13:57:49 - [MESSAGE][PASSED] - Switched to window with title: 'For Professionals: Shop Tools | ACDelco'

2019-05-30 13:57:49 - [TEST_STEP][PASSED] - closeBrowser(): Browser is closed

2019-05-30 13:57:51 - [MESSAGE][PASSED] - Browser is closed]]></system-out>
         <system-err><![CDATA[]]></system-err>
      </testcase>
      <testcase name="Test Cases/GGMP/GlobalNav/For Professionals/Cadillac Aluminum" classname="Test Cases/GGMP/GlobalNav/For Professionals/Cadillac Aluminum" status="PASSED">
         <system-out><![CDATA[2019-05-30 13:57:51 - [TEST_CASE][PASSED] - Test Cases/GGMP/GlobalNav/For Professionals/Cadillac Aluminum: Test Cases/GGMP/GlobalNav/For Professionals/Cadillac Aluminum

2019-05-30 13:57:51 - [TEST_STEP][PASSED] - openBrowser(""): Browser is opened with url: ''

2019-05-30 13:57:51 - [MESSAGE][INFO] - Starting 'Chrome' driver

2019-05-30 13:57:57 - [MESSAGE][PASSED] - Browser is opened with url: ''

2019-05-30 13:57:57 - [TEST_STEP][PASSED] - maximizeWindow(): Current window maximized

2019-05-30 13:57:58 - [MESSAGE][PASSED] - Current window maximized

2019-05-30 13:57:58 - [TEST_STEP][PASSED] - navigateToUrl("https://www.genuinegmparts.com/"): Navigate to 'https://www.genuinegmparts.com/' successfully

2019-05-30 13:58:02 - [MESSAGE][PASSED] - Navigate to 'https://www.genuinegmparts.com/' successfully

2019-05-30 13:58:02 - [TEST_STEP][PASSED] - click(findTestObject("Object Repository/Global Nav/For Professionals/Cadillac Aluminum/li_Forprofessionals")): Object: 'Object Repository/Global Nav/For Professionals/Cadillac Aluminum/li_Forprofessionals' is clicked on

2019-05-30 13:58:02 - [MESSAGE][PASSED] - Object: 'Object Repository/Global Nav/For Professionals/Cadillac Aluminum/li_Forprofessionals' is clicked on

2019-05-30 13:58:02 - [TEST_STEP][PASSED] - click(findTestObject("Object Repository/Global Nav/For Professionals/Cadillac Aluminum/a_Cadillac Aluminum Repair Network")): Object: 'Object Repository/Global Nav/For Professionals/Cadillac Aluminum/a_Cadillac Aluminum Repair Network' is clicked on

2019-05-30 13:58:02 - [MESSAGE][PASSED] - Object: 'Object Repository/Global Nav/For Professionals/Cadillac Aluminum/a_Cadillac Aluminum Repair Network' is clicked on

2019-05-30 13:58:02 - [TEST_STEP][PASSED] - delay(2): Delayed 2 second(s)

2019-05-30 13:58:04 - [MESSAGE][PASSED] - Delayed 2 second(s)

2019-05-30 13:58:04 - [TEST_STEP][PASSED] - verifyElementText(findTestObject("Global Nav/For Professionals/Cadillac Aluminum/h1_Cadillac Aluminum Repair Network"), "Cadillac Aluminum Repair Network"): Actual text and expected text of test object 'Object Repository/Global Nav/For Professionals/Cadillac Aluminum/h1_Cadillac Aluminum Repair Network' are matched.

2019-05-30 13:58:05 - [MESSAGE][PASSED] - Actual text and expected text of test object 'Object Repository/Global Nav/For Professionals/Cadillac Aluminum/h1_Cadillac Aluminum Repair Network' are matched.

2019-05-30 13:58:05 - [TEST_STEP][PASSED] - closeBrowser(): Browser is closed

2019-05-30 13:58:06 - [MESSAGE][PASSED] - Browser is closed]]></system-out>
         <system-err><![CDATA[]]></system-err>
      </testcase>
      <testcase name="Test Cases/GGMP/GlobalNav/For Professionals/Collision Repair Network" classname="Test Cases/GGMP/GlobalNav/For Professionals/Collision Repair Network" status="PASSED">
         <system-out><![CDATA[2019-05-30 13:58:06 - [TEST_CASE][PASSED] - Test Cases/GGMP/GlobalNav/For Professionals/Collision Repair Network: Test Cases/GGMP/GlobalNav/For Professionals/Collision Repair Network

2019-05-30 13:58:06 - [TEST_STEP][PASSED] - openBrowser(""): Browser is opened with url: ''

2019-05-30 13:58:06 - [MESSAGE][INFO] - Starting 'Chrome' driver

2019-05-30 13:58:12 - [MESSAGE][PASSED] - Browser is opened with url: ''

2019-05-30 13:58:12 - [TEST_STEP][PASSED] - maximizeWindow(): Current window maximized

2019-05-30 13:58:13 - [MESSAGE][PASSED] - Current window maximized

2019-05-30 13:58:13 - [TEST_STEP][PASSED] - navigateToUrl("https://www.genuinegmparts.com/"): Navigate to 'https://www.genuinegmparts.com/' successfully

2019-05-30 13:58:18 - [MESSAGE][PASSED] - Navigate to 'https://www.genuinegmparts.com/' successfully

2019-05-30 13:58:18 - [TEST_STEP][PASSED] - click(findTestObject("Object Repository/Global Nav/For Professionals/Collision Repair Network/li_Forprofessionals")): Object: 'Object Repository/Global Nav/For Professionals/Collision Repair Network/li_Forprofessionals' is clicked on

2019-05-30 13:58:18 - [MESSAGE][PASSED] - Object: 'Object Repository/Global Nav/For Professionals/Collision Repair Network/li_Forprofessionals' is clicked on

2019-05-30 13:58:18 - [TEST_STEP][PASSED] - click(findTestObject("Object Repository/Global Nav/For Professionals/Collision Repair Network/a_Collision Repair Network")): Object: 'Object Repository/Global Nav/For Professionals/Collision Repair Network/a_Collision Repair Network' is clicked on

2019-05-30 13:58:18 - [MESSAGE][PASSED] - Object: 'Object Repository/Global Nav/For Professionals/Collision Repair Network/a_Collision Repair Network' is clicked on

2019-05-30 13:58:18 - [TEST_STEP][PASSED] - delay(2): Delayed 2 second(s)

2019-05-30 13:58:20 - [MESSAGE][PASSED] - Delayed 2 second(s)

2019-05-30 13:58:20 - [TEST_STEP][PASSED] - verifyElementText(findTestObject("Global Nav/For Professionals/Collision Repair Network/h1_The General Motors Collision Repair Network"), "The General Motors Collision Repair Network"): Actual text and expected text of test object 'Object Repository/Global Nav/For Professionals/Collision Repair Network/h1_The General Motors Collision Repair Network' are matched.

2019-05-30 13:58:22 - [MESSAGE][PASSED] - Actual text and expected text of test object 'Object Repository/Global Nav/For Professionals/Collision Repair Network/h1_The General Motors Collision Repair Network' are matched.

2019-05-30 13:58:22 - [TEST_STEP][PASSED] - closeBrowser(): Browser is closed

2019-05-30 13:58:23 - [MESSAGE][PASSED] - Browser is closed]]></system-out>
         <system-err><![CDATA[]]></system-err>
      </testcase>
      <testcase name="Test Cases/GGMP/GlobalNav/For Professionals/Core Return Program" classname="Test Cases/GGMP/GlobalNav/For Professionals/Core Return Program" status="PASSED">
         <system-out><![CDATA[2019-05-30 13:58:23 - [TEST_CASE][PASSED] - Test Cases/GGMP/GlobalNav/For Professionals/Core Return Program: Test Cases/GGMP/GlobalNav/For Professionals/Core Return Program

2019-05-30 13:58:24 - [TEST_STEP][PASSED] - openBrowser(""): Browser is opened with url: ''

2019-05-30 13:58:24 - [MESSAGE][INFO] - Starting 'Chrome' driver

2019-05-30 13:58:32 - [MESSAGE][PASSED] - Browser is opened with url: ''

2019-05-30 13:58:32 - [TEST_STEP][PASSED] - maximizeWindow(): Current window maximized

2019-05-30 13:58:33 - [MESSAGE][PASSED] - Current window maximized

2019-05-30 13:58:33 - [TEST_STEP][PASSED] - navigateToUrl("https://www.genuinegmparts.com/"): Navigate to 'https://www.genuinegmparts.com/' successfully

2019-05-30 13:58:37 - [MESSAGE][PASSED] - Navigate to 'https://www.genuinegmparts.com/' successfully

2019-05-30 13:58:37 - [TEST_STEP][PASSED] - click(findTestObject("Object Repository/Global Nav/For Professionals/Core Return Program/li_Forprofessionals")): Object: 'Object Repository/Global Nav/For Professionals/Core Return Program/li_Forprofessionals' is clicked on

2019-05-30 13:58:37 - [MESSAGE][PASSED] - Object: 'Object Repository/Global Nav/For Professionals/Core Return Program/li_Forprofessionals' is clicked on

2019-05-30 13:58:37 - [TEST_STEP][PASSED] - click(findTestObject("Object Repository/Global Nav/For Professionals/Core Return Program/a_Core Return Program")): Object: 'Object Repository/Global Nav/For Professionals/Core Return Program/a_Core Return Program' is clicked on

2019-05-30 13:58:37 - [MESSAGE][PASSED] - Object: 'Object Repository/Global Nav/For Professionals/Core Return Program/a_Core Return Program' is clicked on

2019-05-30 13:58:37 - [TEST_STEP][PASSED] - delay(2): Delayed 2 second(s)

2019-05-30 13:58:39 - [MESSAGE][PASSED] - Delayed 2 second(s)

2019-05-30 13:58:39 - [TEST_STEP][PASSED] - verifyElementText(findTestObject("Global Nav/For Professionals/Core Return Program/h1_GM Core Return Program"), "GM Core Return Program"): Actual text and expected text of test object 'Object Repository/Global Nav/For Professionals/Core Return Program/h1_GM Core Return Program' are matched.

2019-05-30 13:58:39 - [MESSAGE][PASSED] - Actual text and expected text of test object 'Object Repository/Global Nav/For Professionals/Core Return Program/h1_GM Core Return Program' are matched.

2019-05-30 13:58:39 - [TEST_STEP][PASSED] - closeBrowser(): Browser is closed

2019-05-30 13:58:40 - [MESSAGE][PASSED] - Browser is closed]]></system-out>
         <system-err><![CDATA[]]></system-err>
      </testcase>
      <testcase name="Test Cases/GGMP/GlobalNav/For Professionals/My GM Partner Perks" classname="Test Cases/GGMP/GlobalNav/For Professionals/My GM Partner Perks" status="PASSED">
         <system-out><![CDATA[2019-05-30 13:58:40 - [TEST_CASE][PASSED] - Test Cases/GGMP/GlobalNav/For Professionals/My GM Partner Perks: Test Cases/GGMP/GlobalNav/For Professionals/My GM Partner Perks

2019-05-30 13:58:40 - [TEST_STEP][PASSED] - openBrowser(""): Browser is opened with url: ''

2019-05-30 13:58:40 - [MESSAGE][INFO] - Starting 'Chrome' driver

2019-05-30 13:58:47 - [MESSAGE][PASSED] - Browser is opened with url: ''

2019-05-30 13:58:47 - [TEST_STEP][PASSED] - maximizeWindow(): Current window maximized

2019-05-30 13:58:48 - [MESSAGE][PASSED] - Current window maximized

2019-05-30 13:58:48 - [TEST_STEP][PASSED] - navigateToUrl("https://www.genuinegmparts.com/"): Navigate to 'https://www.genuinegmparts.com/' successfully

2019-05-30 13:58:53 - [MESSAGE][PASSED] - Navigate to 'https://www.genuinegmparts.com/' successfully

2019-05-30 13:58:53 - [TEST_STEP][PASSED] - click(findTestObject("Object Repository/Global Nav/For Professionals/My GM Partner Perks/li_Forprofessionals")): Object: 'Object Repository/Global Nav/For Professionals/My GM Partner Perks/li_Forprofessionals' is clicked on

2019-05-30 13:58:53 - [MESSAGE][PASSED] - Object: 'Object Repository/Global Nav/For Professionals/My GM Partner Perks/li_Forprofessionals' is clicked on

2019-05-30 13:58:53 - [TEST_STEP][PASSED] - click(findTestObject("Object Repository/Global Nav/For Professionals/My GM Partner Perks/a_My GM Partner Perks")): Object: 'Object Repository/Global Nav/For Professionals/My GM Partner Perks/a_My GM Partner Perks' is clicked on

2019-05-30 13:58:53 - [MESSAGE][PASSED] - Object: 'Object Repository/Global Nav/For Professionals/My GM Partner Perks/a_My GM Partner Perks' is clicked on

2019-05-30 13:58:53 - [TEST_STEP][PASSED] - delay(2): Delayed 2 second(s)

2019-05-30 13:58:55 - [MESSAGE][PASSED] - Delayed 2 second(s)

2019-05-30 13:58:55 - [TEST_STEP][PASSED] - verifyElementText(findTestObject("Global Nav/For Professionals/My GM Partner Perks/font_MY GM PARTNER PERKS"), "MY GM PARTNER PERKS"): Actual text and expected text of test object 'Object Repository/Global Nav/For Professionals/My GM Partner Perks/font_MY GM PARTNER PERKS' are matched.

2019-05-30 13:58:57 - [MESSAGE][PASSED] - Actual text and expected text of test object 'Object Repository/Global Nav/For Professionals/My GM Partner Perks/font_MY GM PARTNER PERKS' are matched.

2019-05-30 13:58:57 - [TEST_STEP][PASSED] - click(findTestObject("Object Repository/Global Nav/For Professionals/My GM Partner Perks/button_ENROLL TODAY")): Object: 'Object Repository/Global Nav/For Professionals/My GM Partner Perks/button_ENROLL TODAY' is clicked on

2019-05-30 13:58:57 - [MESSAGE][PASSED] - Object: 'Object Repository/Global Nav/For Professionals/My GM Partner Perks/button_ENROLL TODAY' is clicked on

2019-05-30 13:58:57 - [TEST_STEP][PASSED] - closeBrowser(): Browser is closed

2019-05-30 13:58:58 - [MESSAGE][PASSED] - Browser is closed]]></system-out>
         <system-err><![CDATA[]]></system-err>
      </testcase>
      <testcase name="Test Cases/GGMP/GlobalNav/For Professionals/Position Statements" classname="Test Cases/GGMP/GlobalNav/For Professionals/Position Statements" status="PASSED">
         <system-out><![CDATA[2019-05-30 13:58:58 - [TEST_CASE][PASSED] - Test Cases/GGMP/GlobalNav/For Professionals/Position Statements: Test Cases/GGMP/GlobalNav/For Professionals/Position Statements

2019-05-30 13:58:58 - [TEST_STEP][PASSED] - openBrowser(""): Browser is opened with url: ''

2019-05-30 13:58:58 - [MESSAGE][INFO] - Starting 'Chrome' driver

2019-05-30 13:59:04 - [MESSAGE][PASSED] - Browser is opened with url: ''

2019-05-30 13:59:04 - [TEST_STEP][PASSED] - maximizeWindow(): Current window maximized

2019-05-30 13:59:05 - [MESSAGE][PASSED] - Current window maximized

2019-05-30 13:59:05 - [TEST_STEP][PASSED] - navigateToUrl("https://www.genuinegmparts.com/"): Navigate to 'https://www.genuinegmparts.com/' successfully

2019-05-30 13:59:09 - [MESSAGE][PASSED] - Navigate to 'https://www.genuinegmparts.com/' successfully

2019-05-30 13:59:09 - [TEST_STEP][PASSED] - click(findTestObject("Object Repository/Global Nav/For Professionals/Position Statements/li_Forprofessionals")): Object: 'Object Repository/Global Nav/For Professionals/Position Statements/li_Forprofessionals' is clicked on

2019-05-30 13:59:09 - [MESSAGE][PASSED] - Object: 'Object Repository/Global Nav/For Professionals/Position Statements/li_Forprofessionals' is clicked on

2019-05-30 13:59:09 - [TEST_STEP][PASSED] - click(findTestObject("Object Repository/Global Nav/For Professionals/Position Statements/a_Position Statements")): Object: 'Object Repository/Global Nav/For Professionals/Position Statements/a_Position Statements' is clicked on

2019-05-30 13:59:09 - [MESSAGE][PASSED] - Object: 'Object Repository/Global Nav/For Professionals/Position Statements/a_Position Statements' is clicked on

2019-05-30 13:59:09 - [TEST_STEP][PASSED] - delay(2): Delayed 2 second(s)

2019-05-30 13:59:11 - [MESSAGE][PASSED] - Delayed 2 second(s)

2019-05-30 13:59:11 - [TEST_STEP][PASSED] - verifyElementText(findTestObject("Global Nav/For Professionals/Position Statements/h1_Position statements"), "Position statements"): Actual text and expected text of test object 'Object Repository/Global Nav/For Professionals/Position Statements/h1_Position statements' are matched.

2019-05-30 13:59:11 - [MESSAGE][PASSED] - Actual text and expected text of test object 'Object Repository/Global Nav/For Professionals/Position Statements/h1_Position statements' are matched.

2019-05-30 13:59:11 - [TEST_STEP][PASSED] - closeBrowser(): Browser is closed

2019-05-30 13:59:12 - [MESSAGE][PASSED] - Browser is closed]]></system-out>
         <system-err><![CDATA[]]></system-err>
      </testcase>
      <testcase name="Test Cases/GGMP/GlobalNav/For Professionals/Programs and Offers" classname="Test Cases/GGMP/GlobalNav/For Professionals/Programs and Offers" status="PASSED">
         <system-out><![CDATA[2019-05-30 13:59:12 - [TEST_CASE][PASSED] - Test Cases/GGMP/GlobalNav/For Professionals/Programs and Offers: Test Cases/GGMP/GlobalNav/For Professionals/Programs and Offers

2019-05-30 13:59:12 - [TEST_STEP][PASSED] - openBrowser(""): Browser is opened with url: ''

2019-05-30 13:59:12 - [MESSAGE][INFO] - Starting 'Chrome' driver

2019-05-30 13:59:18 - [MESSAGE][PASSED] - Browser is opened with url: ''

2019-05-30 13:59:18 - [TEST_STEP][PASSED] - maximizeWindow(): Current window maximized

2019-05-30 13:59:19 - [MESSAGE][PASSED] - Current window maximized

2019-05-30 13:59:19 - [TEST_STEP][PASSED] - navigateToUrl("https://www.genuinegmparts.com/"): Navigate to 'https://www.genuinegmparts.com/' successfully

2019-05-30 13:59:23 - [MESSAGE][PASSED] - Navigate to 'https://www.genuinegmparts.com/' successfully

2019-05-30 13:59:23 - [TEST_STEP][PASSED] - click(findTestObject("Object Repository/Global Nav/For Professionals/Programs and Offers/li_Forprofessionals")): Object: 'Object Repository/Global Nav/For Professionals/Programs and Offers/li_Forprofessionals' is clicked on

2019-05-30 13:59:23 - [MESSAGE][PASSED] - Object: 'Object Repository/Global Nav/For Professionals/Programs and Offers/li_Forprofessionals' is clicked on

2019-05-30 13:59:23 - [TEST_STEP][PASSED] - click(findTestObject("Object Repository/Global Nav/For Professionals/Programs and Offers/span_Programs  Offers")): Object: 'Object Repository/Global Nav/For Professionals/Programs and Offers/span_Programs  Offers' is clicked on

2019-05-30 13:59:23 - [MESSAGE][PASSED] - Object: 'Object Repository/Global Nav/For Professionals/Programs and Offers/span_Programs  Offers' is clicked on

2019-05-30 13:59:23 - [TEST_STEP][PASSED] - click(findTestObject("Object Repository/Global Nav/For Professionals/Programs and Offers/a_concat(id(  ttpopclose1  ))_ttpopclose1")): Object: 'Object Repository/Global Nav/For Professionals/Programs and Offers/a_concat(id(  ttpopclose1  ))_ttpopclose1' is clicked on

2019-05-30 13:59:27 - [MESSAGE][PASSED] - Object: 'Object Repository/Global Nav/For Professionals/Programs and Offers/a_concat(id(  ttpopclose1  ))_ttpopclose1' is clicked on

2019-05-30 13:59:27 - [TEST_STEP][PASSED] - delay(2): Delayed 2 second(s)

2019-05-30 13:59:29 - [MESSAGE][PASSED] - Delayed 2 second(s)

2019-05-30 13:59:29 - [TEST_STEP][PASSED] - verifyElementPresent(findTestObject("Object Repository/Global Nav/For Professionals/Programs and Offers/img_GO_img-responsive"), 0): Object 'Object Repository/Global Nav/For Professionals/Programs and Offers/img_GO_img-responsive' is present

2019-05-30 13:59:29 - [MESSAGE][WARNING] - Timeout '0' is invalid. Using default page load timeout: '30'

2019-05-30 13:59:29 - [MESSAGE][PASSED] - Object 'Object Repository/Global Nav/For Professionals/Programs and Offers/img_GO_img-responsive' is present

2019-05-30 13:59:29 - [TEST_STEP][PASSED] - closeBrowser(): Browser is closed

2019-05-30 13:59:30 - [MESSAGE][PASSED] - Browser is closed]]></system-out>
         <system-err><![CDATA[]]></system-err>
      </testcase>
      <testcase name="Test Cases/GGMP/GlobalNav/For Professionals/Repair Manuals" classname="Test Cases/GGMP/GlobalNav/For Professionals/Repair Manuals" status="PASSED">
         <system-out><![CDATA[2019-05-30 13:59:30 - [TEST_CASE][PASSED] - Test Cases/GGMP/GlobalNav/For Professionals/Repair Manuals: Test Cases/GGMP/GlobalNav/For Professionals/Repair Manuals

2019-05-30 13:59:30 - [TEST_STEP][PASSED] - openBrowser(""): Browser is opened with url: ''

2019-05-30 13:59:30 - [MESSAGE][INFO] - Starting 'Chrome' driver

2019-05-30 13:59:36 - [MESSAGE][PASSED] - Browser is opened with url: ''

2019-05-30 13:59:36 - [TEST_STEP][PASSED] - maximizeWindow(): Current window maximized

2019-05-30 13:59:37 - [MESSAGE][PASSED] - Current window maximized

2019-05-30 13:59:37 - [TEST_STEP][PASSED] - navigateToUrl("https://www.genuinegmparts.com/"): Navigate to 'https://www.genuinegmparts.com/' successfully

2019-05-30 13:59:40 - [MESSAGE][PASSED] - Navigate to 'https://www.genuinegmparts.com/' successfully

2019-05-30 13:59:40 - [TEST_STEP][PASSED] - click(findTestObject("Object Repository/Global Nav/For Professionals/Repair Manuals/li_Forprofessionals")): Object: 'Object Repository/Global Nav/For Professionals/Repair Manuals/li_Forprofessionals' is clicked on

2019-05-30 13:59:41 - [MESSAGE][PASSED] - Object: 'Object Repository/Global Nav/For Professionals/Repair Manuals/li_Forprofessionals' is clicked on

2019-05-30 13:59:41 - [TEST_STEP][PASSED] - click(findTestObject("Object Repository/Global Nav/For Professionals/Repair Manuals/span_Repair manuals")): Object: 'Object Repository/Global Nav/For Professionals/Repair Manuals/span_Repair manuals' is clicked on

2019-05-30 13:59:41 - [MESSAGE][PASSED] - Object: 'Object Repository/Global Nav/For Professionals/Repair Manuals/span_Repair manuals' is clicked on

2019-05-30 13:59:41 - [TEST_STEP][PASSED] - delay(2): Delayed 2 second(s)

2019-05-30 13:59:43 - [MESSAGE][PASSED] - Delayed 2 second(s)

2019-05-30 13:59:43 - [TEST_STEP][PASSED] - verifyElementText(findTestObject("Global Nav/For Professionals/Repair Manuals/h1_Collision repair manuals for GM vehicles"), "Collision repair manuals for GM vehicles"): Actual text and expected text of test object 'Object Repository/Global Nav/For Professionals/Repair Manuals/h1_Collision repair manuals for GM vehicles' are matched.

2019-05-30 13:59:43 - [MESSAGE][PASSED] - Actual text and expected text of test object 'Object Repository/Global Nav/For Professionals/Repair Manuals/h1_Collision repair manuals for GM vehicles' are matched.

2019-05-30 13:59:43 - [TEST_STEP][PASSED] - click(findTestObject("Object Repository/Global Nav/For Professionals/Repair Manuals/button_Sign in or Subscribe")): Object: 'Object Repository/Global Nav/For Professionals/Repair Manuals/button_Sign in or Subscribe' is clicked on

2019-05-30 13:59:43 - [MESSAGE][PASSED] - Object: 'Object Repository/Global Nav/For Professionals/Repair Manuals/button_Sign in or Subscribe' is clicked on

2019-05-30 13:59:43 - [TEST_STEP][PASSED] - closeBrowser(): Browser is closed

2019-05-30 13:59:44 - [MESSAGE][PASSED] - Browser is closed]]></system-out>
         <system-err><![CDATA[]]></system-err>
      </testcase>
      <testcase name="Test Cases/GGMP/GlobalNav/For Professionals/Technical Documents" classname="Test Cases/GGMP/GlobalNav/For Professionals/Technical Documents" status="PASSED">
         <system-out><![CDATA[2019-05-30 13:59:44 - [TEST_CASE][PASSED] - Test Cases/GGMP/GlobalNav/For Professionals/Technical Documents: Test Cases/GGMP/GlobalNav/For Professionals/Technical Documents

2019-05-30 13:59:44 - [TEST_STEP][PASSED] - openBrowser(""): Browser is opened with url: ''

2019-05-30 13:59:44 - [MESSAGE][INFO] - Starting 'Chrome' driver

2019-05-30 13:59:50 - [MESSAGE][PASSED] - Browser is opened with url: ''

2019-05-30 13:59:50 - [TEST_STEP][PASSED] - maximizeWindow(): Current window maximized

2019-05-30 13:59:51 - [MESSAGE][PASSED] - Current window maximized

2019-05-30 13:59:51 - [TEST_STEP][PASSED] - navigateToUrl("https://www.genuinegmparts.com/"): Navigate to 'https://www.genuinegmparts.com/' successfully

2019-05-30 13:59:54 - [MESSAGE][PASSED] - Navigate to 'https://www.genuinegmparts.com/' successfully

2019-05-30 13:59:54 - [TEST_STEP][PASSED] - click(findTestObject("Object Repository/Global Nav/For Professionals/Technical Documents/li_Forprofessionals")): Object: 'Object Repository/Global Nav/For Professionals/Technical Documents/li_Forprofessionals' is clicked on

2019-05-30 13:59:54 - [MESSAGE][PASSED] - Object: 'Object Repository/Global Nav/For Professionals/Technical Documents/li_Forprofessionals' is clicked on

2019-05-30 13:59:54 - [TEST_STEP][PASSED] - click(findTestObject("Object Repository/Global Nav/For Professionals/Technical Documents/span_Technical documents")): Object: 'Object Repository/Global Nav/For Professionals/Technical Documents/span_Technical documents' is clicked on

2019-05-30 13:59:55 - [MESSAGE][PASSED] - Object: 'Object Repository/Global Nav/For Professionals/Technical Documents/span_Technical documents' is clicked on

2019-05-30 13:59:55 - [TEST_STEP][PASSED] - delay(2): Delayed 2 second(s)

2019-05-30 13:59:57 - [MESSAGE][PASSED] - Delayed 2 second(s)

2019-05-30 13:59:57 - [TEST_STEP][PASSED] - verifyElementText(findTestObject("Global Nav/For Professionals/Technical Documents/h1_Technical documents"), "Technical documents"): Actual text and expected text of test object 'Object Repository/Global Nav/For Professionals/Technical Documents/h1_Technical documents' are matched.

2019-05-30 13:59:57 - [MESSAGE][PASSED] - Actual text and expected text of test object 'Object Repository/Global Nav/For Professionals/Technical Documents/h1_Technical documents' are matched.

2019-05-30 13:59:58 - [TEST_STEP][PASSED] - click(findTestObject("Object Repository/Global Nav/For Professionals/Technical Documents/span_Collision Sectioning Warning")): Object: 'Object Repository/Global Nav/For Professionals/Technical Documents/span_Collision Sectioning Warning' is clicked on

2019-05-30 13:59:58 - [MESSAGE][PASSED] - Object: 'Object Repository/Global Nav/For Professionals/Technical Documents/span_Collision Sectioning Warning' is clicked on

2019-05-30 13:59:58 - [TEST_STEP][PASSED] - closeBrowser(): Browser is closed

2019-05-30 13:59:59 - [MESSAGE][PASSED] - Browser is closed]]></system-out>
         <system-err><![CDATA[]]></system-err>
      </testcase>
      <testcase name="Test Cases/GGMP/GlobalNav/For Professionals/Touch-Up Paint" classname="Test Cases/GGMP/GlobalNav/For Professionals/Touch-Up Paint" status="PASSED">
         <system-out><![CDATA[2019-05-30 13:59:59 - [TEST_CASE][PASSED] - Test Cases/GGMP/GlobalNav/For Professionals/Touch-Up Paint: Test Cases/GGMP/GlobalNav/For Professionals/Touch-Up Paint

2019-05-30 13:59:59 - [TEST_STEP][PASSED] - openBrowser(""): Browser is opened with url: ''

2019-05-30 13:59:59 - [MESSAGE][INFO] - Starting 'Chrome' driver

2019-05-30 14:00:05 - [MESSAGE][PASSED] - Browser is opened with url: ''

2019-05-30 14:00:05 - [TEST_STEP][PASSED] - maximizeWindow(): Current window maximized

2019-05-30 14:00:06 - [MESSAGE][PASSED] - Current window maximized

2019-05-30 14:00:06 - [TEST_STEP][PASSED] - navigateToUrl("https://www.genuinegmparts.com/"): Navigate to 'https://www.genuinegmparts.com/' successfully

2019-05-30 14:00:12 - [MESSAGE][PASSED] - Navigate to 'https://www.genuinegmparts.com/' successfully

2019-05-30 14:00:12 - [TEST_STEP][PASSED] - click(findTestObject("Object Repository/Global Nav/For Professionals/Touch-Up Paint/li_Forprofessionals")): Object: 'Object Repository/Global Nav/For Professionals/Touch-Up Paint/li_Forprofessionals' is clicked on

2019-05-30 14:00:12 - [MESSAGE][PASSED] - Object: 'Object Repository/Global Nav/For Professionals/Touch-Up Paint/li_Forprofessionals' is clicked on

2019-05-30 14:00:12 - [TEST_STEP][PASSED] - click(findTestObject("Object Repository/Global Nav/For Professionals/Touch-Up Paint/a_Touch-Up Paint")): Object: 'Object Repository/Global Nav/For Professionals/Touch-Up Paint/a_Touch-Up Paint' is clicked on

2019-05-30 14:00:12 - [MESSAGE][PASSED] - Object: 'Object Repository/Global Nav/For Professionals/Touch-Up Paint/a_Touch-Up Paint' is clicked on

2019-05-30 14:00:12 - [TEST_STEP][PASSED] - delay(2): Delayed 2 second(s)

2019-05-30 14:00:14 - [MESSAGE][PASSED] - Delayed 2 second(s)

2019-05-30 14:00:14 - [TEST_STEP][PASSED] - verifyElementText(findTestObject("Global Nav/For Professionals/Touch-Up Paint/h1_Show your true colors with GM auto touch-up paint"), "Show your true colors with GM auto touch-up paint"): Actual text and expected text of test object 'Object Repository/Global Nav/For Professionals/Touch-Up Paint/h1_Show your true colors with GM auto touch-up paint' are matched.

2019-05-30 14:00:16 - [MESSAGE][PASSED] - Actual text and expected text of test object 'Object Repository/Global Nav/For Professionals/Touch-Up Paint/h1_Show your true colors with GM auto touch-up paint' are matched.

2019-05-30 14:00:16 - [TEST_STEP][PASSED] - closeBrowser(): Browser is closed

2019-05-30 14:00:17 - [MESSAGE][PASSED] - Browser is closed]]></system-out>
         <system-err><![CDATA[]]></system-err>
      </testcase>
      <testcase name="Test Cases/GGMP/GlobalNav/HomePage/Masthead" classname="Test Cases/GGMP/GlobalNav/HomePage/Masthead" status="PASSED">
         <system-out><![CDATA[2019-05-30 14:00:17 - [TEST_CASE][PASSED] - Test Cases/GGMP/GlobalNav/HomePage/Masthead: Test Cases/GGMP/GlobalNav/HomePage/Masthead

2019-05-30 14:00:17 - [TEST_STEP][PASSED] - openBrowser(""): Browser is opened with url: ''

2019-05-30 14:00:17 - [MESSAGE][INFO] - Starting 'Chrome' driver

2019-05-30 14:00:23 - [MESSAGE][PASSED] - Browser is opened with url: ''

2019-05-30 14:00:23 - [TEST_STEP][PASSED] - navigateToUrl("https://www.genuinegmparts.com/"): Navigate to 'https://www.genuinegmparts.com/' successfully

2019-05-30 14:00:27 - [MESSAGE][PASSED] - Navigate to 'https://www.genuinegmparts.com/' successfully

2019-05-30 14:00:27 - [TEST_STEP][PASSED] - click(findTestObject("Object Repository/HomePage/Masthead/button_3")): Object: 'Object Repository/HomePage/Masthead/button_3' is clicked on

2019-05-30 14:00:27 - [MESSAGE][PASSED] - Object: 'Object Repository/HomePage/Masthead/button_3' is clicked on

2019-05-30 14:00:27 - [TEST_STEP][PASSED] - click(findTestObject("Object Repository/HomePage/Masthead/button_1")): Object: 'Object Repository/HomePage/Masthead/button_1' is clicked on

2019-05-30 14:00:27 - [MESSAGE][PASSED] - Object: 'Object Repository/HomePage/Masthead/button_1' is clicked on

2019-05-30 14:00:27 - [TEST_STEP][PASSED] - click(findTestObject("Object Repository/HomePage/Masthead/button_4")): Object: 'Object Repository/HomePage/Masthead/button_4' is clicked on

2019-05-30 14:00:27 - [MESSAGE][PASSED] - Object: 'Object Repository/HomePage/Masthead/button_4' is clicked on

2019-05-30 14:00:27 - [TEST_STEP][PASSED] - closeBrowser(): Browser is closed

2019-05-30 14:00:28 - [MESSAGE][PASSED] - Browser is closed]]></system-out>
         <system-err><![CDATA[]]></system-err>
      </testcase>
      <testcase name="Test Cases/GGMP/GlobalNav/Locate Parts and Service/LAD" classname="Test Cases/GGMP/GlobalNav/Locate Parts and Service/LAD" status="PASSED">
         <system-out><![CDATA[2019-05-30 14:00:28 - [TEST_CASE][PASSED] - Test Cases/GGMP/GlobalNav/Locate Parts and Service/LAD: Test Cases/GGMP/GlobalNav/Locate Parts and Service/LAD

2019-05-30 14:00:28 - [TEST_STEP][PASSED] - openBrowser(""): Browser is opened with url: ''

2019-05-30 14:00:28 - [MESSAGE][INFO] - Starting 'Chrome' driver

2019-05-30 14:00:34 - [MESSAGE][PASSED] - Browser is opened with url: ''

2019-05-30 14:00:34 - [TEST_STEP][PASSED] - maximizeWindow(): Current window maximized

2019-05-30 14:00:35 - [MESSAGE][PASSED] - Current window maximized

2019-05-30 14:00:35 - [TEST_STEP][PASSED] - navigateToUrl("https://www.genuinegmparts.com/"): Navigate to 'https://www.genuinegmparts.com/' successfully

2019-05-30 14:00:38 - [MESSAGE][PASSED] - Navigate to 'https://www.genuinegmparts.com/' successfully

2019-05-30 14:00:38 - [TEST_STEP][PASSED] - click(findTestObject("Object Repository/Global Nav/Locate Parts and Service/LAD/li_Locate Parts andService")): Object: 'Object Repository/Global Nav/Locate Parts and Service/LAD/li_Locate Parts andService' is clicked on

2019-05-30 14:00:39 - [MESSAGE][PASSED] - Object: 'Object Repository/Global Nav/Locate Parts and Service/LAD/li_Locate Parts andService' is clicked on

2019-05-30 14:00:39 - [TEST_STEP][PASSED] - click(findTestObject("Object Repository/Global Nav/Locate Parts and Service/LAD/span_Locate a Parts Dealer")): Object: 'Object Repository/Global Nav/Locate Parts and Service/LAD/span_Locate a Parts Dealer' is clicked on

2019-05-30 14:00:42 - [MESSAGE][PASSED] - Object: 'Object Repository/Global Nav/Locate Parts and Service/LAD/span_Locate a Parts Dealer' is clicked on

2019-05-30 14:00:42 - [TEST_STEP][PASSED] - setText(findTestObject("Object Repository/Global Nav/Locate Parts and Service/LAD/input_City State_inpZip"), "10001"): Text '10001' is set on object 'Object Repository/Global Nav/Locate Parts and Service/LAD/input_City State_inpZip'

2019-05-30 14:00:42 - [MESSAGE][PASSED] - Text '10001' is set on object 'Object Repository/Global Nav/Locate Parts and Service/LAD/input_City State_inpZip'

2019-05-30 14:00:42 - [TEST_STEP][PASSED] - click(findTestObject("Object Repository/Global Nav/Locate Parts and Service/LAD/button_Begin your search")): Object: 'Object Repository/Global Nav/Locate Parts and Service/LAD/button_Begin your search' is clicked on

2019-05-30 14:00:43 - [MESSAGE][PASSED] - Object: 'Object Repository/Global Nav/Locate Parts and Service/LAD/button_Begin your search' is clicked on

2019-05-30 14:00:43 - [TEST_STEP][PASSED] - delay(3): Delayed 3 second(s)

2019-05-30 14:00:46 - [MESSAGE][PASSED] - Delayed 3 second(s)

2019-05-30 14:00:46 - [TEST_STEP][PASSED] - verifyElementPresent(findTestObject("Global Nav/Locate Parts and Service/LAD/span"), 0): Object 'Object Repository/Global Nav/Locate Parts and Service/LAD/span' is present

2019-05-30 14:00:46 - [MESSAGE][WARNING] - Timeout '0' is invalid. Using default page load timeout: '30'

2019-05-30 14:00:46 - [MESSAGE][PASSED] - Object 'Object Repository/Global Nav/Locate Parts and Service/LAD/span' is present

2019-05-30 14:00:46 - [TEST_STEP][PASSED] - closeBrowser(): Browser is closed

2019-05-30 14:00:47 - [MESSAGE][PASSED] - Browser is closed]]></system-out>
         <system-err><![CDATA[]]></system-err>
      </testcase>
      <testcase name="Test Cases/GGMP/GlobalNav/Locate Parts and Service/New LAD" classname="Test Cases/GGMP/GlobalNav/Locate Parts and Service/New LAD" status="PASSED">
         <system-out><![CDATA[2019-05-30 14:00:47 - [TEST_CASE][PASSED] - Test Cases/GGMP/GlobalNav/Locate Parts and Service/New LAD: Test Cases/GGMP/GlobalNav/Locate Parts and Service/New LAD

2019-05-30 14:00:47 - [TEST_STEP][PASSED] - openBrowser(""): Browser is opened with url: ''

2019-05-30 14:00:47 - [MESSAGE][INFO] - Starting 'Chrome' driver

2019-05-30 14:00:53 - [MESSAGE][PASSED] - Browser is opened with url: ''

2019-05-30 14:00:53 - [TEST_STEP][PASSED] - maximizeWindow(): Current window maximized

2019-05-30 14:00:54 - [MESSAGE][PASSED] - Current window maximized

2019-05-30 14:00:54 - [TEST_STEP][PASSED] - navigateToUrl("https://www.genuinegmparts.com/"): Navigate to 'https://www.genuinegmparts.com/' successfully

2019-05-30 14:00:57 - [MESSAGE][PASSED] - Navigate to 'https://www.genuinegmparts.com/' successfully

2019-05-30 14:00:57 - [TEST_STEP][PASSED] - click(findTestObject("Object Repository/Global Nav/Locate Parts and Service/New LAD/li_Locate Parts andService")): Object: 'Object Repository/Global Nav/Locate Parts and Service/New LAD/li_Locate Parts andService' is clicked on

2019-05-30 14:00:57 - [MESSAGE][PASSED] - Object: 'Object Repository/Global Nav/Locate Parts and Service/New LAD/li_Locate Parts andService' is clicked on

2019-05-30 14:00:57 - [TEST_STEP][PASSED] - click(findTestObject("Object Repository/Global Nav/Locate Parts and Service/New LAD/span_Locate a GM Collision Repair Network Facility")): Object: 'Object Repository/Global Nav/Locate Parts and Service/New LAD/span_Locate a GM Collision Repair Network Facility' is clicked on

2019-05-30 14:01:01 - [MESSAGE][PASSED] - Object: 'Object Repository/Global Nav/Locate Parts and Service/New LAD/span_Locate a GM Collision Repair Network Facility' is clicked on

2019-05-30 14:01:01 - [TEST_STEP][PASSED] - setText(findTestObject("Object Repository/Global Nav/Locate Parts and Service/New LAD/input_ZIP Code or CityState_inpZip"), "10001"): Text '10001' is set on object 'Object Repository/Global Nav/Locate Parts and Service/New LAD/input_ZIP Code or CityState_inpZip'

2019-05-30 14:01:01 - [MESSAGE][PASSED] - Text '10001' is set on object 'Object Repository/Global Nav/Locate Parts and Service/New LAD/input_ZIP Code or CityState_inpZip'

2019-05-30 14:01:01 - [TEST_STEP][PASSED] - click(findTestObject("Object Repository/Global Nav/Locate Parts and Service/New LAD/button_ZIP Code or CityState_searchBtn")): Object: 'Object Repository/Global Nav/Locate Parts and Service/New LAD/button_ZIP Code or CityState_searchBtn' is clicked on

2019-05-30 14:01:01 - [MESSAGE][PASSED] - Object: 'Object Repository/Global Nav/Locate Parts and Service/New LAD/button_ZIP Code or CityState_searchBtn' is clicked on

2019-05-30 14:01:01 - [TEST_STEP][PASSED] - delay(2): Delayed 2 second(s)

2019-05-30 14:01:03 - [MESSAGE][PASSED] - Delayed 2 second(s)

2019-05-30 14:01:03 - [TEST_STEP][PASSED] - click(findTestObject("Object Repository/Global Nav/Locate Parts and Service/New LAD/h2_precision auto works")): Object: 'Object Repository/Global Nav/Locate Parts and Service/New LAD/h2_precision auto works' is clicked on

2019-05-30 14:01:03 - [MESSAGE][PASSED] - Object: 'Object Repository/Global Nav/Locate Parts and Service/New LAD/h2_precision auto works' is clicked on

2019-05-30 14:01:03 - [TEST_STEP][PASSED] - click(findTestObject("Object Repository/Global Nav/Locate Parts and Service/New LAD/p_Back to List")): Object: 'Object Repository/Global Nav/Locate Parts and Service/New LAD/p_Back to List' is clicked on

2019-05-30 14:01:04 - [MESSAGE][PASSED] - Object: 'Object Repository/Global Nav/Locate Parts and Service/New LAD/p_Back to List' is clicked on

2019-05-30 14:01:04 - [TEST_STEP][PASSED] - click(findTestObject("Object Repository/Global Nav/Locate Parts and Service/New LAD/button_Terms of Use_gm-control-active gm-fullscreen-control")): Object: 'Object Repository/Global Nav/Locate Parts and Service/New LAD/button_Terms of Use_gm-control-active gm-fullscreen-control' is clicked on

2019-05-30 14:01:04 - [MESSAGE][PASSED] - Object: 'Object Repository/Global Nav/Locate Parts and Service/New LAD/button_Terms of Use_gm-control-active gm-fullscreen-control' is clicked on

2019-05-30 14:01:04 - [TEST_STEP][PASSED] - click(findTestObject("Object Repository/Global Nav/Locate Parts and Service/New LAD/button_Terms of Use_gm-control-active gm-fullscreen-control")): Object: 'Object Repository/Global Nav/Locate Parts and Service/New LAD/button_Terms of Use_gm-control-active gm-fullscreen-control' is clicked on

2019-05-30 14:01:04 - [MESSAGE][PASSED] - Object: 'Object Repository/Global Nav/Locate Parts and Service/New LAD/button_Terms of Use_gm-control-active gm-fullscreen-control' is clicked on

2019-05-30 14:01:04 - [TEST_STEP][PASSED] - closeBrowser(): Browser is closed

2019-05-30 14:01:05 - [MESSAGE][PASSED] - Browser is closed]]></system-out>
         <system-err><![CDATA[]]></system-err>
      </testcase>
      <testcase name="Test Cases/GGMP/GlobalNav/Offers/Offers" classname="Test Cases/GGMP/GlobalNav/Offers/Offers" status="PASSED">
         <system-out><![CDATA[2019-05-30 14:01:05 - [TEST_CASE][PASSED] - Test Cases/GGMP/GlobalNav/Offers/Offers: Test Cases/GGMP/GlobalNav/Offers/Offers

2019-05-30 14:01:06 - [TEST_STEP][PASSED] - openBrowser(""): Browser is opened with url: ''

2019-05-30 14:01:06 - [MESSAGE][INFO] - Starting 'Chrome' driver

2019-05-30 14:01:12 - [MESSAGE][PASSED] - Browser is opened with url: ''

2019-05-30 14:01:12 - [TEST_STEP][PASSED] - maximizeWindow(): Current window maximized

2019-05-30 14:01:13 - [MESSAGE][PASSED] - Current window maximized

2019-05-30 14:01:13 - [TEST_STEP][PASSED] - navigateToUrl("https://www.genuinegmparts.com/"): Navigate to 'https://www.genuinegmparts.com/' successfully

2019-05-30 14:01:16 - [MESSAGE][PASSED] - Navigate to 'https://www.genuinegmparts.com/' successfully

2019-05-30 14:01:16 - [TEST_STEP][PASSED] - click(findTestObject("Object Repository/Global Nav/OFFERS/oFFERS/Offers/a_Offers")): Object: 'Object Repository/Global Nav/OFFERS/oFFERS/Offers/a_Offers' is clicked on

2019-05-30 14:01:20 - [MESSAGE][PASSED] - Object: 'Object Repository/Global Nav/OFFERS/oFFERS/Offers/a_Offers' is clicked on

2019-05-30 14:01:20 - [TEST_STEP][PASSED] - delay(2): Delayed 2 second(s)

2019-05-30 14:01:22 - [MESSAGE][PASSED] - Delayed 2 second(s)

2019-05-30 14:01:22 - [TEST_STEP][PASSED] - verifyElementText(findTestObject("Global Nav/OFFERS/oFFERS/Offers/h1_Get the Genuine GM Parts you need"), "Get the Genuine GM Parts you need"): Actual text and expected text of test object 'Object Repository/Global Nav/OFFERS/oFFERS/Offers/h1_Get the Genuine GM Parts you need' are matched.

2019-05-30 14:01:22 - [MESSAGE][PASSED] - Actual text and expected text of test object 'Object Repository/Global Nav/OFFERS/oFFERS/Offers/h1_Get the Genuine GM Parts you need' are matched.

2019-05-30 14:01:22 - [TEST_STEP][PASSED] - closeBrowser(): Browser is closed

2019-05-30 14:01:23 - [MESSAGE][PASSED] - Browser is closed]]></system-out>
         <system-err><![CDATA[]]></system-err>
      </testcase>
      <testcase name="Test Cases/GGMP/GlobalNav/Powertrain/Engine Components" classname="Test Cases/GGMP/GlobalNav/Powertrain/Engine Components" status="PASSED">
         <system-out><![CDATA[2019-05-30 14:01:23 - [TEST_CASE][PASSED] - Test Cases/GGMP/GlobalNav/Powertrain/Engine Components: Test Cases/GGMP/GlobalNav/Powertrain/Engine Components

2019-05-30 14:01:23 - [TEST_STEP][PASSED] - openBrowser(""): Browser is opened with url: ''

2019-05-30 14:01:23 - [MESSAGE][INFO] - Starting 'Chrome' driver

2019-05-30 14:01:29 - [MESSAGE][PASSED] - Browser is opened with url: ''

2019-05-30 14:01:29 - [TEST_STEP][PASSED] - maximizeWindow(): Current window maximized

2019-05-30 14:01:30 - [MESSAGE][PASSED] - Current window maximized

2019-05-30 14:01:30 - [TEST_STEP][PASSED] - navigateToUrl("https://www.genuinegmparts.com/"): Navigate to 'https://www.genuinegmparts.com/' successfully

2019-05-30 14:01:34 - [MESSAGE][PASSED] - Navigate to 'https://www.genuinegmparts.com/' successfully

2019-05-30 14:01:34 - [TEST_STEP][PASSED] - click(findTestObject("Object Repository/Global Nav/Powertrain/Engine Components/li_Powertrain")): Object: 'Object Repository/Global Nav/Powertrain/Engine Components/li_Powertrain' is clicked on

2019-05-30 14:01:34 - [MESSAGE][PASSED] - Object: 'Object Repository/Global Nav/Powertrain/Engine Components/li_Powertrain' is clicked on

2019-05-30 14:01:34 - [TEST_STEP][PASSED] - click(findTestObject("Object Repository/Global Nav/Powertrain/Engine Components/span_Engine components")): Object: 'Object Repository/Global Nav/Powertrain/Engine Components/span_Engine components' is clicked on

2019-05-30 14:01:34 - [MESSAGE][PASSED] - Object: 'Object Repository/Global Nav/Powertrain/Engine Components/span_Engine components' is clicked on

2019-05-30 14:01:34 - [TEST_STEP][PASSED] - delay(2): Delayed 2 second(s)

2019-05-30 14:01:36 - [MESSAGE][PASSED] - Delayed 2 second(s)

2019-05-30 14:01:36 - [TEST_STEP][PASSED] - verifyElementText(findTestObject("Global Nav/Powertrain/Engine Components/h1_Keep putting power down with Genuine GM Parts"), "Keep putting power down with Genuine GM Parts"): Actual text and expected text of test object 'Object Repository/Global Nav/Powertrain/Engine Components/h1_Keep putting power down with Genuine GM Parts' are matched.

2019-05-30 14:01:38 - [MESSAGE][PASSED] - Actual text and expected text of test object 'Object Repository/Global Nav/Powertrain/Engine Components/h1_Keep putting power down with Genuine GM Parts' are matched.

2019-05-30 14:01:38 - [TEST_STEP][PASSED] - closeBrowser(): Browser is closed

2019-05-30 14:01:39 - [MESSAGE][PASSED] - Browser is closed]]></system-out>
         <system-err><![CDATA[]]></system-err>
      </testcase>
      <testcase name="Test Cases/GGMP/GlobalNav/Powertrain/Engines" classname="Test Cases/GGMP/GlobalNav/Powertrain/Engines" status="PASSED">
         <system-out><![CDATA[2019-05-30 14:01:39 - [TEST_CASE][PASSED] - Test Cases/GGMP/GlobalNav/Powertrain/Engines: Test Cases/GGMP/GlobalNav/Powertrain/Engines

2019-05-30 14:01:39 - [TEST_STEP][PASSED] - openBrowser(""): Browser is opened with url: ''

2019-05-30 14:01:39 - [MESSAGE][INFO] - Starting 'Chrome' driver

2019-05-30 14:01:45 - [MESSAGE][PASSED] - Browser is opened with url: ''

2019-05-30 14:01:45 - [TEST_STEP][PASSED] - maximizeWindow(): Current window maximized

2019-05-30 14:01:46 - [MESSAGE][PASSED] - Current window maximized

2019-05-30 14:01:46 - [TEST_STEP][PASSED] - navigateToUrl("https://www.genuinegmparts.com/"): Navigate to 'https://www.genuinegmparts.com/' successfully

2019-05-30 14:01:52 - [MESSAGE][PASSED] - Navigate to 'https://www.genuinegmparts.com/' successfully

2019-05-30 14:01:52 - [TEST_STEP][PASSED] - click(findTestObject("Object Repository/Global Nav/Powertrain/Engines/li_Powertrain")): Object: 'Object Repository/Global Nav/Powertrain/Engines/li_Powertrain' is clicked on

2019-05-30 14:01:52 - [MESSAGE][PASSED] - Object: 'Object Repository/Global Nav/Powertrain/Engines/li_Powertrain' is clicked on

2019-05-30 14:01:52 - [TEST_STEP][PASSED] - click(findTestObject("Object Repository/Global Nav/Powertrain/Engines/span_Engines")): Object: 'Object Repository/Global Nav/Powertrain/Engines/span_Engines' is clicked on

2019-05-30 14:01:52 - [MESSAGE][PASSED] - Object: 'Object Repository/Global Nav/Powertrain/Engines/span_Engines' is clicked on

2019-05-30 14:01:52 - [TEST_STEP][PASSED] - delay(2): Delayed 2 second(s)

2019-05-30 14:01:54 - [MESSAGE][PASSED] - Delayed 2 second(s)

2019-05-30 14:01:54 - [TEST_STEP][PASSED] - verifyElementText(findTestObject("Global Nav/Powertrain/Engines/h1_GM OE engines built with unrivaled quality"), "GM OE engines built with unrivaled quality"): Actual text and expected text of test object 'Object Repository/Global Nav/Powertrain/Engines/h1_GM OE engines built with unrivaled quality' are matched.

2019-05-30 14:01:55 - [MESSAGE][PASSED] - Actual text and expected text of test object 'Object Repository/Global Nav/Powertrain/Engines/h1_GM OE engines built with unrivaled quality' are matched.

2019-05-30 14:01:55 - [TEST_STEP][PASSED] - closeBrowser(): Browser is closed

2019-05-30 14:01:56 - [MESSAGE][PASSED] - Browser is closed]]></system-out>
         <system-err><![CDATA[]]></system-err>
      </testcase>
      <testcase name="Test Cases/GGMP/GlobalNav/Powertrain/Programs" classname="Test Cases/GGMP/GlobalNav/Powertrain/Programs" status="PASSED">
         <system-out><![CDATA[2019-05-30 14:01:56 - [TEST_CASE][PASSED] - Test Cases/GGMP/GlobalNav/Powertrain/Programs: Test Cases/GGMP/GlobalNav/Powertrain/Programs

2019-05-30 14:01:56 - [TEST_STEP][PASSED] - openBrowser(""): Browser is opened with url: ''

2019-05-30 14:01:56 - [MESSAGE][INFO] - Starting 'Chrome' driver

2019-05-30 14:02:02 - [MESSAGE][PASSED] - Browser is opened with url: ''

2019-05-30 14:02:02 - [TEST_STEP][PASSED] - maximizeWindow(): Current window maximized

2019-05-30 14:02:03 - [MESSAGE][PASSED] - Current window maximized

2019-05-30 14:02:03 - [TEST_STEP][PASSED] - navigateToUrl("https://www.genuinegmparts.com/"): Navigate to 'https://www.genuinegmparts.com/' successfully

2019-05-30 14:02:07 - [MESSAGE][PASSED] - Navigate to 'https://www.genuinegmparts.com/' successfully

2019-05-30 14:02:07 - [TEST_STEP][PASSED] - click(findTestObject("Object Repository/Global Nav/Powertrain/Programs and Offers/li_Powertrain")): Object: 'Object Repository/Global Nav/Powertrain/Programs and Offers/li_Powertrain' is clicked on

2019-05-30 14:02:07 - [MESSAGE][PASSED] - Object: 'Object Repository/Global Nav/Powertrain/Programs and Offers/li_Powertrain' is clicked on

2019-05-30 14:02:07 - [TEST_STEP][PASSED] - click(findTestObject("Object Repository/Global Nav/Powertrain/Programs and Offers/a_Programs  Offers")): Object: 'Object Repository/Global Nav/Powertrain/Programs and Offers/a_Programs  Offers' is clicked on

2019-05-30 14:02:08 - [MESSAGE][PASSED] - Object: 'Object Repository/Global Nav/Powertrain/Programs and Offers/a_Programs  Offers' is clicked on

2019-05-30 14:02:08 - [TEST_STEP][PASSED] - click(findTestObject("Object Repository/Global Nav/Powertrain/Programs and Offers/a_concat(id(  ttpopclose1  ))_ttpopclose1")): Object: 'Object Repository/Global Nav/Powertrain/Programs and Offers/a_concat(id(  ttpopclose1  ))_ttpopclose1' is clicked on

2019-05-30 14:02:12 - [MESSAGE][PASSED] - Object: 'Object Repository/Global Nav/Powertrain/Programs and Offers/a_concat(id(  ttpopclose1  ))_ttpopclose1' is clicked on

2019-05-30 14:02:12 - [TEST_STEP][PASSED] - delay(2): Delayed 2 second(s)

2019-05-30 14:02:14 - [MESSAGE][PASSED] - Delayed 2 second(s)

2019-05-30 14:02:14 - [TEST_STEP][PASSED] - verifyElementText(findTestObject("Global Nav/Powertrain/Programs and Offers/p_Shops that choose 100 GM Genuine Parts can earn rewards and help get the job done right the first time"), "Shops that choose 100% GM Genuine Parts can earn rewards and help get the job done right the first time."): Actual text and expected text of test object 'Object Repository/Global Nav/Powertrain/Programs and Offers/p_Shops that choose 100 GM Genuine Parts can earn rewards and help get the job done right the first time' are matched.

2019-05-30 14:02:14 - [MESSAGE][PASSED] - Actual text and expected text of test object 'Object Repository/Global Nav/Powertrain/Programs and Offers/p_Shops that choose 100 GM Genuine Parts can earn rewards and help get the job done right the first time' are matched.

2019-05-30 14:02:14 - [TEST_STEP][PASSED] - closeBrowser(): Browser is closed

2019-05-30 14:02:15 - [MESSAGE][PASSED] - Browser is closed]]></system-out>
         <system-err><![CDATA[]]></system-err>
      </testcase>
      <testcase name="Test Cases/GGMP/GlobalNav/Powertrain/Technical Documents" classname="Test Cases/GGMP/GlobalNav/Powertrain/Technical Documents" status="PASSED">
         <system-out><![CDATA[2019-05-30 14:02:15 - [TEST_CASE][PASSED] - Test Cases/GGMP/GlobalNav/Powertrain/Technical Documents: Test Cases/GGMP/GlobalNav/Powertrain/Technical Documents

2019-05-30 14:02:15 - [TEST_STEP][PASSED] - openBrowser(""): Browser is opened with url: ''

2019-05-30 14:02:15 - [MESSAGE][INFO] - Starting 'Chrome' driver

2019-05-30 14:02:21 - [MESSAGE][PASSED] - Browser is opened with url: ''

2019-05-30 14:02:21 - [TEST_STEP][PASSED] - maximizeWindow(): Current window maximized

2019-05-30 14:02:22 - [MESSAGE][PASSED] - Current window maximized

2019-05-30 14:02:22 - [TEST_STEP][PASSED] - navigateToUrl("https://www.genuinegmparts.com/"): Navigate to 'https://www.genuinegmparts.com/' successfully

2019-05-30 14:02:26 - [MESSAGE][PASSED] - Navigate to 'https://www.genuinegmparts.com/' successfully

2019-05-30 14:02:26 - [TEST_STEP][PASSED] - click(findTestObject("Object Repository/Global Nav/Powertrain/Technical Documents/li_Powertrain")): Object: 'Object Repository/Global Nav/Powertrain/Technical Documents/li_Powertrain' is clicked on

2019-05-30 14:02:26 - [MESSAGE][PASSED] - Object: 'Object Repository/Global Nav/Powertrain/Technical Documents/li_Powertrain' is clicked on

2019-05-30 14:02:26 - [TEST_STEP][PASSED] - click(findTestObject("Object Repository/Global Nav/Powertrain/Technical Documents/a_Technical Documents")): Object: 'Object Repository/Global Nav/Powertrain/Technical Documents/a_Technical Documents' is clicked on

2019-05-30 14:02:26 - [MESSAGE][PASSED] - Object: 'Object Repository/Global Nav/Powertrain/Technical Documents/a_Technical Documents' is clicked on

2019-05-30 14:02:26 - [TEST_STEP][PASSED] - delay(2): Delayed 2 second(s)

2019-05-30 14:02:28 - [MESSAGE][PASSED] - Delayed 2 second(s)

2019-05-30 14:02:28 - [TEST_STEP][PASSED] - verifyElementText(findTestObject("Global Nav/Powertrain/Technical Documents/h1_Technical documents"), "Technical documents"): Actual text and expected text of test object 'Object Repository/Global Nav/Powertrain/Technical Documents/h1_Technical documents' are matched.

2019-05-30 14:02:29 - [MESSAGE][PASSED] - Actual text and expected text of test object 'Object Repository/Global Nav/Powertrain/Technical Documents/h1_Technical documents' are matched.

2019-05-30 14:02:29 - [TEST_STEP][PASSED] - closeBrowser(): Browser is closed

2019-05-30 14:02:30 - [MESSAGE][PASSED] - Browser is closed]]></system-out>
         <system-err><![CDATA[]]></system-err>
      </testcase>
      <testcase name="Test Cases/GGMP/GlobalNav/Powertrain/Transmission Components" classname="Test Cases/GGMP/GlobalNav/Powertrain/Transmission Components" status="PASSED">
         <system-out><![CDATA[2019-05-30 14:02:30 - [TEST_CASE][PASSED] - Test Cases/GGMP/GlobalNav/Powertrain/Transmission Components: Test Cases/GGMP/GlobalNav/Powertrain/Transmission Components

2019-05-30 14:02:30 - [TEST_STEP][PASSED] - openBrowser(""): Browser is opened with url: ''

2019-05-30 14:02:30 - [MESSAGE][INFO] - Starting 'Chrome' driver

2019-05-30 14:02:36 - [MESSAGE][PASSED] - Browser is opened with url: ''

2019-05-30 14:02:36 - [TEST_STEP][PASSED] - maximizeWindow(): Current window maximized

2019-05-30 14:02:37 - [MESSAGE][PASSED] - Current window maximized

2019-05-30 14:02:37 - [TEST_STEP][PASSED] - navigateToUrl("https://www.genuinegmparts.com/"): Navigate to 'https://www.genuinegmparts.com/' successfully

2019-05-30 14:02:41 - [MESSAGE][PASSED] - Navigate to 'https://www.genuinegmparts.com/' successfully

2019-05-30 14:02:41 - [TEST_STEP][PASSED] - click(findTestObject("Object Repository/Global Nav/Powertrain/Transmission Components/li_Powertrain")): Object: 'Object Repository/Global Nav/Powertrain/Transmission Components/li_Powertrain' is clicked on

2019-05-30 14:02:41 - [MESSAGE][PASSED] - Object: 'Object Repository/Global Nav/Powertrain/Transmission Components/li_Powertrain' is clicked on

2019-05-30 14:02:41 - [TEST_STEP][PASSED] - click(findTestObject("Object Repository/Global Nav/Powertrain/Transmission Components/span_Transmission components")): Object: 'Object Repository/Global Nav/Powertrain/Transmission Components/span_Transmission components' is clicked on

2019-05-30 14:02:41 - [MESSAGE][PASSED] - Object: 'Object Repository/Global Nav/Powertrain/Transmission Components/span_Transmission components' is clicked on

2019-05-30 14:02:41 - [TEST_STEP][PASSED] - delay(2): Delayed 2 second(s)

2019-05-30 14:02:43 - [MESSAGE][PASSED] - Delayed 2 second(s)

2019-05-30 14:02:43 - [TEST_STEP][PASSED] - verifyElementText(findTestObject("Global Nav/Powertrain/Transmission Components/h1_Shift into gear with Genuine GM Parts"), "Shift into gear with Genuine GM Parts"): Actual text and expected text of test object 'Object Repository/Global Nav/Powertrain/Transmission Components/h1_Shift into gear with Genuine GM Parts' are matched.

2019-05-30 14:02:44 - [MESSAGE][PASSED] - Actual text and expected text of test object 'Object Repository/Global Nav/Powertrain/Transmission Components/h1_Shift into gear with Genuine GM Parts' are matched.

2019-05-30 14:02:44 - [TEST_STEP][PASSED] - click(findTestObject("Object Repository/Global Nav/Powertrain/Transmission Components/button_GO TO ECATALOG")): Object: 'Object Repository/Global Nav/Powertrain/Transmission Components/button_GO TO ECATALOG' is clicked on

2019-05-30 14:02:44 - [MESSAGE][PASSED] - Object: 'Object Repository/Global Nav/Powertrain/Transmission Components/button_GO TO ECATALOG' is clicked on

2019-05-30 14:02:44 - [TEST_STEP][PASSED] - closeBrowser(): Browser is closed

2019-05-30 14:02:45 - [MESSAGE][PASSED] - Browser is closed]]></system-out>
         <system-err><![CDATA[]]></system-err>
      </testcase>
      <testcase name="Test Cases/GGMP/GlobalNav/Powertrain/Transmission Transfer Cases" classname="Test Cases/GGMP/GlobalNav/Powertrain/Transmission Transfer Cases" status="PASSED">
         <system-out><![CDATA[2019-05-30 14:02:45 - [TEST_CASE][PASSED] - Test Cases/GGMP/GlobalNav/Powertrain/Transmission Transfer Cases: Test Cases/GGMP/GlobalNav/Powertrain/Transmission Transfer Cases

2019-05-30 14:02:45 - [TEST_STEP][PASSED] - openBrowser(""): Browser is opened with url: ''

2019-05-30 14:02:45 - [MESSAGE][INFO] - Starting 'Chrome' driver

2019-05-30 14:02:52 - [MESSAGE][PASSED] - Browser is opened with url: ''

2019-05-30 14:02:52 - [TEST_STEP][PASSED] - maximizeWindow(): Current window maximized

2019-05-30 14:02:53 - [MESSAGE][PASSED] - Current window maximized

2019-05-30 14:02:53 - [TEST_STEP][PASSED] - navigateToUrl("https://www.genuinegmparts.com/"): Navigate to 'https://www.genuinegmparts.com/' successfully

2019-05-30 14:02:57 - [MESSAGE][PASSED] - Navigate to 'https://www.genuinegmparts.com/' successfully

2019-05-30 14:02:57 - [TEST_STEP][PASSED] - click(findTestObject("Object Repository/Global Nav/Powertrain/Transmission Transfer Cases/li_Powertrain")): Object: 'Object Repository/Global Nav/Powertrain/Transmission Transfer Cases/li_Powertrain' is clicked on

2019-05-30 14:02:57 - [MESSAGE][PASSED] - Object: 'Object Repository/Global Nav/Powertrain/Transmission Transfer Cases/li_Powertrain' is clicked on

2019-05-30 14:02:57 - [TEST_STEP][PASSED] - click(findTestObject("Object Repository/Global Nav/Powertrain/Transmission Transfer Cases/span_Transmissions  Transfer cases")): Object: 'Object Repository/Global Nav/Powertrain/Transmission Transfer Cases/span_Transmissions  Transfer cases' is clicked on

2019-05-30 14:02:57 - [MESSAGE][PASSED] - Object: 'Object Repository/Global Nav/Powertrain/Transmission Transfer Cases/span_Transmissions  Transfer cases' is clicked on

2019-05-30 14:02:57 - [TEST_STEP][PASSED] - delay(2): Delayed 2 second(s)

2019-05-30 14:02:59 - [MESSAGE][PASSED] - Delayed 2 second(s)

2019-05-30 14:02:59 - [TEST_STEP][PASSED] - verifyElementText(findTestObject("Global Nav/Powertrain/Transmission Transfer Cases/h3_Genuine GM parts transmissions"), "GENUINE GM PARTS TRANSMISSIONS"): Actual text and expected text of test object 'Object Repository/Global Nav/Powertrain/Transmission Transfer Cases/h3_Genuine GM parts transmissions' are matched.

2019-05-30 14:03:00 - [MESSAGE][PASSED] - Actual text and expected text of test object 'Object Repository/Global Nav/Powertrain/Transmission Transfer Cases/h3_Genuine GM parts transmissions' are matched.

2019-05-30 14:03:00 - [TEST_STEP][PASSED] - closeBrowser(): Browser is closed

2019-05-30 14:03:02 - [MESSAGE][PASSED] - Browser is closed]]></system-out>
         <system-err><![CDATA[]]></system-err>
      </testcase>
      <testcase name="Test Cases/GGMP/GlobalNav/Resources/Product Registration" classname="Test Cases/GGMP/GlobalNav/Resources/Product Registration" status="PASSED">
         <system-out><![CDATA[2019-05-30 14:03:02 - [TEST_CASE][PASSED] - Test Cases/GGMP/GlobalNav/Resources/Product Registration: Test Cases/GGMP/GlobalNav/Resources/Product Registration

2019-05-30 14:03:02 - [TEST_STEP][PASSED] - openBrowser(""): Browser is opened with url: ''

2019-05-30 14:03:03 - [MESSAGE][INFO] - Starting 'Chrome' driver

2019-05-30 14:03:10 - [MESSAGE][PASSED] - Browser is opened with url: ''

2019-05-30 14:03:10 - [TEST_STEP][PASSED] - maximizeWindow(): Current window maximized

2019-05-30 14:03:12 - [MESSAGE][PASSED] - Current window maximized

2019-05-30 14:03:12 - [TEST_STEP][PASSED] - navigateToUrl("https://www.genuinegmparts.com/"): Navigate to 'https://www.genuinegmparts.com/' successfully

2019-05-30 14:03:15 - [MESSAGE][PASSED] - Navigate to 'https://www.genuinegmparts.com/' successfully

2019-05-30 14:03:15 - [TEST_STEP][PASSED] - click(findTestObject("Object Repository/Global Nav/Resources/Product Registration/li_Resources")): Object: 'Object Repository/Global Nav/Resources/Product Registration/li_Resources' is clicked on

2019-05-30 14:03:16 - [MESSAGE][PASSED] - Object: 'Object Repository/Global Nav/Resources/Product Registration/li_Resources' is clicked on

2019-05-30 14:03:16 - [TEST_STEP][PASSED] - click(findTestObject("Object Repository/Global Nav/Resources/Product Registration/a_Product Registration")): Object: 'Object Repository/Global Nav/Resources/Product Registration/a_Product Registration' is clicked on

2019-05-30 14:03:16 - [MESSAGE][PASSED] - Object: 'Object Repository/Global Nav/Resources/Product Registration/a_Product Registration' is clicked on

2019-05-30 14:03:16 - [TEST_STEP][PASSED] - delay(2): Delayed 2 second(s)

2019-05-30 14:03:18 - [MESSAGE][PASSED] - Delayed 2 second(s)

2019-05-30 14:03:18 - [TEST_STEP][PASSED] - verifyElementText(findTestObject("Global Nav/Resources/Product Registration/h1_Product Registration"), "Product Registration"): Actual text and expected text of test object 'Object Repository/Global Nav/Resources/Product Registration/h1_Product Registration' are matched.

2019-05-30 14:03:18 - [MESSAGE][PASSED] - Actual text and expected text of test object 'Object Repository/Global Nav/Resources/Product Registration/h1_Product Registration' are matched.

2019-05-30 14:03:18 - [TEST_STEP][PASSED] - closeBrowser(): Browser is closed

2019-05-30 14:03:19 - [MESSAGE][PASSED] - Browser is closed]]></system-out>
         <system-err><![CDATA[]]></system-err>
      </testcase>
      <testcase name="Test Cases/GGMP/GlobalNav/Resources/Related Links" classname="Test Cases/GGMP/GlobalNav/Resources/Related Links" status="PASSED">
         <system-out><![CDATA[2019-05-30 14:03:19 - [TEST_CASE][PASSED] - Test Cases/GGMP/GlobalNav/Resources/Related Links: Test Cases/GGMP/GlobalNav/Resources/Related Links

2019-05-30 14:03:20 - [TEST_STEP][PASSED] - openBrowser(""): Browser is opened with url: ''

2019-05-30 14:03:20 - [MESSAGE][INFO] - Starting 'Chrome' driver

2019-05-30 14:03:26 - [MESSAGE][PASSED] - Browser is opened with url: ''

2019-05-30 14:03:26 - [TEST_STEP][PASSED] - maximizeWindow(): Current window maximized

2019-05-30 14:03:28 - [MESSAGE][PASSED] - Current window maximized

2019-05-30 14:03:28 - [TEST_STEP][PASSED] - navigateToUrl(" https://www.genuinegmparts.com"): Navigate to 'https://www.genuinegmparts.com' successfully

2019-05-30 14:03:32 - [MESSAGE][PASSED] - Navigate to 'https://www.genuinegmparts.com' successfully

2019-05-30 14:03:32 - [TEST_STEP][PASSED] - click(findTestObject("Object Repository/Global Nav/Resources/Related Links/li_Resources")): Object: 'Object Repository/Global Nav/Resources/Related Links/li_Resources' is clicked on

2019-05-30 14:03:32 - [MESSAGE][PASSED] - Object: 'Object Repository/Global Nav/Resources/Related Links/li_Resources' is clicked on

2019-05-30 14:03:32 - [TEST_STEP][PASSED] - click(findTestObject("Object Repository/Global Nav/Resources/Related Links/a_RelatedLinks")): Object: 'Object Repository/Global Nav/Resources/Related Links/a_RelatedLinks' is clicked on

2019-05-30 14:03:32 - [MESSAGE][PASSED] - Object: 'Object Repository/Global Nav/Resources/Related Links/a_RelatedLinks' is clicked on

2019-05-30 14:03:32 - [TEST_STEP][PASSED] - delay(2): Delayed 2 second(s)

2019-05-30 14:03:34 - [MESSAGE][PASSED] - Delayed 2 second(s)

2019-05-30 14:03:34 - [TEST_STEP][PASSED] - verifyElementText(findTestObject("Global Nav/Resources/Related Links/h1_Related links"), "Related links"): Actual text and expected text of test object 'Object Repository/Global Nav/Resources/Related Links/h1_Related links' are matched.

2019-05-30 14:03:35 - [MESSAGE][PASSED] - Actual text and expected text of test object 'Object Repository/Global Nav/Resources/Related Links/h1_Related links' are matched.

2019-05-30 14:03:35 - [TEST_STEP][PASSED] - closeBrowser(): Browser is closed

2019-05-30 14:03:36 - [MESSAGE][PASSED] - Browser is closed]]></system-out>
         <system-err><![CDATA[]]></system-err>
      </testcase>
      <testcase name="Test Cases/GGMP/GlobalNav/Resources/VIN Information" classname="Test Cases/GGMP/GlobalNav/Resources/VIN Information" status="PASSED">
         <system-out><![CDATA[2019-05-30 14:03:36 - [TEST_CASE][PASSED] - Test Cases/GGMP/GlobalNav/Resources/VIN Information: Test Cases/GGMP/GlobalNav/Resources/VIN Information

2019-05-30 14:03:36 - [TEST_STEP][PASSED] - openBrowser(""): Browser is opened with url: ''

2019-05-30 14:03:36 - [MESSAGE][INFO] - Starting 'Chrome' driver

2019-05-30 14:03:43 - [MESSAGE][PASSED] - Browser is opened with url: ''

2019-05-30 14:03:43 - [TEST_STEP][PASSED] - maximizeWindow(): Current window maximized

2019-05-30 14:03:45 - [MESSAGE][PASSED] - Current window maximized

2019-05-30 14:03:45 - [TEST_STEP][PASSED] - navigateToUrl("https://www.genuinegmparts.com/"): Navigate to 'https://www.genuinegmparts.com/' successfully

2019-05-30 14:03:50 - [MESSAGE][PASSED] - Navigate to 'https://www.genuinegmparts.com/' successfully

2019-05-30 14:03:50 - [TEST_STEP][PASSED] - click(findTestObject("Object Repository/Global Nav/Resources/VIN Information/li_Resources")): Object: 'Object Repository/Global Nav/Resources/VIN Information/li_Resources' is clicked on

2019-05-30 14:03:50 - [MESSAGE][PASSED] - Object: 'Object Repository/Global Nav/Resources/VIN Information/li_Resources' is clicked on

2019-05-30 14:03:50 - [TEST_STEP][PASSED] - click(findTestObject("Object Repository/Global Nav/Resources/VIN Information/a_VINInformation")): Object: 'Object Repository/Global Nav/Resources/VIN Information/a_VINInformation' is clicked on

2019-05-30 14:03:51 - [MESSAGE][PASSED] - Object: 'Object Repository/Global Nav/Resources/VIN Information/a_VINInformation' is clicked on

2019-05-30 14:03:51 - [TEST_STEP][PASSED] - delay(2): Delayed 2 second(s)

2019-05-30 14:03:53 - [MESSAGE][PASSED] - Delayed 2 second(s)

2019-05-30 14:03:53 - [TEST_STEP][PASSED] - verifyElementText(findTestObject("Global Nav/Resources/VIN Information/h1_Vehicle Identification Number (VIN) information"), "Vehicle Identification Number (VIN) information"): Actual text and expected text of test object 'Object Repository/Global Nav/Resources/VIN Information/h1_Vehicle Identification Number (VIN) information' are matched.

2019-05-30 14:03:54 - [MESSAGE][PASSED] - Actual text and expected text of test object 'Object Repository/Global Nav/Resources/VIN Information/h1_Vehicle Identification Number (VIN) information' are matched.

2019-05-30 14:03:54 - [TEST_STEP][PASSED] - closeBrowser(): Browser is closed

2019-05-30 14:03:55 - [MESSAGE][PASSED] - Browser is closed]]></system-out>
         <system-err><![CDATA[]]></system-err>
      </testcase>
      <testcase name="Test Cases/GGMP/GlobalNav/Resources/Warranty Info" classname="Test Cases/GGMP/GlobalNav/Resources/Warranty Info" status="PASSED">
         <system-out><![CDATA[2019-05-30 14:03:55 - [TEST_CASE][PASSED] - Test Cases/GGMP/GlobalNav/Resources/Warranty Info: Test Cases/GGMP/GlobalNav/Resources/Warranty Info

2019-05-30 14:03:56 - [TEST_STEP][PASSED] - openBrowser(""): Browser is opened with url: ''

2019-05-30 14:03:56 - [MESSAGE][INFO] - Starting 'Chrome' driver

2019-05-30 14:04:03 - [MESSAGE][PASSED] - Browser is opened with url: ''

2019-05-30 14:04:03 - [TEST_STEP][PASSED] - maximizeWindow(): Current window maximized

2019-05-30 14:04:04 - [MESSAGE][PASSED] - Current window maximized

2019-05-30 14:04:04 - [TEST_STEP][PASSED] - navigateToUrl("https://www.genuinegmparts.com/"): Navigate to 'https://www.genuinegmparts.com/' successfully

2019-05-30 14:04:18 - [MESSAGE][PASSED] - Navigate to 'https://www.genuinegmparts.com/' successfully

2019-05-30 14:04:18 - [TEST_STEP][PASSED] - click(findTestObject("Object Repository/Global Nav/Resources/Warranty Info/li_Resources")): Object: 'Object Repository/Global Nav/Resources/Warranty Info/li_Resources' is clicked on

2019-05-30 14:04:18 - [MESSAGE][PASSED] - Object: 'Object Repository/Global Nav/Resources/Warranty Info/li_Resources' is clicked on

2019-05-30 14:04:18 - [TEST_STEP][PASSED] - click(findTestObject("Object Repository/Global Nav/Resources/Warranty Info/a_WarrantyInfo")): Object: 'Object Repository/Global Nav/Resources/Warranty Info/a_WarrantyInfo' is clicked on

2019-05-30 14:04:18 - [MESSAGE][PASSED] - Object: 'Object Repository/Global Nav/Resources/Warranty Info/a_WarrantyInfo' is clicked on

2019-05-30 14:04:18 - [TEST_STEP][PASSED] - delay(2): Delayed 2 second(s)

2019-05-30 14:04:20 - [MESSAGE][PASSED] - Delayed 2 second(s)

2019-05-30 14:04:20 - [TEST_STEP][PASSED] - verifyElementText(findTestObject("Global Nav/Resources/Warranty Info/h1_Warranty information"), "Warranty information"): Actual text and expected text of test object 'Object Repository/Global Nav/Resources/Warranty Info/h1_Warranty information' are matched.

2019-05-30 14:04:22 - [MESSAGE][PASSED] - Actual text and expected text of test object 'Object Repository/Global Nav/Resources/Warranty Info/h1_Warranty information' are matched.

2019-05-30 14:04:22 - [TEST_STEP][PASSED] - closeBrowser(): Browser is closed

2019-05-30 14:04:23 - [MESSAGE][PASSED] - Browser is closed]]></system-out>
         <system-err><![CDATA[]]></system-err>
      </testcase>
      <testcase name="Test Cases/GGMP/Sitemap/Collision/Cadillac" classname="Test Cases/GGMP/Sitemap/Collision/Cadillac" status="PASSED">
         <system-out><![CDATA[2019-05-30 14:04:23 - [TEST_CASE][PASSED] - Test Cases/GGMP/Sitemap/Collision/Cadillac: Test Cases/GGMP/Sitemap/Collision/Cadillac

2019-05-30 14:04:24 - [TEST_STEP][PASSED] - openBrowser(""): Browser is opened with url: ''

2019-05-30 14:04:24 - [MESSAGE][INFO] - Starting 'Chrome' driver

2019-05-30 14:04:32 - [MESSAGE][PASSED] - Browser is opened with url: ''

2019-05-30 14:04:32 - [TEST_STEP][PASSED] - maximizeWindow(): Current window maximized

2019-05-30 14:04:33 - [MESSAGE][PASSED] - Current window maximized

2019-05-30 14:04:33 - [TEST_STEP][PASSED] - navigateToUrl("https://www.genuinegmparts.com/"): Navigate to 'https://www.genuinegmparts.com/' successfully

2019-05-30 14:04:41 - [MESSAGE][PASSED] - Navigate to 'https://www.genuinegmparts.com/' successfully

2019-05-30 14:04:41 - [TEST_STEP][PASSED] - click(findTestObject("Object Repository/SiteMap/Collision/Cadillac/a_Sitemap")): Object: 'Object Repository/SiteMap/Collision/Cadillac/a_Sitemap' is clicked on

2019-05-30 14:04:47 - [MESSAGE][PASSED] - Object: 'Object Repository/SiteMap/Collision/Cadillac/a_Sitemap' is clicked on

2019-05-30 14:04:47 - [TEST_STEP][PASSED] - click(findTestObject("Object Repository/SiteMap/Collision/Cadillac/span_Cadillac Aluminum Repair Network")): Object: 'Object Repository/SiteMap/Collision/Cadillac/span_Cadillac Aluminum Repair Network' is clicked on

2019-05-30 14:04:47 - [MESSAGE][PASSED] - Object: 'Object Repository/SiteMap/Collision/Cadillac/span_Cadillac Aluminum Repair Network' is clicked on

2019-05-30 14:04:47 - [TEST_STEP][PASSED] - click(findTestObject("Object Repository/SiteMap/Collision/Cadillac/span_Contact your local Cadillac Certified Service Center")): Object: 'Object Repository/SiteMap/Collision/Cadillac/span_Contact your local Cadillac Certified Service Center' is clicked on

2019-05-30 14:04:49 - [MESSAGE][PASSED] - Object: 'Object Repository/SiteMap/Collision/Cadillac/span_Contact your local Cadillac Certified Service Center' is clicked on

2019-05-30 14:04:49 - [TEST_STEP][PASSED] - closeBrowser(): Browser is closed

2019-05-30 14:04:50 - [MESSAGE][PASSED] - Browser is closed]]></system-out>
         <system-err><![CDATA[]]></system-err>
      </testcase>
      <testcase name="Test Cases/GGMP/Sitemap/Collision/Collision Parts" classname="Test Cases/GGMP/Sitemap/Collision/Collision Parts" status="PASSED">
         <system-out><![CDATA[2019-05-30 14:04:50 - [TEST_CASE][PASSED] - Test Cases/GGMP/Sitemap/Collision/Collision Parts: Test Cases/GGMP/Sitemap/Collision/Collision Parts

2019-05-30 14:04:51 - [TEST_STEP][PASSED] - openBrowser(""): Browser is opened with url: ''

2019-05-30 14:04:51 - [MESSAGE][INFO] - Starting 'Chrome' driver

2019-05-30 14:04:58 - [MESSAGE][PASSED] - Browser is opened with url: ''

2019-05-30 14:04:58 - [TEST_STEP][PASSED] - maximizeWindow(): Current window maximized

2019-05-30 14:04:59 - [MESSAGE][PASSED] - Current window maximized

2019-05-30 14:04:59 - [TEST_STEP][PASSED] - navigateToUrl("https://www.genuinegmparts.com/"): Navigate to 'https://www.genuinegmparts.com/' successfully

2019-05-30 14:05:11 - [MESSAGE][PASSED] - Navigate to 'https://www.genuinegmparts.com/' successfully

2019-05-30 14:05:11 - [TEST_STEP][PASSED] - click(findTestObject("Object Repository/SiteMap/Collision/Collision Parts/a_Sitemap")): Object: 'Object Repository/SiteMap/Collision/Collision Parts/a_Sitemap' is clicked on

2019-05-30 14:05:12 - [MESSAGE][PASSED] - Object: 'Object Repository/SiteMap/Collision/Collision Parts/a_Sitemap' is clicked on

2019-05-30 14:05:12 - [TEST_STEP][PASSED] - click(findTestObject("Object Repository/SiteMap/Collision/Collision Parts/span_Collision Parts")): Object: 'Object Repository/SiteMap/Collision/Collision Parts/span_Collision Parts' is clicked on

2019-05-30 14:05:15 - [MESSAGE][PASSED] - Object: 'Object Repository/SiteMap/Collision/Collision Parts/span_Collision Parts' is clicked on

2019-05-30 14:05:15 - [TEST_STEP][PASSED] - click(findTestObject("Object Repository/SiteMap/Collision/Collision Parts/span_Sheet metal")): Object: 'Object Repository/SiteMap/Collision/Collision Parts/span_Sheet metal' is clicked on

2019-05-30 14:05:18 - [MESSAGE][PASSED] - Object: 'Object Repository/SiteMap/Collision/Collision Parts/span_Sheet metal' is clicked on

2019-05-30 14:05:18 - [TEST_STEP][PASSED] - closeBrowser(): Browser is closed

2019-05-30 14:05:19 - [MESSAGE][PASSED] - Browser is closed]]></system-out>
         <system-err><![CDATA[]]></system-err>
      </testcase>
      <testcase name="Test Cases/GGMP/Sitemap/Collision/Paint" classname="Test Cases/GGMP/Sitemap/Collision/Paint" status="PASSED">
         <system-out><![CDATA[2019-05-30 14:05:19 - [TEST_CASE][PASSED] - Test Cases/GGMP/Sitemap/Collision/Paint: Test Cases/GGMP/Sitemap/Collision/Paint

2019-05-30 14:05:20 - [TEST_STEP][PASSED] - openBrowser(""): Browser is opened with url: ''

2019-05-30 14:05:20 - [MESSAGE][INFO] - Starting 'Chrome' driver

2019-05-30 14:05:28 - [MESSAGE][PASSED] - Browser is opened with url: ''

2019-05-30 14:05:28 - [TEST_STEP][PASSED] - maximizeWindow(): Current window maximized

2019-05-30 14:05:29 - [MESSAGE][PASSED] - Current window maximized

2019-05-30 14:05:29 - [TEST_STEP][PASSED] - navigateToUrl("https://www.genuinegmparts.com/"): Navigate to 'https://www.genuinegmparts.com/' successfully

2019-05-30 14:05:39 - [MESSAGE][PASSED] - Navigate to 'https://www.genuinegmparts.com/' successfully

2019-05-30 14:05:39 - [TEST_STEP][PASSED] - click(findTestObject("Object Repository/SiteMap/Collision/Paint/a_Sitemap")): Object: 'Object Repository/SiteMap/Collision/Paint/a_Sitemap' is clicked on

2019-05-30 14:05:39 - [MESSAGE][PASSED] - Object: 'Object Repository/SiteMap/Collision/Paint/a_Sitemap' is clicked on

2019-05-30 14:05:39 - [TEST_STEP][PASSED] - click(findTestObject("Object Repository/SiteMap/Collision/Paint/span_Touch-Up Paint")): Object: 'Object Repository/SiteMap/Collision/Paint/span_Touch-Up Paint' is clicked on

2019-05-30 14:05:42 - [MESSAGE][PASSED] - Object: 'Object Repository/SiteMap/Collision/Paint/span_Touch-Up Paint' is clicked on

2019-05-30 14:05:42 - [TEST_STEP][PASSED] - closeBrowser(): Browser is closed

2019-05-30 14:05:43 - [MESSAGE][PASSED] - Browser is closed]]></system-out>
         <system-err><![CDATA[]]></system-err>
      </testcase>
      <testcase name="Test Cases/GGMP/Sitemap/Collision/The Genuine Difference" classname="Test Cases/GGMP/Sitemap/Collision/The Genuine Difference" status="PASSED">
         <system-out><![CDATA[2019-05-30 14:05:43 - [TEST_CASE][PASSED] - Test Cases/GGMP/Sitemap/Collision/The Genuine Difference: Test Cases/GGMP/Sitemap/Collision/The Genuine Difference

2019-05-30 14:05:43 - [TEST_STEP][PASSED] - openBrowser(""): Browser is opened with url: ''

2019-05-30 14:05:43 - [MESSAGE][INFO] - Starting 'Chrome' driver

2019-05-30 14:05:49 - [MESSAGE][PASSED] - Browser is opened with url: ''

2019-05-30 14:05:49 - [TEST_STEP][PASSED] - maximizeWindow(): Current window maximized

2019-05-30 14:05:50 - [MESSAGE][PASSED] - Current window maximized

2019-05-30 14:05:50 - [TEST_STEP][PASSED] - navigateToUrl("https://www.genuinegmparts.com/sitemap"): Navigate to 'https://www.genuinegmparts.com/sitemap' successfully

2019-05-30 14:05:52 - [MESSAGE][PASSED] - Navigate to 'https://www.genuinegmparts.com/sitemap' successfully

2019-05-30 14:05:52 - [TEST_STEP][PASSED] - click(findTestObject("Object Repository/SiteMap/Collision/span_The Genuine Difference")): Object: 'Object Repository/SiteMap/Collision/span_The Genuine Difference' is clicked on

2019-05-30 14:05:53 - [MESSAGE][PASSED] - Object: 'Object Repository/SiteMap/Collision/span_The Genuine Difference' is clicked on

2019-05-30 14:05:53 - [TEST_STEP][PASSED] - click(findTestObject("Object Repository/SiteMap/Collision/span_visit crashrepairinfocom")): Object: 'Object Repository/SiteMap/Collision/span_visit crashrepairinfocom' is clicked on

2019-05-30 14:05:55 - [MESSAGE][PASSED] - Object: 'Object Repository/SiteMap/Collision/span_visit crashrepairinfocom' is clicked on

2019-05-30 14:05:55 - [TEST_STEP][PASSED] - closeBrowser(): Browser is closed

2019-05-30 14:05:57 - [MESSAGE][PASSED] - Browser is closed]]></system-out>
         <system-err><![CDATA[]]></system-err>
      </testcase>
      <testcase name="Test Cases/GGMP/Sitemap/For Professionals/Cadillac Aluminum" classname="Test Cases/GGMP/Sitemap/For Professionals/Cadillac Aluminum" status="PASSED">
         <system-out><![CDATA[2019-05-30 14:05:57 - [TEST_CASE][PASSED] - Test Cases/GGMP/Sitemap/For Professionals/Cadillac Aluminum: Test Cases/GGMP/Sitemap/For Professionals/Cadillac Aluminum

2019-05-30 14:05:57 - [TEST_STEP][PASSED] - openBrowser(""): Browser is opened with url: ''

2019-05-30 14:05:57 - [MESSAGE][INFO] - Starting 'Chrome' driver

2019-05-30 14:06:03 - [MESSAGE][PASSED] - Browser is opened with url: ''

2019-05-30 14:06:03 - [TEST_STEP][PASSED] - maximizeWindow(): Current window maximized

2019-05-30 14:06:04 - [MESSAGE][PASSED] - Current window maximized

2019-05-30 14:06:04 - [TEST_STEP][PASSED] - navigateToUrl("https://www.genuinegmparts.com/"): Navigate to 'https://www.genuinegmparts.com/' successfully

2019-05-30 14:06:09 - [MESSAGE][PASSED] - Navigate to 'https://www.genuinegmparts.com/' successfully

2019-05-30 14:06:09 - [TEST_STEP][PASSED] - click(findTestObject("Object Repository/SiteMap/For Professionals/Cadillac Aluminum/a_Sitemap")): Object: 'Object Repository/SiteMap/For Professionals/Cadillac Aluminum/a_Sitemap' is clicked on

2019-05-30 14:06:10 - [MESSAGE][PASSED] - Object: 'Object Repository/SiteMap/For Professionals/Cadillac Aluminum/a_Sitemap' is clicked on

2019-05-30 14:06:10 - [TEST_STEP][PASSED] - click(findTestObject("Object Repository/SiteMap/For Professionals/Cadillac Aluminum/span_Cadillac Aluminum Repair Network")): Object: 'Object Repository/SiteMap/For Professionals/Cadillac Aluminum/span_Cadillac Aluminum Repair Network' is clicked on

2019-05-30 14:06:11 - [MESSAGE][PASSED] - Object: 'Object Repository/SiteMap/For Professionals/Cadillac Aluminum/span_Cadillac Aluminum Repair Network' is clicked on

2019-05-30 14:06:11 - [TEST_STEP][PASSED] - delay(3): Delayed 3 second(s)

2019-05-30 14:06:14 - [MESSAGE][PASSED] - Delayed 3 second(s)

2019-05-30 14:06:14 - [TEST_STEP][PASSED] - verifyElementText(findTestObject("SiteMap/For Professionals/Cadillac Aluminum/h1_Cadillac Aluminum Repair Network"), "Cadillac Aluminum Repair Network"): Actual text and expected text of test object 'Object Repository/SiteMap/For Professionals/Cadillac Aluminum/h1_Cadillac Aluminum Repair Network' are matched.

2019-05-30 14:06:15 - [MESSAGE][PASSED] - Actual text and expected text of test object 'Object Repository/SiteMap/For Professionals/Cadillac Aluminum/h1_Cadillac Aluminum Repair Network' are matched.

2019-05-30 14:06:15 - [TEST_STEP][PASSED] - closeBrowser(): Browser is closed

2019-05-30 14:06:16 - [MESSAGE][PASSED] - Browser is closed]]></system-out>
         <system-err><![CDATA[]]></system-err>
      </testcase>
      <testcase name="Test Cases/GGMP/Sitemap/For Professionals/Collision Repair Manuals" classname="Test Cases/GGMP/Sitemap/For Professionals/Collision Repair Manuals" status="PASSED">
         <system-out><![CDATA[2019-05-30 14:06:16 - [TEST_CASE][PASSED] - Test Cases/GGMP/Sitemap/For Professionals/Collision Repair Manuals: Test Cases/GGMP/Sitemap/For Professionals/Collision Repair Manuals

2019-05-30 14:06:17 - [TEST_STEP][PASSED] - openBrowser(""): Browser is opened with url: ''

2019-05-30 14:06:17 - [MESSAGE][INFO] - Starting 'Chrome' driver

2019-05-30 14:06:25 - [MESSAGE][PASSED] - Browser is opened with url: ''

2019-05-30 14:06:25 - [TEST_STEP][PASSED] - maximizeWindow(): Current window maximized

2019-05-30 14:06:27 - [MESSAGE][PASSED] - Current window maximized

2019-05-30 14:06:27 - [TEST_STEP][PASSED] - navigateToUrl("https://www.genuinegmparts.com/"): Navigate to 'https://www.genuinegmparts.com/' successfully

2019-05-30 14:06:39 - [MESSAGE][PASSED] - Navigate to 'https://www.genuinegmparts.com/' successfully

2019-05-30 14:06:39 - [TEST_STEP][PASSED] - click(findTestObject("SiteMap/For Professionals/Collision Repair Manuals/a_Sitemap")): Object: 'Object Repository/SiteMap/For Professionals/Collision Repair Manuals/a_Sitemap' is clicked on

2019-05-30 14:06:40 - [MESSAGE][PASSED] - Object: 'Object Repository/SiteMap/For Professionals/Collision Repair Manuals/a_Sitemap' is clicked on

2019-05-30 14:06:40 - [TEST_STEP][PASSED] - click(findTestObject("SiteMap/For Professionals/Collision Repair Manuals/span_Collision Repair Manuals")): Object: 'Object Repository/SiteMap/For Professionals/Collision Repair Manuals/span_Collision Repair Manuals' is clicked on

2019-05-30 14:06:43 - [MESSAGE][PASSED] - Object: 'Object Repository/SiteMap/For Professionals/Collision Repair Manuals/span_Collision Repair Manuals' is clicked on

2019-05-30 14:06:43 - [TEST_STEP][PASSED] - delay(3): Delayed 3 second(s)

2019-05-30 14:06:46 - [MESSAGE][PASSED] - Delayed 3 second(s)

2019-05-30 14:06:46 - [TEST_STEP][PASSED] - verifyElementText(findTestObject("SiteMap/For Professionals/Collision Repair Manuals/h1_Collision repair manuals for GM vehicles"), "Collision repair manuals for GM vehicles"): Actual text and expected text of test object 'Object Repository/SiteMap/For Professionals/Collision Repair Manuals/h1_Collision repair manuals for GM vehicles' are matched.

2019-05-30 14:06:46 - [MESSAGE][PASSED] - Actual text and expected text of test object 'Object Repository/SiteMap/For Professionals/Collision Repair Manuals/h1_Collision repair manuals for GM vehicles' are matched.

2019-05-30 14:06:46 - [TEST_STEP][PASSED] - closeBrowser(): Browser is closed

2019-05-30 14:06:47 - [MESSAGE][PASSED] - Browser is closed]]></system-out>
         <system-err><![CDATA[]]></system-err>
      </testcase>
      <testcase name="Test Cases/GGMP/Sitemap/For Professionals/Core Return Program" classname="Test Cases/GGMP/Sitemap/For Professionals/Core Return Program" status="PASSED">
         <system-out><![CDATA[2019-05-30 14:06:47 - [TEST_CASE][PASSED] - Test Cases/GGMP/Sitemap/For Professionals/Core Return Program: Test Cases/GGMP/Sitemap/For Professionals/Core Return Program

2019-05-30 14:06:48 - [TEST_STEP][PASSED] - openBrowser(""): Browser is opened with url: ''

2019-05-30 14:06:48 - [MESSAGE][INFO] - Starting 'Chrome' driver

2019-05-30 14:06:58 - [MESSAGE][PASSED] - Browser is opened with url: ''

2019-05-30 14:06:58 - [TEST_STEP][PASSED] - maximizeWindow(): Current window maximized

2019-05-30 14:06:59 - [MESSAGE][PASSED] - Current window maximized

2019-05-30 14:06:59 - [TEST_STEP][PASSED] - navigateToUrl("https://www.genuinegmparts.com/"): Navigate to 'https://www.genuinegmparts.com/' successfully

2019-05-30 14:07:03 - [MESSAGE][PASSED] - Navigate to 'https://www.genuinegmparts.com/' successfully

2019-05-30 14:07:03 - [TEST_STEP][PASSED] - click(findTestObject("Object Repository/SiteMap/For Professionals/Core Return Program/a_Sitemap")): Object: 'Object Repository/SiteMap/For Professionals/Core Return Program/a_Sitemap' is clicked on

2019-05-30 14:07:03 - [MESSAGE][PASSED] - Object: 'Object Repository/SiteMap/For Professionals/Core Return Program/a_Sitemap' is clicked on

2019-05-30 14:07:03 - [TEST_STEP][PASSED] - click(findTestObject("Object Repository/SiteMap/For Professionals/Core Return Program/span_Core Return Program")): Object: 'Object Repository/SiteMap/For Professionals/Core Return Program/span_Core Return Program' is clicked on

2019-05-30 14:07:06 - [MESSAGE][PASSED] - Object: 'Object Repository/SiteMap/For Professionals/Core Return Program/span_Core Return Program' is clicked on

2019-05-30 14:07:06 - [TEST_STEP][PASSED] - delay(3): Delayed 3 second(s)

2019-05-30 14:07:09 - [MESSAGE][PASSED] - Delayed 3 second(s)

2019-05-30 14:07:09 - [TEST_STEP][PASSED] - verifyElementText(findTestObject("SiteMap/For Professionals/Core Return Program/h1_GM Core Return Program"), "GM Core Return Program"): Actual text and expected text of test object 'Object Repository/SiteMap/For Professionals/Core Return Program/h1_GM Core Return Program' are matched.

2019-05-30 14:07:09 - [MESSAGE][PASSED] - Actual text and expected text of test object 'Object Repository/SiteMap/For Professionals/Core Return Program/h1_GM Core Return Program' are matched.

2019-05-30 14:07:09 - [TEST_STEP][PASSED] - closeBrowser(): Browser is closed

2019-05-30 14:07:11 - [MESSAGE][PASSED] - Browser is closed]]></system-out>
         <system-err><![CDATA[]]></system-err>
      </testcase>
      <testcase name="Test Cases/GGMP/Sitemap/For Professionals/Position Statements" classname="Test Cases/GGMP/Sitemap/For Professionals/Position Statements" status="PASSED">
         <system-out><![CDATA[2019-05-30 14:07:11 - [TEST_CASE][PASSED] - Test Cases/GGMP/Sitemap/For Professionals/Position Statements: Test Cases/GGMP/Sitemap/For Professionals/Position Statements

2019-05-30 14:07:11 - [TEST_STEP][PASSED] - openBrowser(""): Browser is opened with url: ''

2019-05-30 14:07:11 - [MESSAGE][INFO] - Starting 'Chrome' driver

2019-05-30 14:07:18 - [MESSAGE][PASSED] - Browser is opened with url: ''

2019-05-30 14:07:18 - [TEST_STEP][PASSED] - maximizeWindow(): Current window maximized

2019-05-30 14:07:20 - [MESSAGE][PASSED] - Current window maximized

2019-05-30 14:07:20 - [TEST_STEP][PASSED] - navigateToUrl("https://www.genuinegmparts.com/"): Navigate to 'https://www.genuinegmparts.com/' successfully

2019-05-30 14:07:25 - [MESSAGE][PASSED] - Navigate to 'https://www.genuinegmparts.com/' successfully

2019-05-30 14:07:25 - [TEST_STEP][PASSED] - click(findTestObject("Object Repository/SiteMap/For Professionals/Position Statement/a_Sitemap")): Object: 'Object Repository/SiteMap/For Professionals/Position Statement/a_Sitemap' is clicked on

2019-05-30 14:07:25 - [MESSAGE][PASSED] - Object: 'Object Repository/SiteMap/For Professionals/Position Statement/a_Sitemap' is clicked on

2019-05-30 14:07:25 - [TEST_STEP][PASSED] - click(findTestObject("Object Repository/SiteMap/For Professionals/Position Statement/span_Position Statements")): Object: 'Object Repository/SiteMap/For Professionals/Position Statement/span_Position Statements' is clicked on

2019-05-30 14:07:27 - [MESSAGE][PASSED] - Object: 'Object Repository/SiteMap/For Professionals/Position Statement/span_Position Statements' is clicked on

2019-05-30 14:07:27 - [TEST_STEP][PASSED] - delay(3): Delayed 3 second(s)

2019-05-30 14:07:30 - [MESSAGE][PASSED] - Delayed 3 second(s)

2019-05-30 14:07:30 - [TEST_STEP][PASSED] - verifyElementText(findTestObject("SiteMap/For Professionals/Position Statement/h1_Position statements"), "Position statements"): Actual text and expected text of test object 'Object Repository/SiteMap/For Professionals/Position Statement/h1_Position statements' are matched.

2019-05-30 14:07:31 - [MESSAGE][PASSED] - Actual text and expected text of test object 'Object Repository/SiteMap/For Professionals/Position Statement/h1_Position statements' are matched.

2019-05-30 14:07:31 - [TEST_STEP][PASSED] - closeBrowser(): Browser is closed

2019-05-30 14:07:33 - [MESSAGE][PASSED] - Browser is closed]]></system-out>
         <system-err><![CDATA[]]></system-err>
      </testcase>
      <testcase name="Test Cases/GGMP/Sitemap/For Professionals/Programs and Promotions" classname="Test Cases/GGMP/Sitemap/For Professionals/Programs and Promotions" status="PASSED">
         <system-out><![CDATA[2019-05-30 14:07:33 - [TEST_CASE][PASSED] - Test Cases/GGMP/Sitemap/For Professionals/Programs and Promotions: Test Cases/GGMP/Sitemap/For Professionals/Programs and Promotions

2019-05-30 14:07:33 - [TEST_STEP][PASSED] - openBrowser(""): Browser is opened with url: ''

2019-05-30 14:07:33 - [MESSAGE][INFO] - Starting 'Chrome' driver

2019-05-30 14:07:43 - [MESSAGE][PASSED] - Browser is opened with url: ''

2019-05-30 14:07:43 - [TEST_STEP][PASSED] - maximizeWindow(): Current window maximized

2019-05-30 14:07:44 - [MESSAGE][PASSED] - Current window maximized

2019-05-30 14:07:44 - [TEST_STEP][PASSED] - navigateToUrl("https://www.genuinegmparts.com/"): Navigate to 'https://www.genuinegmparts.com/' successfully

2019-05-30 14:07:50 - [MESSAGE][PASSED] - Navigate to 'https://www.genuinegmparts.com/' successfully

2019-05-30 14:07:50 - [TEST_STEP][PASSED] - click(findTestObject("Object Repository/SiteMap/For Professionals/Programs and Promotions/a_Sitemap")): Object: 'Object Repository/SiteMap/For Professionals/Programs and Promotions/a_Sitemap' is clicked on

2019-05-30 14:07:51 - [MESSAGE][PASSED] - Object: 'Object Repository/SiteMap/For Professionals/Programs and Promotions/a_Sitemap' is clicked on

2019-05-30 14:07:51 - [TEST_STEP][PASSED] - click(findTestObject("Object Repository/SiteMap/For Professionals/Programs and Promotions/span_Programs  Promotions")): Object: 'Object Repository/SiteMap/For Professionals/Programs and Promotions/span_Programs  Promotions' is clicked on

2019-05-30 14:07:53 - [MESSAGE][PASSED] - Object: 'Object Repository/SiteMap/For Professionals/Programs and Promotions/span_Programs  Promotions' is clicked on

2019-05-30 14:07:53 - [TEST_STEP][PASSED] - click(findTestObject("Object Repository/SiteMap/For Professionals/Programs and Promotions/a_concat(id(  ttpopclose1  ))_ttpopclose1")): Object: 'Object Repository/SiteMap/For Professionals/Programs and Promotions/a_concat(id(  ttpopclose1  ))_ttpopclose1' is clicked on

2019-05-30 14:07:57 - [MESSAGE][PASSED] - Object: 'Object Repository/SiteMap/For Professionals/Programs and Promotions/a_concat(id(  ttpopclose1  ))_ttpopclose1' is clicked on

2019-05-30 14:07:57 - [TEST_STEP][PASSED] - delay(2): Delayed 2 second(s)

2019-05-30 14:07:59 - [MESSAGE][PASSED] - Delayed 2 second(s)

2019-05-30 14:07:59 - [TEST_STEP][PASSED] - closeBrowser(): Browser is closed

2019-05-30 14:08:00 - [MESSAGE][PASSED] - Browser is closed]]></system-out>
         <system-err><![CDATA[]]></system-err>
      </testcase>
      <testcase name="Test Cases/GGMP/Sitemap/For Professionals/Technical Documents" classname="Test Cases/GGMP/Sitemap/For Professionals/Technical Documents" status="PASSED">
         <system-out><![CDATA[2019-05-30 14:08:00 - [TEST_CASE][PASSED] - Test Cases/GGMP/Sitemap/For Professionals/Technical Documents: Test Cases/GGMP/Sitemap/For Professionals/Technical Documents

2019-05-30 14:08:00 - [TEST_STEP][PASSED] - openBrowser(""): Browser is opened with url: ''

2019-05-30 14:08:00 - [MESSAGE][INFO] - Starting 'Chrome' driver

2019-05-30 14:08:09 - [MESSAGE][PASSED] - Browser is opened with url: ''

2019-05-30 14:08:09 - [TEST_STEP][PASSED] - maximizeWindow(): Current window maximized

2019-05-30 14:08:10 - [MESSAGE][PASSED] - Current window maximized

2019-05-30 14:08:10 - [TEST_STEP][PASSED] - navigateToUrl("https://www.genuinegmparts.com/"): Navigate to 'https://www.genuinegmparts.com/' successfully

2019-05-30 14:08:15 - [MESSAGE][PASSED] - Navigate to 'https://www.genuinegmparts.com/' successfully

2019-05-30 14:08:15 - [TEST_STEP][PASSED] - click(findTestObject("Object Repository/SiteMap/For Professionals/Technical Documents/a_Sitemap")): Object: 'Object Repository/SiteMap/For Professionals/Technical Documents/a_Sitemap' is clicked on

2019-05-30 14:08:15 - [MESSAGE][PASSED] - Object: 'Object Repository/SiteMap/For Professionals/Technical Documents/a_Sitemap' is clicked on

2019-05-30 14:08:15 - [TEST_STEP][PASSED] - click(findTestObject("Object Repository/SiteMap/For Professionals/Technical Documents/span_Technical Documents")): Object: 'Object Repository/SiteMap/For Professionals/Technical Documents/span_Technical Documents' is clicked on

2019-05-30 14:08:17 - [MESSAGE][PASSED] - Object: 'Object Repository/SiteMap/For Professionals/Technical Documents/span_Technical Documents' is clicked on

2019-05-30 14:08:17 - [TEST_STEP][PASSED] - delay(2): Delayed 2 second(s)

2019-05-30 14:08:19 - [MESSAGE][PASSED] - Delayed 2 second(s)

2019-05-30 14:08:19 - [TEST_STEP][PASSED] - verifyElementText(findTestObject("SiteMap/For Professionals/Technical Documents/h1_Technical documents"), "Technical documents"): Actual text and expected text of test object 'Object Repository/SiteMap/For Professionals/Technical Documents/h1_Technical documents' are matched.

2019-05-30 14:08:23 - [MESSAGE][PASSED] - Actual text and expected text of test object 'Object Repository/SiteMap/For Professionals/Technical Documents/h1_Technical documents' are matched.

2019-05-30 14:08:23 - [TEST_STEP][PASSED] - closeBrowser(): Browser is closed

2019-05-30 14:08:24 - [MESSAGE][PASSED] - Browser is closed]]></system-out>
         <system-err><![CDATA[]]></system-err>
      </testcase>
      <testcase name="Test Cases/GGMP/Sitemap/For Professionals/Touch-Up Paint" classname="Test Cases/GGMP/Sitemap/For Professionals/Touch-Up Paint" status="PASSED">
         <system-out><![CDATA[2019-05-30 14:08:24 - [TEST_CASE][PASSED] - Test Cases/GGMP/Sitemap/For Professionals/Touch-Up Paint: Test Cases/GGMP/Sitemap/For Professionals/Touch-Up Paint

2019-05-30 14:08:24 - [TEST_STEP][PASSED] - openBrowser(""): Browser is opened with url: ''

2019-05-30 14:08:24 - [MESSAGE][INFO] - Starting 'Chrome' driver

2019-05-30 14:08:31 - [MESSAGE][PASSED] - Browser is opened with url: ''

2019-05-30 14:08:31 - [TEST_STEP][PASSED] - maximizeWindow(): Current window maximized

2019-05-30 14:08:32 - [MESSAGE][PASSED] - Current window maximized

2019-05-30 14:08:32 - [TEST_STEP][PASSED] - navigateToUrl("https://www.genuinegmparts.com/"): Navigate to 'https://www.genuinegmparts.com/' successfully

2019-05-30 14:08:36 - [MESSAGE][PASSED] - Navigate to 'https://www.genuinegmparts.com/' successfully

2019-05-30 14:08:36 - [TEST_STEP][PASSED] - click(findTestObject("Object Repository/SiteMap/For Professionals/Touch-Up Paint/a_Sitemap")): Object: 'Object Repository/SiteMap/For Professionals/Touch-Up Paint/a_Sitemap' is clicked on

2019-05-30 14:08:36 - [MESSAGE][PASSED] - Object: 'Object Repository/SiteMap/For Professionals/Touch-Up Paint/a_Sitemap' is clicked on

2019-05-30 14:08:36 - [TEST_STEP][PASSED] - click(findTestObject("Object Repository/SiteMap/For Professionals/Touch-Up Paint/span_Touch-Up Paint")): Object: 'Object Repository/SiteMap/For Professionals/Touch-Up Paint/span_Touch-Up Paint' is clicked on

2019-05-30 14:08:38 - [MESSAGE][PASSED] - Object: 'Object Repository/SiteMap/For Professionals/Touch-Up Paint/span_Touch-Up Paint' is clicked on

2019-05-30 14:08:38 - [TEST_STEP][PASSED] - delay(3): Delayed 3 second(s)

2019-05-30 14:08:41 - [MESSAGE][PASSED] - Delayed 3 second(s)

2019-05-30 14:08:41 - [TEST_STEP][PASSED] - click(findTestObject("Object Repository/SiteMap/For Professionals/Touch-Up Paint/a_Downloadable Guides")): Object: 'Object Repository/SiteMap/For Professionals/Touch-Up Paint/a_Downloadable Guides' is clicked on

2019-05-30 14:08:41 - [MESSAGE][PASSED] - Object: 'Object Repository/SiteMap/For Professionals/Touch-Up Paint/a_Downloadable Guides' is clicked on

2019-05-30 14:08:41 - [TEST_STEP][PASSED] - click(findTestObject("Object Repository/SiteMap/For Professionals/Touch-Up Paint/span_2018 GM Refinish Materials - GMW-15406-2017")): Object: 'Object Repository/SiteMap/For Professionals/Touch-Up Paint/span_2018 GM Refinish Materials - GMW-15406-2017' is clicked on

2019-05-30 14:08:41 - [MESSAGE][PASSED] - Object: 'Object Repository/SiteMap/For Professionals/Touch-Up Paint/span_2018 GM Refinish Materials - GMW-15406-2017' is clicked on

2019-05-30 14:08:41 - [TEST_STEP][PASSED] - closeBrowser(): Browser is closed

2019-05-30 14:08:42 - [MESSAGE][PASSED] - Browser is closed]]></system-out>
         <system-err><![CDATA[]]></system-err>
      </testcase>
      <testcase name="Test Cases/GGMP/Sitemap/LAD/Advanced Search" classname="Test Cases/GGMP/Sitemap/LAD/Advanced Search" status="PASSED">
         <system-out><![CDATA[2019-05-30 14:08:42 - [TEST_CASE][PASSED] - Test Cases/GGMP/Sitemap/LAD/Advanced Search: Test Cases/GGMP/Sitemap/LAD/Advanced Search

2019-05-30 14:08:42 - [TEST_STEP][PASSED] - openBrowser(""): Browser is opened with url: ''

2019-05-30 14:08:42 - [MESSAGE][INFO] - Starting 'Chrome' driver

2019-05-30 14:08:50 - [MESSAGE][PASSED] - Browser is opened with url: ''

2019-05-30 14:08:50 - [TEST_STEP][PASSED] - maximizeWindow(): Current window maximized

2019-05-30 14:08:51 - [MESSAGE][PASSED] - Current window maximized

2019-05-30 14:08:51 - [TEST_STEP][PASSED] - navigateToUrl("https://www.genuinegmparts.com/"): Navigate to 'https://www.genuinegmparts.com/' successfully

2019-05-30 14:08:55 - [MESSAGE][PASSED] - Navigate to 'https://www.genuinegmparts.com/' successfully

2019-05-30 14:08:55 - [TEST_STEP][PASSED] - click(findTestObject("Object Repository/SiteMap/LAD/Advanced Search/a_Sitemap")): Object: 'Object Repository/SiteMap/LAD/Advanced Search/a_Sitemap' is clicked on

2019-05-30 14:08:55 - [MESSAGE][PASSED] - Object: 'Object Repository/SiteMap/LAD/Advanced Search/a_Sitemap' is clicked on

2019-05-30 14:08:55 - [TEST_STEP][PASSED] - click(findTestObject("Object Repository/SiteMap/LAD/Advanced Search/span_Advanced Search")): Object: 'Object Repository/SiteMap/LAD/Advanced Search/span_Advanced Search' is clicked on

2019-05-30 14:08:56 - [MESSAGE][PASSED] - Object: 'Object Repository/SiteMap/LAD/Advanced Search/span_Advanced Search' is clicked on

2019-05-30 14:08:56 - [TEST_STEP][PASSED] - delay(5): Delayed 5 second(s)

2019-05-30 14:09:01 - [MESSAGE][PASSED] - Delayed 5 second(s)

2019-05-30 14:09:01 - [TEST_STEP][PASSED] - verifyElementText(findTestObject("SiteMap/LAD/Advanced Search/h1_Locate a Genuine GM Parts dealer"), "Locate a Genuine GM Parts dealer"): Actual text and expected text of test object 'Object Repository/SiteMap/LAD/Advanced Search/h1_Locate a Genuine GM Parts dealer' are matched.

2019-05-30 14:09:01 - [MESSAGE][PASSED] - Actual text and expected text of test object 'Object Repository/SiteMap/LAD/Advanced Search/h1_Locate a Genuine GM Parts dealer' are matched.

2019-05-30 14:09:01 - [TEST_STEP][PASSED] - closeBrowser(): Browser is closed

2019-05-30 14:09:02 - [MESSAGE][PASSED] - Browser is closed]]></system-out>
         <system-err><![CDATA[]]></system-err>
      </testcase>
      <testcase name="Test Cases/GGMP/Sitemap/Powertrain/Engine COmponents" classname="Test Cases/GGMP/Sitemap/Powertrain/Engine COmponents" status="PASSED">
         <system-out><![CDATA[2019-05-30 14:09:02 - [TEST_CASE][PASSED] - Test Cases/GGMP/Sitemap/Powertrain/Engine COmponents: Test Cases/GGMP/Sitemap/Powertrain/Engine COmponents

2019-05-30 14:09:03 - [TEST_STEP][PASSED] - openBrowser(""): Browser is opened with url: ''

2019-05-30 14:09:03 - [MESSAGE][INFO] - Starting 'Chrome' driver

2019-05-30 14:09:12 - [MESSAGE][PASSED] - Browser is opened with url: ''

2019-05-30 14:09:12 - [TEST_STEP][PASSED] - maximizeWindow(): Current window maximized

2019-05-30 14:09:14 - [MESSAGE][PASSED] - Current window maximized

2019-05-30 14:09:14 - [TEST_STEP][PASSED] - navigateToUrl("https://www.genuinegmparts.com/"): Navigate to 'https://www.genuinegmparts.com/' successfully

2019-05-30 14:09:20 - [MESSAGE][PASSED] - Navigate to 'https://www.genuinegmparts.com/' successfully

2019-05-30 14:09:20 - [TEST_STEP][PASSED] - click(findTestObject("Object Repository/SiteMap/Powertrain/Engine Components/a_Sitemap")): Object: 'Object Repository/SiteMap/Powertrain/Engine Components/a_Sitemap' is clicked on

2019-05-30 14:09:20 - [MESSAGE][PASSED] - Object: 'Object Repository/SiteMap/Powertrain/Engine Components/a_Sitemap' is clicked on

2019-05-30 14:09:20 - [TEST_STEP][PASSED] - click(findTestObject("Object Repository/SiteMap/Powertrain/Engine Components/span_Engine Components")): Object: 'Object Repository/SiteMap/Powertrain/Engine Components/span_Engine Components' is clicked on

2019-05-30 14:09:23 - [MESSAGE][PASSED] - Object: 'Object Repository/SiteMap/Powertrain/Engine Components/span_Engine Components' is clicked on

2019-05-30 14:09:23 - [TEST_STEP][PASSED] - delay(5): Delayed 5 second(s)

2019-05-30 14:09:28 - [MESSAGE][PASSED] - Delayed 5 second(s)

2019-05-30 14:09:28 - [TEST_STEP][PASSED] - verifyElementText(findTestObject("Object Repository/SiteMap/Powertrain/Engine Components/h1_Keep putting power down with Genuine GM Parts"), "Keep putting power down with Genuine GM Parts", CONTINUE_ON_FAILURE): Actual text and expected text of test object 'Object Repository/SiteMap/Powertrain/Engine Components/h1_Keep putting power down with Genuine GM Parts' are matched.

2019-05-30 14:09:30 - [MESSAGE][PASSED] - Actual text and expected text of test object 'Object Repository/SiteMap/Powertrain/Engine Components/h1_Keep putting power down with Genuine GM Parts' are matched.

2019-05-30 14:09:30 - [TEST_STEP][PASSED] - click(findTestObject("Object Repository/SiteMap/Powertrain/Engine Components/span_CAMSHAFT PHASERS")): Object: 'Object Repository/SiteMap/Powertrain/Engine Components/span_CAMSHAFT PHASERS' is clicked on

2019-05-30 14:09:30 - [MESSAGE][PASSED] - Object: 'Object Repository/SiteMap/Powertrain/Engine Components/span_CAMSHAFT PHASERS' is clicked on

2019-05-30 14:09:30 - [TEST_STEP][PASSED] - closeBrowser(): Browser is closed

2019-05-30 14:09:33 - [MESSAGE][PASSED] - Browser is closed]]></system-out>
         <system-err><![CDATA[]]></system-err>
      </testcase>
      <testcase name="Test Cases/GGMP/Sitemap/Powertrain/Engines" classname="Test Cases/GGMP/Sitemap/Powertrain/Engines" status="PASSED">
         <system-out><![CDATA[2019-05-30 14:09:33 - [TEST_CASE][PASSED] - Test Cases/GGMP/Sitemap/Powertrain/Engines: Test Cases/GGMP/Sitemap/Powertrain/Engines

2019-05-30 14:09:34 - [TEST_STEP][PASSED] - openBrowser(""): Browser is opened with url: ''

2019-05-30 14:09:34 - [MESSAGE][INFO] - Starting 'Chrome' driver

2019-05-30 14:09:44 - [MESSAGE][PASSED] - Browser is opened with url: ''

2019-05-30 14:09:44 - [TEST_STEP][PASSED] - maximizeWindow(): Current window maximized

2019-05-30 14:09:45 - [MESSAGE][PASSED] - Current window maximized

2019-05-30 14:09:45 - [TEST_STEP][PASSED] - navigateToUrl("https://www.genuinegmparts.com/"): Navigate to 'https://www.genuinegmparts.com/' successfully

2019-05-30 14:09:52 - [MESSAGE][PASSED] - Navigate to 'https://www.genuinegmparts.com/' successfully

2019-05-30 14:09:52 - [TEST_STEP][PASSED] - click(findTestObject("Object Repository/SiteMap/Powertrain/Engines/a_Sitemap")): Object: 'Object Repository/SiteMap/Powertrain/Engines/a_Sitemap' is clicked on

2019-05-30 14:09:52 - [MESSAGE][PASSED] - Object: 'Object Repository/SiteMap/Powertrain/Engines/a_Sitemap' is clicked on

2019-05-30 14:09:52 - [TEST_STEP][PASSED] - click(findTestObject("Object Repository/SiteMap/Powertrain/Engines/span_Engines")): Object: 'Object Repository/SiteMap/Powertrain/Engines/span_Engines' is clicked on

2019-05-30 14:10:00 - [MESSAGE][PASSED] - Object: 'Object Repository/SiteMap/Powertrain/Engines/span_Engines' is clicked on

2019-05-30 14:10:00 - [TEST_STEP][PASSED] - delay(5): Delayed 5 second(s)

2019-05-30 14:10:05 - [MESSAGE][PASSED] - Delayed 5 second(s)

2019-05-30 14:10:05 - [TEST_STEP][PASSED] - click(findTestObject("Object Repository/SiteMap/Powertrain/Engines/button_GO TO ECATALOG")): Object: 'Object Repository/SiteMap/Powertrain/Engines/button_GO TO ECATALOG' is clicked on

2019-05-30 14:10:11 - [MESSAGE][PASSED] - Object: 'Object Repository/SiteMap/Powertrain/Engines/button_GO TO ECATALOG' is clicked on

2019-05-30 14:10:11 - [TEST_STEP][PASSED] - closeBrowser(): Browser is closed

2019-05-30 14:10:13 - [MESSAGE][PASSED] - Browser is closed]]></system-out>
         <system-err><![CDATA[]]></system-err>
      </testcase>
      <testcase name="Test Cases/GGMP/Sitemap/Powertrain/Powetrain Parts" classname="Test Cases/GGMP/Sitemap/Powertrain/Powetrain Parts" status="PASSED">
         <system-out><![CDATA[2019-05-30 14:10:13 - [TEST_CASE][PASSED] - Test Cases/GGMP/Sitemap/Powertrain/Powetrain Parts: Test Cases/GGMP/Sitemap/Powertrain/Powetrain Parts

2019-05-30 14:10:13 - [TEST_STEP][PASSED] - openBrowser(""): Browser is opened with url: ''

2019-05-30 14:10:13 - [MESSAGE][INFO] - Starting 'Chrome' driver

2019-05-30 14:10:20 - [MESSAGE][PASSED] - Browser is opened with url: ''

2019-05-30 14:10:20 - [TEST_STEP][PASSED] - maximizeWindow(): Current window maximized

2019-05-30 14:10:21 - [MESSAGE][PASSED] - Current window maximized

2019-05-30 14:10:21 - [TEST_STEP][PASSED] - navigateToUrl("https://www.genuinegmparts.com/"): Navigate to 'https://www.genuinegmparts.com/' successfully

2019-05-30 14:10:26 - [MESSAGE][PASSED] - Navigate to 'https://www.genuinegmparts.com/' successfully

2019-05-30 14:10:26 - [TEST_STEP][PASSED] - click(findTestObject("Object Repository/SiteMap/Powertrain/Powertrain Parts/a_Sitemap")): Object: 'Object Repository/SiteMap/Powertrain/Powertrain Parts/a_Sitemap' is clicked on

2019-05-30 14:10:26 - [MESSAGE][PASSED] - Object: 'Object Repository/SiteMap/Powertrain/Powertrain Parts/a_Sitemap' is clicked on

2019-05-30 14:10:26 - [TEST_STEP][PASSED] - click(findTestObject("Object Repository/SiteMap/Powertrain/Powertrain Parts/span_Powertrain Parts")): Object: 'Object Repository/SiteMap/Powertrain/Powertrain Parts/span_Powertrain Parts' is clicked on

2019-05-30 14:10:29 - [MESSAGE][PASSED] - Object: 'Object Repository/SiteMap/Powertrain/Powertrain Parts/span_Powertrain Parts' is clicked on

2019-05-30 14:10:29 - [TEST_STEP][PASSED] - click(findTestObject("Object Repository/SiteMap/Powertrain/Powertrain Parts/span_Engines")): Object: 'Object Repository/SiteMap/Powertrain/Powertrain Parts/span_Engines' is clicked on

2019-05-30 14:10:33 - [MESSAGE][PASSED] - Object: 'Object Repository/SiteMap/Powertrain/Powertrain Parts/span_Engines' is clicked on

2019-05-30 14:10:33 - [TEST_STEP][PASSED] - closeBrowser(): Browser is closed

2019-05-30 14:10:35 - [MESSAGE][PASSED] - Browser is closed]]></system-out>
         <system-err><![CDATA[]]></system-err>
      </testcase>
      <testcase name="Test Cases/GGMP/Sitemap/Powertrain/Transmission Components" classname="Test Cases/GGMP/Sitemap/Powertrain/Transmission Components" status="PASSED">
         <system-out><![CDATA[2019-05-30 14:10:35 - [TEST_CASE][PASSED] - Test Cases/GGMP/Sitemap/Powertrain/Transmission Components: Test Cases/GGMP/Sitemap/Powertrain/Transmission Components

2019-05-30 14:10:35 - [TEST_STEP][PASSED] - openBrowser(""): Browser is opened with url: ''

2019-05-30 14:10:35 - [MESSAGE][INFO] - Starting 'Chrome' driver

2019-05-30 14:10:42 - [MESSAGE][PASSED] - Browser is opened with url: ''

2019-05-30 14:10:42 - [TEST_STEP][PASSED] - maximizeWindow(): Current window maximized

2019-05-30 14:10:44 - [MESSAGE][PASSED] - Current window maximized

2019-05-30 14:10:44 - [TEST_STEP][PASSED] - navigateToUrl("https://www.genuinegmparts.com/"): Navigate to 'https://www.genuinegmparts.com/' successfully

2019-05-30 14:10:47 - [MESSAGE][PASSED] - Navigate to 'https://www.genuinegmparts.com/' successfully

2019-05-30 14:10:47 - [TEST_STEP][PASSED] - click(findTestObject("Object Repository/SiteMap/Powertrain/Transmission Componets/a_Sitemap")): Object: 'Object Repository/SiteMap/Powertrain/Transmission Componets/a_Sitemap' is clicked on

2019-05-30 14:10:47 - [MESSAGE][PASSED] - Object: 'Object Repository/SiteMap/Powertrain/Transmission Componets/a_Sitemap' is clicked on

2019-05-30 14:10:47 - [TEST_STEP][PASSED] - click(findTestObject("Object Repository/SiteMap/Powertrain/Transmission Componets/span_Transmission Components")): Object: 'Object Repository/SiteMap/Powertrain/Transmission Componets/span_Transmission Components' is clicked on

2019-05-30 14:10:49 - [MESSAGE][PASSED] - Object: 'Object Repository/SiteMap/Powertrain/Transmission Componets/span_Transmission Components' is clicked on

2019-05-30 14:10:49 - [TEST_STEP][PASSED] - click(findTestObject("Object Repository/SiteMap/Powertrain/Transmission Componets/span_GASKET SET")): Object: 'Object Repository/SiteMap/Powertrain/Transmission Componets/span_GASKET SET' is clicked on

2019-05-30 14:10:52 - [MESSAGE][PASSED] - Object: 'Object Repository/SiteMap/Powertrain/Transmission Componets/span_GASKET SET' is clicked on

2019-05-30 14:10:52 - [TEST_STEP][PASSED] - closeBrowser(): Browser is closed

2019-05-30 14:10:53 - [MESSAGE][PASSED] - Browser is closed]]></system-out>
         <system-err><![CDATA[]]></system-err>
      </testcase>
      <testcase name="Test Cases/GGMP/Sitemap/Powertrain/Transmission Tranfer Cases" classname="Test Cases/GGMP/Sitemap/Powertrain/Transmission Tranfer Cases" status="PASSED">
         <system-out><![CDATA[2019-05-30 14:10:53 - [TEST_CASE][PASSED] - Test Cases/GGMP/Sitemap/Powertrain/Transmission Tranfer Cases: Test Cases/GGMP/Sitemap/Powertrain/Transmission Tranfer Cases

2019-05-30 14:10:53 - [TEST_STEP][PASSED] - openBrowser(""): Browser is opened with url: ''

2019-05-30 14:10:53 - [MESSAGE][INFO] - Starting 'Chrome' driver

2019-05-30 14:11:01 - [MESSAGE][PASSED] - Browser is opened with url: ''

2019-05-30 14:11:01 - [TEST_STEP][PASSED] - maximizeWindow(): Current window maximized

2019-05-30 14:11:02 - [MESSAGE][PASSED] - Current window maximized

2019-05-30 14:11:02 - [TEST_STEP][PASSED] - navigateToUrl("https://www.genuinegmparts.com/"): Navigate to 'https://www.genuinegmparts.com/' successfully

2019-05-30 14:11:07 - [MESSAGE][PASSED] - Navigate to 'https://www.genuinegmparts.com/' successfully

2019-05-30 14:11:07 - [TEST_STEP][PASSED] - click(findTestObject("Object Repository/SiteMap/Powertrain/Transmission Transfer Cases/a_Sitemap")): Object: 'Object Repository/SiteMap/Powertrain/Transmission Transfer Cases/a_Sitemap' is clicked on

2019-05-30 14:11:07 - [MESSAGE][PASSED] - Object: 'Object Repository/SiteMap/Powertrain/Transmission Transfer Cases/a_Sitemap' is clicked on

2019-05-30 14:11:07 - [TEST_STEP][PASSED] - click(findTestObject("Object Repository/SiteMap/Powertrain/Transmission Transfer Cases/span_Transmissions  Transfer Cases")): Object: 'Object Repository/SiteMap/Powertrain/Transmission Transfer Cases/span_Transmissions  Transfer Cases' is clicked on

2019-05-30 14:11:08 - [MESSAGE][PASSED] - Object: 'Object Repository/SiteMap/Powertrain/Transmission Transfer Cases/span_Transmissions  Transfer Cases' is clicked on

2019-05-30 14:11:08 - [TEST_STEP][PASSED] - delay(5): Delayed 5 second(s)

2019-05-30 14:11:13 - [MESSAGE][PASSED] - Delayed 5 second(s)

2019-05-30 14:11:13 - [TEST_STEP][PASSED] - click(findTestObject("Object Repository/SiteMap/Powertrain/Transmission Transfer Cases/button_GO TO ECATALOG")): Object: 'Object Repository/SiteMap/Powertrain/Transmission Transfer Cases/button_GO TO ECATALOG' is clicked on

2019-05-30 14:11:13 - [MESSAGE][PASSED] - Object: 'Object Repository/SiteMap/Powertrain/Transmission Transfer Cases/button_GO TO ECATALOG' is clicked on

2019-05-30 14:11:13 - [TEST_STEP][PASSED] - closeBrowser(): Browser is closed

2019-05-30 14:11:14 - [MESSAGE][PASSED] - Browser is closed]]></system-out>
         <system-err><![CDATA[]]></system-err>
      </testcase>
      <testcase name="Test Cases/GGMP/Sitemap/Programs and Promotions/Rabtes and Promos" classname="Test Cases/GGMP/Sitemap/Programs and Promotions/Rabtes and Promos" status="PASSED">
         <system-out><![CDATA[2019-05-30 14:11:14 - [TEST_CASE][PASSED] - Test Cases/GGMP/Sitemap/Programs and Promotions/Rabtes and Promos: Test Cases/GGMP/Sitemap/Programs and Promotions/Rabtes and Promos

2019-05-30 14:11:15 - [TEST_STEP][PASSED] - openBrowser(""): Browser is opened with url: ''

2019-05-30 14:11:15 - [MESSAGE][INFO] - Starting 'Chrome' driver

2019-05-30 14:11:22 - [MESSAGE][PASSED] - Browser is opened with url: ''

2019-05-30 14:11:22 - [TEST_STEP][PASSED] - maximizeWindow(): Current window maximized

2019-05-30 14:11:24 - [MESSAGE][PASSED] - Current window maximized

2019-05-30 14:11:24 - [TEST_STEP][PASSED] - navigateToUrl("https://www.genuinegmparts.com/"): Navigate to 'https://www.genuinegmparts.com/' successfully

2019-05-30 14:11:30 - [MESSAGE][PASSED] - Navigate to 'https://www.genuinegmparts.com/' successfully

2019-05-30 14:11:30 - [TEST_STEP][PASSED] - click(findTestObject("Object Repository/SiteMap/Programs and Promotions/Rebates and Promos/a_Sitemap")): Object: 'Object Repository/SiteMap/Programs and Promotions/Rebates and Promos/a_Sitemap' is clicked on

2019-05-30 14:11:30 - [MESSAGE][PASSED] - Object: 'Object Repository/SiteMap/Programs and Promotions/Rebates and Promos/a_Sitemap' is clicked on

2019-05-30 14:11:30 - [TEST_STEP][PASSED] - click(findTestObject("Object Repository/SiteMap/Programs and Promotions/Rebates and Promos/span_Rebates  Promos")): Object: 'Object Repository/SiteMap/Programs and Promotions/Rebates and Promos/span_Rebates  Promos' is clicked on

2019-05-30 14:11:31 - [MESSAGE][PASSED] - Object: 'Object Repository/SiteMap/Programs and Promotions/Rebates and Promos/span_Rebates  Promos' is clicked on

2019-05-30 14:11:31 - [TEST_STEP][PASSED] - delay(5): Delayed 5 second(s)

2019-05-30 14:11:36 - [MESSAGE][PASSED] - Delayed 5 second(s)

2019-05-30 14:11:36 - [TEST_STEP][PASSED] - verifyElementText(findTestObject("SiteMap/Programs and Promotions/Rebates and Promos/h1_Get the Genuine GM Parts you need"), "Get the Genuine GM Parts you need"): Actual text and expected text of test object 'Object Repository/SiteMap/Programs and Promotions/Rebates and Promos/h1_Get the Genuine GM Parts you need' are matched.

2019-05-30 14:11:36 - [MESSAGE][PASSED] - Actual text and expected text of test object 'Object Repository/SiteMap/Programs and Promotions/Rebates and Promos/h1_Get the Genuine GM Parts you need' are matched.

2019-05-30 14:11:36 - [TEST_STEP][PASSED] - closeBrowser(): Browser is closed

2019-05-30 14:11:37 - [MESSAGE][PASSED] - Browser is closed]]></system-out>
         <system-err><![CDATA[]]></system-err>
      </testcase>
      <testcase name="Test Cases/GGMP/Sitemap/Resources/Product Registration" classname="Test Cases/GGMP/Sitemap/Resources/Product Registration" status="PASSED">
         <system-out><![CDATA[2019-05-30 14:11:37 - [TEST_CASE][PASSED] - Test Cases/GGMP/Sitemap/Resources/Product Registration: Test Cases/GGMP/Sitemap/Resources/Product Registration

2019-05-30 14:11:37 - [TEST_STEP][PASSED] - openBrowser(""): Browser is opened with url: ''

2019-05-30 14:11:37 - [MESSAGE][INFO] - Starting 'Chrome' driver

2019-05-30 14:11:47 - [MESSAGE][PASSED] - Browser is opened with url: ''

2019-05-30 14:11:47 - [TEST_STEP][PASSED] - maximizeWindow(): Current window maximized

2019-05-30 14:11:48 - [MESSAGE][PASSED] - Current window maximized

2019-05-30 14:11:48 - [TEST_STEP][PASSED] - navigateToUrl("https://www.genuinegmparts.com/"): Navigate to 'https://www.genuinegmparts.com/' successfully

2019-05-30 14:11:55 - [MESSAGE][PASSED] - Navigate to 'https://www.genuinegmparts.com/' successfully

2019-05-30 14:11:55 - [TEST_STEP][PASSED] - click(findTestObject("Object Repository/SiteMap/Resources/Product Registration/a_Sitemap")): Object: 'Object Repository/SiteMap/Resources/Product Registration/a_Sitemap' is clicked on

2019-05-30 14:11:55 - [MESSAGE][PASSED] - Object: 'Object Repository/SiteMap/Resources/Product Registration/a_Sitemap' is clicked on

2019-05-30 14:11:55 - [TEST_STEP][PASSED] - click(findTestObject("Object Repository/SiteMap/Resources/Product Registration/span_Product Registration")): Object: 'Object Repository/SiteMap/Resources/Product Registration/span_Product Registration' is clicked on

2019-05-30 14:11:58 - [MESSAGE][PASSED] - Object: 'Object Repository/SiteMap/Resources/Product Registration/span_Product Registration' is clicked on

2019-05-30 14:11:58 - [TEST_STEP][PASSED] - delay(3): Delayed 3 second(s)

2019-05-30 14:12:01 - [MESSAGE][PASSED] - Delayed 3 second(s)

2019-05-30 14:12:01 - [TEST_STEP][PASSED] - verifyElementText(findTestObject("SiteMap/Resources/Product Registration/h1_Product Registration"), "Product Registration"): Actual text and expected text of test object 'Object Repository/SiteMap/Resources/Product Registration/h1_Product Registration' are matched.

2019-05-30 14:12:01 - [MESSAGE][PASSED] - Actual text and expected text of test object 'Object Repository/SiteMap/Resources/Product Registration/h1_Product Registration' are matched.

2019-05-30 14:12:01 - [TEST_STEP][PASSED] - closeBrowser(): Browser is closed

2019-05-30 14:12:02 - [MESSAGE][PASSED] - Browser is closed]]></system-out>
         <system-err><![CDATA[]]></system-err>
      </testcase>
      <testcase name="Test Cases/GGMP/Sitemap/Resources/Related Links" classname="Test Cases/GGMP/Sitemap/Resources/Related Links" status="PASSED">
         <system-out><![CDATA[2019-05-30 14:12:02 - [TEST_CASE][PASSED] - Test Cases/GGMP/Sitemap/Resources/Related Links: Test Cases/GGMP/Sitemap/Resources/Related Links

2019-05-30 14:12:02 - [TEST_STEP][PASSED] - openBrowser(""): Browser is opened with url: ''

2019-05-30 14:12:02 - [MESSAGE][INFO] - Starting 'Chrome' driver

2019-05-30 14:12:13 - [MESSAGE][PASSED] - Browser is opened with url: ''

2019-05-30 14:12:13 - [TEST_STEP][PASSED] - maximizeWindow(): Current window maximized

2019-05-30 14:12:14 - [MESSAGE][PASSED] - Current window maximized

2019-05-30 14:12:14 - [TEST_STEP][PASSED] - navigateToUrl("https://www.genuinegmparts.com/"): Navigate to 'https://www.genuinegmparts.com/' successfully

2019-05-30 14:12:25 - [MESSAGE][PASSED] - Navigate to 'https://www.genuinegmparts.com/' successfully

2019-05-30 14:12:25 - [TEST_STEP][PASSED] - click(findTestObject("Object Repository/SiteMap/Resources/Related Links/a_Sitemap")): Object: 'Object Repository/SiteMap/Resources/Related Links/a_Sitemap' is clicked on

2019-05-30 14:12:25 - [MESSAGE][PASSED] - Object: 'Object Repository/SiteMap/Resources/Related Links/a_Sitemap' is clicked on

2019-05-30 14:12:25 - [TEST_STEP][PASSED] - click(findTestObject("Object Repository/SiteMap/Resources/Related Links/span_Related Links")): Object: 'Object Repository/SiteMap/Resources/Related Links/span_Related Links' is clicked on

2019-05-30 14:12:28 - [MESSAGE][PASSED] - Object: 'Object Repository/SiteMap/Resources/Related Links/span_Related Links' is clicked on

2019-05-30 14:12:28 - [TEST_STEP][PASSED] - delay(3): Delayed 3 second(s)

2019-05-30 14:12:31 - [MESSAGE][PASSED] - Delayed 3 second(s)

2019-05-30 14:12:31 - [TEST_STEP][PASSED] - verifyElementText(findTestObject("SiteMap/Resources/Related Links/h1_Related links"), "Related links"): Actual text and expected text of test object 'Object Repository/SiteMap/Resources/Related Links/h1_Related links' are matched.

2019-05-30 14:12:31 - [MESSAGE][PASSED] - Actual text and expected text of test object 'Object Repository/SiteMap/Resources/Related Links/h1_Related links' are matched.

2019-05-30 14:12:31 - [TEST_STEP][PASSED] - closeBrowser(): Browser is closed

2019-05-30 14:12:32 - [MESSAGE][PASSED] - Browser is closed]]></system-out>
         <system-err><![CDATA[]]></system-err>
      </testcase>
      <testcase name="Test Cases/GGMP/Sitemap/Resources/VIN Information" classname="Test Cases/GGMP/Sitemap/Resources/VIN Information" status="PASSED">
         <system-out><![CDATA[2019-05-30 14:12:32 - [TEST_CASE][PASSED] - Test Cases/GGMP/Sitemap/Resources/VIN Information: Test Cases/GGMP/Sitemap/Resources/VIN Information

2019-05-30 14:12:33 - [TEST_STEP][PASSED] - openBrowser(""): Browser is opened with url: ''

2019-05-30 14:12:33 - [MESSAGE][INFO] - Starting 'Chrome' driver

2019-05-30 14:12:40 - [MESSAGE][PASSED] - Browser is opened with url: ''

2019-05-30 14:12:40 - [TEST_STEP][PASSED] - maximizeWindow(): Current window maximized

2019-05-30 14:12:41 - [MESSAGE][PASSED] - Current window maximized

2019-05-30 14:12:41 - [TEST_STEP][PASSED] - navigateToUrl("https://www.genuinegmparts.com/"): Navigate to 'https://www.genuinegmparts.com/' successfully

2019-05-30 14:12:46 - [MESSAGE][PASSED] - Navigate to 'https://www.genuinegmparts.com/' successfully

2019-05-30 14:12:46 - [TEST_STEP][PASSED] - click(findTestObject("Object Repository/SiteMap/Resources/VIN Information/a_Sitemap")): Object: 'Object Repository/SiteMap/Resources/VIN Information/a_Sitemap' is clicked on

2019-05-30 14:12:46 - [MESSAGE][PASSED] - Object: 'Object Repository/SiteMap/Resources/VIN Information/a_Sitemap' is clicked on

2019-05-30 14:12:46 - [TEST_STEP][PASSED] - click(findTestObject("Object Repository/SiteMap/Resources/VIN Information/span_VIN Information")): Object: 'Object Repository/SiteMap/Resources/VIN Information/span_VIN Information' is clicked on

2019-05-30 14:12:48 - [MESSAGE][PASSED] - Object: 'Object Repository/SiteMap/Resources/VIN Information/span_VIN Information' is clicked on

2019-05-30 14:12:48 - [TEST_STEP][PASSED] - delay(5): Delayed 5 second(s)

2019-05-30 14:12:53 - [MESSAGE][PASSED] - Delayed 5 second(s)

2019-05-30 14:12:53 - [TEST_STEP][PASSED] - verifyElementText(findTestObject("SiteMap/Resources/VIN Information/h1_Vehicle Identification Number (VIN) information"), "Vehicle Identification Number (VIN) information"): Actual text and expected text of test object 'Object Repository/SiteMap/Resources/VIN Information/h1_Vehicle Identification Number (VIN) information' are matched.

2019-05-30 14:12:54 - [MESSAGE][PASSED] - Actual text and expected text of test object 'Object Repository/SiteMap/Resources/VIN Information/h1_Vehicle Identification Number (VIN) information' are matched.

2019-05-30 14:12:54 - [TEST_STEP][PASSED] - closeBrowser(): Browser is closed

2019-05-30 14:12:56 - [MESSAGE][PASSED] - Browser is closed]]></system-out>
         <system-err><![CDATA[]]></system-err>
      </testcase>
      <testcase name="Test Cases/GGMP/Sitemap/Resources/Warranty Info" classname="Test Cases/GGMP/Sitemap/Resources/Warranty Info" status="PASSED">
         <system-out><![CDATA[2019-05-30 14:12:56 - [TEST_CASE][PASSED] - Test Cases/GGMP/Sitemap/Resources/Warranty Info: Test Cases/GGMP/Sitemap/Resources/Warranty Info

2019-05-30 14:12:56 - [TEST_STEP][PASSED] - openBrowser(""): Browser is opened with url: ''

2019-05-30 14:12:56 - [MESSAGE][INFO] - Starting 'Chrome' driver

2019-05-30 14:13:03 - [MESSAGE][PASSED] - Browser is opened with url: ''

2019-05-30 14:13:03 - [TEST_STEP][PASSED] - maximizeWindow(): Current window maximized

2019-05-30 14:13:05 - [MESSAGE][PASSED] - Current window maximized

2019-05-30 14:13:05 - [TEST_STEP][PASSED] - navigateToUrl("https://www.genuinegmparts.com/"): Navigate to 'https://www.genuinegmparts.com/' successfully

2019-05-30 14:13:14 - [MESSAGE][PASSED] - Navigate to 'https://www.genuinegmparts.com/' successfully

2019-05-30 14:13:14 - [TEST_STEP][PASSED] - click(findTestObject("Object Repository/SiteMap/Resources/Warranty Info/a_Sitemap")): Object: 'Object Repository/SiteMap/Resources/Warranty Info/a_Sitemap' is clicked on

2019-05-30 14:13:14 - [MESSAGE][PASSED] - Object: 'Object Repository/SiteMap/Resources/Warranty Info/a_Sitemap' is clicked on

2019-05-30 14:13:14 - [TEST_STEP][PASSED] - click(findTestObject("Object Repository/SiteMap/Resources/Warranty Info/span_Warranty Info")): Object: 'Object Repository/SiteMap/Resources/Warranty Info/span_Warranty Info' is clicked on

2019-05-30 14:13:19 - [MESSAGE][PASSED] - Object: 'Object Repository/SiteMap/Resources/Warranty Info/span_Warranty Info' is clicked on

2019-05-30 14:13:19 - [TEST_STEP][PASSED] - delay(3): Delayed 3 second(s)

2019-05-30 14:13:22 - [MESSAGE][PASSED] - Delayed 3 second(s)

2019-05-30 14:13:22 - [TEST_STEP][PASSED] - verifyElementText(findTestObject("SiteMap/Resources/Warranty Info/h1_Warranty information"), "Warranty information"): Actual text and expected text of test object 'Object Repository/SiteMap/Resources/Warranty Info/h1_Warranty information' are matched.

2019-05-30 14:13:25 - [MESSAGE][PASSED] - Actual text and expected text of test object 'Object Repository/SiteMap/Resources/Warranty Info/h1_Warranty information' are matched.

2019-05-30 14:13:25 - [TEST_STEP][PASSED] - closeBrowser(): Browser is closed

2019-05-30 14:13:27 - [MESSAGE][PASSED] - Browser is closed]]></system-out>
         <system-err><![CDATA[]]></system-err>
      </testcase>
      <testcase name="Test Cases/GGMP/SiveNav/Collision/Bumper" classname="Test Cases/GGMP/SiveNav/Collision/Bumper" status="PASSED">
         <system-out><![CDATA[2019-05-30 14:13:27 - [TEST_CASE][PASSED] - Test Cases/GGMP/SiveNav/Collision/Bumper: Test Cases/GGMP/SiveNav/Collision/Bumper

2019-05-30 14:13:27 - [TEST_STEP][PASSED] - openBrowser(""): Browser is opened with url: ''

2019-05-30 14:13:27 - [MESSAGE][INFO] - Starting 'Chrome' driver

2019-05-30 14:13:37 - [MESSAGE][PASSED] - Browser is opened with url: ''

2019-05-30 14:13:37 - [TEST_STEP][PASSED] - maximizeWindow(): Current window maximized

2019-05-30 14:13:39 - [MESSAGE][PASSED] - Current window maximized

2019-05-30 14:13:39 - [TEST_STEP][PASSED] - navigateToUrl("https://www.genuinegmparts.com/"): Navigate to 'https://www.genuinegmparts.com/' successfully

2019-05-30 14:13:46 - [MESSAGE][PASSED] - Navigate to 'https://www.genuinegmparts.com/' successfully

2019-05-30 14:13:46 - [TEST_STEP][PASSED] - click(findTestObject("Object Repository/SideNav/Collision/Bumpers/a_Bumpers Fascias  Grilles")): Object: 'Object Repository/SideNav/Collision/Bumpers/a_Bumpers Fascias  Grilles' is clicked on

2019-05-30 14:13:46 - [MESSAGE][PASSED] - Object: 'Object Repository/SideNav/Collision/Bumpers/a_Bumpers Fascias  Grilles' is clicked on

2019-05-30 14:13:46 - [TEST_STEP][PASSED] - delay(2): Delayed 2 second(s)

2019-05-30 14:13:48 - [MESSAGE][PASSED] - Delayed 2 second(s)

2019-05-30 14:13:48 - [TEST_STEP][PASSED] - verifyElementText(findTestObject("SideNav/Collision/Bumpers/h1_Put your best front forward with OE bumpers fascias and grilles"), "Put your best front forward with OE bumpers, fascias, and grilles"): Actual text and expected text of test object 'Object Repository/SideNav/Collision/Bumpers/h1_Put your best front forward with OE bumpers fascias and grilles' are matched.

2019-05-30 14:13:49 - [MESSAGE][PASSED] - Actual text and expected text of test object 'Object Repository/SideNav/Collision/Bumpers/h1_Put your best front forward with OE bumpers fascias and grilles' are matched.

2019-05-30 14:13:49 - [TEST_STEP][PASSED] - closeBrowser(): Browser is closed

2019-05-30 14:13:50 - [MESSAGE][PASSED] - Browser is closed]]></system-out>
         <system-err><![CDATA[]]></system-err>
      </testcase>
      <testcase name="Test Cases/GGMP/SiveNav/Collision/Headlamps" classname="Test Cases/GGMP/SiveNav/Collision/Headlamps" status="PASSED">
         <system-out><![CDATA[2019-05-30 14:13:50 - [TEST_CASE][PASSED] - Test Cases/GGMP/SiveNav/Collision/Headlamps: Test Cases/GGMP/SiveNav/Collision/Headlamps

2019-05-30 14:13:50 - [TEST_STEP][PASSED] - openBrowser(""): Browser is opened with url: ''

2019-05-30 14:13:50 - [MESSAGE][INFO] - Starting 'Chrome' driver

2019-05-30 14:13:57 - [MESSAGE][PASSED] - Browser is opened with url: ''

2019-05-30 14:13:57 - [TEST_STEP][PASSED] - maximizeWindow(): Current window maximized

2019-05-30 14:13:58 - [MESSAGE][PASSED] - Current window maximized

2019-05-30 14:13:58 - [TEST_STEP][PASSED] - navigateToUrl("https://www.genuinegmparts.com/"): Navigate to 'https://www.genuinegmparts.com/' successfully

2019-05-30 14:14:03 - [MESSAGE][PASSED] - Navigate to 'https://www.genuinegmparts.com/' successfully

2019-05-30 14:14:03 - [TEST_STEP][PASSED] - click(findTestObject("Object Repository/SideNav/Collision/Headlamps/a_Headlamps  Taillamps")): Object: 'Object Repository/SideNav/Collision/Headlamps/a_Headlamps  Taillamps' is clicked on

2019-05-30 14:14:03 - [MESSAGE][PASSED] - Object: 'Object Repository/SideNav/Collision/Headlamps/a_Headlamps  Taillamps' is clicked on

2019-05-30 14:14:03 - [TEST_STEP][PASSED] - delay(0): Delayed 0 second(s)

2019-05-30 14:14:03 - [MESSAGE][PASSED] - Delayed 0 second(s)

2019-05-30 14:14:03 - [TEST_STEP][PASSED] - verifyElementText(findTestObject("SideNav/Collision/Headlamps/h1_See and be seen with replacement headlamps  taillamps"), "See and be seen with replacement headlamps & taillamps"): Actual text and expected text of test object 'Object Repository/SideNav/Collision/Headlamps/h1_See and be seen with replacement headlamps  taillamps' are matched.

2019-05-30 14:14:06 - [MESSAGE][PASSED] - Actual text and expected text of test object 'Object Repository/SideNav/Collision/Headlamps/h1_See and be seen with replacement headlamps  taillamps' are matched.

2019-05-30 14:14:06 - [TEST_STEP][PASSED] - closeBrowser(): Browser is closed

2019-05-30 14:14:07 - [MESSAGE][PASSED] - Browser is closed]]></system-out>
         <system-err><![CDATA[]]></system-err>
      </testcase>
      <testcase name="Test Cases/GGMP/SiveNav/Collision/Interior Parts" classname="Test Cases/GGMP/SiveNav/Collision/Interior Parts" status="PASSED">
         <system-out><![CDATA[2019-05-30 14:14:07 - [TEST_CASE][PASSED] - Test Cases/GGMP/SiveNav/Collision/Interior Parts: Test Cases/GGMP/SiveNav/Collision/Interior Parts

2019-05-30 14:14:07 - [TEST_STEP][PASSED] - openBrowser(""): Browser is opened with url: ''

2019-05-30 14:14:07 - [MESSAGE][INFO] - Starting 'Chrome' driver

2019-05-30 14:14:15 - [MESSAGE][PASSED] - Browser is opened with url: ''

2019-05-30 14:14:15 - [TEST_STEP][PASSED] - maximizeWindow(): Current window maximized

2019-05-30 14:14:17 - [MESSAGE][PASSED] - Current window maximized

2019-05-30 14:14:17 - [TEST_STEP][PASSED] - navigateToUrl("https://www.genuinegmparts.com/"): Navigate to 'https://www.genuinegmparts.com/' successfully

2019-05-30 14:14:22 - [MESSAGE][PASSED] - Navigate to 'https://www.genuinegmparts.com/' successfully

2019-05-30 14:14:22 - [TEST_STEP][PASSED] - click(findTestObject("Object Repository/SideNav/Collision/Interior Parts/a_Interior Parts  Air Bags")): Object: 'Object Repository/SideNav/Collision/Interior Parts/a_Interior Parts  Air Bags' is clicked on

2019-05-30 14:14:22 - [MESSAGE][PASSED] - Object: 'Object Repository/SideNav/Collision/Interior Parts/a_Interior Parts  Air Bags' is clicked on

2019-05-30 14:14:22 - [TEST_STEP][PASSED] - delay(2): Delayed 2 second(s)

2019-05-30 14:14:24 - [MESSAGE][PASSED] - Delayed 2 second(s)

2019-05-30 14:14:24 - [TEST_STEP][PASSED] - verifyElementText(findTestObject("SideNav/Collision/Interior Parts/h1_Interior parts that prove its whats inside that counts"), "Interior parts that prove it’s what’s inside that counts"): Actual text and expected text of test object 'Object Repository/SideNav/Collision/Interior Parts/h1_Interior parts that prove its whats inside that counts' are matched.

2019-05-30 14:14:25 - [MESSAGE][PASSED] - Actual text and expected text of test object 'Object Repository/SideNav/Collision/Interior Parts/h1_Interior parts that prove its whats inside that counts' are matched.

2019-05-30 14:14:25 - [TEST_STEP][PASSED] - closeBrowser(): Browser is closed

2019-05-30 14:14:26 - [MESSAGE][PASSED] - Browser is closed]]></system-out>
         <system-err><![CDATA[]]></system-err>
      </testcase>
      <testcase name="Test Cases/GGMP/SiveNav/Collision/Radiators" classname="Test Cases/GGMP/SiveNav/Collision/Radiators" status="PASSED">
         <system-out><![CDATA[2019-05-30 14:14:26 - [TEST_CASE][PASSED] - Test Cases/GGMP/SiveNav/Collision/Radiators: Test Cases/GGMP/SiveNav/Collision/Radiators

2019-05-30 14:14:26 - [TEST_STEP][PASSED] - openBrowser(""): Browser is opened with url: ''

2019-05-30 14:14:26 - [MESSAGE][INFO] - Starting 'Chrome' driver

2019-05-30 14:14:37 - [MESSAGE][PASSED] - Browser is opened with url: ''

2019-05-30 14:14:37 - [TEST_STEP][PASSED] - maximizeWindow(): Current window maximized

2019-05-30 14:14:38 - [MESSAGE][PASSED] - Current window maximized

2019-05-30 14:14:38 - [TEST_STEP][PASSED] - navigateToUrl("https://www.genuinegmparts.com/"): Navigate to 'https://www.genuinegmparts.com/' successfully

2019-05-30 14:14:45 - [MESSAGE][PASSED] - Navigate to 'https://www.genuinegmparts.com/' successfully

2019-05-30 14:14:45 - [TEST_STEP][PASSED] - click(findTestObject("Object Repository/SideNav/Collision/Radiators/a_Radiators")): Object: 'Object Repository/SideNav/Collision/Radiators/a_Radiators' is clicked on

2019-05-30 14:14:45 - [MESSAGE][PASSED] - Object: 'Object Repository/SideNav/Collision/Radiators/a_Radiators' is clicked on

2019-05-30 14:14:45 - [TEST_STEP][PASSED] - delay(2): Delayed 2 second(s)

2019-05-30 14:14:47 - [MESSAGE][PASSED] - Delayed 2 second(s)

2019-05-30 14:14:47 - [TEST_STEP][PASSED] - verifyElementText(findTestObject("SideNav/Collision/Radiators/h1_Keep your cool with GM OE radiators"), "Keep your cool with GM OE radiators"): Actual text and expected text of test object 'Object Repository/SideNav/Collision/Radiators/h1_Keep your cool with GM OE radiators' are matched.

2019-05-30 14:14:49 - [MESSAGE][PASSED] - Actual text and expected text of test object 'Object Repository/SideNav/Collision/Radiators/h1_Keep your cool with GM OE radiators' are matched.

2019-05-30 14:14:49 - [TEST_STEP][PASSED] - closeBrowser(): Browser is closed

2019-05-30 14:14:50 - [MESSAGE][PASSED] - Browser is closed]]></system-out>
         <system-err><![CDATA[]]></system-err>
      </testcase>
      <testcase name="Test Cases/GGMP/SiveNav/Collision/SheetMetal" classname="Test Cases/GGMP/SiveNav/Collision/SheetMetal" status="PASSED">
         <system-out><![CDATA[2019-05-30 14:14:51 - [TEST_CASE][PASSED] - Test Cases/GGMP/SiveNav/Collision/SheetMetal: Test Cases/GGMP/SiveNav/Collision/SheetMetal

2019-05-30 14:14:51 - [TEST_STEP][PASSED] - openBrowser(""): Browser is opened with url: ''

2019-05-30 14:14:51 - [MESSAGE][INFO] - Starting 'Chrome' driver

2019-05-30 14:14:59 - [MESSAGE][PASSED] - Browser is opened with url: ''

2019-05-30 14:14:59 - [TEST_STEP][PASSED] - maximizeWindow(): Current window maximized

2019-05-30 14:15:00 - [MESSAGE][PASSED] - Current window maximized

2019-05-30 14:15:00 - [TEST_STEP][PASSED] - navigateToUrl("https://www.genuinegmparts.com/"): Navigate to 'https://www.genuinegmparts.com/' successfully

2019-05-30 14:15:19 - [MESSAGE][PASSED] - Navigate to 'https://www.genuinegmparts.com/' successfully

2019-05-30 14:15:19 - [TEST_STEP][PASSED] - click(findTestObject("Object Repository/SideNav/Collision/Sheet Metal/a_Sheet Metal")): Object: 'Object Repository/SideNav/Collision/Sheet Metal/a_Sheet Metal' is clicked on

2019-05-30 14:15:20 - [MESSAGE][PASSED] - Object: 'Object Repository/SideNav/Collision/Sheet Metal/a_Sheet Metal' is clicked on

2019-05-30 14:15:20 - [TEST_STEP][PASSED] - delay(0): Delayed 0 second(s)

2019-05-30 14:15:20 - [MESSAGE][PASSED] - Delayed 0 second(s)

2019-05-30 14:15:20 - [TEST_STEP][PASSED] - verifyElementText(findTestObject("SideNav/Collision/Sheet Metal/h1_Sheet metal thats more than skin deep"), "Sheet metal that’s more than skin deep"): Actual text and expected text of test object 'Object Repository/SideNav/Collision/Sheet Metal/h1_Sheet metal thats more than skin deep' are matched.

2019-05-30 14:15:23 - [MESSAGE][PASSED] - Actual text and expected text of test object 'Object Repository/SideNav/Collision/Sheet Metal/h1_Sheet metal thats more than skin deep' are matched.

2019-05-30 14:15:23 - [TEST_STEP][PASSED] - closeBrowser(): Browser is closed

2019-05-30 14:15:24 - [MESSAGE][PASSED] - Browser is closed]]></system-out>
         <system-err><![CDATA[]]></system-err>
      </testcase>
      <testcase name="Test Cases/GGMP/SiveNav/Collision/Structural Parts" classname="Test Cases/GGMP/SiveNav/Collision/Structural Parts" status="PASSED">
         <system-out><![CDATA[2019-05-30 14:15:24 - [TEST_CASE][PASSED] - Test Cases/GGMP/SiveNav/Collision/Structural Parts: Test Cases/GGMP/SiveNav/Collision/Structural Parts

2019-05-30 14:15:25 - [TEST_STEP][PASSED] - openBrowser(""): Browser is opened with url: ''

2019-05-30 14:15:25 - [MESSAGE][INFO] - Starting 'Chrome' driver

2019-05-30 14:15:33 - [MESSAGE][PASSED] - Browser is opened with url: ''

2019-05-30 14:15:33 - [TEST_STEP][PASSED] - maximizeWindow(): Current window maximized

2019-05-30 14:15:34 - [MESSAGE][PASSED] - Current window maximized

2019-05-30 14:15:34 - [TEST_STEP][PASSED] - navigateToUrl("https://www.genuinegmparts.com/"): Navigate to 'https://www.genuinegmparts.com/' successfully

2019-05-30 14:15:38 - [MESSAGE][PASSED] - Navigate to 'https://www.genuinegmparts.com/' successfully

2019-05-30 14:15:38 - [TEST_STEP][PASSED] - click(findTestObject("Object Repository/SideNav/Collision/Structural Parts/a_Structural Parts")): Object: 'Object Repository/SideNav/Collision/Structural Parts/a_Structural Parts' is clicked on

2019-05-30 14:15:38 - [MESSAGE][PASSED] - Object: 'Object Repository/SideNav/Collision/Structural Parts/a_Structural Parts' is clicked on

2019-05-30 14:15:38 - [TEST_STEP][PASSED] - delay(2): Delayed 2 second(s)

2019-05-30 14:15:40 - [MESSAGE][PASSED] - Delayed 2 second(s)

2019-05-30 14:15:40 - [TEST_STEP][PASSED] - verifyElementText(findTestObject("SideNav/Collision/Structural Parts/h1_Structural parts for original strength"), "Structural parts for original strength"): Actual text and expected text of test object 'Object Repository/SideNav/Collision/Structural Parts/h1_Structural parts for original strength' are matched.

2019-05-30 14:15:41 - [MESSAGE][PASSED] - Actual text and expected text of test object 'Object Repository/SideNav/Collision/Structural Parts/h1_Structural parts for original strength' are matched.

2019-05-30 14:15:41 - [TEST_STEP][PASSED] - closeBrowser(): Browser is closed

2019-05-30 14:15:42 - [MESSAGE][PASSED] - Browser is closed]]></system-out>
         <system-err><![CDATA[]]></system-err>
      </testcase>
      <testcase name="Test Cases/GGMP/SiveNav/Collision/Tuch-Up Paint" classname="Test Cases/GGMP/SiveNav/Collision/Tuch-Up Paint" status="PASSED">
         <system-out><![CDATA[2019-05-30 14:15:42 - [TEST_CASE][PASSED] - Test Cases/GGMP/SiveNav/Collision/Tuch-Up Paint: Test Cases/GGMP/SiveNav/Collision/Tuch-Up Paint

2019-05-30 14:15:42 - [TEST_STEP][PASSED] - openBrowser(""): Browser is opened with url: ''

2019-05-30 14:15:42 - [MESSAGE][INFO] - Starting 'Chrome' driver

2019-05-30 14:15:50 - [MESSAGE][PASSED] - Browser is opened with url: ''

2019-05-30 14:15:50 - [TEST_STEP][PASSED] - maximizeWindow(): Current window maximized

2019-05-30 14:15:51 - [MESSAGE][PASSED] - Current window maximized

2019-05-30 14:15:51 - [TEST_STEP][PASSED] - navigateToUrl("https://www.genuinegmparts.com/"): Navigate to 'https://www.genuinegmparts.com/' successfully

2019-05-30 14:15:55 - [MESSAGE][PASSED] - Navigate to 'https://www.genuinegmparts.com/' successfully

2019-05-30 14:15:55 - [TEST_STEP][PASSED] - click(findTestObject("Object Repository/SideNav/Collision/Touch-Up Paint/a_Touch-Up Paint")): Object: 'Object Repository/SideNav/Collision/Touch-Up Paint/a_Touch-Up Paint' is clicked on

2019-05-30 14:15:55 - [MESSAGE][PASSED] - Object: 'Object Repository/SideNav/Collision/Touch-Up Paint/a_Touch-Up Paint' is clicked on

2019-05-30 14:15:55 - [TEST_STEP][PASSED] - delay(2): Delayed 2 second(s)

2019-05-30 14:15:57 - [MESSAGE][PASSED] - Delayed 2 second(s)

2019-05-30 14:15:57 - [TEST_STEP][PASSED] - verifyElementText(findTestObject("SideNav/Collision/Touch-Up Paint/h1_Show your true colors with GM auto touch-up paint"), "Show your true colors with GM auto touch-up paint"): Actual text and expected text of test object 'Object Repository/SideNav/Collision/Touch-Up Paint/h1_Show your true colors with GM auto touch-up paint' are matched.

2019-05-30 14:15:58 - [MESSAGE][PASSED] - Actual text and expected text of test object 'Object Repository/SideNav/Collision/Touch-Up Paint/h1_Show your true colors with GM auto touch-up paint' are matched.

2019-05-30 14:15:58 - [TEST_STEP][PASSED] - closeBrowser(): Browser is closed

2019-05-30 14:15:59 - [MESSAGE][PASSED] - Browser is closed]]></system-out>
         <system-err><![CDATA[]]></system-err>
      </testcase>
      <testcase name="Test Cases/GGMP/SiveNav/Collision/Wheels" classname="Test Cases/GGMP/SiveNav/Collision/Wheels" status="PASSED">
         <system-out><![CDATA[2019-05-30 14:15:59 - [TEST_CASE][PASSED] - Test Cases/GGMP/SiveNav/Collision/Wheels: Test Cases/GGMP/SiveNav/Collision/Wheels

2019-05-30 14:15:59 - [TEST_STEP][PASSED] - openBrowser(""): Browser is opened with url: ''

2019-05-30 14:15:59 - [MESSAGE][INFO] - Starting 'Chrome' driver

2019-05-30 14:16:05 - [MESSAGE][PASSED] - Browser is opened with url: ''

2019-05-30 14:16:05 - [TEST_STEP][PASSED] - maximizeWindow(): Current window maximized

2019-05-30 14:16:06 - [MESSAGE][PASSED] - Current window maximized

2019-05-30 14:16:06 - [TEST_STEP][PASSED] - navigateToUrl("https://www.genuinegmparts.com/"): Navigate to 'https://www.genuinegmparts.com/' successfully

2019-05-30 14:16:11 - [MESSAGE][PASSED] - Navigate to 'https://www.genuinegmparts.com/' successfully

2019-05-30 14:16:11 - [TEST_STEP][PASSED] - click(findTestObject("Object Repository/SideNav/Collision/Wheels/a_Wheels")): Object: 'Object Repository/SideNav/Collision/Wheels/a_Wheels' is clicked on

2019-05-30 14:16:11 - [MESSAGE][PASSED] - Object: 'Object Repository/SideNav/Collision/Wheels/a_Wheels' is clicked on

2019-05-30 14:16:11 - [TEST_STEP][PASSED] - delay(2): Delayed 2 second(s)

2019-05-30 14:16:13 - [MESSAGE][PASSED] - Delayed 2 second(s)

2019-05-30 14:16:13 - [TEST_STEP][PASSED] - verifyElementText(findTestObject("SideNav/Collision/Wheels/h1_Stay safe by moving away from reconditioned wheels"), "Stay safe by moving away from reconditioned wheels"): Actual text and expected text of test object 'Object Repository/SideNav/Collision/Wheels/h1_Stay safe by moving away from reconditioned wheels' are matched.

2019-05-30 14:16:13 - [MESSAGE][PASSED] - Actual text and expected text of test object 'Object Repository/SideNav/Collision/Wheels/h1_Stay safe by moving away from reconditioned wheels' are matched.

2019-05-30 14:16:13 - [TEST_STEP][PASSED] - closeBrowser(): Browser is closed

2019-05-30 14:16:14 - [MESSAGE][PASSED] - Browser is closed]]></system-out>
         <system-err><![CDATA[]]></system-err>
      </testcase>
      <testcase name="Test Cases/GGMP/SiveNav/Powertrain/Engine Components" classname="Test Cases/GGMP/SiveNav/Powertrain/Engine Components" status="PASSED">
         <system-out><![CDATA[2019-05-30 14:16:14 - [TEST_CASE][PASSED] - Test Cases/GGMP/SiveNav/Powertrain/Engine Components: Test Cases/GGMP/SiveNav/Powertrain/Engine Components

2019-05-30 14:16:14 - [TEST_STEP][PASSED] - openBrowser(""): Browser is opened with url: ''

2019-05-30 14:16:14 - [MESSAGE][INFO] - Starting 'Chrome' driver

2019-05-30 14:16:20 - [MESSAGE][PASSED] - Browser is opened with url: ''

2019-05-30 14:16:20 - [TEST_STEP][PASSED] - maximizeWindow(): Current window maximized

2019-05-30 14:16:22 - [MESSAGE][PASSED] - Current window maximized

2019-05-30 14:16:22 - [TEST_STEP][PASSED] - navigateToUrl("https://www.genuinegmparts.com"): Navigate to 'https://www.genuinegmparts.com' successfully

2019-05-30 14:16:25 - [MESSAGE][PASSED] - Navigate to 'https://www.genuinegmparts.com' successfully

2019-05-30 14:16:25 - [TEST_STEP][PASSED] - click(findTestObject("Object Repository/SideNav/PowerTrain/Engine Components/a_Engine Components")): Object: 'Object Repository/SideNav/PowerTrain/Engine Components/a_Engine Components' is clicked on

2019-05-30 14:16:25 - [MESSAGE][PASSED] - Object: 'Object Repository/SideNav/PowerTrain/Engine Components/a_Engine Components' is clicked on

2019-05-30 14:16:25 - [TEST_STEP][PASSED] - delay(2): Delayed 2 second(s)

2019-05-30 14:16:27 - [MESSAGE][PASSED] - Delayed 2 second(s)

2019-05-30 14:16:27 - [TEST_STEP][PASSED] - verifyElementText(findTestObject("SideNav/PowerTrain/Engine Components/h1_Keep putting power down with Genuine GM Parts"), "Keep putting power down with Genuine GM Parts"): Actual text and expected text of test object 'Object Repository/SideNav/PowerTrain/Engine Components/h1_Keep putting power down with Genuine GM Parts' are matched.

2019-05-30 14:16:28 - [MESSAGE][PASSED] - Actual text and expected text of test object 'Object Repository/SideNav/PowerTrain/Engine Components/h1_Keep putting power down with Genuine GM Parts' are matched.

2019-05-30 14:16:28 - [TEST_STEP][PASSED] - closeBrowser(): Browser is closed

2019-05-30 14:16:29 - [MESSAGE][PASSED] - Browser is closed]]></system-out>
         <system-err><![CDATA[]]></system-err>
      </testcase>
      <testcase name="Test Cases/GGMP/SiveNav/Powertrain/Engines" classname="Test Cases/GGMP/SiveNav/Powertrain/Engines" status="PASSED">
         <system-out><![CDATA[2019-05-30 14:16:29 - [TEST_CASE][PASSED] - Test Cases/GGMP/SiveNav/Powertrain/Engines: Test Cases/GGMP/SiveNav/Powertrain/Engines

2019-05-30 14:16:29 - [TEST_STEP][PASSED] - openBrowser(""): Browser is opened with url: ''

2019-05-30 14:16:29 - [MESSAGE][INFO] - Starting 'Chrome' driver

2019-05-30 14:16:35 - [MESSAGE][PASSED] - Browser is opened with url: ''

2019-05-30 14:16:35 - [TEST_STEP][PASSED] - maximizeWindow(): Current window maximized

2019-05-30 14:16:37 - [MESSAGE][PASSED] - Current window maximized

2019-05-30 14:16:37 - [TEST_STEP][PASSED] - navigateToUrl("https://www.genuinegmparts.com/"): Navigate to 'https://www.genuinegmparts.com/' successfully

2019-05-30 14:16:40 - [MESSAGE][PASSED] - Navigate to 'https://www.genuinegmparts.com/' successfully

2019-05-30 14:16:40 - [TEST_STEP][PASSED] - click(findTestObject("Object Repository/SideNav/PowerTrain/Engines/a_Engines")): Object: 'Object Repository/SideNav/PowerTrain/Engines/a_Engines' is clicked on

2019-05-30 14:16:40 - [MESSAGE][PASSED] - Object: 'Object Repository/SideNav/PowerTrain/Engines/a_Engines' is clicked on

2019-05-30 14:16:40 - [TEST_STEP][PASSED] - delay(2): Delayed 2 second(s)

2019-05-30 14:16:42 - [MESSAGE][PASSED] - Delayed 2 second(s)

2019-05-30 14:16:42 - [TEST_STEP][PASSED] - verifyElementText(findTestObject("SideNav/PowerTrain/Engines/h1_GM OE engines built with unrivaled quality"), "GM OE engines built with unrivaled quality"): Actual text and expected text of test object 'Object Repository/SideNav/PowerTrain/Engines/h1_GM OE engines built with unrivaled quality' are matched.

2019-05-30 14:16:43 - [MESSAGE][PASSED] - Actual text and expected text of test object 'Object Repository/SideNav/PowerTrain/Engines/h1_GM OE engines built with unrivaled quality' are matched.

2019-05-30 14:16:43 - [TEST_STEP][PASSED] - closeBrowser(): Browser is closed

2019-05-30 14:16:44 - [MESSAGE][PASSED] - Browser is closed]]></system-out>
         <system-err><![CDATA[]]></system-err>
      </testcase>
      <testcase name="Test Cases/GGMP/SiveNav/Powertrain/Transmission Components" classname="Test Cases/GGMP/SiveNav/Powertrain/Transmission Components" status="PASSED">
         <system-out><![CDATA[2019-05-30 14:16:44 - [TEST_CASE][PASSED] - Test Cases/GGMP/SiveNav/Powertrain/Transmission Components: Test Cases/GGMP/SiveNav/Powertrain/Transmission Components

2019-05-30 14:16:44 - [TEST_STEP][PASSED] - openBrowser(""): Browser is opened with url: ''

2019-05-30 14:16:44 - [MESSAGE][INFO] - Starting 'Chrome' driver

2019-05-30 14:16:50 - [MESSAGE][PASSED] - Browser is opened with url: ''

2019-05-30 14:16:50 - [TEST_STEP][PASSED] - maximizeWindow(): Current window maximized

2019-05-30 14:16:51 - [MESSAGE][PASSED] - Current window maximized

2019-05-30 14:16:51 - [TEST_STEP][PASSED] - navigateToUrl("https://www.genuinegmparts.com/"): Navigate to 'https://www.genuinegmparts.com/' successfully

2019-05-30 14:16:54 - [MESSAGE][PASSED] - Navigate to 'https://www.genuinegmparts.com/' successfully

2019-05-30 14:16:54 - [TEST_STEP][PASSED] - click(findTestObject("Object Repository/SideNav/PowerTrain/Transmission Components/a_Transmission Components")): Object: 'Object Repository/SideNav/PowerTrain/Transmission Components/a_Transmission Components' is clicked on

2019-05-30 14:16:55 - [MESSAGE][PASSED] - Object: 'Object Repository/SideNav/PowerTrain/Transmission Components/a_Transmission Components' is clicked on

2019-05-30 14:16:55 - [TEST_STEP][PASSED] - delay(2): Delayed 2 second(s)

2019-05-30 14:16:57 - [MESSAGE][PASSED] - Delayed 2 second(s)

2019-05-30 14:16:57 - [TEST_STEP][PASSED] - verifyElementText(findTestObject("SideNav/PowerTrain/Transmission Components/h1_Shift into gear with Genuine GM Parts"), "Shift into gear with Genuine GM Parts"): Actual text and expected text of test object 'Object Repository/SideNav/PowerTrain/Transmission Components/h1_Shift into gear with Genuine GM Parts' are matched.

2019-05-30 14:16:57 - [MESSAGE][PASSED] - Actual text and expected text of test object 'Object Repository/SideNav/PowerTrain/Transmission Components/h1_Shift into gear with Genuine GM Parts' are matched.

2019-05-30 14:16:57 - [TEST_STEP][PASSED] - closeBrowser(): Browser is closed

2019-05-30 14:16:59 - [MESSAGE][PASSED] - Browser is closed]]></system-out>
         <system-err><![CDATA[]]></system-err>
      </testcase>
      <testcase name="Test Cases/GGMP/SiveNav/Powertrain/Transmission" classname="Test Cases/GGMP/SiveNav/Powertrain/Transmission" status="PASSED">
         <system-out><![CDATA[2019-05-30 14:16:59 - [TEST_CASE][PASSED] - Test Cases/GGMP/SiveNav/Powertrain/Transmission: Test Cases/GGMP/SiveNav/Powertrain/Transmission

2019-05-30 14:16:59 - [TEST_STEP][PASSED] - openBrowser(""): Browser is opened with url: ''

2019-05-30 14:16:59 - [MESSAGE][INFO] - Starting 'Chrome' driver

2019-05-30 14:17:05 - [MESSAGE][PASSED] - Browser is opened with url: ''

2019-05-30 14:17:05 - [TEST_STEP][PASSED] - maximizeWindow(): Current window maximized

2019-05-30 14:17:06 - [MESSAGE][PASSED] - Current window maximized

2019-05-30 14:17:06 - [TEST_STEP][PASSED] - navigateToUrl("https://www.genuinegmparts.com/"): Navigate to 'https://www.genuinegmparts.com/' successfully

2019-05-30 14:17:09 - [MESSAGE][PASSED] - Navigate to 'https://www.genuinegmparts.com/' successfully

2019-05-30 14:17:09 - [TEST_STEP][PASSED] - click(findTestObject("Object Repository/SideNav/PowerTrain/Transmission/a_Transmissions  Transfer Cases")): Object: 'Object Repository/SideNav/PowerTrain/Transmission/a_Transmissions  Transfer Cases' is clicked on

2019-05-30 14:17:09 - [MESSAGE][PASSED] - Object: 'Object Repository/SideNav/PowerTrain/Transmission/a_Transmissions  Transfer Cases' is clicked on

2019-05-30 14:17:09 - [TEST_STEP][PASSED] - delay(2): Delayed 2 second(s)

2019-05-30 14:17:11 - [MESSAGE][PASSED] - Delayed 2 second(s)

2019-05-30 14:17:11 - [TEST_STEP][PASSED] - verifyElementText(findTestObject("SideNav/PowerTrain/Transmission/h1_Original equipment new or reman transmissions  transfer cases you can trust"), "Original equipment new or reman transmissions & transfer cases you can trust"): Actual text and expected text of test object 'Object Repository/SideNav/PowerTrain/Transmission/h1_Original equipment new or reman transmissions  transfer cases you can trust' are matched.

2019-05-30 14:17:12 - [MESSAGE][PASSED] - Actual text and expected text of test object 'Object Repository/SideNav/PowerTrain/Transmission/h1_Original equipment new or reman transmissions  transfer cases you can trust' are matched.

2019-05-30 14:17:12 - [TEST_STEP][PASSED] - closeBrowser(): Browser is closed

2019-05-30 14:17:13 - [MESSAGE][PASSED] - Browser is closed]]></system-out>
         <system-err><![CDATA[]]></system-err>
      </testcase>
      <testcase name="Test Cases/GGMP/TOOLS/Touch-Up Paint" classname="Test Cases/GGMP/TOOLS/Touch-Up Paint" status="PASSED">
         <system-out><![CDATA[2019-05-30 14:17:13 - [TEST_CASE][PASSED] - Test Cases/GGMP/TOOLS/Touch-Up Paint: Test Cases/GGMP/TOOLS/Touch-Up Paint

2019-05-30 14:17:13 - [TEST_STEP][PASSED] - openBrowser(""): Browser is opened with url: ''

2019-05-30 14:17:13 - [MESSAGE][INFO] - Starting 'Chrome' driver

2019-05-30 14:17:19 - [MESSAGE][PASSED] - Browser is opened with url: ''

2019-05-30 14:17:19 - [TEST_STEP][PASSED] - maximizeWindow(): Current window maximized

2019-05-30 14:17:20 - [MESSAGE][PASSED] - Current window maximized

2019-05-30 14:17:20 - [TEST_STEP][PASSED] - navigateToUrl("https://www.genuinegmparts.com/"): Navigate to 'https://www.genuinegmparts.com/' successfully

2019-05-30 14:17:24 - [MESSAGE][PASSED] - Navigate to 'https://www.genuinegmparts.com/' successfully

2019-05-30 14:17:24 - [TEST_STEP][PASSED] - click(findTestObject("Object Repository/HomePage/TouchUp Paint/li_Collision")): Object: 'Object Repository/HomePage/TouchUp Paint/li_Collision' is clicked on

2019-05-30 14:17:24 - [MESSAGE][PASSED] - Object: 'Object Repository/HomePage/TouchUp Paint/li_Collision' is clicked on

2019-05-30 14:17:24 - [TEST_STEP][PASSED] - click(findTestObject("Object Repository/HomePage/TouchUp Paint/span_Touch-up paint")): Object: 'Object Repository/HomePage/TouchUp Paint/span_Touch-up paint' is clicked on

2019-05-30 14:17:26 - [MESSAGE][PASSED] - Object: 'Object Repository/HomePage/TouchUp Paint/span_Touch-up paint' is clicked on

2019-05-30 14:17:26 - [TEST_STEP][PASSED] - click(findTestObject("Object Repository/HomePage/TouchUp Paint/a_Downloadable Guides")): Object: 'Object Repository/HomePage/TouchUp Paint/a_Downloadable Guides' is clicked on

2019-05-30 14:17:27 - [MESSAGE][PASSED] - Object: 'Object Repository/HomePage/TouchUp Paint/a_Downloadable Guides' is clicked on

2019-05-30 14:17:27 - [TEST_STEP][PASSED] - click(findTestObject("Object Repository/HomePage/TouchUp Paint/span_2018 GM Refinish Materials - GMW-15406-2017")): Object: 'Object Repository/HomePage/TouchUp Paint/span_2018 GM Refinish Materials - GMW-15406-2017' is clicked on

2019-05-30 14:17:27 - [MESSAGE][PASSED] - Object: 'Object Repository/HomePage/TouchUp Paint/span_2018 GM Refinish Materials - GMW-15406-2017' is clicked on

2019-05-30 14:17:27 - [TEST_STEP][PASSED] - closeBrowser(): Browser is closed

2019-05-30 14:17:28 - [MESSAGE][PASSED] - Browser is closed]]></system-out>
         <system-err><![CDATA[]]></system-err>
      </testcase>
      <system-out><![CDATA[2019-05-30 13:54:34 - [TEST_SUITE][PASSED] - Tests: Test Cases/GGMP/TOOLS/Touch-Up Paint]]></system-out>
      <system-err><![CDATA[]]></system-err>
   </testsuite>
</testsuites>
