<?xml version="1.0" encoding="UTF-8"?>
<testsuites name="Sitemap" time="270" tests="16" failures="0" errors="0">
   <testsuite name="Sitemap" tests="16" failures="0" errors="0" time="270" timestamp="2019-05-28 19:38:10" hostname="adrian.dobre - BCHOPT-NW100219.emea.corp.ipgnetwork.com" id="Test Suites/Sitemap">
      <properties>
         <property name="deviceName" value=""/>
         <property name="devicePlatform" value=""/>
         <property name="logFolder" value="C:\\Users\\adrian.dobre\\Katalon Studio\\Genuine GM Parts\\Reports\\Sitemap\\20190528_193807"/>
         <property name="logFiles" value="C:\\Users\\adrian.dobre\\Katalon Studio\\Genuine GM Parts\\Reports\\Sitemap\\20190528_193807\\execution0.log"/>
         <property name="attachments" value=""/>
         <property name="hostName" value="adrian.dobre - BCHOPT-NW100219.emea.corp.ipgnetwork.com"/>
         <property name="os" value="Windows 10 64bit"/>
         <property name="katalonVersion" value="6.1.4.1"/>
         <property name="browser" value="Chrome 74.0.3729.169"/>
         <property name="hostAddress" value="10.69.196.168"/>
         <property name="sessionId" value="9992e4b23530de4f5db4859e41ff3030"/>
         <property name="seleniumVersion" value="3.7.1"/>
         <property name="proxyInformation" value="ProxyInformation{proxyOption=NO_PROXY, proxyServerType=HTTP, password=, proxyServerAddress=, proxyServerPort=0}"/>
         <property name="platform" value="Windows 10"/>
      </properties>
      <testcase name="Test Cases/GGMP/Sitemap/Collision/Cadillac" classname="Test Cases/GGMP/Sitemap/Collision/Cadillac" status="PASSED">
         <system-out><![CDATA[2019-05-28 19:38:10 - [TEST_CASE][PASSED] - Test Cases/GGMP/Sitemap/Collision/Cadillac: Test Cases/GGMP/Sitemap/Collision/Cadillac

2019-05-28 19:38:11 - [TEST_STEP][PASSED] - openBrowser(""): Browser is opened with url: ''

2019-05-28 19:38:11 - [MESSAGE][INFO] - Starting 'Chrome' driver

2019-05-28 19:38:11 - [MESSAGE][INFO] - Action delay is set to 0 seconds

2019-05-28 19:38:20 - [MESSAGE][PASSED] - Browser is opened with url: ''

2019-05-28 19:38:20 - [TEST_STEP][PASSED] - maximizeWindow(): Current window maximized

2019-05-28 19:38:21 - [MESSAGE][PASSED] - Current window maximized

2019-05-28 19:38:21 - [TEST_STEP][PASSED] - navigateToUrl("https://www.genuinegmparts.com/"): Navigate to 'https://www.genuinegmparts.com/' successfully

2019-05-28 19:38:24 - [MESSAGE][PASSED] - Navigate to 'https://www.genuinegmparts.com/' successfully

2019-05-28 19:38:24 - [TEST_STEP][PASSED] - click(findTestObject("Object Repository/SiteMap/Collision/Cadillac/a_Sitemap")): Object: 'Object Repository/SiteMap/Collision/Cadillac/a_Sitemap' is clicked on

2019-05-28 19:38:24 - [MESSAGE][PASSED] - Object: 'Object Repository/SiteMap/Collision/Cadillac/a_Sitemap' is clicked on

2019-05-28 19:38:24 - [TEST_STEP][PASSED] - click(findTestObject("Object Repository/SiteMap/Collision/Cadillac/span_Cadillac Aluminum Repair Network")): Object: 'Object Repository/SiteMap/Collision/Cadillac/span_Cadillac Aluminum Repair Network' is clicked on

2019-05-28 19:38:25 - [MESSAGE][PASSED] - Object: 'Object Repository/SiteMap/Collision/Cadillac/span_Cadillac Aluminum Repair Network' is clicked on

2019-05-28 19:38:25 - [TEST_STEP][PASSED] - click(findTestObject("Object Repository/SiteMap/Collision/Cadillac/span_Contact your local Cadillac Certified Service Center")): Object: 'Object Repository/SiteMap/Collision/Cadillac/span_Contact your local Cadillac Certified Service Center' is clicked on

2019-05-28 19:38:28 - [MESSAGE][PASSED] - Object: 'Object Repository/SiteMap/Collision/Cadillac/span_Contact your local Cadillac Certified Service Center' is clicked on

2019-05-28 19:38:28 - [TEST_STEP][PASSED] - closeBrowser(): Browser is closed

2019-05-28 19:38:29 - [MESSAGE][PASSED] - Browser is closed]]></system-out>
         <system-err><![CDATA[]]></system-err>
      </testcase>
      <testcase name="Test Cases/GGMP/Sitemap/Collision/Collision Parts" classname="Test Cases/GGMP/Sitemap/Collision/Collision Parts" status="PASSED">
         <system-out><![CDATA[2019-05-28 19:38:29 - [TEST_CASE][PASSED] - Test Cases/GGMP/Sitemap/Collision/Collision Parts: Test Cases/GGMP/Sitemap/Collision/Collision Parts

2019-05-28 19:38:30 - [TEST_STEP][PASSED] - openBrowser(""): Browser is opened with url: ''

2019-05-28 19:38:30 - [MESSAGE][INFO] - Starting 'Chrome' driver

2019-05-28 19:38:36 - [MESSAGE][PASSED] - Browser is opened with url: ''

2019-05-28 19:38:36 - [TEST_STEP][PASSED] - maximizeWindow(): Current window maximized

2019-05-28 19:38:37 - [MESSAGE][PASSED] - Current window maximized

2019-05-28 19:38:37 - [TEST_STEP][PASSED] - navigateToUrl("https://www.genuinegmparts.com/"): Navigate to 'https://www.genuinegmparts.com/' successfully

2019-05-28 19:38:41 - [MESSAGE][PASSED] - Navigate to 'https://www.genuinegmparts.com/' successfully

2019-05-28 19:38:41 - [TEST_STEP][PASSED] - click(findTestObject("Object Repository/SiteMap/Collision/Collision Parts/a_Sitemap")): Object: 'Object Repository/SiteMap/Collision/Collision Parts/a_Sitemap' is clicked on

2019-05-28 19:38:41 - [MESSAGE][PASSED] - Object: 'Object Repository/SiteMap/Collision/Collision Parts/a_Sitemap' is clicked on

2019-05-28 19:38:41 - [TEST_STEP][PASSED] - click(findTestObject("Object Repository/SiteMap/Collision/Collision Parts/span_Collision Parts")): Object: 'Object Repository/SiteMap/Collision/Collision Parts/span_Collision Parts' is clicked on

2019-05-28 19:38:43 - [MESSAGE][PASSED] - Object: 'Object Repository/SiteMap/Collision/Collision Parts/span_Collision Parts' is clicked on

2019-05-28 19:38:43 - [TEST_STEP][PASSED] - click(findTestObject("Object Repository/SiteMap/Collision/Collision Parts/span_Sheet metal")): Object: 'Object Repository/SiteMap/Collision/Collision Parts/span_Sheet metal' is clicked on

2019-05-28 19:38:45 - [MESSAGE][PASSED] - Object: 'Object Repository/SiteMap/Collision/Collision Parts/span_Sheet metal' is clicked on

2019-05-28 19:38:45 - [TEST_STEP][PASSED] - closeBrowser(): Browser is closed

2019-05-28 19:38:46 - [MESSAGE][PASSED] - Browser is closed]]></system-out>
         <system-err><![CDATA[]]></system-err>
      </testcase>
      <testcase name="Test Cases/GGMP/Sitemap/Collision/Paint" classname="Test Cases/GGMP/Sitemap/Collision/Paint" status="PASSED">
         <system-out><![CDATA[2019-05-28 19:38:46 - [TEST_CASE][PASSED] - Test Cases/GGMP/Sitemap/Collision/Paint: Test Cases/GGMP/Sitemap/Collision/Paint

2019-05-28 19:38:46 - [TEST_STEP][PASSED] - openBrowser(""): Browser is opened with url: ''

2019-05-28 19:38:46 - [MESSAGE][INFO] - Starting 'Chrome' driver

2019-05-28 19:38:52 - [MESSAGE][PASSED] - Browser is opened with url: ''

2019-05-28 19:38:52 - [TEST_STEP][PASSED] - maximizeWindow(): Current window maximized

2019-05-28 19:38:53 - [MESSAGE][PASSED] - Current window maximized

2019-05-28 19:38:53 - [TEST_STEP][PASSED] - navigateToUrl("https://www.genuinegmparts.com/"): Navigate to 'https://www.genuinegmparts.com/' successfully

2019-05-28 19:38:57 - [MESSAGE][PASSED] - Navigate to 'https://www.genuinegmparts.com/' successfully

2019-05-28 19:38:57 - [TEST_STEP][PASSED] - click(findTestObject("Object Repository/SiteMap/Collision/Paint/a_Sitemap")): Object: 'Object Repository/SiteMap/Collision/Paint/a_Sitemap' is clicked on

2019-05-28 19:38:57 - [MESSAGE][PASSED] - Object: 'Object Repository/SiteMap/Collision/Paint/a_Sitemap' is clicked on

2019-05-28 19:38:57 - [TEST_STEP][PASSED] - click(findTestObject("Object Repository/SiteMap/Collision/Paint/span_Touch-Up Paint")): Object: 'Object Repository/SiteMap/Collision/Paint/span_Touch-Up Paint' is clicked on

2019-05-28 19:38:58 - [MESSAGE][PASSED] - Object: 'Object Repository/SiteMap/Collision/Paint/span_Touch-Up Paint' is clicked on

2019-05-28 19:38:58 - [TEST_STEP][PASSED] - closeBrowser(): Browser is closed

2019-05-28 19:38:59 - [MESSAGE][PASSED] - Browser is closed]]></system-out>
         <system-err><![CDATA[]]></system-err>
      </testcase>
      <testcase name="Test Cases/GGMP/Sitemap/Collision/The Genuine Difference" classname="Test Cases/GGMP/Sitemap/Collision/The Genuine Difference" status="PASSED">
         <system-out><![CDATA[2019-05-28 19:38:59 - [TEST_CASE][PASSED] - Test Cases/GGMP/Sitemap/Collision/The Genuine Difference: Test Cases/GGMP/Sitemap/Collision/The Genuine Difference

2019-05-28 19:38:59 - [TEST_STEP][PASSED] - openBrowser(""): Browser is opened with url: ''

2019-05-28 19:38:59 - [MESSAGE][INFO] - Starting 'Chrome' driver

2019-05-28 19:39:05 - [MESSAGE][PASSED] - Browser is opened with url: ''

2019-05-28 19:39:05 - [TEST_STEP][PASSED] - maximizeWindow(): Current window maximized

2019-05-28 19:39:06 - [MESSAGE][PASSED] - Current window maximized

2019-05-28 19:39:06 - [TEST_STEP][PASSED] - navigateToUrl("https://www.genuinegmparts.com/sitemap"): Navigate to 'https://www.genuinegmparts.com/sitemap' successfully

2019-05-28 19:39:09 - [MESSAGE][PASSED] - Navigate to 'https://www.genuinegmparts.com/sitemap' successfully

2019-05-28 19:39:09 - [TEST_STEP][PASSED] - click(findTestObject("Object Repository/SiteMap/Collision/span_The Genuine Difference")): Object: 'Object Repository/SiteMap/Collision/span_The Genuine Difference' is clicked on

2019-05-28 19:39:09 - [MESSAGE][PASSED] - Object: 'Object Repository/SiteMap/Collision/span_The Genuine Difference' is clicked on

2019-05-28 19:39:09 - [TEST_STEP][PASSED] - click(findTestObject("Object Repository/SiteMap/Collision/span_visit crashrepairinfocom")): Object: 'Object Repository/SiteMap/Collision/span_visit crashrepairinfocom' is clicked on

2019-05-28 19:39:14 - [MESSAGE][PASSED] - Object: 'Object Repository/SiteMap/Collision/span_visit crashrepairinfocom' is clicked on

2019-05-28 19:39:14 - [TEST_STEP][PASSED] - closeBrowser(): Browser is closed

2019-05-28 19:39:15 - [MESSAGE][PASSED] - Browser is closed]]></system-out>
         <system-err><![CDATA[]]></system-err>
      </testcase>
      <testcase name="Test Cases/GGMP/Sitemap/For Professionals/Collision Repair Manuals" classname="Test Cases/GGMP/Sitemap/For Professionals/Collision Repair Manuals" status="PASSED">
         <system-out><![CDATA[2019-05-28 19:39:15 - [TEST_CASE][PASSED] - Test Cases/GGMP/Sitemap/For Professionals/Collision Repair Manuals: Test Cases/GGMP/Sitemap/For Professionals/Collision Repair Manuals

2019-05-28 19:39:15 - [TEST_STEP][PASSED] - openBrowser(""): Browser is opened with url: ''

2019-05-28 19:39:15 - [MESSAGE][INFO] - Starting 'Chrome' driver

2019-05-28 19:39:21 - [MESSAGE][PASSED] - Browser is opened with url: ''

2019-05-28 19:39:21 - [TEST_STEP][PASSED] - maximizeWindow(): Current window maximized

2019-05-28 19:39:22 - [MESSAGE][PASSED] - Current window maximized

2019-05-28 19:39:22 - [TEST_STEP][PASSED] - navigateToUrl("https://www.genuinegmparts.com/"): Navigate to 'https://www.genuinegmparts.com/' successfully

2019-05-28 19:39:26 - [MESSAGE][PASSED] - Navigate to 'https://www.genuinegmparts.com/' successfully

2019-05-28 19:39:26 - [TEST_STEP][PASSED] - click(findTestObject("SiteMap/For Professionals/Collision Repair Manuals/a_Sitemap")): Object: 'Object Repository/SiteMap/For Professionals/Collision Repair Manuals/a_Sitemap' is clicked on

2019-05-28 19:39:26 - [MESSAGE][PASSED] - Object: 'Object Repository/SiteMap/For Professionals/Collision Repair Manuals/a_Sitemap' is clicked on

2019-05-28 19:39:26 - [TEST_STEP][PASSED] - click(findTestObject("SiteMap/For Professionals/Collision Repair Manuals/span_Collision Repair Manuals")): Object: 'Object Repository/SiteMap/For Professionals/Collision Repair Manuals/span_Collision Repair Manuals' is clicked on

2019-05-28 19:39:27 - [MESSAGE][PASSED] - Object: 'Object Repository/SiteMap/For Professionals/Collision Repair Manuals/span_Collision Repair Manuals' is clicked on

2019-05-28 19:39:27 - [TEST_STEP][PASSED] - delay(3): Delayed 3 second(s)

2019-05-28 19:39:30 - [MESSAGE][PASSED] - Delayed 3 second(s)

2019-05-28 19:39:30 - [TEST_STEP][PASSED] - verifyElementText(findTestObject("SiteMap/For Professionals/Collision Repair Manuals/h1_Collision repair manuals for GM vehicles"), "Collision repair manuals for GM vehicles"): Actual text and expected text of test object 'Object Repository/SiteMap/For Professionals/Collision Repair Manuals/h1_Collision repair manuals for GM vehicles' are matched.

2019-05-28 19:39:30 - [MESSAGE][PASSED] - Actual text and expected text of test object 'Object Repository/SiteMap/For Professionals/Collision Repair Manuals/h1_Collision repair manuals for GM vehicles' are matched.

2019-05-28 19:39:30 - [TEST_STEP][PASSED] - closeBrowser(): Browser is closed

2019-05-28 19:39:31 - [MESSAGE][PASSED] - Browser is closed]]></system-out>
         <system-err><![CDATA[]]></system-err>
      </testcase>
      <testcase name="Test Cases/GGMP/Sitemap/LAD/Advanced Search" classname="Test Cases/GGMP/Sitemap/LAD/Advanced Search" status="PASSED">
         <system-out><![CDATA[2019-05-28 19:39:31 - [TEST_CASE][PASSED] - Test Cases/GGMP/Sitemap/LAD/Advanced Search: Test Cases/GGMP/Sitemap/LAD/Advanced Search

2019-05-28 19:39:31 - [TEST_STEP][PASSED] - openBrowser(""): Browser is opened with url: ''

2019-05-28 19:39:31 - [MESSAGE][INFO] - Starting 'Chrome' driver

2019-05-28 19:39:37 - [MESSAGE][PASSED] - Browser is opened with url: ''

2019-05-28 19:39:37 - [TEST_STEP][PASSED] - maximizeWindow(): Current window maximized

2019-05-28 19:39:38 - [MESSAGE][PASSED] - Current window maximized

2019-05-28 19:39:38 - [TEST_STEP][PASSED] - navigateToUrl("https://www.genuinegmparts.com/"): Navigate to 'https://www.genuinegmparts.com/' successfully

2019-05-28 19:39:41 - [MESSAGE][PASSED] - Navigate to 'https://www.genuinegmparts.com/' successfully

2019-05-28 19:39:41 - [TEST_STEP][PASSED] - click(findTestObject("Object Repository/SiteMap/LAD/Advanced Search/a_Sitemap")): Object: 'Object Repository/SiteMap/LAD/Advanced Search/a_Sitemap' is clicked on

2019-05-28 19:39:41 - [MESSAGE][PASSED] - Object: 'Object Repository/SiteMap/LAD/Advanced Search/a_Sitemap' is clicked on

2019-05-28 19:39:41 - [TEST_STEP][PASSED] - click(findTestObject("Object Repository/SiteMap/LAD/Advanced Search/span_Advanced Search")): Object: 'Object Repository/SiteMap/LAD/Advanced Search/span_Advanced Search' is clicked on

2019-05-28 19:39:43 - [MESSAGE][PASSED] - Object: 'Object Repository/SiteMap/LAD/Advanced Search/span_Advanced Search' is clicked on

2019-05-28 19:39:43 - [TEST_STEP][PASSED] - delay(5): Delayed 5 second(s)

2019-05-28 19:39:48 - [MESSAGE][PASSED] - Delayed 5 second(s)

2019-05-28 19:39:48 - [TEST_STEP][PASSED] - verifyElementText(findTestObject("SiteMap/LAD/Advanced Search/h1_Locate a Genuine GM Parts dealer"), "Locate a Genuine GM Parts dealer"): Actual text and expected text of test object 'Object Repository/SiteMap/LAD/Advanced Search/h1_Locate a Genuine GM Parts dealer' are matched.

2019-05-28 19:39:48 - [MESSAGE][PASSED] - Actual text and expected text of test object 'Object Repository/SiteMap/LAD/Advanced Search/h1_Locate a Genuine GM Parts dealer' are matched.

2019-05-28 19:39:48 - [TEST_STEP][PASSED] - closeBrowser(): Browser is closed

2019-05-28 19:39:49 - [MESSAGE][PASSED] - Browser is closed]]></system-out>
         <system-err><![CDATA[]]></system-err>
      </testcase>
      <testcase name="Test Cases/GGMP/Sitemap/Powertrain/Engine COmponents" classname="Test Cases/GGMP/Sitemap/Powertrain/Engine COmponents" status="PASSED">
         <system-out><![CDATA[2019-05-28 19:39:49 - [TEST_CASE][PASSED] - Test Cases/GGMP/Sitemap/Powertrain/Engine COmponents: Test Cases/GGMP/Sitemap/Powertrain/Engine COmponents

2019-05-28 19:39:50 - [TEST_STEP][PASSED] - openBrowser(""): Browser is opened with url: ''

2019-05-28 19:39:50 - [MESSAGE][INFO] - Starting 'Chrome' driver

2019-05-28 19:39:55 - [MESSAGE][PASSED] - Browser is opened with url: ''

2019-05-28 19:39:55 - [TEST_STEP][PASSED] - maximizeWindow(): Current window maximized

2019-05-28 19:39:56 - [MESSAGE][PASSED] - Current window maximized

2019-05-28 19:39:56 - [TEST_STEP][PASSED] - navigateToUrl("https://www.genuinegmparts.com/"): Navigate to 'https://www.genuinegmparts.com/' successfully

2019-05-28 19:39:59 - [MESSAGE][PASSED] - Navigate to 'https://www.genuinegmparts.com/' successfully

2019-05-28 19:39:59 - [TEST_STEP][PASSED] - click(findTestObject("Object Repository/SiteMap/Powertrain/Engine Components/a_Sitemap")): Object: 'Object Repository/SiteMap/Powertrain/Engine Components/a_Sitemap' is clicked on

2019-05-28 19:40:00 - [MESSAGE][PASSED] - Object: 'Object Repository/SiteMap/Powertrain/Engine Components/a_Sitemap' is clicked on

2019-05-28 19:40:00 - [TEST_STEP][PASSED] - click(findTestObject("Object Repository/SiteMap/Powertrain/Engine Components/span_Engine Components")): Object: 'Object Repository/SiteMap/Powertrain/Engine Components/span_Engine Components' is clicked on

2019-05-28 19:40:00 - [MESSAGE][PASSED] - Object: 'Object Repository/SiteMap/Powertrain/Engine Components/span_Engine Components' is clicked on

2019-05-28 19:40:00 - [TEST_STEP][PASSED] - delay(5): Delayed 5 second(s)

2019-05-28 19:40:05 - [MESSAGE][PASSED] - Delayed 5 second(s)

2019-05-28 19:40:05 - [TEST_STEP][PASSED] - verifyElementText(findTestObject("Object Repository/SiteMap/Powertrain/Engine Components/h1_Keep putting power down with Genuine GM Parts"), "Keep putting power down with Genuine GM Parts", CONTINUE_ON_FAILURE): Actual text and expected text of test object 'Object Repository/SiteMap/Powertrain/Engine Components/h1_Keep putting power down with Genuine GM Parts' are matched.

2019-05-28 19:40:05 - [MESSAGE][PASSED] - Actual text and expected text of test object 'Object Repository/SiteMap/Powertrain/Engine Components/h1_Keep putting power down with Genuine GM Parts' are matched.

2019-05-28 19:40:05 - [TEST_STEP][PASSED] - click(findTestObject("Object Repository/SiteMap/Powertrain/Engine Components/span_CAMSHAFT PHASERS")): Object: 'Object Repository/SiteMap/Powertrain/Engine Components/span_CAMSHAFT PHASERS' is clicked on

2019-05-28 19:40:06 - [MESSAGE][PASSED] - Object: 'Object Repository/SiteMap/Powertrain/Engine Components/span_CAMSHAFT PHASERS' is clicked on

2019-05-28 19:40:06 - [TEST_STEP][PASSED] - closeBrowser(): Browser is closed

2019-05-28 19:40:07 - [MESSAGE][PASSED] - Browser is closed]]></system-out>
         <system-err><![CDATA[]]></system-err>
      </testcase>
      <testcase name="Test Cases/GGMP/Sitemap/Powertrain/Engines" classname="Test Cases/GGMP/Sitemap/Powertrain/Engines" status="PASSED">
         <system-out><![CDATA[2019-05-28 19:40:07 - [TEST_CASE][PASSED] - Test Cases/GGMP/Sitemap/Powertrain/Engines: Test Cases/GGMP/Sitemap/Powertrain/Engines

2019-05-28 19:40:07 - [TEST_STEP][PASSED] - openBrowser(""): Browser is opened with url: ''

2019-05-28 19:40:07 - [MESSAGE][INFO] - Starting 'Chrome' driver

2019-05-28 19:40:13 - [MESSAGE][PASSED] - Browser is opened with url: ''

2019-05-28 19:40:13 - [TEST_STEP][PASSED] - maximizeWindow(): Current window maximized

2019-05-28 19:40:14 - [MESSAGE][PASSED] - Current window maximized

2019-05-28 19:40:14 - [TEST_STEP][PASSED] - navigateToUrl("https://www.genuinegmparts.com/"): Navigate to 'https://www.genuinegmparts.com/' successfully

2019-05-28 19:40:17 - [MESSAGE][PASSED] - Navigate to 'https://www.genuinegmparts.com/' successfully

2019-05-28 19:40:17 - [TEST_STEP][PASSED] - click(findTestObject("Object Repository/SiteMap/Powertrain/Engines/a_Sitemap")): Object: 'Object Repository/SiteMap/Powertrain/Engines/a_Sitemap' is clicked on

2019-05-28 19:40:17 - [MESSAGE][PASSED] - Object: 'Object Repository/SiteMap/Powertrain/Engines/a_Sitemap' is clicked on

2019-05-28 19:40:17 - [TEST_STEP][PASSED] - click(findTestObject("Object Repository/SiteMap/Powertrain/Engines/span_Engines")): Object: 'Object Repository/SiteMap/Powertrain/Engines/span_Engines' is clicked on

2019-05-28 19:40:18 - [MESSAGE][PASSED] - Object: 'Object Repository/SiteMap/Powertrain/Engines/span_Engines' is clicked on

2019-05-28 19:40:18 - [TEST_STEP][PASSED] - delay(5): Delayed 5 second(s)

2019-05-28 19:40:23 - [MESSAGE][PASSED] - Delayed 5 second(s)

2019-05-28 19:40:23 - [TEST_STEP][PASSED] - click(findTestObject("Object Repository/SiteMap/Powertrain/Engines/button_GO TO ECATALOG")): Object: 'Object Repository/SiteMap/Powertrain/Engines/button_GO TO ECATALOG' is clicked on

2019-05-28 19:40:23 - [MESSAGE][PASSED] - Object: 'Object Repository/SiteMap/Powertrain/Engines/button_GO TO ECATALOG' is clicked on

2019-05-28 19:40:23 - [TEST_STEP][PASSED] - closeBrowser(): Browser is closed

2019-05-28 19:40:24 - [MESSAGE][PASSED] - Browser is closed]]></system-out>
         <system-err><![CDATA[]]></system-err>
      </testcase>
      <testcase name="Test Cases/GGMP/Sitemap/Powertrain/Powetrain Parts" classname="Test Cases/GGMP/Sitemap/Powertrain/Powetrain Parts" status="PASSED">
         <system-out><![CDATA[2019-05-28 19:40:24 - [TEST_CASE][PASSED] - Test Cases/GGMP/Sitemap/Powertrain/Powetrain Parts: Test Cases/GGMP/Sitemap/Powertrain/Powetrain Parts

2019-05-28 19:40:25 - [TEST_STEP][PASSED] - openBrowser(""): Browser is opened with url: ''

2019-05-28 19:40:25 - [MESSAGE][INFO] - Starting 'Chrome' driver

2019-05-28 19:40:30 - [MESSAGE][PASSED] - Browser is opened with url: ''

2019-05-28 19:40:30 - [TEST_STEP][PASSED] - maximizeWindow(): Current window maximized

2019-05-28 19:40:31 - [MESSAGE][PASSED] - Current window maximized

2019-05-28 19:40:31 - [TEST_STEP][PASSED] - navigateToUrl("https://www.genuinegmparts.com/"): Navigate to 'https://www.genuinegmparts.com/' successfully

2019-05-28 19:40:36 - [MESSAGE][PASSED] - Navigate to 'https://www.genuinegmparts.com/' successfully

2019-05-28 19:40:36 - [TEST_STEP][PASSED] - click(findTestObject("Object Repository/SiteMap/Powertrain/Powertrain Parts/a_Sitemap")): Object: 'Object Repository/SiteMap/Powertrain/Powertrain Parts/a_Sitemap' is clicked on

2019-05-28 19:40:36 - [MESSAGE][PASSED] - Object: 'Object Repository/SiteMap/Powertrain/Powertrain Parts/a_Sitemap' is clicked on

2019-05-28 19:40:36 - [TEST_STEP][PASSED] - click(findTestObject("Object Repository/SiteMap/Powertrain/Powertrain Parts/span_Powertrain Parts")): Object: 'Object Repository/SiteMap/Powertrain/Powertrain Parts/span_Powertrain Parts' is clicked on

2019-05-28 19:40:37 - [MESSAGE][PASSED] - Object: 'Object Repository/SiteMap/Powertrain/Powertrain Parts/span_Powertrain Parts' is clicked on

2019-05-28 19:40:37 - [TEST_STEP][PASSED] - click(findTestObject("Object Repository/SiteMap/Powertrain/Powertrain Parts/span_Engines")): Object: 'Object Repository/SiteMap/Powertrain/Powertrain Parts/span_Engines' is clicked on

2019-05-28 19:40:39 - [MESSAGE][PASSED] - Object: 'Object Repository/SiteMap/Powertrain/Powertrain Parts/span_Engines' is clicked on

2019-05-28 19:40:39 - [TEST_STEP][PASSED] - closeBrowser(): Browser is closed

2019-05-28 19:40:40 - [MESSAGE][PASSED] - Browser is closed]]></system-out>
         <system-err><![CDATA[]]></system-err>
      </testcase>
      <testcase name="Test Cases/GGMP/Sitemap/Powertrain/Transmission Components" classname="Test Cases/GGMP/Sitemap/Powertrain/Transmission Components" status="PASSED">
         <system-out><![CDATA[2019-05-28 19:40:40 - [TEST_CASE][PASSED] - Test Cases/GGMP/Sitemap/Powertrain/Transmission Components: Test Cases/GGMP/Sitemap/Powertrain/Transmission Components

2019-05-28 19:40:40 - [TEST_STEP][PASSED] - openBrowser(""): Browser is opened with url: ''

2019-05-28 19:40:40 - [MESSAGE][INFO] - Starting 'Chrome' driver

2019-05-28 19:40:46 - [MESSAGE][PASSED] - Browser is opened with url: ''

2019-05-28 19:40:46 - [TEST_STEP][PASSED] - maximizeWindow(): Current window maximized

2019-05-28 19:40:47 - [MESSAGE][PASSED] - Current window maximized

2019-05-28 19:40:47 - [TEST_STEP][PASSED] - navigateToUrl("https://www.genuinegmparts.com/"): Navigate to 'https://www.genuinegmparts.com/' successfully

2019-05-28 19:40:51 - [MESSAGE][PASSED] - Navigate to 'https://www.genuinegmparts.com/' successfully

2019-05-28 19:40:51 - [TEST_STEP][PASSED] - click(findTestObject("Object Repository/SiteMap/Powertrain/Transmission Componets/a_Sitemap")): Object: 'Object Repository/SiteMap/Powertrain/Transmission Componets/a_Sitemap' is clicked on

2019-05-28 19:40:51 - [MESSAGE][PASSED] - Object: 'Object Repository/SiteMap/Powertrain/Transmission Componets/a_Sitemap' is clicked on

2019-05-28 19:40:51 - [TEST_STEP][PASSED] - click(findTestObject("Object Repository/SiteMap/Powertrain/Transmission Componets/span_Transmission Components")): Object: 'Object Repository/SiteMap/Powertrain/Transmission Componets/span_Transmission Components' is clicked on

2019-05-28 19:40:52 - [MESSAGE][PASSED] - Object: 'Object Repository/SiteMap/Powertrain/Transmission Componets/span_Transmission Components' is clicked on

2019-05-28 19:40:52 - [TEST_STEP][PASSED] - click(findTestObject("Object Repository/SiteMap/Powertrain/Transmission Componets/span_GASKET SET")): Object: 'Object Repository/SiteMap/Powertrain/Transmission Componets/span_GASKET SET' is clicked on

2019-05-28 19:40:54 - [MESSAGE][PASSED] - Object: 'Object Repository/SiteMap/Powertrain/Transmission Componets/span_GASKET SET' is clicked on

2019-05-28 19:40:54 - [TEST_STEP][PASSED] - closeBrowser(): Browser is closed

2019-05-28 19:40:55 - [MESSAGE][PASSED] - Browser is closed]]></system-out>
         <system-err><![CDATA[]]></system-err>
      </testcase>
      <testcase name="Test Cases/GGMP/Sitemap/Powertrain/Transmission Tranfer Cases" classname="Test Cases/GGMP/Sitemap/Powertrain/Transmission Tranfer Cases" status="PASSED">
         <system-out><![CDATA[2019-05-28 19:40:55 - [TEST_CASE][PASSED] - Test Cases/GGMP/Sitemap/Powertrain/Transmission Tranfer Cases: Test Cases/GGMP/Sitemap/Powertrain/Transmission Tranfer Cases

2019-05-28 19:40:56 - [TEST_STEP][PASSED] - openBrowser(""): Browser is opened with url: ''

2019-05-28 19:40:56 - [MESSAGE][INFO] - Starting 'Chrome' driver

2019-05-28 19:41:02 - [MESSAGE][PASSED] - Browser is opened with url: ''

2019-05-28 19:41:02 - [TEST_STEP][PASSED] - maximizeWindow(): Current window maximized

2019-05-28 19:41:03 - [MESSAGE][PASSED] - Current window maximized

2019-05-28 19:41:03 - [TEST_STEP][PASSED] - navigateToUrl("https://www.genuinegmparts.com/"): Navigate to 'https://www.genuinegmparts.com/' successfully

2019-05-28 19:41:07 - [MESSAGE][PASSED] - Navigate to 'https://www.genuinegmparts.com/' successfully

2019-05-28 19:41:07 - [TEST_STEP][PASSED] - click(findTestObject("Object Repository/SiteMap/Powertrain/Transmission Transfer Cases/a_Sitemap")): Object: 'Object Repository/SiteMap/Powertrain/Transmission Transfer Cases/a_Sitemap' is clicked on

2019-05-28 19:41:07 - [MESSAGE][PASSED] - Object: 'Object Repository/SiteMap/Powertrain/Transmission Transfer Cases/a_Sitemap' is clicked on

2019-05-28 19:41:07 - [TEST_STEP][PASSED] - click(findTestObject("Object Repository/SiteMap/Powertrain/Transmission Transfer Cases/span_Transmissions  Transfer Cases")): Object: 'Object Repository/SiteMap/Powertrain/Transmission Transfer Cases/span_Transmissions  Transfer Cases' is clicked on

2019-05-28 19:41:09 - [MESSAGE][PASSED] - Object: 'Object Repository/SiteMap/Powertrain/Transmission Transfer Cases/span_Transmissions  Transfer Cases' is clicked on

2019-05-28 19:41:09 - [TEST_STEP][PASSED] - delay(5): Delayed 5 second(s)

2019-05-28 19:41:14 - [MESSAGE][PASSED] - Delayed 5 second(s)

2019-05-28 19:41:14 - [TEST_STEP][PASSED] - click(findTestObject("Object Repository/SiteMap/Powertrain/Transmission Transfer Cases/button_GO TO ECATALOG")): Object: 'Object Repository/SiteMap/Powertrain/Transmission Transfer Cases/button_GO TO ECATALOG' is clicked on

2019-05-28 19:41:14 - [MESSAGE][PASSED] - Object: 'Object Repository/SiteMap/Powertrain/Transmission Transfer Cases/button_GO TO ECATALOG' is clicked on

2019-05-28 19:41:14 - [TEST_STEP][PASSED] - closeBrowser(): Browser is closed

2019-05-28 19:41:15 - [MESSAGE][PASSED] - Browser is closed]]></system-out>
         <system-err><![CDATA[]]></system-err>
      </testcase>
      <testcase name="Test Cases/GGMP/Sitemap/Programs and Promotions/Rabtes and Promos" classname="Test Cases/GGMP/Sitemap/Programs and Promotions/Rabtes and Promos" status="PASSED">
         <system-out><![CDATA[2019-05-28 19:41:15 - [TEST_CASE][PASSED] - Test Cases/GGMP/Sitemap/Programs and Promotions/Rabtes and Promos: Test Cases/GGMP/Sitemap/Programs and Promotions/Rabtes and Promos

2019-05-28 19:41:16 - [TEST_STEP][PASSED] - openBrowser(""): Browser is opened with url: ''

2019-05-28 19:41:16 - [MESSAGE][INFO] - Starting 'Chrome' driver

2019-05-28 19:41:21 - [MESSAGE][PASSED] - Browser is opened with url: ''

2019-05-28 19:41:21 - [TEST_STEP][PASSED] - maximizeWindow(): Current window maximized

2019-05-28 19:41:22 - [MESSAGE][PASSED] - Current window maximized

2019-05-28 19:41:22 - [TEST_STEP][PASSED] - navigateToUrl("https://www.genuinegmparts.com/"): Navigate to 'https://www.genuinegmparts.com/' successfully

2019-05-28 19:41:26 - [MESSAGE][PASSED] - Navigate to 'https://www.genuinegmparts.com/' successfully

2019-05-28 19:41:26 - [TEST_STEP][PASSED] - click(findTestObject("Object Repository/SiteMap/Programs and Promotions/Rebates and Promos/a_Sitemap")): Object: 'Object Repository/SiteMap/Programs and Promotions/Rebates and Promos/a_Sitemap' is clicked on

2019-05-28 19:41:26 - [MESSAGE][PASSED] - Object: 'Object Repository/SiteMap/Programs and Promotions/Rebates and Promos/a_Sitemap' is clicked on

2019-05-28 19:41:26 - [TEST_STEP][PASSED] - click(findTestObject("Object Repository/SiteMap/Programs and Promotions/Rebates and Promos/span_Rebates  Promos")): Object: 'Object Repository/SiteMap/Programs and Promotions/Rebates and Promos/span_Rebates  Promos' is clicked on

2019-05-28 19:41:27 - [MESSAGE][PASSED] - Object: 'Object Repository/SiteMap/Programs and Promotions/Rebates and Promos/span_Rebates  Promos' is clicked on

2019-05-28 19:41:27 - [TEST_STEP][PASSED] - delay(5): Delayed 5 second(s)

2019-05-28 19:41:32 - [MESSAGE][PASSED] - Delayed 5 second(s)

2019-05-28 19:41:32 - [TEST_STEP][PASSED] - verifyElementText(findTestObject("SiteMap/Programs and Promotions/Rebates and Promos/h1_Get the Genuine GM Parts you need"), "Get the Genuine GM Parts you need"): Actual text and expected text of test object 'Object Repository/SiteMap/Programs and Promotions/Rebates and Promos/h1_Get the Genuine GM Parts you need' are matched.

2019-05-28 19:41:32 - [MESSAGE][PASSED] - Actual text and expected text of test object 'Object Repository/SiteMap/Programs and Promotions/Rebates and Promos/h1_Get the Genuine GM Parts you need' are matched.

2019-05-28 19:41:32 - [TEST_STEP][PASSED] - closeBrowser(): Browser is closed

2019-05-28 19:41:33 - [MESSAGE][PASSED] - Browser is closed]]></system-out>
         <system-err><![CDATA[]]></system-err>
      </testcase>
      <testcase name="Test Cases/GGMP/Sitemap/Resources/Product Registration" classname="Test Cases/GGMP/Sitemap/Resources/Product Registration" status="PASSED">
         <system-out><![CDATA[2019-05-28 19:41:33 - [TEST_CASE][PASSED] - Test Cases/GGMP/Sitemap/Resources/Product Registration: Test Cases/GGMP/Sitemap/Resources/Product Registration

2019-05-28 19:41:33 - [TEST_STEP][PASSED] - openBrowser(""): Browser is opened with url: ''

2019-05-28 19:41:33 - [MESSAGE][INFO] - Starting 'Chrome' driver

2019-05-28 19:41:39 - [MESSAGE][PASSED] - Browser is opened with url: ''

2019-05-28 19:41:39 - [TEST_STEP][PASSED] - maximizeWindow(): Current window maximized

2019-05-28 19:41:40 - [MESSAGE][PASSED] - Current window maximized

2019-05-28 19:41:40 - [TEST_STEP][PASSED] - navigateToUrl("https://www.genuinegmparts.com/"): Navigate to 'https://www.genuinegmparts.com/' successfully

2019-05-28 19:41:44 - [MESSAGE][PASSED] - Navigate to 'https://www.genuinegmparts.com/' successfully

2019-05-28 19:41:44 - [TEST_STEP][PASSED] - click(findTestObject("Object Repository/SiteMap/Resources/Product Registration/a_Sitemap")): Object: 'Object Repository/SiteMap/Resources/Product Registration/a_Sitemap' is clicked on

2019-05-28 19:41:44 - [MESSAGE][PASSED] - Object: 'Object Repository/SiteMap/Resources/Product Registration/a_Sitemap' is clicked on

2019-05-28 19:41:44 - [TEST_STEP][PASSED] - click(findTestObject("Object Repository/SiteMap/Resources/Product Registration/span_Product Registration")): Object: 'Object Repository/SiteMap/Resources/Product Registration/span_Product Registration' is clicked on

2019-05-28 19:41:46 - [MESSAGE][PASSED] - Object: 'Object Repository/SiteMap/Resources/Product Registration/span_Product Registration' is clicked on

2019-05-28 19:41:46 - [TEST_STEP][PASSED] - delay(3): Delayed 3 second(s)

2019-05-28 19:41:49 - [MESSAGE][PASSED] - Delayed 3 second(s)

2019-05-28 19:41:49 - [TEST_STEP][PASSED] - verifyElementText(findTestObject("SiteMap/Resources/Product Registration/h1_Product Registration"), "Product Registration"): Actual text and expected text of test object 'Object Repository/SiteMap/Resources/Product Registration/h1_Product Registration' are matched.

2019-05-28 19:41:49 - [MESSAGE][PASSED] - Actual text and expected text of test object 'Object Repository/SiteMap/Resources/Product Registration/h1_Product Registration' are matched.

2019-05-28 19:41:49 - [TEST_STEP][PASSED] - closeBrowser(): Browser is closed

2019-05-28 19:41:50 - [MESSAGE][PASSED] - Browser is closed]]></system-out>
         <system-err><![CDATA[]]></system-err>
      </testcase>
      <testcase name="Test Cases/GGMP/Sitemap/Resources/Related Links" classname="Test Cases/GGMP/Sitemap/Resources/Related Links" status="PASSED">
         <system-out><![CDATA[2019-05-28 19:41:50 - [TEST_CASE][PASSED] - Test Cases/GGMP/Sitemap/Resources/Related Links: Test Cases/GGMP/Sitemap/Resources/Related Links

2019-05-28 19:41:50 - [TEST_STEP][PASSED] - openBrowser(""): Browser is opened with url: ''

2019-05-28 19:41:50 - [MESSAGE][INFO] - Starting 'Chrome' driver

2019-05-28 19:41:55 - [MESSAGE][PASSED] - Browser is opened with url: ''

2019-05-28 19:41:55 - [TEST_STEP][PASSED] - maximizeWindow(): Current window maximized

2019-05-28 19:41:57 - [MESSAGE][PASSED] - Current window maximized

2019-05-28 19:41:57 - [TEST_STEP][PASSED] - navigateToUrl("https://www.genuinegmparts.com/"): Navigate to 'https://www.genuinegmparts.com/' successfully

2019-05-28 19:42:00 - [MESSAGE][PASSED] - Navigate to 'https://www.genuinegmparts.com/' successfully

2019-05-28 19:42:00 - [TEST_STEP][PASSED] - click(findTestObject("Object Repository/SiteMap/Resources/Related Links/a_Sitemap")): Object: 'Object Repository/SiteMap/Resources/Related Links/a_Sitemap' is clicked on

2019-05-28 19:42:00 - [MESSAGE][PASSED] - Object: 'Object Repository/SiteMap/Resources/Related Links/a_Sitemap' is clicked on

2019-05-28 19:42:00 - [TEST_STEP][PASSED] - click(findTestObject("Object Repository/SiteMap/Resources/Related Links/span_Related Links")): Object: 'Object Repository/SiteMap/Resources/Related Links/span_Related Links' is clicked on

2019-05-28 19:42:01 - [MESSAGE][PASSED] - Object: 'Object Repository/SiteMap/Resources/Related Links/span_Related Links' is clicked on

2019-05-28 19:42:01 - [TEST_STEP][PASSED] - delay(3): Delayed 3 second(s)

2019-05-28 19:42:04 - [MESSAGE][PASSED] - Delayed 3 second(s)

2019-05-28 19:42:04 - [TEST_STEP][PASSED] - verifyElementText(findTestObject("SiteMap/Resources/Related Links/h1_Related links"), "Related links"): Actual text and expected text of test object 'Object Repository/SiteMap/Resources/Related Links/h1_Related links' are matched.

2019-05-28 19:42:05 - [MESSAGE][PASSED] - Actual text and expected text of test object 'Object Repository/SiteMap/Resources/Related Links/h1_Related links' are matched.

2019-05-28 19:42:05 - [TEST_STEP][PASSED] - closeBrowser(): Browser is closed

2019-05-28 19:42:05 - [MESSAGE][PASSED] - Browser is closed]]></system-out>
         <system-err><![CDATA[]]></system-err>
      </testcase>
      <testcase name="Test Cases/GGMP/Sitemap/Resources/VIN Information" classname="Test Cases/GGMP/Sitemap/Resources/VIN Information" status="PASSED">
         <system-out><![CDATA[2019-05-28 19:42:05 - [TEST_CASE][PASSED] - Test Cases/GGMP/Sitemap/Resources/VIN Information: Test Cases/GGMP/Sitemap/Resources/VIN Information

2019-05-28 19:42:06 - [TEST_STEP][PASSED] - openBrowser(""): Browser is opened with url: ''

2019-05-28 19:42:06 - [MESSAGE][INFO] - Starting 'Chrome' driver

2019-05-28 19:42:11 - [MESSAGE][PASSED] - Browser is opened with url: ''

2019-05-28 19:42:11 - [TEST_STEP][PASSED] - maximizeWindow(): Current window maximized

2019-05-28 19:42:12 - [MESSAGE][PASSED] - Current window maximized

2019-05-28 19:42:12 - [TEST_STEP][PASSED] - navigateToUrl("https://www.genuinegmparts.com/"): Navigate to 'https://www.genuinegmparts.com/' successfully

2019-05-28 19:42:16 - [MESSAGE][PASSED] - Navigate to 'https://www.genuinegmparts.com/' successfully

2019-05-28 19:42:16 - [TEST_STEP][PASSED] - click(findTestObject("Object Repository/SiteMap/Resources/VIN Information/a_Sitemap")): Object: 'Object Repository/SiteMap/Resources/VIN Information/a_Sitemap' is clicked on

2019-05-28 19:42:16 - [MESSAGE][PASSED] - Object: 'Object Repository/SiteMap/Resources/VIN Information/a_Sitemap' is clicked on

2019-05-28 19:42:16 - [TEST_STEP][PASSED] - click(findTestObject("Object Repository/SiteMap/Resources/VIN Information/span_VIN Information")): Object: 'Object Repository/SiteMap/Resources/VIN Information/span_VIN Information' is clicked on

2019-05-28 19:42:18 - [MESSAGE][PASSED] - Object: 'Object Repository/SiteMap/Resources/VIN Information/span_VIN Information' is clicked on

2019-05-28 19:42:18 - [TEST_STEP][PASSED] - delay(5): Delayed 5 second(s)

2019-05-28 19:42:23 - [MESSAGE][PASSED] - Delayed 5 second(s)

2019-05-28 19:42:23 - [TEST_STEP][PASSED] - verifyElementText(findTestObject("SiteMap/Resources/VIN Information/h1_Vehicle Identification Number (VIN) information"), "Vehicle Identification Number (VIN) information"): Actual text and expected text of test object 'Object Repository/SiteMap/Resources/VIN Information/h1_Vehicle Identification Number (VIN) information' are matched.

2019-05-28 19:42:23 - [MESSAGE][PASSED] - Actual text and expected text of test object 'Object Repository/SiteMap/Resources/VIN Information/h1_Vehicle Identification Number (VIN) information' are matched.

2019-05-28 19:42:23 - [TEST_STEP][PASSED] - closeBrowser(): Browser is closed

2019-05-28 19:42:24 - [MESSAGE][PASSED] - Browser is closed]]></system-out>
         <system-err><![CDATA[]]></system-err>
      </testcase>
      <testcase name="Test Cases/GGMP/Sitemap/Resources/Warranty Info" classname="Test Cases/GGMP/Sitemap/Resources/Warranty Info" status="PASSED">
         <system-out><![CDATA[2019-05-28 19:42:24 - [TEST_CASE][PASSED] - Test Cases/GGMP/Sitemap/Resources/Warranty Info: Test Cases/GGMP/Sitemap/Resources/Warranty Info

2019-05-28 19:42:24 - [TEST_STEP][PASSED] - openBrowser(""): Browser is opened with url: ''

2019-05-28 19:42:24 - [MESSAGE][INFO] - Starting 'Chrome' driver

2019-05-28 19:42:30 - [MESSAGE][PASSED] - Browser is opened with url: ''

2019-05-28 19:42:30 - [TEST_STEP][PASSED] - maximizeWindow(): Current window maximized

2019-05-28 19:42:31 - [MESSAGE][PASSED] - Current window maximized

2019-05-28 19:42:31 - [TEST_STEP][PASSED] - navigateToUrl("https://www.genuinegmparts.com/"): Navigate to 'https://www.genuinegmparts.com/' successfully

2019-05-28 19:42:34 - [MESSAGE][PASSED] - Navigate to 'https://www.genuinegmparts.com/' successfully

2019-05-28 19:42:34 - [TEST_STEP][PASSED] - click(findTestObject("Object Repository/SiteMap/Resources/Warranty Info/a_Sitemap")): Object: 'Object Repository/SiteMap/Resources/Warranty Info/a_Sitemap' is clicked on

2019-05-28 19:42:34 - [MESSAGE][PASSED] - Object: 'Object Repository/SiteMap/Resources/Warranty Info/a_Sitemap' is clicked on

2019-05-28 19:42:34 - [TEST_STEP][PASSED] - click(findTestObject("Object Repository/SiteMap/Resources/Warranty Info/span_Warranty Info")): Object: 'Object Repository/SiteMap/Resources/Warranty Info/span_Warranty Info' is clicked on

2019-05-28 19:42:36 - [MESSAGE][PASSED] - Object: 'Object Repository/SiteMap/Resources/Warranty Info/span_Warranty Info' is clicked on

2019-05-28 19:42:36 - [TEST_STEP][PASSED] - delay(3): Delayed 3 second(s)

2019-05-28 19:42:39 - [MESSAGE][PASSED] - Delayed 3 second(s)

2019-05-28 19:42:39 - [TEST_STEP][PASSED] - verifyElementText(findTestObject("SiteMap/Resources/Warranty Info/h1_Warranty information"), "Warranty information"): Actual text and expected text of test object 'Object Repository/SiteMap/Resources/Warranty Info/h1_Warranty information' are matched.

2019-05-28 19:42:39 - [MESSAGE][PASSED] - Actual text and expected text of test object 'Object Repository/SiteMap/Resources/Warranty Info/h1_Warranty information' are matched.

2019-05-28 19:42:39 - [TEST_STEP][PASSED] - closeBrowser(): Browser is closed

2019-05-28 19:42:40 - [MESSAGE][PASSED] - Browser is closed]]></system-out>
         <system-err><![CDATA[]]></system-err>
      </testcase>
      <system-out><![CDATA[2019-05-28 19:38:10 - [TEST_SUITE][PASSED] - Sitemap: Test Cases/GGMP/Sitemap/Resources/Warranty Info]]></system-out>
      <system-err><![CDATA[]]></system-err>
   </testsuite>
</testsuites>
