<?xml version="1.0" encoding="UTF-8"?>
<testsuites name="Sivenav" time="197" tests="12" failures="0" errors="0">
   <testsuite name="Sivenav" tests="12" failures="0" errors="0" time="197" timestamp="2019-05-22 17:59:56" hostname="adrian.dobre - BCHOPT-NW100219.emea.corp.ipgnetwork.com" id="Test Suites/Sivenav">
      <properties>
         <property name="deviceName" value=""/>
         <property name="devicePlatform" value=""/>
         <property name="logFolder" value="C:\\Users\\adrian.dobre\\Katalon Studio\\Genuine GM Parts\\Reports\\Sivenav\\20190522_175952"/>
         <property name="logFiles" value="C:\\Users\\adrian.dobre\\Katalon Studio\\Genuine GM Parts\\Reports\\Sivenav\\20190522_175952\\execution0.log"/>
         <property name="attachments" value=""/>
         <property name="hostName" value="adrian.dobre - BCHOPT-NW100219.emea.corp.ipgnetwork.com"/>
         <property name="os" value="Windows 10 64bit"/>
         <property name="katalonVersion" value="6.1.4.1"/>
         <property name="browser" value="Firefox 66.0"/>
         <property name="hostAddress" value="10.69.196.168"/>
         <property name="sessionId" value="794cd029-c266-4cb4-82d5-a6268356f2e0"/>
         <property name="seleniumVersion" value="3.7.1"/>
         <property name="proxyInformation" value="ProxyInformation{proxyOption=NO_PROXY, proxyServerType=HTTP, password=, proxyServerAddress=, proxyServerPort=0}"/>
         <property name="platform" value="Windows 10"/>
      </properties>
      <testcase name="Test Cases/GGMP/SiveNav/Collision/Bumper" classname="Test Cases/GGMP/SiveNav/Collision/Bumper" status="PASSED">
         <system-out><![CDATA[2019-05-22 17:59:57 - [TEST_CASE][PASSED] - Test Cases/GGMP/SiveNav/Collision/Bumper: Test Cases/GGMP/SiveNav/Collision/Bumper

2019-05-22 17:59:57 - [TEST_STEP][PASSED] - openBrowser(""): Browser is opened with url: ''

2019-05-22 17:59:57 - [MESSAGE][INFO] - Starting 'Firefox' driver

2019-05-22 17:59:58 - [MESSAGE][INFO] - Action delay is set to 0 seconds

2019-05-22 18:00:09 - [MESSAGE][PASSED] - Browser is opened with url: ''

2019-05-22 18:00:09 - [TEST_STEP][PASSED] - navigateToUrl("https://www.genuinegmparts.com/"): Navigate to 'https://www.genuinegmparts.com/' successfully

2019-05-22 18:00:11 - [MESSAGE][PASSED] - Navigate to 'https://www.genuinegmparts.com/' successfully

2019-05-22 18:00:11 - [TEST_STEP][PASSED] - click(findTestObject("Object Repository/New Folder/a_Bumpers Fascias  Grilles")): Object: 'Object Repository/New Folder/a_Bumpers Fascias  Grilles' is clicked on

2019-05-22 18:00:15 - [MESSAGE][PASSED] - Object: 'Object Repository/New Folder/a_Bumpers Fascias  Grilles' is clicked on

2019-05-22 18:00:15 - [TEST_STEP][PASSED] - closeBrowser(): Browser is closed

2019-05-22 18:00:16 - [MESSAGE][PASSED] - Browser is closed]]></system-out>
         <system-err><![CDATA[]]></system-err>
      </testcase>
      <testcase name="Test Cases/GGMP/SiveNav/Collision/Headlamps" classname="Test Cases/GGMP/SiveNav/Collision/Headlamps" status="PASSED">
         <system-out><![CDATA[2019-05-22 18:00:16 - [TEST_CASE][PASSED] - Test Cases/GGMP/SiveNav/Collision/Headlamps: Test Cases/GGMP/SiveNav/Collision/Headlamps

2019-05-22 18:00:17 - [TEST_STEP][PASSED] - openBrowser(""): Browser is opened with url: ''

2019-05-22 18:00:17 - [MESSAGE][INFO] - Starting 'Firefox' driver

2019-05-22 18:00:25 - [MESSAGE][PASSED] - Browser is opened with url: ''

2019-05-22 18:00:25 - [TEST_STEP][PASSED] - navigateToUrl("https://www.genuinegmparts.com/"): Navigate to 'https://www.genuinegmparts.com/' successfully

2019-05-22 18:00:29 - [MESSAGE][PASSED] - Navigate to 'https://www.genuinegmparts.com/' successfully

2019-05-22 18:00:29 - [TEST_STEP][PASSED] - click(findTestObject("Object Repository/a_Headlamps  Taillamps")): Object: 'Object Repository/a_Headlamps  Taillamps' is clicked on

2019-05-22 18:00:31 - [MESSAGE][PASSED] - Object: 'Object Repository/a_Headlamps  Taillamps' is clicked on

2019-05-22 18:00:31 - [TEST_STEP][PASSED] - closeBrowser(): Browser is closed

2019-05-22 18:00:32 - [MESSAGE][PASSED] - Browser is closed]]></system-out>
         <system-err><![CDATA[]]></system-err>
      </testcase>
      <testcase name="Test Cases/GGMP/SiveNav/Collision/Interior Parts" classname="Test Cases/GGMP/SiveNav/Collision/Interior Parts" status="PASSED">
         <system-out><![CDATA[2019-05-22 18:00:32 - [TEST_CASE][PASSED] - Test Cases/GGMP/SiveNav/Collision/Interior Parts: Test Cases/GGMP/SiveNav/Collision/Interior Parts

2019-05-22 18:00:33 - [TEST_STEP][PASSED] - openBrowser(""): Browser is opened with url: ''

2019-05-22 18:00:33 - [MESSAGE][INFO] - Starting 'Firefox' driver

2019-05-22 18:00:41 - [MESSAGE][PASSED] - Browser is opened with url: ''

2019-05-22 18:00:41 - [TEST_STEP][PASSED] - navigateToUrl("https://www.genuinegmparts.com/"): Navigate to 'https://www.genuinegmparts.com/' successfully

2019-05-22 18:00:45 - [MESSAGE][PASSED] - Navigate to 'https://www.genuinegmparts.com/' successfully

2019-05-22 18:00:45 - [TEST_STEP][PASSED] - click(findTestObject("Object Repository/a_Interior Parts  Air Bags")): Object: 'Object Repository/a_Interior Parts  Air Bags' is clicked on

2019-05-22 18:00:46 - [MESSAGE][PASSED] - Object: 'Object Repository/a_Interior Parts  Air Bags' is clicked on

2019-05-22 18:00:46 - [TEST_STEP][PASSED] - closeBrowser(): Browser is closed

2019-05-22 18:00:47 - [MESSAGE][PASSED] - Browser is closed]]></system-out>
         <system-err><![CDATA[]]></system-err>
      </testcase>
      <testcase name="Test Cases/GGMP/SiveNav/Collision/Radiators" classname="Test Cases/GGMP/SiveNav/Collision/Radiators" status="PASSED">
         <system-out><![CDATA[2019-05-22 18:00:47 - [TEST_CASE][PASSED] - Test Cases/GGMP/SiveNav/Collision/Radiators: Test Cases/GGMP/SiveNav/Collision/Radiators

2019-05-22 18:00:47 - [TEST_STEP][PASSED] - openBrowser(""): Browser is opened with url: ''

2019-05-22 18:00:47 - [MESSAGE][INFO] - Starting 'Firefox' driver

2019-05-22 18:00:58 - [MESSAGE][PASSED] - Browser is opened with url: ''

2019-05-22 18:00:58 - [TEST_STEP][PASSED] - navigateToUrl("https://www.genuinegmparts.com/"): Navigate to 'https://www.genuinegmparts.com/' successfully

2019-05-22 18:01:00 - [MESSAGE][PASSED] - Navigate to 'https://www.genuinegmparts.com/' successfully

2019-05-22 18:01:00 - [TEST_STEP][PASSED] - click(findTestObject("Object Repository/a_Radiators")): Object: 'Object Repository/a_Radiators' is clicked on

2019-05-22 18:01:03 - [MESSAGE][PASSED] - Object: 'Object Repository/a_Radiators' is clicked on

2019-05-22 18:01:03 - [TEST_STEP][PASSED] - closeBrowser(): Browser is closed

2019-05-22 18:01:04 - [MESSAGE][PASSED] - Browser is closed]]></system-out>
         <system-err><![CDATA[]]></system-err>
      </testcase>
      <testcase name="Test Cases/GGMP/SiveNav/Collision/SheetMetal" classname="Test Cases/GGMP/SiveNav/Collision/SheetMetal" status="PASSED">
         <system-out><![CDATA[2019-05-22 18:01:04 - [TEST_CASE][PASSED] - Test Cases/GGMP/SiveNav/Collision/SheetMetal: Test Cases/GGMP/SiveNav/Collision/SheetMetal

2019-05-22 18:01:04 - [TEST_STEP][PASSED] - openBrowser(""): Browser is opened with url: ''

2019-05-22 18:01:04 - [MESSAGE][INFO] - Starting 'Firefox' driver

2019-05-22 18:01:13 - [MESSAGE][PASSED] - Browser is opened with url: ''

2019-05-22 18:01:13 - [TEST_STEP][PASSED] - maximizeWindow(): Current window maximized

2019-05-22 18:01:14 - [MESSAGE][PASSED] - Current window maximized

2019-05-22 18:01:14 - [TEST_STEP][PASSED] - navigateToUrl("https://www.genuinegmparts.com/"): Navigate to 'https://www.genuinegmparts.com/' successfully

2019-05-22 18:01:16 - [MESSAGE][PASSED] - Navigate to 'https://www.genuinegmparts.com/' successfully

2019-05-22 18:01:16 - [TEST_STEP][PASSED] - click(findTestObject("Object Repository/a_Sheet Metal")): Object: 'Object Repository/a_Sheet Metal' is clicked on

2019-05-22 18:01:18 - [MESSAGE][PASSED] - Object: 'Object Repository/a_Sheet Metal' is clicked on

2019-05-22 18:01:18 - [TEST_STEP][PASSED] - closeBrowser(): Browser is closed

2019-05-22 18:01:20 - [MESSAGE][PASSED] - Browser is closed]]></system-out>
         <system-err><![CDATA[]]></system-err>
      </testcase>
      <testcase name="Test Cases/GGMP/SiveNav/Collision/Structural Parts" classname="Test Cases/GGMP/SiveNav/Collision/Structural Parts" status="PASSED">
         <system-out><![CDATA[2019-05-22 18:01:20 - [TEST_CASE][PASSED] - Test Cases/GGMP/SiveNav/Collision/Structural Parts: Test Cases/GGMP/SiveNav/Collision/Structural Parts

2019-05-22 18:01:20 - [TEST_STEP][PASSED] - openBrowser(""): Browser is opened with url: ''

2019-05-22 18:01:20 - [MESSAGE][INFO] - Starting 'Firefox' driver

2019-05-22 18:01:29 - [MESSAGE][PASSED] - Browser is opened with url: ''

2019-05-22 18:01:29 - [TEST_STEP][PASSED] - navigateToUrl("https://www.genuinegmparts.com/"): Navigate to 'https://www.genuinegmparts.com/' successfully

2019-05-22 18:01:32 - [MESSAGE][PASSED] - Navigate to 'https://www.genuinegmparts.com/' successfully

2019-05-22 18:01:32 - [TEST_STEP][PASSED] - click(findTestObject("Object Repository/a_Structural Parts")): Object: 'Object Repository/a_Structural Parts' is clicked on

2019-05-22 18:01:34 - [MESSAGE][PASSED] - Object: 'Object Repository/a_Structural Parts' is clicked on

2019-05-22 18:01:34 - [TEST_STEP][PASSED] - waitForPageLoad(0): Wait for page load successfully

2019-05-22 18:01:34 - [MESSAGE][WARNING] - Timeout '0' is invalid. Using default page load timeout: '30'

2019-05-22 18:01:34 - [MESSAGE][PASSED] - Wait for page load successfully

2019-05-22 18:01:34 - [TEST_STEP][PASSED] - closeBrowser(): Browser is closed

2019-05-22 18:01:39 - [MESSAGE][PASSED] - Browser is closed]]></system-out>
         <system-err><![CDATA[]]></system-err>
      </testcase>
      <testcase name="Test Cases/GGMP/SiveNav/Collision/Tuch-Up Paint" classname="Test Cases/GGMP/SiveNav/Collision/Tuch-Up Paint" status="PASSED">
         <system-out><![CDATA[2019-05-22 18:01:39 - [TEST_CASE][PASSED] - Test Cases/GGMP/SiveNav/Collision/Tuch-Up Paint: Test Cases/GGMP/SiveNav/Collision/Tuch-Up Paint

2019-05-22 18:01:39 - [TEST_STEP][PASSED] - openBrowser(""): Browser is opened with url: ''

2019-05-22 18:01:39 - [MESSAGE][INFO] - Starting 'Firefox' driver

2019-05-22 18:01:48 - [MESSAGE][PASSED] - Browser is opened with url: ''

2019-05-22 18:01:48 - [TEST_STEP][PASSED] - navigateToUrl("https://www.genuinegmparts.com/"): Navigate to 'https://www.genuinegmparts.com/' successfully

2019-05-22 18:01:50 - [MESSAGE][PASSED] - Navigate to 'https://www.genuinegmparts.com/' successfully

2019-05-22 18:01:50 - [TEST_STEP][PASSED] - click(findTestObject("Object Repository/a_Touch-Up Paint")): Object: 'Object Repository/a_Touch-Up Paint' is clicked on

2019-05-22 18:01:53 - [MESSAGE][PASSED] - Object: 'Object Repository/a_Touch-Up Paint' is clicked on

2019-05-22 18:01:53 - [TEST_STEP][PASSED] - closeBrowser(): Browser is closed

2019-05-22 18:01:55 - [MESSAGE][PASSED] - Browser is closed]]></system-out>
         <system-err><![CDATA[]]></system-err>
      </testcase>
      <testcase name="Test Cases/GGMP/SiveNav/Collision/Wheels" classname="Test Cases/GGMP/SiveNav/Collision/Wheels" status="PASSED">
         <system-out><![CDATA[2019-05-22 18:01:55 - [TEST_CASE][PASSED] - Test Cases/GGMP/SiveNav/Collision/Wheels: Test Cases/GGMP/SiveNav/Collision/Wheels

2019-05-22 18:01:55 - [TEST_STEP][PASSED] - openBrowser(""): Browser is opened with url: ''

2019-05-22 18:01:55 - [MESSAGE][INFO] - Starting 'Firefox' driver

2019-05-22 18:02:04 - [MESSAGE][PASSED] - Browser is opened with url: ''

2019-05-22 18:02:04 - [TEST_STEP][PASSED] - navigateToUrl("https://www.genuinegmparts.com/"): Navigate to 'https://www.genuinegmparts.com/' successfully

2019-05-22 18:02:06 - [MESSAGE][PASSED] - Navigate to 'https://www.genuinegmparts.com/' successfully

2019-05-22 18:02:06 - [TEST_STEP][PASSED] - click(findTestObject("Object Repository/a_Wheels")): Object: 'Object Repository/a_Wheels' is clicked on

2019-05-22 18:02:09 - [MESSAGE][PASSED] - Object: 'Object Repository/a_Wheels' is clicked on

2019-05-22 18:02:09 - [TEST_STEP][PASSED] - closeBrowser(): Browser is closed

2019-05-22 18:02:11 - [MESSAGE][PASSED] - Browser is closed]]></system-out>
         <system-err><![CDATA[]]></system-err>
      </testcase>
      <testcase name="Test Cases/GGMP/SiveNav/Powertrain/Engine Components" classname="Test Cases/GGMP/SiveNav/Powertrain/Engine Components" status="PASSED">
         <system-out><![CDATA[2019-05-22 18:02:11 - [TEST_CASE][PASSED] - Test Cases/GGMP/SiveNav/Powertrain/Engine Components: Test Cases/GGMP/SiveNav/Powertrain/Engine Components

2019-05-22 18:02:11 - [TEST_STEP][PASSED] - openBrowser(""): Browser is opened with url: ''

2019-05-22 18:02:11 - [MESSAGE][INFO] - Starting 'Firefox' driver

2019-05-22 18:02:20 - [MESSAGE][PASSED] - Browser is opened with url: ''

2019-05-22 18:02:20 - [TEST_STEP][PASSED] - navigateToUrl("https://www.genuinegmparts.com/"): Navigate to 'https://www.genuinegmparts.com/' successfully

2019-05-22 18:02:22 - [MESSAGE][PASSED] - Navigate to 'https://www.genuinegmparts.com/' successfully

2019-05-22 18:02:22 - [TEST_STEP][PASSED] - click(findTestObject("Object Repository/a_Engine Components")): Object: 'Object Repository/a_Engine Components' is clicked on

2019-05-22 18:02:24 - [MESSAGE][PASSED] - Object: 'Object Repository/a_Engine Components' is clicked on

2019-05-22 18:02:24 - [TEST_STEP][PASSED] - closeBrowser(): Browser is closed

2019-05-22 18:02:25 - [MESSAGE][PASSED] - Browser is closed]]></system-out>
         <system-err><![CDATA[]]></system-err>
      </testcase>
      <testcase name="Test Cases/GGMP/SiveNav/Powertrain/Engines" classname="Test Cases/GGMP/SiveNav/Powertrain/Engines" status="PASSED">
         <system-out><![CDATA[2019-05-22 18:02:25 - [TEST_CASE][PASSED] - Test Cases/GGMP/SiveNav/Powertrain/Engines: Test Cases/GGMP/SiveNav/Powertrain/Engines

2019-05-22 18:02:25 - [TEST_STEP][PASSED] - openBrowser(""): Browser is opened with url: ''

2019-05-22 18:02:25 - [MESSAGE][INFO] - Starting 'Firefox' driver

2019-05-22 18:02:34 - [MESSAGE][PASSED] - Browser is opened with url: ''

2019-05-22 18:02:34 - [TEST_STEP][PASSED] - navigateToUrl("https://www.genuinegmparts.com/"): Navigate to 'https://www.genuinegmparts.com/' successfully

2019-05-22 18:02:37 - [MESSAGE][PASSED] - Navigate to 'https://www.genuinegmparts.com/' successfully

2019-05-22 18:02:37 - [TEST_STEP][PASSED] - click(findTestObject("Object Repository/a_Engines")): Object: 'Object Repository/a_Engines' is clicked on

2019-05-22 18:02:41 - [MESSAGE][PASSED] - Object: 'Object Repository/a_Engines' is clicked on

2019-05-22 18:02:41 - [TEST_STEP][PASSED] - closeBrowser(): Browser is closed

2019-05-22 18:02:42 - [MESSAGE][PASSED] - Browser is closed]]></system-out>
         <system-err><![CDATA[]]></system-err>
      </testcase>
      <testcase name="Test Cases/GGMP/SiveNav/Powertrain/Transmission Components" classname="Test Cases/GGMP/SiveNav/Powertrain/Transmission Components" status="PASSED">
         <system-out><![CDATA[2019-05-22 18:02:42 - [TEST_CASE][PASSED] - Test Cases/GGMP/SiveNav/Powertrain/Transmission Components: Test Cases/GGMP/SiveNav/Powertrain/Transmission Components

2019-05-22 18:02:42 - [TEST_STEP][PASSED] - openBrowser(""): Browser is opened with url: ''

2019-05-22 18:02:42 - [MESSAGE][INFO] - Starting 'Firefox' driver

2019-05-22 18:02:51 - [MESSAGE][PASSED] - Browser is opened with url: ''

2019-05-22 18:02:51 - [TEST_STEP][PASSED] - navigateToUrl("https://www.genuinegmparts.com/"): Navigate to 'https://www.genuinegmparts.com/' successfully

2019-05-22 18:02:54 - [MESSAGE][PASSED] - Navigate to 'https://www.genuinegmparts.com/' successfully

2019-05-22 18:02:54 - [TEST_STEP][PASSED] - click(findTestObject("Object Repository/a_Transmission Components")): Object: 'Object Repository/a_Transmission Components' is clicked on

2019-05-22 18:02:57 - [MESSAGE][PASSED] - Object: 'Object Repository/a_Transmission Components' is clicked on

2019-05-22 18:02:57 - [TEST_STEP][PASSED] - closeBrowser(): Browser is closed

2019-05-22 18:02:58 - [MESSAGE][PASSED] - Browser is closed]]></system-out>
         <system-err><![CDATA[]]></system-err>
      </testcase>
      <testcase name="Test Cases/GGMP/SiveNav/Powertrain/Transmission" classname="Test Cases/GGMP/SiveNav/Powertrain/Transmission" status="PASSED">
         <system-out><![CDATA[2019-05-22 18:02:58 - [TEST_CASE][PASSED] - Test Cases/GGMP/SiveNav/Powertrain/Transmission: Test Cases/GGMP/SiveNav/Powertrain/Transmission

2019-05-22 18:02:58 - [TEST_STEP][PASSED] - openBrowser(""): Browser is opened with url: ''

2019-05-22 18:02:58 - [MESSAGE][INFO] - Starting 'Firefox' driver

2019-05-22 18:03:07 - [MESSAGE][PASSED] - Browser is opened with url: ''

2019-05-22 18:03:07 - [TEST_STEP][PASSED] - navigateToUrl("https://www.genuinegmparts.com/"): Navigate to 'https://www.genuinegmparts.com/' successfully

2019-05-22 18:03:10 - [MESSAGE][PASSED] - Navigate to 'https://www.genuinegmparts.com/' successfully

2019-05-22 18:03:10 - [TEST_STEP][PASSED] - click(findTestObject("Object Repository/a_Transmissions  Transfer Cases")): Object: 'Object Repository/a_Transmissions  Transfer Cases' is clicked on

2019-05-22 18:03:12 - [MESSAGE][PASSED] - Object: 'Object Repository/a_Transmissions  Transfer Cases' is clicked on

2019-05-22 18:03:12 - [TEST_STEP][PASSED] - closeBrowser(): Browser is closed

2019-05-22 18:03:13 - [MESSAGE][PASSED] - Browser is closed]]></system-out>
         <system-err><![CDATA[]]></system-err>
      </testcase>
      <system-out><![CDATA[2019-05-22 17:59:56 - [TEST_SUITE][PASSED] - Sivenav: Test Cases/GGMP/SiveNav/Powertrain/Transmission]]></system-out>
      <system-err><![CDATA[]]></system-err>
   </testsuite>
</testsuites>
