<?xml version="1.0" encoding="UTF-8"?>
<testsuites name="Tests" time="1132" tests="68" failures="3" errors="0">
   <testsuite name="Tests" tests="68" failures="3" errors="0" time="1132" timestamp="2019-05-29 19:47:52" hostname="adrian.dobre - BCHOPT-NW100219.emea.corp.ipgnetwork.com" id="Test Suites/GGMP/Tests">
      <properties>
         <property name="deviceName" value=""/>
         <property name="devicePlatform" value=""/>
         <property name="logFolder" value="C:\\Users\\adrian.dobre\\Katalon Studio\\Genuine GM Parts\\Reports\\GGMP\\Tests\\20190529_194748"/>
         <property name="logFiles" value="C:\\Users\\adrian.dobre\\Katalon Studio\\Genuine GM Parts\\Reports\\GGMP\\Tests\\20190529_194748\\execution0.log"/>
         <property name="attachments" value="C:\\Users\\adrian.dobre\\Katalon Studio\\Genuine GM Parts\\Reports\\GGMP\\Tests\\20190529_194748\\1559148503961.png, C:\\Users\\adrian.dobre\\Katalon Studio\\Genuine GM Parts\\Reports\\GGMP\\Tests\\20190529_194748\\1559148643696.png, C:\\Users\\adrian.dobre\\Katalon Studio\\Genuine GM Parts\\Reports\\GGMP\\Tests\\20190529_194748\\1559149586216.png"/>
         <property name="hostName" value="adrian.dobre - BCHOPT-NW100219.emea.corp.ipgnetwork.com"/>
         <property name="os" value="Windows 10 64bit"/>
         <property name="katalonVersion" value="6.1.4.1"/>
         <property name="browser" value="Chrome 74.0.3729.169"/>
         <property name="hostAddress" value="10.69.196.168"/>
         <property name="sessionId" value="fcf8762eaa580120fb6f97b63e4c58fb"/>
         <property name="seleniumVersion" value="3.7.1"/>
         <property name="proxyInformation" value="ProxyInformation{proxyOption=NO_PROXY, proxyServerType=HTTP, password=, proxyServerAddress=, proxyServerPort=0}"/>
         <property name="platform" value="Windows 10"/>
      </properties>
      <testcase name="Test Cases/GGMP/GlobalNav/Collision/Cadillac Repair Network" classname="Test Cases/GGMP/GlobalNav/Collision/Cadillac Repair Network" status="PASSED">
         <system-out><![CDATA[2019-05-29 19:47:52 - [TEST_CASE][PASSED] - Test Cases/GGMP/GlobalNav/Collision/Cadillac Repair Network: Test Cases/GGMP/GlobalNav/Collision/Cadillac Repair Network

2019-05-29 19:47:53 - [TEST_STEP][PASSED] - openBrowser(""): Browser is opened with url: ''

2019-05-29 19:47:54 - [MESSAGE][INFO] - Starting 'Chrome' driver

2019-05-29 19:47:54 - [MESSAGE][INFO] - Action delay is set to 0 seconds

2019-05-29 19:48:01 - [MESSAGE][PASSED] - Browser is opened with url: ''

2019-05-29 19:48:01 - [TEST_STEP][PASSED] - maximizeWindow(): Current window maximized

2019-05-29 19:48:02 - [MESSAGE][PASSED] - Current window maximized

2019-05-29 19:48:02 - [TEST_STEP][PASSED] - navigateToUrl("https://www.genuinegmparts.com/"): Navigate to 'https://www.genuinegmparts.com/' successfully

2019-05-29 19:48:06 - [MESSAGE][PASSED] - Navigate to 'https://www.genuinegmparts.com/' successfully

2019-05-29 19:48:06 - [TEST_STEP][PASSED] - click(findTestObject("Object Repository/Global Nav/Collision/Cadillac Repair Network/li_Collision")): Object: 'Object Repository/Global Nav/Collision/Cadillac Repair Network/li_Collision' is clicked on

2019-05-29 19:48:07 - [MESSAGE][PASSED] - Object: 'Object Repository/Global Nav/Collision/Cadillac Repair Network/li_Collision' is clicked on

2019-05-29 19:48:07 - [TEST_STEP][PASSED] - click(findTestObject("Object Repository/Global Nav/Collision/Cadillac Repair Network/a_Cadillac Aluminum Repair Network")): Object: 'Object Repository/Global Nav/Collision/Cadillac Repair Network/a_Cadillac Aluminum Repair Network' is clicked on

2019-05-29 19:48:10 - [MESSAGE][PASSED] - Object: 'Object Repository/Global Nav/Collision/Cadillac Repair Network/a_Cadillac Aluminum Repair Network' is clicked on

2019-05-29 19:48:10 - [TEST_STEP][PASSED] - delay(2): Delayed 2 second(s)

2019-05-29 19:48:12 - [MESSAGE][PASSED] - Delayed 2 second(s)

2019-05-29 19:48:12 - [TEST_STEP][PASSED] - verifyElementText(findTestObject("Object Repository/Global Nav/Collision/Cadillac Repair Network/h1_Cadillac Aluminum Repair Network"), "Cadillac Aluminum Repair Network"): Actual text and expected text of test object 'Object Repository/Global Nav/Collision/Cadillac Repair Network/h1_Cadillac Aluminum Repair Network' are matched.

2019-05-29 19:48:12 - [MESSAGE][PASSED] - Actual text and expected text of test object 'Object Repository/Global Nav/Collision/Cadillac Repair Network/h1_Cadillac Aluminum Repair Network' are matched.

2019-05-29 19:48:12 - [TEST_STEP][PASSED] - closeBrowser(): Browser is closed

2019-05-29 19:48:13 - [MESSAGE][PASSED] - Browser is closed]]></system-out>
         <system-err><![CDATA[]]></system-err>
      </testcase>
      <testcase name="Test Cases/GGMP/GlobalNav/Collision/Collision Parts" classname="Test Cases/GGMP/GlobalNav/Collision/Collision Parts" status="FAILED">
         <failure type="FAILED" message="Test Cases/GGMP/GlobalNav/Collision/Collision Parts FAILED.
Reason:
com.kms.katalon.core.exception.StepFailedException: Unable to click on object
	at com.kms.katalon.core.webui.keyword.internal.WebUIKeywordMain.stepFailed(WebUIKeywordMain.groovy:64)
	at com.kms.katalon.core.webui.keyword.internal.WebUIKeywordMain.runKeyword(WebUIKeywordMain.groovy:26)
	at com.kms.katalon.core.webui.keyword.builtin.ClickKeyword.click(ClickKeyword.groovy:86)
	at com.kms.katalon.core.webui.keyword.builtin.ClickKeyword.execute(ClickKeyword.groovy:67)
	at com.kms.katalon.core.keyword.internal.KeywordExecutor.executeKeywordForPlatform(KeywordExecutor.groovy:56)
	at com.kms.katalon.core.webui.keyword.WebUiBuiltInKeywords.click(WebUiBuiltInKeywords.groovy:616)
	at com.kms.katalon.core.webui.keyword.WebUiBuiltInKeywords$click$2.call(Unknown Source)
	at Collision Parts.run(Collision Parts:22)
	at com.kms.katalon.core.main.ScriptEngine.run(ScriptEngine.java:194)
	at com.kms.katalon.core.main.ScriptEngine.runScriptAsRawText(ScriptEngine.java:119)
	at com.kms.katalon.core.main.TestCaseExecutor.runScript(TestCaseExecutor.java:336)
	at com.kms.katalon.core.main.TestCaseExecutor.doExecute(TestCaseExecutor.java:327)
	at com.kms.katalon.core.main.TestCaseExecutor.processExecutionPhase(TestCaseExecutor.java:306)
	at com.kms.katalon.core.main.TestCaseExecutor.accessMainPhase(TestCaseExecutor.java:298)
	at com.kms.katalon.core.main.TestCaseExecutor.execute(TestCaseExecutor.java:232)
	at com.kms.katalon.core.main.TestSuiteExecutor.accessTestCaseMainPhase(TestSuiteExecutor.java:129)
	at com.kms.katalon.core.main.TestSuiteExecutor.accessTestSuiteMainPhase(TestSuiteExecutor.java:112)
	at com.kms.katalon.core.main.TestSuiteExecutor.execute(TestSuiteExecutor.java:81)
	at com.kms.katalon.core.main.TestCaseMain.startTestSuite(TestCaseMain.java:157)
	at com.kms.katalon.core.main.TestCaseMain$startTestSuite$0.call(Unknown Source)
	at TempTestSuite1559148468563.run(TempTestSuite1559148468563.groovy:35)
Caused by: java.lang.IllegalArgumentException: Object is null
	at com.kms.katalon.core.helper.KeywordHelper.checkTestObjectParameter(KeywordHelper.java:33)
	at com.kms.katalon.core.webui.keyword.builtin.ClickKeyword$_click_closure1.doCall(ClickKeyword.groovy:75)
	at com.kms.katalon.core.webui.keyword.builtin.ClickKeyword$_click_closure1.call(ClickKeyword.groovy)
	at com.kms.katalon.core.webui.keyword.internal.WebUIKeywordMain.runKeyword(WebUIKeywordMain.groovy:20)
	at com.kms.katalon.core.webui.keyword.builtin.ClickKeyword.click(ClickKeyword.groovy:86)
	at com.kms.katalon.core.webui.keyword.builtin.ClickKeyword.execute(ClickKeyword.groovy:67)
	at com.kms.katalon.core.keyword.internal.KeywordExecutor.executeKeywordForPlatform(KeywordExecutor.groovy:56)
	at com.kms.katalon.core.webui.keyword.WebUiBuiltInKeywords.click(WebUiBuiltInKeywords.groovy:616)
	at com.kms.katalon.core.webui.keyword.WebUiBuiltInKeywords$click$2.call(Unknown Source)
	at Script1558537550753.run(Script1558537550753.groovy:22)
	... 13 more
"/>
         <system-out><![CDATA[2019-05-29 19:48:13 - [TEST_CASE][FAILED] - Test Cases/GGMP/GlobalNav/Collision/Collision Parts: Test Cases/GGMP/GlobalNav/Collision/Collision Parts FAILED.
Reason:
com.kms.katalon.core.exception.StepFailedException: Unable to click on object
	at com.kms.katalon.core.webui.keyword.internal.WebUIKeywordMain.stepFailed(WebUIKeywordMain.groovy:64)
	at com.kms.katalon.core.webui.keyword.internal.WebUIKeywordMain.runKeyword(WebUIKeywordMain.groovy:26)
	at com.kms.katalon.core.webui.keyword.builtin.ClickKeyword.click(ClickKeyword.groovy:86)
	at com.kms.katalon.core.webui.keyword.builtin.ClickKeyword.execute(ClickKeyword.groovy:67)
	at com.kms.katalon.core.keyword.internal.KeywordExecutor.executeKeywordForPlatform(KeywordExecutor.groovy:56)
	at com.kms.katalon.core.webui.keyword.WebUiBuiltInKeywords.click(WebUiBuiltInKeywords.groovy:616)
	at com.kms.katalon.core.webui.keyword.WebUiBuiltInKeywords$click$2.call(Unknown Source)
	at Collision Parts.run(Collision Parts:22)
	at com.kms.katalon.core.main.ScriptEngine.run(ScriptEngine.java:194)
	at com.kms.katalon.core.main.ScriptEngine.runScriptAsRawText(ScriptEngine.java:119)
	at com.kms.katalon.core.main.TestCaseExecutor.runScript(TestCaseExecutor.java:336)
	at com.kms.katalon.core.main.TestCaseExecutor.doExecute(TestCaseExecutor.java:327)
	at com.kms.katalon.core.main.TestCaseExecutor.processExecutionPhase(TestCaseExecutor.java:306)
	at com.kms.katalon.core.main.TestCaseExecutor.accessMainPhase(TestCaseExecutor.java:298)
	at com.kms.katalon.core.main.TestCaseExecutor.execute(TestCaseExecutor.java:232)
	at com.kms.katalon.core.main.TestSuiteExecutor.accessTestCaseMainPhase(TestSuiteExecutor.java:129)
	at com.kms.katalon.core.main.TestSuiteExecutor.accessTestSuiteMainPhase(TestSuiteExecutor.java:112)
	at com.kms.katalon.core.main.TestSuiteExecutor.execute(TestSuiteExecutor.java:81)
	at com.kms.katalon.core.main.TestCaseMain.startTestSuite(TestCaseMain.java:157)
	at com.kms.katalon.core.main.TestCaseMain$startTestSuite$0.call(Unknown Source)
	at TempTestSuite1559148468563.run(TempTestSuite1559148468563.groovy:35)
Caused by: java.lang.IllegalArgumentException: Object is null
	at com.kms.katalon.core.helper.KeywordHelper.checkTestObjectParameter(KeywordHelper.java:33)
	at com.kms.katalon.core.webui.keyword.builtin.ClickKeyword$_click_closure1.doCall(ClickKeyword.groovy:75)
	at com.kms.katalon.core.webui.keyword.builtin.ClickKeyword$_click_closure1.call(ClickKeyword.groovy)
	at com.kms.katalon.core.webui.keyword.internal.WebUIKeywordMain.runKeyword(WebUIKeywordMain.groovy:20)
	at com.kms.katalon.core.webui.keyword.builtin.ClickKeyword.click(ClickKeyword.groovy:86)
	at com.kms.katalon.core.webui.keyword.builtin.ClickKeyword.execute(ClickKeyword.groovy:67)
	at com.kms.katalon.core.keyword.internal.KeywordExecutor.executeKeywordForPlatform(KeywordExecutor.groovy:56)
	at com.kms.katalon.core.webui.keyword.WebUiBuiltInKeywords.click(WebUiBuiltInKeywords.groovy:616)
	at com.kms.katalon.core.webui.keyword.WebUiBuiltInKeywords$click$2.call(Unknown Source)
	at Script1558537550753.run(Script1558537550753.groovy:22)
	... 13 more


2019-05-29 19:48:13 - [TEST_STEP][PASSED] - openBrowser(""): Browser is opened with url: ''

2019-05-29 19:48:13 - [MESSAGE][INFO] - Starting 'Chrome' driver

2019-05-29 19:48:18 - [MESSAGE][PASSED] - Browser is opened with url: ''

2019-05-29 19:48:18 - [TEST_STEP][PASSED] - maximizeWindow(): Current window maximized

2019-05-29 19:48:19 - [MESSAGE][PASSED] - Current window maximized

2019-05-29 19:48:19 - [TEST_STEP][PASSED] - navigateToUrl("https://www.genuinegmparts.com/"): Navigate to 'https://www.genuinegmparts.com/' successfully

2019-05-29 19:48:23 - [MESSAGE][PASSED] - Navigate to 'https://www.genuinegmparts.com/' successfully

2019-05-29 19:48:23 - [TEST_STEP][FAILED] - click(findTestObject("Object Repository/Globsl Nsv/Global Nav/Collision/Collision Parts/li_Collision")): Unable to click on object (Root cause: com.kms.katalon.core.exception.StepFailedException: Unable to click on object
	at com.kms.katalon.core.webui.keyword.internal.WebUIKeywordMain.stepFailed(WebUIKeywordMain.groovy:64)
	at com.kms.katalon.core.webui.keyword.internal.WebUIKeywordMain.runKeyword(WebUIKeywordMain.groovy:26)
	at com.kms.katalon.core.webui.keyword.builtin.ClickKeyword.click(ClickKeyword.groovy:86)
	at com.kms.katalon.core.webui.keyword.builtin.ClickKeyword.execute(ClickKeyword.groovy:67)
	at com.kms.katalon.core.keyword.internal.KeywordExecutor.executeKeywordForPlatform(KeywordExecutor.groovy:56)
	at com.kms.katalon.core.webui.keyword.WebUiBuiltInKeywords.click(WebUiBuiltInKeywords.groovy:616)
	at com.kms.katalon.core.webui.keyword.WebUiBuiltInKeywords$click$2.call(Unknown Source)
	at Collision Parts.run(Collision Parts:22)
	at com.kms.katalon.core.main.ScriptEngine.run(ScriptEngine.java:194)
	at com.kms.katalon.core.main.ScriptEngine.runScriptAsRawText(ScriptEngine.java:119)
	at com.kms.katalon.core.main.TestCaseExecutor.runScript(TestCaseExecutor.java:336)
	at com.kms.katalon.core.main.TestCaseExecutor.doExecute(TestCaseExecutor.java:327)
	at com.kms.katalon.core.main.TestCaseExecutor.processExecutionPhase(TestCaseExecutor.java:306)
	at com.kms.katalon.core.main.TestCaseExecutor.accessMainPhase(TestCaseExecutor.java:298)
	at com.kms.katalon.core.main.TestCaseExecutor.execute(TestCaseExecutor.java:232)
	at com.kms.katalon.core.main.TestSuiteExecutor.accessTestCaseMainPhase(TestSuiteExecutor.java:129)
	at com.kms.katalon.core.main.TestSuiteExecutor.accessTestSuiteMainPhase(TestSuiteExecutor.java:112)
	at com.kms.katalon.core.main.TestSuiteExecutor.execute(TestSuiteExecutor.java:81)
	at com.kms.katalon.core.main.TestCaseMain.startTestSuite(TestCaseMain.java:157)
	at com.kms.katalon.core.main.TestCaseMain$startTestSuite$0.call(Unknown Source)
	at TempTestSuite1559148468563.run(TempTestSuite1559148468563.groovy:35)
Caused by: java.lang.IllegalArgumentException: Object is null
	at com.kms.katalon.core.helper.KeywordHelper.checkTestObjectParameter(KeywordHelper.java:33)
	at com.kms.katalon.core.webui.keyword.builtin.ClickKeyword$_click_closure1.doCall(ClickKeyword.groovy:75)
	at com.kms.katalon.core.webui.keyword.builtin.ClickKeyword$_click_closure1.call(ClickKeyword.groovy)
	at com.kms.katalon.core.webui.keyword.internal.WebUIKeywordMain.runKeyword(WebUIKeywordMain.groovy:20)
	at com.kms.katalon.core.webui.keyword.builtin.ClickKeyword.click(ClickKeyword.groovy:86)
	at com.kms.katalon.core.webui.keyword.builtin.ClickKeyword.execute(ClickKeyword.groovy:67)
	at com.kms.katalon.core.keyword.internal.KeywordExecutor.executeKeywordForPlatform(KeywordExecutor.groovy:56)
	at com.kms.katalon.core.webui.keyword.WebUiBuiltInKeywords.click(WebUiBuiltInKeywords.groovy:616)
	at com.kms.katalon.core.webui.keyword.WebUiBuiltInKeywords$click$2.call(Unknown Source)
	at Script1558537550753.run(Script1558537550753.groovy:22)
	... 13 more
)

2019-05-29 19:48:23 - [MESSAGE][WARNING] - Test object with id 'Object Repository/Globsl Nsv/Global Nav/Collision/Collision Parts/li_Collision' does not exist

2019-05-29 19:48:23 - [MESSAGE][WARNING] - Test object with id 'Object Repository/' does not exist

2019-05-29 19:48:24 - [MESSAGE][FAILED] - Unable to click on object (Root cause: com.kms.katalon.core.exception.StepFailedException: Unable to click on object
	at com.kms.katalon.core.webui.keyword.internal.WebUIKeywordMain.stepFailed(WebUIKeywordMain.groovy:64)
	at com.kms.katalon.core.webui.keyword.internal.WebUIKeywordMain.runKeyword(WebUIKeywordMain.groovy:26)
	at com.kms.katalon.core.webui.keyword.builtin.ClickKeyword.click(ClickKeyword.groovy:86)
	at com.kms.katalon.core.webui.keyword.builtin.ClickKeyword.execute(ClickKeyword.groovy:67)
	at com.kms.katalon.core.keyword.internal.KeywordExecutor.executeKeywordForPlatform(KeywordExecutor.groovy:56)
	at com.kms.katalon.core.webui.keyword.WebUiBuiltInKeywords.click(WebUiBuiltInKeywords.groovy:616)
	at com.kms.katalon.core.webui.keyword.WebUiBuiltInKeywords$click$2.call(Unknown Source)
	at Collision Parts.run(Collision Parts:22)
	at com.kms.katalon.core.main.ScriptEngine.run(ScriptEngine.java:194)
	at com.kms.katalon.core.main.ScriptEngine.runScriptAsRawText(ScriptEngine.java:119)
	at com.kms.katalon.core.main.TestCaseExecutor.runScript(TestCaseExecutor.java:336)
	at com.kms.katalon.core.main.TestCaseExecutor.doExecute(TestCaseExecutor.java:327)
	at com.kms.katalon.core.main.TestCaseExecutor.processExecutionPhase(TestCaseExecutor.java:306)
	at com.kms.katalon.core.main.TestCaseExecutor.accessMainPhase(TestCaseExecutor.java:298)
	at com.kms.katalon.core.main.TestCaseExecutor.execute(TestCaseExecutor.java:232)
	at com.kms.katalon.core.main.TestSuiteExecutor.accessTestCaseMainPhase(TestSuiteExecutor.java:129)
	at com.kms.katalon.core.main.TestSuiteExecutor.accessTestSuiteMainPhase(TestSuiteExecutor.java:112)
	at com.kms.katalon.core.main.TestSuiteExecutor.execute(TestSuiteExecutor.java:81)
	at com.kms.katalon.core.main.TestCaseMain.startTestSuite(TestCaseMain.java:157)
	at com.kms.katalon.core.main.TestCaseMain$startTestSuite$0.call(Unknown Source)
	at TempTestSuite1559148468563.run(TempTestSuite1559148468563.groovy:35)
Caused by: java.lang.IllegalArgumentException: Object is null
	at com.kms.katalon.core.helper.KeywordHelper.checkTestObjectParameter(KeywordHelper.java:33)
	at com.kms.katalon.core.webui.keyword.builtin.ClickKeyword$_click_closure1.doCall(ClickKeyword.groovy:75)
	at com.kms.katalon.core.webui.keyword.builtin.ClickKeyword$_click_closure1.call(ClickKeyword.groovy)
	at com.kms.katalon.core.webui.keyword.internal.WebUIKeywordMain.runKeyword(WebUIKeywordMain.groovy:20)
	at com.kms.katalon.core.webui.keyword.builtin.ClickKeyword.click(ClickKeyword.groovy:86)
	at com.kms.katalon.core.webui.keyword.builtin.ClickKeyword.execute(ClickKeyword.groovy:67)
	at com.kms.katalon.core.keyword.internal.KeywordExecutor.executeKeywordForPlatform(KeywordExecutor.groovy:56)
	at com.kms.katalon.core.webui.keyword.WebUiBuiltInKeywords.click(WebUiBuiltInKeywords.groovy:616)
	at com.kms.katalon.core.webui.keyword.WebUiBuiltInKeywords$click$2.call(Unknown Source)
	at Script1558537550753.run(Script1558537550753.groovy:22)
	... 13 more
)
[[ATTACHMENT|C:\\Users\\adrian.dobre\\Katalon Studio\\Genuine GM Parts\\Reports\\GGMP\\Tests\\20190529_194748\\1559148503961.png]]]]></system-out>
         <system-err><![CDATA[2019-05-29 19:48:13 - [TEST_CASE][FAILED] - Test Cases/GGMP/GlobalNav/Collision/Collision Parts: Test Cases/GGMP/GlobalNav/Collision/Collision Parts FAILED.
Reason:
com.kms.katalon.core.exception.StepFailedException: Unable to click on object
	at com.kms.katalon.core.webui.keyword.internal.WebUIKeywordMain.stepFailed(WebUIKeywordMain.groovy:64)
	at com.kms.katalon.core.webui.keyword.internal.WebUIKeywordMain.runKeyword(WebUIKeywordMain.groovy:26)
	at com.kms.katalon.core.webui.keyword.builtin.ClickKeyword.click(ClickKeyword.groovy:86)
	at com.kms.katalon.core.webui.keyword.builtin.ClickKeyword.execute(ClickKeyword.groovy:67)
	at com.kms.katalon.core.keyword.internal.KeywordExecutor.executeKeywordForPlatform(KeywordExecutor.groovy:56)
	at com.kms.katalon.core.webui.keyword.WebUiBuiltInKeywords.click(WebUiBuiltInKeywords.groovy:616)
	at com.kms.katalon.core.webui.keyword.WebUiBuiltInKeywords$click$2.call(Unknown Source)
	at Collision Parts.run(Collision Parts:22)
	at com.kms.katalon.core.main.ScriptEngine.run(ScriptEngine.java:194)
	at com.kms.katalon.core.main.ScriptEngine.runScriptAsRawText(ScriptEngine.java:119)
	at com.kms.katalon.core.main.TestCaseExecutor.runScript(TestCaseExecutor.java:336)
	at com.kms.katalon.core.main.TestCaseExecutor.doExecute(TestCaseExecutor.java:327)
	at com.kms.katalon.core.main.TestCaseExecutor.processExecutionPhase(TestCaseExecutor.java:306)
	at com.kms.katalon.core.main.TestCaseExecutor.accessMainPhase(TestCaseExecutor.java:298)
	at com.kms.katalon.core.main.TestCaseExecutor.execute(TestCaseExecutor.java:232)
	at com.kms.katalon.core.main.TestSuiteExecutor.accessTestCaseMainPhase(TestSuiteExecutor.java:129)
	at com.kms.katalon.core.main.TestSuiteExecutor.accessTestSuiteMainPhase(TestSuiteExecutor.java:112)
	at com.kms.katalon.core.main.TestSuiteExecutor.execute(TestSuiteExecutor.java:81)
	at com.kms.katalon.core.main.TestCaseMain.startTestSuite(TestCaseMain.java:157)
	at com.kms.katalon.core.main.TestCaseMain$startTestSuite$0.call(Unknown Source)
	at TempTestSuite1559148468563.run(TempTestSuite1559148468563.groovy:35)
Caused by: java.lang.IllegalArgumentException: Object is null
	at com.kms.katalon.core.helper.KeywordHelper.checkTestObjectParameter(KeywordHelper.java:33)
	at com.kms.katalon.core.webui.keyword.builtin.ClickKeyword$_click_closure1.doCall(ClickKeyword.groovy:75)
	at com.kms.katalon.core.webui.keyword.builtin.ClickKeyword$_click_closure1.call(ClickKeyword.groovy)
	at com.kms.katalon.core.webui.keyword.internal.WebUIKeywordMain.runKeyword(WebUIKeywordMain.groovy:20)
	at com.kms.katalon.core.webui.keyword.builtin.ClickKeyword.click(ClickKeyword.groovy:86)
	at com.kms.katalon.core.webui.keyword.builtin.ClickKeyword.execute(ClickKeyword.groovy:67)
	at com.kms.katalon.core.keyword.internal.KeywordExecutor.executeKeywordForPlatform(KeywordExecutor.groovy:56)
	at com.kms.katalon.core.webui.keyword.WebUiBuiltInKeywords.click(WebUiBuiltInKeywords.groovy:616)
	at com.kms.katalon.core.webui.keyword.WebUiBuiltInKeywords$click$2.call(Unknown Source)
	at Script1558537550753.run(Script1558537550753.groovy:22)
	... 13 more]]></system-err>
      </testcase>
      <testcase name="Test Cases/GGMP/GlobalNav/Collision/Collision Repair Manuals" classname="Test Cases/GGMP/GlobalNav/Collision/Collision Repair Manuals" status="PASSED">
         <system-out><![CDATA[2019-05-29 19:48:24 - [TEST_CASE][PASSED] - Test Cases/GGMP/GlobalNav/Collision/Collision Repair Manuals: Test Cases/GGMP/GlobalNav/Collision/Collision Repair Manuals

2019-05-29 19:48:24 - [TEST_STEP][PASSED] - openBrowser(""): Browser is opened with url: ''

2019-05-29 19:48:24 - [MESSAGE][WARNING] - A browser is already opened. Closing browser and opening a new one

2019-05-29 19:48:25 - [MESSAGE][INFO] - Starting 'Chrome' driver

2019-05-29 19:48:31 - [MESSAGE][PASSED] - Browser is opened with url: ''

2019-05-29 19:48:31 - [TEST_STEP][PASSED] - maximizeWindow(): Current window maximized

2019-05-29 19:48:32 - [MESSAGE][PASSED] - Current window maximized

2019-05-29 19:48:32 - [TEST_STEP][PASSED] - navigateToUrl("https://www.genuinegmparts.com/"): Navigate to 'https://www.genuinegmparts.com/' successfully

2019-05-29 19:48:36 - [MESSAGE][PASSED] - Navigate to 'https://www.genuinegmparts.com/' successfully

2019-05-29 19:48:36 - [TEST_STEP][PASSED] - click(findTestObject("Object Repository/Global Nav/Collision/Collision Repair Manuals/li_Collision")): Object: 'Object Repository/Global Nav/Collision/Collision Repair Manuals/li_Collision' is clicked on

2019-05-29 19:48:36 - [MESSAGE][PASSED] - Object: 'Object Repository/Global Nav/Collision/Collision Repair Manuals/li_Collision' is clicked on

2019-05-29 19:48:36 - [TEST_STEP][PASSED] - click(findTestObject("Object Repository/Global Nav/Collision/Collision Repair Manuals/a_Collision Repair Manuals")): Object: 'Object Repository/Global Nav/Collision/Collision Repair Manuals/a_Collision Repair Manuals' is clicked on

2019-05-29 19:48:38 - [MESSAGE][PASSED] - Object: 'Object Repository/Global Nav/Collision/Collision Repair Manuals/a_Collision Repair Manuals' is clicked on

2019-05-29 19:48:38 - [TEST_STEP][PASSED] - delay(2): Delayed 2 second(s)

2019-05-29 19:48:40 - [MESSAGE][PASSED] - Delayed 2 second(s)

2019-05-29 19:48:40 - [TEST_STEP][PASSED] - verifyElementText(findTestObject("Global Nav/Collision/Collision Repair Manuals/h1_Collision repair manuals for GM vehicles"), "Collision repair manuals for GM vehicles"): Actual text and expected text of test object 'Object Repository/Global Nav/Collision/Collision Repair Manuals/h1_Collision repair manuals for GM vehicles' are matched.

2019-05-29 19:48:40 - [MESSAGE][PASSED] - Actual text and expected text of test object 'Object Repository/Global Nav/Collision/Collision Repair Manuals/h1_Collision repair manuals for GM vehicles' are matched.

2019-05-29 19:48:40 - [TEST_STEP][PASSED] - closeBrowser(): Browser is closed

2019-05-29 19:48:41 - [MESSAGE][PASSED] - Browser is closed]]></system-out>
         <system-err><![CDATA[]]></system-err>
      </testcase>
      <testcase name="Test Cases/GGMP/GlobalNav/Collision/Collision Repair Network" classname="Test Cases/GGMP/GlobalNav/Collision/Collision Repair Network" status="PASSED">
         <system-out><![CDATA[2019-05-29 19:48:41 - [TEST_CASE][PASSED] - Test Cases/GGMP/GlobalNav/Collision/Collision Repair Network: Test Cases/GGMP/GlobalNav/Collision/Collision Repair Network

2019-05-29 19:48:41 - [TEST_STEP][PASSED] - openBrowser(""): Browser is opened with url: ''

2019-05-29 19:48:41 - [MESSAGE][INFO] - Starting 'Chrome' driver

2019-05-29 19:48:47 - [MESSAGE][PASSED] - Browser is opened with url: ''

2019-05-29 19:48:47 - [TEST_STEP][PASSED] - maximizeWindow(): Current window maximized

2019-05-29 19:48:48 - [MESSAGE][PASSED] - Current window maximized

2019-05-29 19:48:48 - [TEST_STEP][PASSED] - navigateToUrl("https://www.genuinegmparts.com/"): Navigate to 'https://www.genuinegmparts.com/' successfully

2019-05-29 19:48:52 - [MESSAGE][PASSED] - Navigate to 'https://www.genuinegmparts.com/' successfully

2019-05-29 19:48:52 - [TEST_STEP][PASSED] - click(findTestObject("Object Repository/Global Nav/Collision/Collision Repair Network/li_Collision")): Object: 'Object Repository/Global Nav/Collision/Collision Repair Network/li_Collision' is clicked on

2019-05-29 19:48:52 - [MESSAGE][PASSED] - Object: 'Object Repository/Global Nav/Collision/Collision Repair Network/li_Collision' is clicked on

2019-05-29 19:48:52 - [TEST_STEP][PASSED] - click(findTestObject("Object Repository/Global Nav/Collision/Collision Repair Network/a_Collision Repair Network")): Object: 'Object Repository/Global Nav/Collision/Collision Repair Network/a_Collision Repair Network' is clicked on

2019-05-29 19:48:55 - [MESSAGE][PASSED] - Object: 'Object Repository/Global Nav/Collision/Collision Repair Network/a_Collision Repair Network' is clicked on

2019-05-29 19:48:55 - [TEST_STEP][PASSED] - delay(2): Delayed 2 second(s)

2019-05-29 19:48:57 - [MESSAGE][PASSED] - Delayed 2 second(s)

2019-05-29 19:48:57 - [TEST_STEP][PASSED] - verifyElementText(findTestObject("Global Nav/Collision/Collision Repair Network/h2_Enroll Today"), "Enroll Today"): Actual text and expected text of test object 'Object Repository/Global Nav/Collision/Collision Repair Network/h2_Enroll Today' are matched.

2019-05-29 19:48:57 - [MESSAGE][PASSED] - Actual text and expected text of test object 'Object Repository/Global Nav/Collision/Collision Repair Network/h2_Enroll Today' are matched.

2019-05-29 19:48:57 - [TEST_STEP][PASSED] - click(findTestObject("Object Repository/Global Nav/Collision/Collision Repair Network/button_ENROLL NOW")): Object: 'Object Repository/Global Nav/Collision/Collision Repair Network/button_ENROLL NOW' is clicked on

2019-05-29 19:48:57 - [MESSAGE][PASSED] - Object: 'Object Repository/Global Nav/Collision/Collision Repair Network/button_ENROLL NOW' is clicked on

2019-05-29 19:48:57 - [TEST_STEP][PASSED] - closeBrowser(): Browser is closed

2019-05-29 19:48:58 - [MESSAGE][PASSED] - Browser is closed]]></system-out>
         <system-err><![CDATA[]]></system-err>
      </testcase>
      <testcase name="Test Cases/GGMP/GlobalNav/Collision/My GM Partner Perks" classname="Test Cases/GGMP/GlobalNav/Collision/My GM Partner Perks" status="PASSED">
         <system-out><![CDATA[2019-05-29 19:48:58 - [TEST_CASE][PASSED] - Test Cases/GGMP/GlobalNav/Collision/My GM Partner Perks: Test Cases/GGMP/GlobalNav/Collision/My GM Partner Perks

2019-05-29 19:48:58 - [TEST_STEP][PASSED] - openBrowser(""): Browser is opened with url: ''

2019-05-29 19:48:58 - [MESSAGE][INFO] - Starting 'Chrome' driver

2019-05-29 19:49:05 - [MESSAGE][PASSED] - Browser is opened with url: ''

2019-05-29 19:49:05 - [TEST_STEP][PASSED] - maximizeWindow(): Current window maximized

2019-05-29 19:49:06 - [MESSAGE][PASSED] - Current window maximized

2019-05-29 19:49:06 - [TEST_STEP][PASSED] - navigateToUrl("https://www.genuinegmparts.com/"): Navigate to 'https://www.genuinegmparts.com/' successfully

2019-05-29 19:49:10 - [MESSAGE][PASSED] - Navigate to 'https://www.genuinegmparts.com/' successfully

2019-05-29 19:49:10 - [TEST_STEP][PASSED] - click(findTestObject("Object Repository/Global Nav/Collision/My GM Partner Perks/li_Collision")): Object: 'Object Repository/Global Nav/Collision/My GM Partner Perks/li_Collision' is clicked on

2019-05-29 19:49:10 - [MESSAGE][PASSED] - Object: 'Object Repository/Global Nav/Collision/My GM Partner Perks/li_Collision' is clicked on

2019-05-29 19:49:10 - [TEST_STEP][PASSED] - click(findTestObject("Object Repository/Global Nav/Collision/My GM Partner Perks/a_My GM Partner Perks")): Object: 'Object Repository/Global Nav/Collision/My GM Partner Perks/a_My GM Partner Perks' is clicked on

2019-05-29 19:49:13 - [MESSAGE][PASSED] - Object: 'Object Repository/Global Nav/Collision/My GM Partner Perks/a_My GM Partner Perks' is clicked on

2019-05-29 19:49:13 - [TEST_STEP][PASSED] - delay(2): Delayed 2 second(s)

2019-05-29 19:49:15 - [MESSAGE][PASSED] - Delayed 2 second(s)

2019-05-29 19:49:15 - [TEST_STEP][PASSED] - verifyElementText(findTestObject("Global Nav/Collision/My GM Partner Perks/font_MY GM PARTNER PERKS"), "MY GM PARTNER PERKS"): Actual text and expected text of test object 'Object Repository/Global Nav/Collision/My GM Partner Perks/font_MY GM PARTNER PERKS' are matched.

2019-05-29 19:49:15 - [MESSAGE][PASSED] - Actual text and expected text of test object 'Object Repository/Global Nav/Collision/My GM Partner Perks/font_MY GM PARTNER PERKS' are matched.

2019-05-29 19:49:15 - [TEST_STEP][PASSED] - closeBrowser(): Browser is closed

2019-05-29 19:49:16 - [MESSAGE][PASSED] - Browser is closed]]></system-out>
         <system-err><![CDATA[]]></system-err>
      </testcase>
      <testcase name="Test Cases/GGMP/GlobalNav/Collision/Position Statement" classname="Test Cases/GGMP/GlobalNav/Collision/Position Statement" status="PASSED">
         <system-out><![CDATA[2019-05-29 19:49:16 - [TEST_CASE][PASSED] - Test Cases/GGMP/GlobalNav/Collision/Position Statement: Test Cases/GGMP/GlobalNav/Collision/Position Statement

2019-05-29 19:49:17 - [TEST_STEP][PASSED] - openBrowser(""): Browser is opened with url: ''

2019-05-29 19:49:17 - [MESSAGE][INFO] - Starting 'Chrome' driver

2019-05-29 19:49:22 - [MESSAGE][PASSED] - Browser is opened with url: ''

2019-05-29 19:49:22 - [TEST_STEP][PASSED] - maximizeWindow(): Current window maximized

2019-05-29 19:49:23 - [MESSAGE][PASSED] - Current window maximized

2019-05-29 19:49:23 - [TEST_STEP][PASSED] - navigateToUrl("https://www.genuinegmparts.com/"): Navigate to 'https://www.genuinegmparts.com/' successfully

2019-05-29 19:49:27 - [MESSAGE][PASSED] - Navigate to 'https://www.genuinegmparts.com/' successfully

2019-05-29 19:49:27 - [TEST_STEP][PASSED] - click(findTestObject("Object Repository/Global Nav/Collision/Position Statement/li_Collision")): Object: 'Object Repository/Global Nav/Collision/Position Statement/li_Collision' is clicked on

2019-05-29 19:49:27 - [MESSAGE][PASSED] - Object: 'Object Repository/Global Nav/Collision/Position Statement/li_Collision' is clicked on

2019-05-29 19:49:27 - [TEST_STEP][PASSED] - click(findTestObject("Object Repository/Global Nav/Collision/Position Statement/a_Position Statements")): Object: 'Object Repository/Global Nav/Collision/Position Statement/a_Position Statements' is clicked on

2019-05-29 19:49:28 - [MESSAGE][PASSED] - Object: 'Object Repository/Global Nav/Collision/Position Statement/a_Position Statements' is clicked on

2019-05-29 19:49:28 - [TEST_STEP][PASSED] - delay(2): Delayed 2 second(s)

2019-05-29 19:49:30 - [MESSAGE][PASSED] - Delayed 2 second(s)

2019-05-29 19:49:30 - [TEST_STEP][PASSED] - verifyElementText(findTestObject("Global Nav/Collision/Position Statement/h1_Position statements"), "Position statements"): Actual text and expected text of test object 'Object Repository/Global Nav/Collision/Position Statement/h1_Position statements' are matched.

2019-05-29 19:49:30 - [MESSAGE][PASSED] - Actual text and expected text of test object 'Object Repository/Global Nav/Collision/Position Statement/h1_Position statements' are matched.

2019-05-29 19:49:30 - [TEST_STEP][PASSED] - closeBrowser(): Browser is closed

2019-05-29 19:49:31 - [MESSAGE][PASSED] - Browser is closed]]></system-out>
         <system-err><![CDATA[]]></system-err>
      </testcase>
      <testcase name="Test Cases/GGMP/GlobalNav/Collision/Programs and Offers" classname="Test Cases/GGMP/GlobalNav/Collision/Programs and Offers" status="PASSED">
         <system-out><![CDATA[2019-05-29 19:49:31 - [TEST_CASE][PASSED] - Test Cases/GGMP/GlobalNav/Collision/Programs and Offers: Test Cases/GGMP/GlobalNav/Collision/Programs and Offers

2019-05-29 19:49:31 - [TEST_STEP][PASSED] - openBrowser(""): Browser is opened with url: ''

2019-05-29 19:49:31 - [MESSAGE][INFO] - Starting 'Chrome' driver

2019-05-29 19:49:37 - [MESSAGE][PASSED] - Browser is opened with url: ''

2019-05-29 19:49:37 - [TEST_STEP][PASSED] - maximizeWindow(): Current window maximized

2019-05-29 19:49:38 - [MESSAGE][PASSED] - Current window maximized

2019-05-29 19:49:38 - [TEST_STEP][PASSED] - navigateToUrl("https://www.genuinegmparts.com/"): Navigate to 'https://www.genuinegmparts.com/' successfully

2019-05-29 19:49:42 - [MESSAGE][PASSED] - Navigate to 'https://www.genuinegmparts.com/' successfully

2019-05-29 19:49:42 - [TEST_STEP][PASSED] - click(findTestObject("Object Repository/Global Nav/Collision/Programs and Offers/li_Collision")): Object: 'Object Repository/Global Nav/Collision/Programs and Offers/li_Collision' is clicked on

2019-05-29 19:49:42 - [MESSAGE][PASSED] - Object: 'Object Repository/Global Nav/Collision/Programs and Offers/li_Collision' is clicked on

2019-05-29 19:49:42 - [TEST_STEP][PASSED] - click(findTestObject("Object Repository/Global Nav/Collision/Programs and Offers/a_Programs  Offers")): Object: 'Object Repository/Global Nav/Collision/Programs and Offers/a_Programs  Offers' is clicked on

2019-05-29 19:49:45 - [MESSAGE][PASSED] - Object: 'Object Repository/Global Nav/Collision/Programs and Offers/a_Programs  Offers' is clicked on

2019-05-29 19:49:45 - [TEST_STEP][PASSED] - click(findTestObject("Object Repository/Global Nav/Collision/Programs and Offers/a_concat(id(  ttpopclose1  ))_ttpopclose1")): Object: 'Object Repository/Global Nav/Collision/Programs and Offers/a_concat(id(  ttpopclose1  ))_ttpopclose1' is clicked on

2019-05-29 19:49:46 - [MESSAGE][PASSED] - Object: 'Object Repository/Global Nav/Collision/Programs and Offers/a_concat(id(  ttpopclose1  ))_ttpopclose1' is clicked on

2019-05-29 19:49:46 - [TEST_STEP][PASSED] - delay(2): Delayed 2 second(s)

2019-05-29 19:49:48 - [MESSAGE][PASSED] - Delayed 2 second(s)

2019-05-29 19:49:48 - [TEST_STEP][PASSED] - verifyElementText(findTestObject("Global Nav/Collision/Programs and Offers/p_Shops that choose 100 GM Genuine Parts can earn rewards and help get the job done right the first time"), "Shops that choose 100% GM Genuine Parts can earn rewards and help get the job done right the first time."): Actual text and expected text of test object 'Object Repository/Global Nav/Collision/Programs and Offers/p_Shops that choose 100 GM Genuine Parts can earn rewards and help get the job done right the first time' are matched.

2019-05-29 19:49:48 - [MESSAGE][PASSED] - Actual text and expected text of test object 'Object Repository/Global Nav/Collision/Programs and Offers/p_Shops that choose 100 GM Genuine Parts can earn rewards and help get the job done right the first time' are matched.

2019-05-29 19:49:48 - [TEST_STEP][PASSED] - closeBrowser(): Browser is closed

2019-05-29 19:49:49 - [MESSAGE][PASSED] - Browser is closed]]></system-out>
         <system-err><![CDATA[]]></system-err>
      </testcase>
      <testcase name="Test Cases/GGMP/GlobalNav/Collision/Technical Documents" classname="Test Cases/GGMP/GlobalNav/Collision/Technical Documents" status="PASSED">
         <system-out><![CDATA[2019-05-29 19:49:49 - [TEST_CASE][PASSED] - Test Cases/GGMP/GlobalNav/Collision/Technical Documents: Test Cases/GGMP/GlobalNav/Collision/Technical Documents

2019-05-29 19:49:49 - [TEST_STEP][PASSED] - openBrowser(""): Browser is opened with url: ''

2019-05-29 19:49:49 - [MESSAGE][INFO] - Starting 'Chrome' driver

2019-05-29 19:49:55 - [MESSAGE][PASSED] - Browser is opened with url: ''

2019-05-29 19:49:55 - [TEST_STEP][PASSED] - maximizeWindow(): Current window maximized

2019-05-29 19:49:56 - [MESSAGE][PASSED] - Current window maximized

2019-05-29 19:49:56 - [TEST_STEP][PASSED] - navigateToUrl("https://www.genuinegmparts.com/"): Navigate to 'https://www.genuinegmparts.com/' successfully

2019-05-29 19:50:00 - [MESSAGE][PASSED] - Navigate to 'https://www.genuinegmparts.com/' successfully

2019-05-29 19:50:00 - [TEST_STEP][PASSED] - click(findTestObject("Object Repository/Global Nav/Collision/Technical Documents/li_Collision")): Object: 'Object Repository/Global Nav/Collision/Technical Documents/li_Collision' is clicked on

2019-05-29 19:50:00 - [MESSAGE][PASSED] - Object: 'Object Repository/Global Nav/Collision/Technical Documents/li_Collision' is clicked on

2019-05-29 19:50:00 - [TEST_STEP][PASSED] - click(findTestObject("Object Repository/Global Nav/Collision/Technical Documents/a_Technical Documents")): Object: 'Object Repository/Global Nav/Collision/Technical Documents/a_Technical Documents' is clicked on

2019-05-29 19:50:02 - [MESSAGE][PASSED] - Object: 'Object Repository/Global Nav/Collision/Technical Documents/a_Technical Documents' is clicked on

2019-05-29 19:50:02 - [TEST_STEP][PASSED] - delay(2): Delayed 2 second(s)

2019-05-29 19:50:04 - [MESSAGE][PASSED] - Delayed 2 second(s)

2019-05-29 19:50:04 - [TEST_STEP][PASSED] - verifyElementText(findTestObject("Global Nav/Collision/Technical Documents/h1_Technical documents"), "Technical documents"): Actual text and expected text of test object 'Object Repository/Global Nav/Collision/Technical Documents/h1_Technical documents' are matched.

2019-05-29 19:50:04 - [MESSAGE][PASSED] - Actual text and expected text of test object 'Object Repository/Global Nav/Collision/Technical Documents/h1_Technical documents' are matched.

2019-05-29 19:50:04 - [TEST_STEP][PASSED] - click(findTestObject("Object Repository/Global Nav/Collision/Technical Documents/button_Position Statements")): Object: 'Object Repository/Global Nav/Collision/Technical Documents/button_Position Statements' is clicked on

2019-05-29 19:50:05 - [MESSAGE][PASSED] - Object: 'Object Repository/Global Nav/Collision/Technical Documents/button_Position Statements' is clicked on

2019-05-29 19:50:05 - [TEST_STEP][PASSED] - delay(2): Delayed 2 second(s)

2019-05-29 19:50:07 - [MESSAGE][PASSED] - Delayed 2 second(s)

2019-05-29 19:50:07 - [TEST_STEP][PASSED] - verifyElementText(findTestObject("Global Nav/Collision/Technical Documents/h1_Position statements"), "Position statements"): Actual text and expected text of test object 'Object Repository/Global Nav/Collision/Technical Documents/h1_Position statements' are matched.

2019-05-29 19:50:07 - [MESSAGE][PASSED] - Actual text and expected text of test object 'Object Repository/Global Nav/Collision/Technical Documents/h1_Position statements' are matched.

2019-05-29 19:50:07 - [TEST_STEP][PASSED] - closeBrowser(): Browser is closed

2019-05-29 19:50:09 - [MESSAGE][PASSED] - Browser is closed]]></system-out>
         <system-err><![CDATA[]]></system-err>
      </testcase>
      <testcase name="Test Cases/GGMP/GlobalNav/Collision/The Genuine Difference" classname="Test Cases/GGMP/GlobalNav/Collision/The Genuine Difference" status="PASSED">
         <system-out><![CDATA[2019-05-29 19:50:09 - [TEST_CASE][PASSED] - Test Cases/GGMP/GlobalNav/Collision/The Genuine Difference: Test Cases/GGMP/GlobalNav/Collision/The Genuine Difference

2019-05-29 19:50:09 - [TEST_STEP][PASSED] - openBrowser(""): Browser is opened with url: ''

2019-05-29 19:50:09 - [MESSAGE][INFO] - Starting 'Chrome' driver

2019-05-29 19:50:14 - [MESSAGE][PASSED] - Browser is opened with url: ''

2019-05-29 19:50:14 - [TEST_STEP][PASSED] - maximizeWindow(): Current window maximized

2019-05-29 19:50:16 - [MESSAGE][PASSED] - Current window maximized

2019-05-29 19:50:16 - [TEST_STEP][PASSED] - navigateToUrl("https://www.genuinegmparts.com/"): Navigate to 'https://www.genuinegmparts.com/' successfully

2019-05-29 19:50:19 - [MESSAGE][PASSED] - Navigate to 'https://www.genuinegmparts.com/' successfully

2019-05-29 19:50:19 - [TEST_STEP][PASSED] - click(findTestObject("Object Repository/Global Nav/Collision/The Genuine Difference/li_Collision")): Object: 'Object Repository/Global Nav/Collision/The Genuine Difference/li_Collision' is clicked on

2019-05-29 19:50:20 - [MESSAGE][PASSED] - Object: 'Object Repository/Global Nav/Collision/The Genuine Difference/li_Collision' is clicked on

2019-05-29 19:50:20 - [TEST_STEP][PASSED] - click(findTestObject("Object Repository/Global Nav/Collision/The Genuine Difference/span_The Genuine Difference")): Object: 'Object Repository/Global Nav/Collision/The Genuine Difference/span_The Genuine Difference' is clicked on

2019-05-29 19:50:23 - [MESSAGE][PASSED] - Object: 'Object Repository/Global Nav/Collision/The Genuine Difference/span_The Genuine Difference' is clicked on

2019-05-29 19:50:23 - [TEST_STEP][PASSED] - delay(2): Delayed 2 second(s)

2019-05-29 19:50:25 - [MESSAGE][PASSED] - Delayed 2 second(s)

2019-05-29 19:50:25 - [TEST_STEP][PASSED] - verifyElementText(findTestObject("Global Nav/Collision/The Genuine Difference/h1_Take control of your collision repair with Genuine GM Parts"), "Take control of your collision repair with Genuine GM Parts"): Actual text and expected text of test object 'Object Repository/Global Nav/Collision/The Genuine Difference/h1_Take control of your collision repair with Genuine GM Parts' are matched.

2019-05-29 19:50:25 - [MESSAGE][PASSED] - Actual text and expected text of test object 'Object Repository/Global Nav/Collision/The Genuine Difference/h1_Take control of your collision repair with Genuine GM Parts' are matched.

2019-05-29 19:50:25 - [TEST_STEP][PASSED] - closeBrowser(): Browser is closed

2019-05-29 19:50:26 - [MESSAGE][PASSED] - Browser is closed]]></system-out>
         <system-err><![CDATA[]]></system-err>
      </testcase>
      <testcase name="Test Cases/GGMP/GlobalNav/Collision/Touch-UP Paint" classname="Test Cases/GGMP/GlobalNav/Collision/Touch-UP Paint" status="FAILED">
         <failure type="FAILED" message="Test Cases/GGMP/GlobalNav/Collision/Touch-UP Paint FAILED.
Reason:
com.kms.katalon.core.exception.StepFailedException: Unable to click on object 'Object Repository/Global Nav/Collision/Touch-Up Paint/span_2018 GM Refinish Materials - GMW-15406-2017'
	at com.kms.katalon.core.webui.keyword.internal.WebUIKeywordMain.stepFailed(WebUIKeywordMain.groovy:64)
	at com.kms.katalon.core.webui.keyword.internal.WebUIKeywordMain.runKeyword(WebUIKeywordMain.groovy:26)
	at com.kms.katalon.core.webui.keyword.builtin.ClickKeyword.click(ClickKeyword.groovy:86)
	at com.kms.katalon.core.webui.keyword.builtin.ClickKeyword.execute(ClickKeyword.groovy:67)
	at com.kms.katalon.core.keyword.internal.KeywordExecutor.executeKeywordForPlatform(KeywordExecutor.groovy:56)
	at com.kms.katalon.core.webui.keyword.WebUiBuiltInKeywords.click(WebUiBuiltInKeywords.groovy:616)
	at com.kms.katalon.core.webui.keyword.WebUiBuiltInKeywords$click$2.call(Unknown Source)
	at Touch-UP Paint.run(Touch-UP Paint:45)
	at com.kms.katalon.core.main.ScriptEngine.run(ScriptEngine.java:194)
	at com.kms.katalon.core.main.ScriptEngine.runScriptAsRawText(ScriptEngine.java:119)
	at com.kms.katalon.core.main.TestCaseExecutor.runScript(TestCaseExecutor.java:336)
	at com.kms.katalon.core.main.TestCaseExecutor.doExecute(TestCaseExecutor.java:327)
	at com.kms.katalon.core.main.TestCaseExecutor.processExecutionPhase(TestCaseExecutor.java:306)
	at com.kms.katalon.core.main.TestCaseExecutor.accessMainPhase(TestCaseExecutor.java:298)
	at com.kms.katalon.core.main.TestCaseExecutor.execute(TestCaseExecutor.java:232)
	at com.kms.katalon.core.main.TestSuiteExecutor.accessTestCaseMainPhase(TestSuiteExecutor.java:129)
	at com.kms.katalon.core.main.TestSuiteExecutor.accessTestSuiteMainPhase(TestSuiteExecutor.java:112)
	at com.kms.katalon.core.main.TestSuiteExecutor.execute(TestSuiteExecutor.java:81)
	at com.kms.katalon.core.main.TestCaseMain.startTestSuite(TestCaseMain.java:157)
	at com.kms.katalon.core.main.TestCaseMain$startTestSuite$0.call(Unknown Source)
	at TempTestSuite1559148468563.run(TempTestSuite1559148468563.groovy:35)
Caused by: org.openqa.selenium.ElementClickInterceptedException: element click intercepted: Element &lt;span>...&lt;/span> is not clickable at point (682, 703). Other element would receive the click: &lt;div class=&quot;col-sm-9 noPaddingRight content-page&quot;>...&lt;/div>
  (Session info: chrome=74.0.3729.169)
  (Driver info: chromedriver=74.0.3729.6 (255758eccf3d244491b8a1317aa76e1ce10d57e9-refs/branch-heads/3729@{#29}),platform=Windows NT 10.0.17763 x86_64) (WARNING: The server did not provide any stacktrace information)
Command duration or timeout: 0 milliseconds
Build info: version: '3.7.1', revision: '8a0099a', time: '2017-11-06T21:07:36.161Z'
System info: host: 'BCHOPT-NW100219', ip: '10.69.196.168', os.name: 'Windows 10', os.arch: 'amd64', os.version: '10.0', java.version: '1.8.0_181'
Driver info: com.kms.katalon.selenium.driver.CChromeDriver
Capabilities {acceptInsecureCerts: false, acceptSslCerts: false, applicationCacheEnabled: false, browserConnectionEnabled: false, browserName: chrome, chrome: {chromedriverVersion: 74.0.3729.6 (255758eccf3d24..., userDataDir: C:\Users\ADRIAN~1.DOB\AppDa...}, cssSelectorsEnabled: true, databaseEnabled: false, goog:chromeOptions: {debuggerAddress: localhost:50308}, handlesAlerts: true, hasTouchScreen: false, javascriptEnabled: true, locationContextEnabled: true, mobileEmulationEnabled: false, nativeEvents: true, networkConnectionEnabled: false, pageLoadStrategy: normal, platform: XP, platformName: XP, proxy: Proxy(direct), rotatable: false, setWindowRect: true, strictFileInteractability: false, takesHeapSnapshot: true, takesScreenshot: true, timeouts: {implicit: 0, pageLoad: 300000, script: 30000}, unexpectedAlertBehaviour: ignore, unhandledPromptBehavior: ignore, version: 74.0.3729.169, webStorageEnabled: true}
Session ID: 9e0a5d0c0d0666a1892e5dca89f8a53c
	at org.openqa.selenium.remote.ErrorHandler.createThrowable(ErrorHandler.java:214)
	at org.openqa.selenium.remote.ErrorHandler.throwIfResponseFailed(ErrorHandler.java:166)
	at org.openqa.selenium.remote.http.JsonHttpResponseCodec.reconstructValue(JsonHttpResponseCodec.java:40)
	at org.openqa.selenium.remote.http.AbstractHttpResponseCodec.decode(AbstractHttpResponseCodec.java:80)
	at org.openqa.selenium.remote.http.AbstractHttpResponseCodec.decode(AbstractHttpResponseCodec.java:44)
	at org.openqa.selenium.remote.HttpCommandExecutor.execute(HttpCommandExecutor.java:164)
	at org.openqa.selenium.remote.service.DriverCommandExecutor.execute(DriverCommandExecutor.java:83)
	at org.openqa.selenium.remote.RemoteWebDriver.execute(RemoteWebDriver.java:600)
	at com.kms.katalon.selenium.driver.CChromeDriver.execute(CChromeDriver.java:20)
	at org.openqa.selenium.remote.RemoteWebElement.execute(RemoteWebElement.java:279)
	at org.openqa.selenium.remote.RemoteWebElement.click(RemoteWebElement.java:83)
	at com.kms.katalon.core.webui.keyword.builtin.ClickKeyword$_click_closure1.doCall(ClickKeyword.groovy:79)
	at com.kms.katalon.core.webui.keyword.builtin.ClickKeyword$_click_closure1.call(ClickKeyword.groovy)
	at com.kms.katalon.core.webui.keyword.internal.WebUIKeywordMain.runKeyword(WebUIKeywordMain.groovy:20)
	at com.kms.katalon.core.webui.keyword.builtin.ClickKeyword.click(ClickKeyword.groovy:86)
	at com.kms.katalon.core.webui.keyword.builtin.ClickKeyword.execute(ClickKeyword.groovy:67)
	at com.kms.katalon.core.keyword.internal.KeywordExecutor.executeKeywordForPlatform(KeywordExecutor.groovy:56)
	at com.kms.katalon.core.webui.keyword.WebUiBuiltInKeywords.click(WebUiBuiltInKeywords.groovy:616)
	at com.kms.katalon.core.webui.keyword.WebUiBuiltInKeywords$click$2.call(Unknown Source)
	at Script1558537420008.run(Script1558537420008.groovy:45)
	... 13 more
"/>
         <system-out><![CDATA[2019-05-29 19:50:26 - [TEST_CASE][FAILED] - Test Cases/GGMP/GlobalNav/Collision/Touch-UP Paint: Test Cases/GGMP/GlobalNav/Collision/Touch-UP Paint FAILED.
Reason:
com.kms.katalon.core.exception.StepFailedException: Unable to click on object 'Object Repository/Global Nav/Collision/Touch-Up Paint/span_2018 GM Refinish Materials - GMW-15406-2017'
	at com.kms.katalon.core.webui.keyword.internal.WebUIKeywordMain.stepFailed(WebUIKeywordMain.groovy:64)
	at com.kms.katalon.core.webui.keyword.internal.WebUIKeywordMain.runKeyword(WebUIKeywordMain.groovy:26)
	at com.kms.katalon.core.webui.keyword.builtin.ClickKeyword.click(ClickKeyword.groovy:86)
	at com.kms.katalon.core.webui.keyword.builtin.ClickKeyword.execute(ClickKeyword.groovy:67)
	at com.kms.katalon.core.keyword.internal.KeywordExecutor.executeKeywordForPlatform(KeywordExecutor.groovy:56)
	at com.kms.katalon.core.webui.keyword.WebUiBuiltInKeywords.click(WebUiBuiltInKeywords.groovy:616)
	at com.kms.katalon.core.webui.keyword.WebUiBuiltInKeywords$click$2.call(Unknown Source)
	at Touch-UP Paint.run(Touch-UP Paint:45)
	at com.kms.katalon.core.main.ScriptEngine.run(ScriptEngine.java:194)
	at com.kms.katalon.core.main.ScriptEngine.runScriptAsRawText(ScriptEngine.java:119)
	at com.kms.katalon.core.main.TestCaseExecutor.runScript(TestCaseExecutor.java:336)
	at com.kms.katalon.core.main.TestCaseExecutor.doExecute(TestCaseExecutor.java:327)
	at com.kms.katalon.core.main.TestCaseExecutor.processExecutionPhase(TestCaseExecutor.java:306)
	at com.kms.katalon.core.main.TestCaseExecutor.accessMainPhase(TestCaseExecutor.java:298)
	at com.kms.katalon.core.main.TestCaseExecutor.execute(TestCaseExecutor.java:232)
	at com.kms.katalon.core.main.TestSuiteExecutor.accessTestCaseMainPhase(TestSuiteExecutor.java:129)
	at com.kms.katalon.core.main.TestSuiteExecutor.accessTestSuiteMainPhase(TestSuiteExecutor.java:112)
	at com.kms.katalon.core.main.TestSuiteExecutor.execute(TestSuiteExecutor.java:81)
	at com.kms.katalon.core.main.TestCaseMain.startTestSuite(TestCaseMain.java:157)
	at com.kms.katalon.core.main.TestCaseMain$startTestSuite$0.call(Unknown Source)
	at TempTestSuite1559148468563.run(TempTestSuite1559148468563.groovy:35)
Caused by: org.openqa.selenium.ElementClickInterceptedException: element click intercepted: Element <span>...</span> is not clickable at point (682, 703). Other element would receive the click: <div class="col-sm-9 noPaddingRight content-page">...</div>
  (Session info: chrome=74.0.3729.169)
  (Driver info: chromedriver=74.0.3729.6 (255758eccf3d244491b8a1317aa76e1ce10d57e9-refs/branch-heads/3729@{#29}),platform=Windows NT 10.0.17763 x86_64) (WARNING: The server did not provide any stacktrace information)
Command duration or timeout: 0 milliseconds
Build info: version: '3.7.1', revision: '8a0099a', time: '2017-11-06T21:07:36.161Z'
System info: host: 'BCHOPT-NW100219', ip: '10.69.196.168', os.name: 'Windows 10', os.arch: 'amd64', os.version: '10.0', java.version: '1.8.0_181'
Driver info: com.kms.katalon.selenium.driver.CChromeDriver
Capabilities {acceptInsecureCerts: false, acceptSslCerts: false, applicationCacheEnabled: false, browserConnectionEnabled: false, browserName: chrome, chrome: {chromedriverVersion: 74.0.3729.6 (255758eccf3d24..., userDataDir: C:\Users\ADRIAN~1.DOB\AppDa...}, cssSelectorsEnabled: true, databaseEnabled: false, goog:chromeOptions: {debuggerAddress: localhost:50308}, handlesAlerts: true, hasTouchScreen: false, javascriptEnabled: true, locationContextEnabled: true, mobileEmulationEnabled: false, nativeEvents: true, networkConnectionEnabled: false, pageLoadStrategy: normal, platform: XP, platformName: XP, proxy: Proxy(direct), rotatable: false, setWindowRect: true, strictFileInteractability: false, takesHeapSnapshot: true, takesScreenshot: true, timeouts: {implicit: 0, pageLoad: 300000, script: 30000}, unexpectedAlertBehaviour: ignore, unhandledPromptBehavior: ignore, version: 74.0.3729.169, webStorageEnabled: true}
Session ID: 9e0a5d0c0d0666a1892e5dca89f8a53c
	at org.openqa.selenium.remote.ErrorHandler.createThrowable(ErrorHandler.java:214)
	at org.openqa.selenium.remote.ErrorHandler.throwIfResponseFailed(ErrorHandler.java:166)
	at org.openqa.selenium.remote.http.JsonHttpResponseCodec.reconstructValue(JsonHttpResponseCodec.java:40)
	at org.openqa.selenium.remote.http.AbstractHttpResponseCodec.decode(AbstractHttpResponseCodec.java:80)
	at org.openqa.selenium.remote.http.AbstractHttpResponseCodec.decode(AbstractHttpResponseCodec.java:44)
	at org.openqa.selenium.remote.HttpCommandExecutor.execute(HttpCommandExecutor.java:164)
	at org.openqa.selenium.remote.service.DriverCommandExecutor.execute(DriverCommandExecutor.java:83)
	at org.openqa.selenium.remote.RemoteWebDriver.execute(RemoteWebDriver.java:600)
	at com.kms.katalon.selenium.driver.CChromeDriver.execute(CChromeDriver.java:20)
	at org.openqa.selenium.remote.RemoteWebElement.execute(RemoteWebElement.java:279)
	at org.openqa.selenium.remote.RemoteWebElement.click(RemoteWebElement.java:83)
	at com.kms.katalon.core.webui.keyword.builtin.ClickKeyword$_click_closure1.doCall(ClickKeyword.groovy:79)
	at com.kms.katalon.core.webui.keyword.builtin.ClickKeyword$_click_closure1.call(ClickKeyword.groovy)
	at com.kms.katalon.core.webui.keyword.internal.WebUIKeywordMain.runKeyword(WebUIKeywordMain.groovy:20)
	at com.kms.katalon.core.webui.keyword.builtin.ClickKeyword.click(ClickKeyword.groovy:86)
	at com.kms.katalon.core.webui.keyword.builtin.ClickKeyword.execute(ClickKeyword.groovy:67)
	at com.kms.katalon.core.keyword.internal.KeywordExecutor.executeKeywordForPlatform(KeywordExecutor.groovy:56)
	at com.kms.katalon.core.webui.keyword.WebUiBuiltInKeywords.click(WebUiBuiltInKeywords.groovy:616)
	at com.kms.katalon.core.webui.keyword.WebUiBuiltInKeywords$click$2.call(Unknown Source)
	at Script1558537420008.run(Script1558537420008.groovy:45)
	... 13 more


2019-05-29 19:50:26 - [TEST_STEP][PASSED] - openBrowser(""): Browser is opened with url: ''

2019-05-29 19:50:26 - [MESSAGE][INFO] - Starting 'Chrome' driver

2019-05-29 19:50:32 - [MESSAGE][PASSED] - Browser is opened with url: ''

2019-05-29 19:50:32 - [TEST_STEP][PASSED] - maximizeWindow(): Current window maximized

2019-05-29 19:50:33 - [MESSAGE][PASSED] - Current window maximized

2019-05-29 19:50:33 - [TEST_STEP][PASSED] - navigateToUrl("https://www.genuinegmparts.com/"): Navigate to 'https://www.genuinegmparts.com/' successfully

2019-05-29 19:50:37 - [MESSAGE][PASSED] - Navigate to 'https://www.genuinegmparts.com/' successfully

2019-05-29 19:50:37 - [TEST_STEP][PASSED] - click(findTestObject("Object Repository/Global Nav/Collision/Touch-Up Paint/li_Collision")): Object: 'Object Repository/Global Nav/Collision/Touch-Up Paint/li_Collision' is clicked on

2019-05-29 19:50:38 - [MESSAGE][PASSED] - Object: 'Object Repository/Global Nav/Collision/Touch-Up Paint/li_Collision' is clicked on

2019-05-29 19:50:38 - [TEST_STEP][PASSED] - click(findTestObject("Object Repository/Global Nav/Collision/Touch-Up Paint/span_Touch-up paint")): Object: 'Object Repository/Global Nav/Collision/Touch-Up Paint/span_Touch-up paint' is clicked on

2019-05-29 19:50:40 - [MESSAGE][PASSED] - Object: 'Object Repository/Global Nav/Collision/Touch-Up Paint/span_Touch-up paint' is clicked on

2019-05-29 19:50:40 - [TEST_STEP][PASSED] - delay(2): Delayed 2 second(s)

2019-05-29 19:50:42 - [MESSAGE][PASSED] - Delayed 2 second(s)

2019-05-29 19:50:42 - [TEST_STEP][PASSED] - verifyElementText(findTestObject("Global Nav/Collision/Touch-Up Paint/h1_Show your true colors with GM auto touch-up paint"), "Show your true colors with GM auto touch-up paint"): Actual text and expected text of test object 'Object Repository/Global Nav/Collision/Touch-Up Paint/h1_Show your true colors with GM auto touch-up paint' are matched.

2019-05-29 19:50:42 - [MESSAGE][PASSED] - Actual text and expected text of test object 'Object Repository/Global Nav/Collision/Touch-Up Paint/h1_Show your true colors with GM auto touch-up paint' are matched.

2019-05-29 19:50:42 - [TEST_STEP][PASSED] - click(findTestObject("Object Repository/Global Nav/Collision/Touch-Up Paint/a_Downloadable Guides")): Object: 'Object Repository/Global Nav/Collision/Touch-Up Paint/a_Downloadable Guides' is clicked on

2019-05-29 19:50:42 - [MESSAGE][PASSED] - Object: 'Object Repository/Global Nav/Collision/Touch-Up Paint/a_Downloadable Guides' is clicked on

2019-05-29 19:50:42 - [TEST_STEP][PASSED] - click(findTestObject("Object Repository/Global Nav/Collision/Touch-Up Paint/a_Downloadable Guides")): Object: 'Object Repository/Global Nav/Collision/Touch-Up Paint/a_Downloadable Guides' is clicked on

2019-05-29 19:50:42 - [MESSAGE][PASSED] - Object: 'Object Repository/Global Nav/Collision/Touch-Up Paint/a_Downloadable Guides' is clicked on

2019-05-29 19:50:42 - [TEST_STEP][PASSED] - click(findTestObject("Object Repository/Global Nav/Collision/Touch-Up Paint/a_GM-approved paint manufacturers")): Object: 'Object Repository/Global Nav/Collision/Touch-Up Paint/a_GM-approved paint manufacturers' is clicked on

2019-05-29 19:50:42 - [MESSAGE][PASSED] - Object: 'Object Repository/Global Nav/Collision/Touch-Up Paint/a_GM-approved paint manufacturers' is clicked on

2019-05-29 19:50:42 - [TEST_STEP][PASSED] - click(findTestObject("Object Repository/Global Nav/Collision/Touch-Up Paint/a_GM-approved paint manufacturers")): Object: 'Object Repository/Global Nav/Collision/Touch-Up Paint/a_GM-approved paint manufacturers' is clicked on

2019-05-29 19:50:43 - [MESSAGE][PASSED] - Object: 'Object Repository/Global Nav/Collision/Touch-Up Paint/a_GM-approved paint manufacturers' is clicked on

2019-05-29 19:50:43 - [TEST_STEP][PASSED] - click(findTestObject("Object Repository/Global Nav/Collision/Touch-Up Paint/a_Where do I find the paint code")): Object: 'Object Repository/Global Nav/Collision/Touch-Up Paint/a_Where do I find the paint code' is clicked on

2019-05-29 19:50:43 - [MESSAGE][PASSED] - Object: 'Object Repository/Global Nav/Collision/Touch-Up Paint/a_Where do I find the paint code' is clicked on

2019-05-29 19:50:43 - [TEST_STEP][PASSED] - click(findTestObject("Object Repository/Global Nav/Collision/Touch-Up Paint/a_Where do I find the paint code")): Object: 'Object Repository/Global Nav/Collision/Touch-Up Paint/a_Where do I find the paint code' is clicked on

2019-05-29 19:50:43 - [MESSAGE][PASSED] - Object: 'Object Repository/Global Nav/Collision/Touch-Up Paint/a_Where do I find the paint code' is clicked on

2019-05-29 19:50:43 - [TEST_STEP][PASSED] - click(findTestObject("Object Repository/Global Nav/Collision/Touch-Up Paint/a_Downloadable Guides")): Object: 'Object Repository/Global Nav/Collision/Touch-Up Paint/a_Downloadable Guides' is clicked on

2019-05-29 19:50:43 - [MESSAGE][PASSED] - Object: 'Object Repository/Global Nav/Collision/Touch-Up Paint/a_Downloadable Guides' is clicked on

2019-05-29 19:50:43 - [TEST_STEP][FAILED] - click(findTestObject("Object Repository/Global Nav/Collision/Touch-Up Paint/span_2018 GM Refinish Materials - GMW-15406-2017")): Unable to click on object 'Object Repository/Global Nav/Collision/Touch-Up Paint/span_2018 GM Refinish Materials - GMW-15406-2017' (Root cause: com.kms.katalon.core.exception.StepFailedException: Unable to click on object 'Object Repository/Global Nav/Collision/Touch-Up Paint/span_2018 GM Refinish Materials - GMW-15406-2017'
	at com.kms.katalon.core.webui.keyword.internal.WebUIKeywordMain.stepFailed(WebUIKeywordMain.groovy:64)
	at com.kms.katalon.core.webui.keyword.internal.WebUIKeywordMain.runKeyword(WebUIKeywordMain.groovy:26)
	at com.kms.katalon.core.webui.keyword.builtin.ClickKeyword.click(ClickKeyword.groovy:86)
	at com.kms.katalon.core.webui.keyword.builtin.ClickKeyword.execute(ClickKeyword.groovy:67)
	at com.kms.katalon.core.keyword.internal.KeywordExecutor.executeKeywordForPlatform(KeywordExecutor.groovy:56)
	at com.kms.katalon.core.webui.keyword.WebUiBuiltInKeywords.click(WebUiBuiltInKeywords.groovy:616)
	at com.kms.katalon.core.webui.keyword.WebUiBuiltInKeywords$click$2.call(Unknown Source)
	at Touch-UP Paint.run(Touch-UP Paint:45)
	at com.kms.katalon.core.main.ScriptEngine.run(ScriptEngine.java:194)
	at com.kms.katalon.core.main.ScriptEngine.runScriptAsRawText(ScriptEngine.java:119)
	at com.kms.katalon.core.main.TestCaseExecutor.runScript(TestCaseExecutor.java:336)
	at com.kms.katalon.core.main.TestCaseExecutor.doExecute(TestCaseExecutor.java:327)
	at com.kms.katalon.core.main.TestCaseExecutor.processExecutionPhase(TestCaseExecutor.java:306)
	at com.kms.katalon.core.main.TestCaseExecutor.accessMainPhase(TestCaseExecutor.java:298)
	at com.kms.katalon.core.main.TestCaseExecutor.execute(TestCaseExecutor.java:232)
	at com.kms.katalon.core.main.TestSuiteExecutor.accessTestCaseMainPhase(TestSuiteExecutor.java:129)
	at com.kms.katalon.core.main.TestSuiteExecutor.accessTestSuiteMainPhase(TestSuiteExecutor.java:112)
	at com.kms.katalon.core.main.TestSuiteExecutor.execute(TestSuiteExecutor.java:81)
	at com.kms.katalon.core.main.TestCaseMain.startTestSuite(TestCaseMain.java:157)
	at com.kms.katalon.core.main.TestCaseMain$startTestSuite$0.call(Unknown Source)
	at TempTestSuite1559148468563.run(TempTestSuite1559148468563.groovy:35)
Caused by: org.openqa.selenium.ElementClickInterceptedException: element click intercepted: Element <span>...</span> is not clickable at point (682, 703). Other element would receive the click: <div class="col-sm-9 noPaddingRight content-page">...</div>
  (Session info: chrome=74.0.3729.169)
  (Driver info: chromedriver=74.0.3729.6 (255758eccf3d244491b8a1317aa76e1ce10d57e9-refs/branch-heads/3729@{#29}),platform=Windows NT 10.0.17763 x86_64) (WARNING: The server did not provide any stacktrace information)
Command duration or timeout: 0 milliseconds
Build info: version: '3.7.1', revision: '8a0099a', time: '2017-11-06T21:07:36.161Z'
System info: host: 'BCHOPT-NW100219', ip: '10.69.196.168', os.name: 'Windows 10', os.arch: 'amd64', os.version: '10.0', java.version: '1.8.0_181'
Driver info: com.kms.katalon.selenium.driver.CChromeDriver
Capabilities {acceptInsecureCerts: false, acceptSslCerts: false, applicationCacheEnabled: false, browserConnectionEnabled: false, browserName: chrome, chrome: {chromedriverVersion: 74.0.3729.6 (255758eccf3d24..., userDataDir: C:\Users\ADRIAN~1.DOB\AppDa...}, cssSelectorsEnabled: true, databaseEnabled: false, goog:chromeOptions: {debuggerAddress: localhost:50308}, handlesAlerts: true, hasTouchScreen: false, javascriptEnabled: true, locationContextEnabled: true, mobileEmulationEnabled: false, nativeEvents: true, networkConnectionEnabled: false, pageLoadStrategy: normal, platform: XP, platformName: XP, proxy: Proxy(direct), rotatable: false, setWindowRect: true, strictFileInteractability: false, takesHeapSnapshot: true, takesScreenshot: true, timeouts: {implicit: 0, pageLoad: 300000, script: 30000}, unexpectedAlertBehaviour: ignore, unhandledPromptBehavior: ignore, version: 74.0.3729.169, webStorageEnabled: true}
Session ID: 9e0a5d0c0d0666a1892e5dca89f8a53c
	at org.openqa.selenium.remote.ErrorHandler.createThrowable(ErrorHandler.java:214)
	at org.openqa.selenium.remote.ErrorHandler.throwIfResponseFailed(ErrorHandler.java:166)
	at org.openqa.selenium.remote.http.JsonHttpResponseCodec.reconstructValue(JsonHttpResponseCodec.java:40)
	at org.openqa.selenium.remote.http.AbstractHttpResponseCodec.decode(AbstractHttpResponseCodec.java:80)
	at org.openqa.selenium.remote.http.AbstractHttpResponseCodec.decode(AbstractHttpResponseCodec.java:44)
	at org.openqa.selenium.remote.HttpCommandExecutor.execute(HttpCommandExecutor.java:164)
	at org.openqa.selenium.remote.service.DriverCommandExecutor.execute(DriverCommandExecutor.java:83)
	at org.openqa.selenium.remote.RemoteWebDriver.execute(RemoteWebDriver.java:600)
	at com.kms.katalon.selenium.driver.CChromeDriver.execute(CChromeDriver.java:20)
	at org.openqa.selenium.remote.RemoteWebElement.execute(RemoteWebElement.java:279)
	at org.openqa.selenium.remote.RemoteWebElement.click(RemoteWebElement.java:83)
	at com.kms.katalon.core.webui.keyword.builtin.ClickKeyword$_click_closure1.doCall(ClickKeyword.groovy:79)
	at com.kms.katalon.core.webui.keyword.builtin.ClickKeyword$_click_closure1.call(ClickKeyword.groovy)
	at com.kms.katalon.core.webui.keyword.internal.WebUIKeywordMain.runKeyword(WebUIKeywordMain.groovy:20)
	at com.kms.katalon.core.webui.keyword.builtin.ClickKeyword.click(ClickKeyword.groovy:86)
	at com.kms.katalon.core.webui.keyword.builtin.ClickKeyword.execute(ClickKeyword.groovy:67)
	at com.kms.katalon.core.keyword.internal.KeywordExecutor.executeKeywordForPlatform(KeywordExecutor.groovy:56)
	at com.kms.katalon.core.webui.keyword.WebUiBuiltInKeywords.click(WebUiBuiltInKeywords.groovy:616)
	at com.kms.katalon.core.webui.keyword.WebUiBuiltInKeywords$click$2.call(Unknown Source)
	at Script1558537420008.run(Script1558537420008.groovy:45)
	... 13 more
)

2019-05-29 19:50:44 - [MESSAGE][FAILED] - Unable to click on object 'Object Repository/Global Nav/Collision/Touch-Up Paint/span_2018 GM Refinish Materials - GMW-15406-2017' (Root cause: com.kms.katalon.core.exception.StepFailedException: Unable to click on object 'Object Repository/Global Nav/Collision/Touch-Up Paint/span_2018 GM Refinish Materials - GMW-15406-2017'
	at com.kms.katalon.core.webui.keyword.internal.WebUIKeywordMain.stepFailed(WebUIKeywordMain.groovy:64)
	at com.kms.katalon.core.webui.keyword.internal.WebUIKeywordMain.runKeyword(WebUIKeywordMain.groovy:26)
	at com.kms.katalon.core.webui.keyword.builtin.ClickKeyword.click(ClickKeyword.groovy:86)
	at com.kms.katalon.core.webui.keyword.builtin.ClickKeyword.execute(ClickKeyword.groovy:67)
	at com.kms.katalon.core.keyword.internal.KeywordExecutor.executeKeywordForPlatform(KeywordExecutor.groovy:56)
	at com.kms.katalon.core.webui.keyword.WebUiBuiltInKeywords.click(WebUiBuiltInKeywords.groovy:616)
	at com.kms.katalon.core.webui.keyword.WebUiBuiltInKeywords$click$2.call(Unknown Source)
	at Touch-UP Paint.run(Touch-UP Paint:45)
	at com.kms.katalon.core.main.ScriptEngine.run(ScriptEngine.java:194)
	at com.kms.katalon.core.main.ScriptEngine.runScriptAsRawText(ScriptEngine.java:119)
	at com.kms.katalon.core.main.TestCaseExecutor.runScript(TestCaseExecutor.java:336)
	at com.kms.katalon.core.main.TestCaseExecutor.doExecute(TestCaseExecutor.java:327)
	at com.kms.katalon.core.main.TestCaseExecutor.processExecutionPhase(TestCaseExecutor.java:306)
	at com.kms.katalon.core.main.TestCaseExecutor.accessMainPhase(TestCaseExecutor.java:298)
	at com.kms.katalon.core.main.TestCaseExecutor.execute(TestCaseExecutor.java:232)
	at com.kms.katalon.core.main.TestSuiteExecutor.accessTestCaseMainPhase(TestSuiteExecutor.java:129)
	at com.kms.katalon.core.main.TestSuiteExecutor.accessTestSuiteMainPhase(TestSuiteExecutor.java:112)
	at com.kms.katalon.core.main.TestSuiteExecutor.execute(TestSuiteExecutor.java:81)
	at com.kms.katalon.core.main.TestCaseMain.startTestSuite(TestCaseMain.java:157)
	at com.kms.katalon.core.main.TestCaseMain$startTestSuite$0.call(Unknown Source)
	at TempTestSuite1559148468563.run(TempTestSuite1559148468563.groovy:35)
Caused by: org.openqa.selenium.ElementClickInterceptedException: element click intercepted: Element <span>...</span> is not clickable at point (682, 703). Other element would receive the click: <div class="col-sm-9 noPaddingRight content-page">...</div>
  (Session info: chrome=74.0.3729.169)
  (Driver info: chromedriver=74.0.3729.6 (255758eccf3d244491b8a1317aa76e1ce10d57e9-refs/branch-heads/3729@{#29}),platform=Windows NT 10.0.17763 x86_64) (WARNING: The server did not provide any stacktrace information)
Command duration or timeout: 0 milliseconds
Build info: version: '3.7.1', revision: '8a0099a', time: '2017-11-06T21:07:36.161Z'
System info: host: 'BCHOPT-NW100219', ip: '10.69.196.168', os.name: 'Windows 10', os.arch: 'amd64', os.version: '10.0', java.version: '1.8.0_181'
Driver info: com.kms.katalon.selenium.driver.CChromeDriver
Capabilities {acceptInsecureCerts: false, acceptSslCerts: false, applicationCacheEnabled: false, browserConnectionEnabled: false, browserName: chrome, chrome: {chromedriverVersion: 74.0.3729.6 (255758eccf3d24..., userDataDir: C:\Users\ADRIAN~1.DOB\AppDa...}, cssSelectorsEnabled: true, databaseEnabled: false, goog:chromeOptions: {debuggerAddress: localhost:50308}, handlesAlerts: true, hasTouchScreen: false, javascriptEnabled: true, locationContextEnabled: true, mobileEmulationEnabled: false, nativeEvents: true, networkConnectionEnabled: false, pageLoadStrategy: normal, platform: XP, platformName: XP, proxy: Proxy(direct), rotatable: false, setWindowRect: true, strictFileInteractability: false, takesHeapSnapshot: true, takesScreenshot: true, timeouts: {implicit: 0, pageLoad: 300000, script: 30000}, unexpectedAlertBehaviour: ignore, unhandledPromptBehavior: ignore, version: 74.0.3729.169, webStorageEnabled: true}
Session ID: 9e0a5d0c0d0666a1892e5dca89f8a53c
	at org.openqa.selenium.remote.ErrorHandler.createThrowable(ErrorHandler.java:214)
	at org.openqa.selenium.remote.ErrorHandler.throwIfResponseFailed(ErrorHandler.java:166)
	at org.openqa.selenium.remote.http.JsonHttpResponseCodec.reconstructValue(JsonHttpResponseCodec.java:40)
	at org.openqa.selenium.remote.http.AbstractHttpResponseCodec.decode(AbstractHttpResponseCodec.java:80)
	at org.openqa.selenium.remote.http.AbstractHttpResponseCodec.decode(AbstractHttpResponseCodec.java:44)
	at org.openqa.selenium.remote.HttpCommandExecutor.execute(HttpCommandExecutor.java:164)
	at org.openqa.selenium.remote.service.DriverCommandExecutor.execute(DriverCommandExecutor.java:83)
	at org.openqa.selenium.remote.RemoteWebDriver.execute(RemoteWebDriver.java:600)
	at com.kms.katalon.selenium.driver.CChromeDriver.execute(CChromeDriver.java:20)
	at org.openqa.selenium.remote.RemoteWebElement.execute(RemoteWebElement.java:279)
	at org.openqa.selenium.remote.RemoteWebElement.click(RemoteWebElement.java:83)
	at com.kms.katalon.core.webui.keyword.builtin.ClickKeyword$_click_closure1.doCall(ClickKeyword.groovy:79)
	at com.kms.katalon.core.webui.keyword.builtin.ClickKeyword$_click_closure1.call(ClickKeyword.groovy)
	at com.kms.katalon.core.webui.keyword.internal.WebUIKeywordMain.runKeyword(WebUIKeywordMain.groovy:20)
	at com.kms.katalon.core.webui.keyword.builtin.ClickKeyword.click(ClickKeyword.groovy:86)
	at com.kms.katalon.core.webui.keyword.builtin.ClickKeyword.execute(ClickKeyword.groovy:67)
	at com.kms.katalon.core.keyword.internal.KeywordExecutor.executeKeywordForPlatform(KeywordExecutor.groovy:56)
	at com.kms.katalon.core.webui.keyword.WebUiBuiltInKeywords.click(WebUiBuiltInKeywords.groovy:616)
	at com.kms.katalon.core.webui.keyword.WebUiBuiltInKeywords$click$2.call(Unknown Source)
	at Script1558537420008.run(Script1558537420008.groovy:45)
	... 13 more
)
[[ATTACHMENT|C:\\Users\\adrian.dobre\\Katalon Studio\\Genuine GM Parts\\Reports\\GGMP\\Tests\\20190529_194748\\1559148643696.png]]]]></system-out>
         <system-err><![CDATA[2019-05-29 19:50:26 - [TEST_CASE][FAILED] - Test Cases/GGMP/GlobalNav/Collision/Touch-UP Paint: Test Cases/GGMP/GlobalNav/Collision/Touch-UP Paint FAILED.
Reason:
com.kms.katalon.core.exception.StepFailedException: Unable to click on object 'Object Repository/Global Nav/Collision/Touch-Up Paint/span_2018 GM Refinish Materials - GMW-15406-2017'
	at com.kms.katalon.core.webui.keyword.internal.WebUIKeywordMain.stepFailed(WebUIKeywordMain.groovy:64)
	at com.kms.katalon.core.webui.keyword.internal.WebUIKeywordMain.runKeyword(WebUIKeywordMain.groovy:26)
	at com.kms.katalon.core.webui.keyword.builtin.ClickKeyword.click(ClickKeyword.groovy:86)
	at com.kms.katalon.core.webui.keyword.builtin.ClickKeyword.execute(ClickKeyword.groovy:67)
	at com.kms.katalon.core.keyword.internal.KeywordExecutor.executeKeywordForPlatform(KeywordExecutor.groovy:56)
	at com.kms.katalon.core.webui.keyword.WebUiBuiltInKeywords.click(WebUiBuiltInKeywords.groovy:616)
	at com.kms.katalon.core.webui.keyword.WebUiBuiltInKeywords$click$2.call(Unknown Source)
	at Touch-UP Paint.run(Touch-UP Paint:45)
	at com.kms.katalon.core.main.ScriptEngine.run(ScriptEngine.java:194)
	at com.kms.katalon.core.main.ScriptEngine.runScriptAsRawText(ScriptEngine.java:119)
	at com.kms.katalon.core.main.TestCaseExecutor.runScript(TestCaseExecutor.java:336)
	at com.kms.katalon.core.main.TestCaseExecutor.doExecute(TestCaseExecutor.java:327)
	at com.kms.katalon.core.main.TestCaseExecutor.processExecutionPhase(TestCaseExecutor.java:306)
	at com.kms.katalon.core.main.TestCaseExecutor.accessMainPhase(TestCaseExecutor.java:298)
	at com.kms.katalon.core.main.TestCaseExecutor.execute(TestCaseExecutor.java:232)
	at com.kms.katalon.core.main.TestSuiteExecutor.accessTestCaseMainPhase(TestSuiteExecutor.java:129)
	at com.kms.katalon.core.main.TestSuiteExecutor.accessTestSuiteMainPhase(TestSuiteExecutor.java:112)
	at com.kms.katalon.core.main.TestSuiteExecutor.execute(TestSuiteExecutor.java:81)
	at com.kms.katalon.core.main.TestCaseMain.startTestSuite(TestCaseMain.java:157)
	at com.kms.katalon.core.main.TestCaseMain$startTestSuite$0.call(Unknown Source)
	at TempTestSuite1559148468563.run(TempTestSuite1559148468563.groovy:35)
Caused by: org.openqa.selenium.ElementClickInterceptedException: element click intercepted: Element <span>...</span> is not clickable at point (682, 703). Other element would receive the click: <div class="col-sm-9 noPaddingRight content-page">...</div>
  (Session info: chrome=74.0.3729.169)
  (Driver info: chromedriver=74.0.3729.6 (255758eccf3d244491b8a1317aa76e1ce10d57e9-refs/branch-heads/3729@{#29}),platform=Windows NT 10.0.17763 x86_64) (WARNING: The server did not provide any stacktrace information)
Command duration or timeout: 0 milliseconds
Build info: version: '3.7.1', revision: '8a0099a', time: '2017-11-06T21:07:36.161Z'
System info: host: 'BCHOPT-NW100219', ip: '10.69.196.168', os.name: 'Windows 10', os.arch: 'amd64', os.version: '10.0', java.version: '1.8.0_181'
Driver info: com.kms.katalon.selenium.driver.CChromeDriver
Capabilities {acceptInsecureCerts: false, acceptSslCerts: false, applicationCacheEnabled: false, browserConnectionEnabled: false, browserName: chrome, chrome: {chromedriverVersion: 74.0.3729.6 (255758eccf3d24..., userDataDir: C:\Users\ADRIAN~1.DOB\AppDa...}, cssSelectorsEnabled: true, databaseEnabled: false, goog:chromeOptions: {debuggerAddress: localhost:50308}, handlesAlerts: true, hasTouchScreen: false, javascriptEnabled: true, locationContextEnabled: true, mobileEmulationEnabled: false, nativeEvents: true, networkConnectionEnabled: false, pageLoadStrategy: normal, platform: XP, platformName: XP, proxy: Proxy(direct), rotatable: false, setWindowRect: true, strictFileInteractability: false, takesHeapSnapshot: true, takesScreenshot: true, timeouts: {implicit: 0, pageLoad: 300000, script: 30000}, unexpectedAlertBehaviour: ignore, unhandledPromptBehavior: ignore, version: 74.0.3729.169, webStorageEnabled: true}
Session ID: 9e0a5d0c0d0666a1892e5dca89f8a53c
	at org.openqa.selenium.remote.ErrorHandler.createThrowable(ErrorHandler.java:214)
	at org.openqa.selenium.remote.ErrorHandler.throwIfResponseFailed(ErrorHandler.java:166)
	at org.openqa.selenium.remote.http.JsonHttpResponseCodec.reconstructValue(JsonHttpResponseCodec.java:40)
	at org.openqa.selenium.remote.http.AbstractHttpResponseCodec.decode(AbstractHttpResponseCodec.java:80)
	at org.openqa.selenium.remote.http.AbstractHttpResponseCodec.decode(AbstractHttpResponseCodec.java:44)
	at org.openqa.selenium.remote.HttpCommandExecutor.execute(HttpCommandExecutor.java:164)
	at org.openqa.selenium.remote.service.DriverCommandExecutor.execute(DriverCommandExecutor.java:83)
	at org.openqa.selenium.remote.RemoteWebDriver.execute(RemoteWebDriver.java:600)
	at com.kms.katalon.selenium.driver.CChromeDriver.execute(CChromeDriver.java:20)
	at org.openqa.selenium.remote.RemoteWebElement.execute(RemoteWebElement.java:279)
	at org.openqa.selenium.remote.RemoteWebElement.click(RemoteWebElement.java:83)
	at com.kms.katalon.core.webui.keyword.builtin.ClickKeyword$_click_closure1.doCall(ClickKeyword.groovy:79)
	at com.kms.katalon.core.webui.keyword.builtin.ClickKeyword$_click_closure1.call(ClickKeyword.groovy)
	at com.kms.katalon.core.webui.keyword.internal.WebUIKeywordMain.runKeyword(WebUIKeywordMain.groovy:20)
	at com.kms.katalon.core.webui.keyword.builtin.ClickKeyword.click(ClickKeyword.groovy:86)
	at com.kms.katalon.core.webui.keyword.builtin.ClickKeyword.execute(ClickKeyword.groovy:67)
	at com.kms.katalon.core.keyword.internal.KeywordExecutor.executeKeywordForPlatform(KeywordExecutor.groovy:56)
	at com.kms.katalon.core.webui.keyword.WebUiBuiltInKeywords.click(WebUiBuiltInKeywords.groovy:616)
	at com.kms.katalon.core.webui.keyword.WebUiBuiltInKeywords$click$2.call(Unknown Source)
	at Script1558537420008.run(Script1558537420008.groovy:45)
	... 13 more]]></system-err>
      </testcase>
      <testcase name="Test Cases/GGMP/GlobalNav/For Professionals/ACDelco SHop Tools" classname="Test Cases/GGMP/GlobalNav/For Professionals/ACDelco SHop Tools" status="PASSED">
         <system-out><![CDATA[2019-05-29 19:50:44 - [TEST_CASE][PASSED] - Test Cases/GGMP/GlobalNav/For Professionals/ACDelco SHop Tools: Test Cases/GGMP/GlobalNav/For Professionals/ACDelco SHop Tools

2019-05-29 19:50:44 - [TEST_STEP][PASSED] - openBrowser(""): Browser is opened with url: ''

2019-05-29 19:50:44 - [MESSAGE][WARNING] - A browser is already opened. Closing browser and opening a new one

2019-05-29 19:50:45 - [MESSAGE][INFO] - Starting 'Chrome' driver

2019-05-29 19:50:51 - [MESSAGE][PASSED] - Browser is opened with url: ''

2019-05-29 19:50:51 - [TEST_STEP][PASSED] - maximizeWindow(): Current window maximized

2019-05-29 19:50:53 - [MESSAGE][PASSED] - Current window maximized

2019-05-29 19:50:53 - [TEST_STEP][PASSED] - navigateToUrl("https://www.genuinegmparts.com"): Navigate to 'https://www.genuinegmparts.com' successfully

2019-05-29 19:50:56 - [MESSAGE][PASSED] - Navigate to 'https://www.genuinegmparts.com' successfully

2019-05-29 19:50:56 - [TEST_STEP][PASSED] - click(findTestObject("Object Repository/Global Nav/For Professionals/ACDelco Shop Tools/li_Forprofessionals")): Object: 'Object Repository/Global Nav/For Professionals/ACDelco Shop Tools/li_Forprofessionals' is clicked on

2019-05-29 19:50:56 - [MESSAGE][PASSED] - Object: 'Object Repository/Global Nav/For Professionals/ACDelco Shop Tools/li_Forprofessionals' is clicked on

2019-05-29 19:50:56 - [TEST_STEP][PASSED] - click(findTestObject("Object Repository/Global Nav/For Professionals/ACDelco Shop Tools/a_ACDelco Shop Tools")): Object: 'Object Repository/Global Nav/For Professionals/ACDelco Shop Tools/a_ACDelco Shop Tools' is clicked on

2019-05-29 19:50:56 - [MESSAGE][PASSED] - Object: 'Object Repository/Global Nav/For Professionals/ACDelco Shop Tools/a_ACDelco Shop Tools' is clicked on

2019-05-29 19:50:56 - [TEST_STEP][PASSED] - switchToWindowTitle("For Professionals: Shop Tools | ACDelco"): Switched to window with title: 'For Professionals: Shop Tools | ACDelco'

2019-05-29 19:51:02 - [MESSAGE][PASSED] - Switched to window with title: 'For Professionals: Shop Tools | ACDelco'

2019-05-29 19:51:02 - [TEST_STEP][PASSED] - closeBrowser(): Browser is closed

2019-05-29 19:51:02 - [MESSAGE][PASSED] - Browser is closed]]></system-out>
         <system-err><![CDATA[]]></system-err>
      </testcase>
      <testcase name="Test Cases/GGMP/GlobalNav/For Professionals/Cadillac Aluminum" classname="Test Cases/GGMP/GlobalNav/For Professionals/Cadillac Aluminum" status="PASSED">
         <system-out><![CDATA[2019-05-29 19:51:02 - [TEST_CASE][PASSED] - Test Cases/GGMP/GlobalNav/For Professionals/Cadillac Aluminum: Test Cases/GGMP/GlobalNav/For Professionals/Cadillac Aluminum

2019-05-29 19:51:03 - [TEST_STEP][PASSED] - openBrowser(""): Browser is opened with url: ''

2019-05-29 19:51:03 - [MESSAGE][INFO] - Starting 'Chrome' driver

2019-05-29 19:51:08 - [MESSAGE][PASSED] - Browser is opened with url: ''

2019-05-29 19:51:08 - [TEST_STEP][PASSED] - maximizeWindow(): Current window maximized

2019-05-29 19:51:09 - [MESSAGE][PASSED] - Current window maximized

2019-05-29 19:51:09 - [TEST_STEP][PASSED] - navigateToUrl("https://www.genuinegmparts.com/"): Navigate to 'https://www.genuinegmparts.com/' successfully

2019-05-29 19:51:12 - [MESSAGE][PASSED] - Navigate to 'https://www.genuinegmparts.com/' successfully

2019-05-29 19:51:12 - [TEST_STEP][PASSED] - click(findTestObject("Object Repository/Global Nav/For Professionals/Cadillac Aluminum/li_Forprofessionals")): Object: 'Object Repository/Global Nav/For Professionals/Cadillac Aluminum/li_Forprofessionals' is clicked on

2019-05-29 19:51:12 - [MESSAGE][PASSED] - Object: 'Object Repository/Global Nav/For Professionals/Cadillac Aluminum/li_Forprofessionals' is clicked on

2019-05-29 19:51:12 - [TEST_STEP][PASSED] - click(findTestObject("Object Repository/Global Nav/For Professionals/Cadillac Aluminum/a_Cadillac Aluminum Repair Network")): Object: 'Object Repository/Global Nav/For Professionals/Cadillac Aluminum/a_Cadillac Aluminum Repair Network' is clicked on

2019-05-29 19:51:13 - [MESSAGE][PASSED] - Object: 'Object Repository/Global Nav/For Professionals/Cadillac Aluminum/a_Cadillac Aluminum Repair Network' is clicked on

2019-05-29 19:51:13 - [TEST_STEP][PASSED] - delay(2): Delayed 2 second(s)

2019-05-29 19:51:15 - [MESSAGE][PASSED] - Delayed 2 second(s)

2019-05-29 19:51:15 - [TEST_STEP][PASSED] - verifyElementText(findTestObject("Global Nav/For Professionals/Cadillac Aluminum/h1_Cadillac Aluminum Repair Network"), "Cadillac Aluminum Repair Network"): Actual text and expected text of test object 'Object Repository/Global Nav/For Professionals/Cadillac Aluminum/h1_Cadillac Aluminum Repair Network' are matched.

2019-05-29 19:51:16 - [MESSAGE][PASSED] - Actual text and expected text of test object 'Object Repository/Global Nav/For Professionals/Cadillac Aluminum/h1_Cadillac Aluminum Repair Network' are matched.

2019-05-29 19:51:16 - [TEST_STEP][PASSED] - closeBrowser(): Browser is closed

2019-05-29 19:51:16 - [MESSAGE][PASSED] - Browser is closed]]></system-out>
         <system-err><![CDATA[]]></system-err>
      </testcase>
      <testcase name="Test Cases/GGMP/GlobalNav/For Professionals/Collision Repair Network" classname="Test Cases/GGMP/GlobalNav/For Professionals/Collision Repair Network" status="PASSED">
         <system-out><![CDATA[2019-05-29 19:51:16 - [TEST_CASE][PASSED] - Test Cases/GGMP/GlobalNav/For Professionals/Collision Repair Network: Test Cases/GGMP/GlobalNav/For Professionals/Collision Repair Network

2019-05-29 19:51:17 - [TEST_STEP][PASSED] - openBrowser(""): Browser is opened with url: ''

2019-05-29 19:51:17 - [MESSAGE][INFO] - Starting 'Chrome' driver

2019-05-29 19:51:22 - [MESSAGE][PASSED] - Browser is opened with url: ''

2019-05-29 19:51:22 - [TEST_STEP][PASSED] - maximizeWindow(): Current window maximized

2019-05-29 19:51:23 - [MESSAGE][PASSED] - Current window maximized

2019-05-29 19:51:23 - [TEST_STEP][PASSED] - navigateToUrl("https://www.genuinegmparts.com/"): Navigate to 'https://www.genuinegmparts.com/' successfully

2019-05-29 19:51:28 - [MESSAGE][PASSED] - Navigate to 'https://www.genuinegmparts.com/' successfully

2019-05-29 19:51:28 - [TEST_STEP][PASSED] - click(findTestObject("Object Repository/Global Nav/For Professionals/Collision Repair Network/li_Forprofessionals")): Object: 'Object Repository/Global Nav/For Professionals/Collision Repair Network/li_Forprofessionals' is clicked on

2019-05-29 19:51:28 - [MESSAGE][PASSED] - Object: 'Object Repository/Global Nav/For Professionals/Collision Repair Network/li_Forprofessionals' is clicked on

2019-05-29 19:51:28 - [TEST_STEP][PASSED] - click(findTestObject("Object Repository/Global Nav/For Professionals/Collision Repair Network/a_Collision Repair Network")): Object: 'Object Repository/Global Nav/For Professionals/Collision Repair Network/a_Collision Repair Network' is clicked on

2019-05-29 19:51:28 - [MESSAGE][PASSED] - Object: 'Object Repository/Global Nav/For Professionals/Collision Repair Network/a_Collision Repair Network' is clicked on

2019-05-29 19:51:28 - [TEST_STEP][PASSED] - delay(2): Delayed 2 second(s)

2019-05-29 19:51:30 - [MESSAGE][PASSED] - Delayed 2 second(s)

2019-05-29 19:51:30 - [TEST_STEP][PASSED] - verifyElementText(findTestObject("Global Nav/For Professionals/Collision Repair Network/h1_The General Motors Collision Repair Network"), "The General Motors Collision Repair Network"): Actual text and expected text of test object 'Object Repository/Global Nav/For Professionals/Collision Repair Network/h1_The General Motors Collision Repair Network' are matched.

2019-05-29 19:51:32 - [MESSAGE][PASSED] - Actual text and expected text of test object 'Object Repository/Global Nav/For Professionals/Collision Repair Network/h1_The General Motors Collision Repair Network' are matched.

2019-05-29 19:51:32 - [TEST_STEP][PASSED] - closeBrowser(): Browser is closed

2019-05-29 19:51:33 - [MESSAGE][PASSED] - Browser is closed]]></system-out>
         <system-err><![CDATA[]]></system-err>
      </testcase>
      <testcase name="Test Cases/GGMP/GlobalNav/For Professionals/Core Return Program" classname="Test Cases/GGMP/GlobalNav/For Professionals/Core Return Program" status="PASSED">
         <system-out><![CDATA[2019-05-29 19:51:33 - [TEST_CASE][PASSED] - Test Cases/GGMP/GlobalNav/For Professionals/Core Return Program: Test Cases/GGMP/GlobalNav/For Professionals/Core Return Program

2019-05-29 19:51:33 - [TEST_STEP][PASSED] - openBrowser(""): Browser is opened with url: ''

2019-05-29 19:51:33 - [MESSAGE][INFO] - Starting 'Chrome' driver

2019-05-29 19:51:39 - [MESSAGE][PASSED] - Browser is opened with url: ''

2019-05-29 19:51:39 - [TEST_STEP][PASSED] - maximizeWindow(): Current window maximized

2019-05-29 19:51:41 - [MESSAGE][PASSED] - Current window maximized

2019-05-29 19:51:41 - [TEST_STEP][PASSED] - navigateToUrl("https://www.genuinegmparts.com/"): Navigate to 'https://www.genuinegmparts.com/' successfully

2019-05-29 19:51:44 - [MESSAGE][PASSED] - Navigate to 'https://www.genuinegmparts.com/' successfully

2019-05-29 19:51:44 - [TEST_STEP][PASSED] - click(findTestObject("Object Repository/Global Nav/For Professionals/Core Return Program/li_Forprofessionals")): Object: 'Object Repository/Global Nav/For Professionals/Core Return Program/li_Forprofessionals' is clicked on

2019-05-29 19:51:44 - [MESSAGE][PASSED] - Object: 'Object Repository/Global Nav/For Professionals/Core Return Program/li_Forprofessionals' is clicked on

2019-05-29 19:51:44 - [TEST_STEP][PASSED] - click(findTestObject("Object Repository/Global Nav/For Professionals/Core Return Program/a_Core Return Program")): Object: 'Object Repository/Global Nav/For Professionals/Core Return Program/a_Core Return Program' is clicked on

2019-05-29 19:51:44 - [MESSAGE][PASSED] - Object: 'Object Repository/Global Nav/For Professionals/Core Return Program/a_Core Return Program' is clicked on

2019-05-29 19:51:44 - [TEST_STEP][PASSED] - delay(2): Delayed 2 second(s)

2019-05-29 19:51:46 - [MESSAGE][PASSED] - Delayed 2 second(s)

2019-05-29 19:51:46 - [TEST_STEP][PASSED] - verifyElementText(findTestObject("Global Nav/For Professionals/Core Return Program/h1_GM Core Return Program"), "GM Core Return Program"): Actual text and expected text of test object 'Object Repository/Global Nav/For Professionals/Core Return Program/h1_GM Core Return Program' are matched.

2019-05-29 19:51:46 - [MESSAGE][PASSED] - Actual text and expected text of test object 'Object Repository/Global Nav/For Professionals/Core Return Program/h1_GM Core Return Program' are matched.

2019-05-29 19:51:46 - [TEST_STEP][PASSED] - closeBrowser(): Browser is closed

2019-05-29 19:51:47 - [MESSAGE][PASSED] - Browser is closed]]></system-out>
         <system-err><![CDATA[]]></system-err>
      </testcase>
      <testcase name="Test Cases/GGMP/GlobalNav/For Professionals/My GM Partner Perks" classname="Test Cases/GGMP/GlobalNav/For Professionals/My GM Partner Perks" status="PASSED">
         <system-out><![CDATA[2019-05-29 19:51:47 - [TEST_CASE][PASSED] - Test Cases/GGMP/GlobalNav/For Professionals/My GM Partner Perks: Test Cases/GGMP/GlobalNav/For Professionals/My GM Partner Perks

2019-05-29 19:51:47 - [TEST_STEP][PASSED] - openBrowser(""): Browser is opened with url: ''

2019-05-29 19:51:47 - [MESSAGE][INFO] - Starting 'Chrome' driver

2019-05-29 19:51:52 - [MESSAGE][PASSED] - Browser is opened with url: ''

2019-05-29 19:51:52 - [TEST_STEP][PASSED] - maximizeWindow(): Current window maximized

2019-05-29 19:51:54 - [MESSAGE][PASSED] - Current window maximized

2019-05-29 19:51:54 - [TEST_STEP][PASSED] - navigateToUrl("https://www.genuinegmparts.com/"): Navigate to 'https://www.genuinegmparts.com/' successfully

2019-05-29 19:51:58 - [MESSAGE][PASSED] - Navigate to 'https://www.genuinegmparts.com/' successfully

2019-05-29 19:51:58 - [TEST_STEP][PASSED] - click(findTestObject("Object Repository/Global Nav/For Professionals/My GM Partner Perks/li_Forprofessionals")): Object: 'Object Repository/Global Nav/For Professionals/My GM Partner Perks/li_Forprofessionals' is clicked on

2019-05-29 19:51:58 - [MESSAGE][PASSED] - Object: 'Object Repository/Global Nav/For Professionals/My GM Partner Perks/li_Forprofessionals' is clicked on

2019-05-29 19:51:58 - [TEST_STEP][PASSED] - click(findTestObject("Object Repository/Global Nav/For Professionals/My GM Partner Perks/a_My GM Partner Perks")): Object: 'Object Repository/Global Nav/For Professionals/My GM Partner Perks/a_My GM Partner Perks' is clicked on

2019-05-29 19:51:58 - [MESSAGE][PASSED] - Object: 'Object Repository/Global Nav/For Professionals/My GM Partner Perks/a_My GM Partner Perks' is clicked on

2019-05-29 19:51:58 - [TEST_STEP][PASSED] - delay(2): Delayed 2 second(s)

2019-05-29 19:52:00 - [MESSAGE][PASSED] - Delayed 2 second(s)

2019-05-29 19:52:00 - [TEST_STEP][PASSED] - verifyElementText(findTestObject("Global Nav/For Professionals/My GM Partner Perks/font_MY GM PARTNER PERKS"), "MY GM PARTNER PERKS"): Actual text and expected text of test object 'Object Repository/Global Nav/For Professionals/My GM Partner Perks/font_MY GM PARTNER PERKS' are matched.

2019-05-29 19:52:01 - [MESSAGE][PASSED] - Actual text and expected text of test object 'Object Repository/Global Nav/For Professionals/My GM Partner Perks/font_MY GM PARTNER PERKS' are matched.

2019-05-29 19:52:01 - [TEST_STEP][PASSED] - click(findTestObject("Object Repository/Global Nav/For Professionals/My GM Partner Perks/button_ENROLL TODAY")): Object: 'Object Repository/Global Nav/For Professionals/My GM Partner Perks/button_ENROLL TODAY' is clicked on

2019-05-29 19:52:02 - [MESSAGE][PASSED] - Object: 'Object Repository/Global Nav/For Professionals/My GM Partner Perks/button_ENROLL TODAY' is clicked on

2019-05-29 19:52:02 - [TEST_STEP][PASSED] - closeBrowser(): Browser is closed

2019-05-29 19:52:03 - [MESSAGE][PASSED] - Browser is closed]]></system-out>
         <system-err><![CDATA[]]></system-err>
      </testcase>
      <testcase name="Test Cases/GGMP/GlobalNav/For Professionals/Position Statements" classname="Test Cases/GGMP/GlobalNav/For Professionals/Position Statements" status="PASSED">
         <system-out><![CDATA[2019-05-29 19:52:03 - [TEST_CASE][PASSED] - Test Cases/GGMP/GlobalNav/For Professionals/Position Statements: Test Cases/GGMP/GlobalNav/For Professionals/Position Statements

2019-05-29 19:52:03 - [TEST_STEP][PASSED] - openBrowser(""): Browser is opened with url: ''

2019-05-29 19:52:03 - [MESSAGE][INFO] - Starting 'Chrome' driver

2019-05-29 19:52:08 - [MESSAGE][PASSED] - Browser is opened with url: ''

2019-05-29 19:52:08 - [TEST_STEP][PASSED] - maximizeWindow(): Current window maximized

2019-05-29 19:52:10 - [MESSAGE][PASSED] - Current window maximized

2019-05-29 19:52:10 - [TEST_STEP][PASSED] - navigateToUrl("https://www.genuinegmparts.com/"): Navigate to 'https://www.genuinegmparts.com/' successfully

2019-05-29 19:52:13 - [MESSAGE][PASSED] - Navigate to 'https://www.genuinegmparts.com/' successfully

2019-05-29 19:52:13 - [TEST_STEP][PASSED] - click(findTestObject("Object Repository/Global Nav/For Professionals/Position Statements/li_Forprofessionals")): Object: 'Object Repository/Global Nav/For Professionals/Position Statements/li_Forprofessionals' is clicked on

2019-05-29 19:52:13 - [MESSAGE][PASSED] - Object: 'Object Repository/Global Nav/For Professionals/Position Statements/li_Forprofessionals' is clicked on

2019-05-29 19:52:13 - [TEST_STEP][PASSED] - click(findTestObject("Object Repository/Global Nav/For Professionals/Position Statements/a_Position Statements")): Object: 'Object Repository/Global Nav/For Professionals/Position Statements/a_Position Statements' is clicked on

2019-05-29 19:52:13 - [MESSAGE][PASSED] - Object: 'Object Repository/Global Nav/For Professionals/Position Statements/a_Position Statements' is clicked on

2019-05-29 19:52:13 - [TEST_STEP][PASSED] - delay(2): Delayed 2 second(s)

2019-05-29 19:52:15 - [MESSAGE][PASSED] - Delayed 2 second(s)

2019-05-29 19:52:15 - [TEST_STEP][PASSED] - verifyElementText(findTestObject("Global Nav/For Professionals/Position Statements/h1_Position statements"), "Position statements"): Actual text and expected text of test object 'Object Repository/Global Nav/For Professionals/Position Statements/h1_Position statements' are matched.

2019-05-29 19:52:15 - [MESSAGE][PASSED] - Actual text and expected text of test object 'Object Repository/Global Nav/For Professionals/Position Statements/h1_Position statements' are matched.

2019-05-29 19:52:15 - [TEST_STEP][PASSED] - closeBrowser(): Browser is closed

2019-05-29 19:52:16 - [MESSAGE][PASSED] - Browser is closed]]></system-out>
         <system-err><![CDATA[]]></system-err>
      </testcase>
      <testcase name="Test Cases/GGMP/GlobalNav/For Professionals/Programs and Offers" classname="Test Cases/GGMP/GlobalNav/For Professionals/Programs and Offers" status="PASSED">
         <system-out><![CDATA[2019-05-29 19:52:16 - [TEST_CASE][PASSED] - Test Cases/GGMP/GlobalNav/For Professionals/Programs and Offers: Test Cases/GGMP/GlobalNav/For Professionals/Programs and Offers

2019-05-29 19:52:16 - [TEST_STEP][PASSED] - openBrowser(""): Browser is opened with url: ''

2019-05-29 19:52:16 - [MESSAGE][INFO] - Starting 'Chrome' driver

2019-05-29 19:52:22 - [MESSAGE][PASSED] - Browser is opened with url: ''

2019-05-29 19:52:22 - [TEST_STEP][PASSED] - maximizeWindow(): Current window maximized

2019-05-29 19:52:23 - [MESSAGE][PASSED] - Current window maximized

2019-05-29 19:52:23 - [TEST_STEP][PASSED] - navigateToUrl("https://www.genuinegmparts.com/"): Navigate to 'https://www.genuinegmparts.com/' successfully

2019-05-29 19:52:26 - [MESSAGE][PASSED] - Navigate to 'https://www.genuinegmparts.com/' successfully

2019-05-29 19:52:26 - [TEST_STEP][PASSED] - click(findTestObject("Object Repository/Global Nav/For Professionals/Programs and Offers/li_Forprofessionals")): Object: 'Object Repository/Global Nav/For Professionals/Programs and Offers/li_Forprofessionals' is clicked on

2019-05-29 19:52:26 - [MESSAGE][PASSED] - Object: 'Object Repository/Global Nav/For Professionals/Programs and Offers/li_Forprofessionals' is clicked on

2019-05-29 19:52:26 - [TEST_STEP][PASSED] - click(findTestObject("Object Repository/Global Nav/For Professionals/Programs and Offers/span_Programs  Offers")): Object: 'Object Repository/Global Nav/For Professionals/Programs and Offers/span_Programs  Offers' is clicked on

2019-05-29 19:52:26 - [MESSAGE][PASSED] - Object: 'Object Repository/Global Nav/For Professionals/Programs and Offers/span_Programs  Offers' is clicked on

2019-05-29 19:52:26 - [TEST_STEP][PASSED] - click(findTestObject("Object Repository/Global Nav/For Professionals/Programs and Offers/a_concat(id(  ttpopclose1  ))_ttpopclose1")): Object: 'Object Repository/Global Nav/For Professionals/Programs and Offers/a_concat(id(  ttpopclose1  ))_ttpopclose1' is clicked on

2019-05-29 19:52:31 - [MESSAGE][PASSED] - Object: 'Object Repository/Global Nav/For Professionals/Programs and Offers/a_concat(id(  ttpopclose1  ))_ttpopclose1' is clicked on

2019-05-29 19:52:31 - [TEST_STEP][PASSED] - delay(2): Delayed 2 second(s)

2019-05-29 19:52:33 - [MESSAGE][PASSED] - Delayed 2 second(s)

2019-05-29 19:52:33 - [TEST_STEP][PASSED] - verifyElementPresent(findTestObject("Object Repository/Global Nav/For Professionals/Programs and Offers/img_GO_img-responsive"), 0): Object 'Object Repository/Global Nav/For Professionals/Programs and Offers/img_GO_img-responsive' is present

2019-05-29 19:52:33 - [MESSAGE][WARNING] - Timeout '0' is invalid. Using default page load timeout: '30'

2019-05-29 19:52:33 - [MESSAGE][PASSED] - Object 'Object Repository/Global Nav/For Professionals/Programs and Offers/img_GO_img-responsive' is present

2019-05-29 19:52:33 - [TEST_STEP][PASSED] - closeBrowser(): Browser is closed

2019-05-29 19:52:34 - [MESSAGE][PASSED] - Browser is closed]]></system-out>
         <system-err><![CDATA[]]></system-err>
      </testcase>
      <testcase name="Test Cases/GGMP/GlobalNav/For Professionals/Repair Manuals" classname="Test Cases/GGMP/GlobalNav/For Professionals/Repair Manuals" status="PASSED">
         <system-out><![CDATA[2019-05-29 19:52:34 - [TEST_CASE][PASSED] - Test Cases/GGMP/GlobalNav/For Professionals/Repair Manuals: Test Cases/GGMP/GlobalNav/For Professionals/Repair Manuals

2019-05-29 19:52:34 - [TEST_STEP][PASSED] - openBrowser(""): Browser is opened with url: ''

2019-05-29 19:52:34 - [MESSAGE][INFO] - Starting 'Chrome' driver

2019-05-29 19:52:39 - [MESSAGE][PASSED] - Browser is opened with url: ''

2019-05-29 19:52:39 - [TEST_STEP][PASSED] - maximizeWindow(): Current window maximized

2019-05-29 19:52:41 - [MESSAGE][PASSED] - Current window maximized

2019-05-29 19:52:41 - [TEST_STEP][PASSED] - navigateToUrl("https://www.genuinegmparts.com/"): Navigate to 'https://www.genuinegmparts.com/' successfully

2019-05-29 19:52:44 - [MESSAGE][PASSED] - Navigate to 'https://www.genuinegmparts.com/' successfully

2019-05-29 19:52:44 - [TEST_STEP][PASSED] - click(findTestObject("Object Repository/Global Nav/For Professionals/Repair Manuals/li_Forprofessionals")): Object: 'Object Repository/Global Nav/For Professionals/Repair Manuals/li_Forprofessionals' is clicked on

2019-05-29 19:52:44 - [MESSAGE][PASSED] - Object: 'Object Repository/Global Nav/For Professionals/Repair Manuals/li_Forprofessionals' is clicked on

2019-05-29 19:52:44 - [TEST_STEP][PASSED] - click(findTestObject("Object Repository/Global Nav/For Professionals/Repair Manuals/span_Repair manuals")): Object: 'Object Repository/Global Nav/For Professionals/Repair Manuals/span_Repair manuals' is clicked on

2019-05-29 19:52:44 - [MESSAGE][PASSED] - Object: 'Object Repository/Global Nav/For Professionals/Repair Manuals/span_Repair manuals' is clicked on

2019-05-29 19:52:44 - [TEST_STEP][PASSED] - delay(2): Delayed 2 second(s)

2019-05-29 19:52:46 - [MESSAGE][PASSED] - Delayed 2 second(s)

2019-05-29 19:52:46 - [TEST_STEP][PASSED] - verifyElementText(findTestObject("Global Nav/For Professionals/Repair Manuals/h1_Collision repair manuals for GM vehicles"), "Collision repair manuals for GM vehicles"): Actual text and expected text of test object 'Object Repository/Global Nav/For Professionals/Repair Manuals/h1_Collision repair manuals for GM vehicles' are matched.

2019-05-29 19:52:46 - [MESSAGE][PASSED] - Actual text and expected text of test object 'Object Repository/Global Nav/For Professionals/Repair Manuals/h1_Collision repair manuals for GM vehicles' are matched.

2019-05-29 19:52:46 - [TEST_STEP][PASSED] - click(findTestObject("Object Repository/Global Nav/For Professionals/Repair Manuals/button_Sign in or Subscribe")): Object: 'Object Repository/Global Nav/For Professionals/Repair Manuals/button_Sign in or Subscribe' is clicked on

2019-05-29 19:52:46 - [MESSAGE][PASSED] - Object: 'Object Repository/Global Nav/For Professionals/Repair Manuals/button_Sign in or Subscribe' is clicked on

2019-05-29 19:52:46 - [TEST_STEP][PASSED] - closeBrowser(): Browser is closed

2019-05-29 19:52:47 - [MESSAGE][PASSED] - Browser is closed]]></system-out>
         <system-err><![CDATA[]]></system-err>
      </testcase>
      <testcase name="Test Cases/GGMP/GlobalNav/For Professionals/Technical Documents" classname="Test Cases/GGMP/GlobalNav/For Professionals/Technical Documents" status="PASSED">
         <system-out><![CDATA[2019-05-29 19:52:47 - [TEST_CASE][PASSED] - Test Cases/GGMP/GlobalNav/For Professionals/Technical Documents: Test Cases/GGMP/GlobalNav/For Professionals/Technical Documents

2019-05-29 19:52:48 - [TEST_STEP][PASSED] - openBrowser(""): Browser is opened with url: ''

2019-05-29 19:52:48 - [MESSAGE][INFO] - Starting 'Chrome' driver

2019-05-29 19:52:53 - [MESSAGE][PASSED] - Browser is opened with url: ''

2019-05-29 19:52:53 - [TEST_STEP][PASSED] - maximizeWindow(): Current window maximized

2019-05-29 19:52:54 - [MESSAGE][PASSED] - Current window maximized

2019-05-29 19:52:54 - [TEST_STEP][PASSED] - navigateToUrl("https://www.genuinegmparts.com/"): Navigate to 'https://www.genuinegmparts.com/' successfully

2019-05-29 19:52:57 - [MESSAGE][PASSED] - Navigate to 'https://www.genuinegmparts.com/' successfully

2019-05-29 19:52:57 - [TEST_STEP][PASSED] - click(findTestObject("Object Repository/Global Nav/For Professionals/Technical Documents/li_Forprofessionals")): Object: 'Object Repository/Global Nav/For Professionals/Technical Documents/li_Forprofessionals' is clicked on

2019-05-29 19:52:57 - [MESSAGE][PASSED] - Object: 'Object Repository/Global Nav/For Professionals/Technical Documents/li_Forprofessionals' is clicked on

2019-05-29 19:52:57 - [TEST_STEP][PASSED] - click(findTestObject("Object Repository/Global Nav/For Professionals/Technical Documents/span_Technical documents")): Object: 'Object Repository/Global Nav/For Professionals/Technical Documents/span_Technical documents' is clicked on

2019-05-29 19:52:58 - [MESSAGE][PASSED] - Object: 'Object Repository/Global Nav/For Professionals/Technical Documents/span_Technical documents' is clicked on

2019-05-29 19:52:58 - [TEST_STEP][PASSED] - delay(2): Delayed 2 second(s)

2019-05-29 19:53:00 - [MESSAGE][PASSED] - Delayed 2 second(s)

2019-05-29 19:53:00 - [TEST_STEP][PASSED] - verifyElementText(findTestObject("Global Nav/For Professionals/Technical Documents/h1_Technical documents"), "Technical documents"): Actual text and expected text of test object 'Object Repository/Global Nav/For Professionals/Technical Documents/h1_Technical documents' are matched.

2019-05-29 19:53:00 - [MESSAGE][PASSED] - Actual text and expected text of test object 'Object Repository/Global Nav/For Professionals/Technical Documents/h1_Technical documents' are matched.

2019-05-29 19:53:00 - [TEST_STEP][PASSED] - click(findTestObject("Object Repository/Global Nav/For Professionals/Technical Documents/span_Collision Sectioning Warning")): Object: 'Object Repository/Global Nav/For Professionals/Technical Documents/span_Collision Sectioning Warning' is clicked on

2019-05-29 19:53:00 - [MESSAGE][PASSED] - Object: 'Object Repository/Global Nav/For Professionals/Technical Documents/span_Collision Sectioning Warning' is clicked on

2019-05-29 19:53:00 - [TEST_STEP][PASSED] - closeBrowser(): Browser is closed

2019-05-29 19:53:01 - [MESSAGE][PASSED] - Browser is closed]]></system-out>
         <system-err><![CDATA[]]></system-err>
      </testcase>
      <testcase name="Test Cases/GGMP/GlobalNav/For Professionals/Touch-Up Paint" classname="Test Cases/GGMP/GlobalNav/For Professionals/Touch-Up Paint" status="PASSED">
         <system-out><![CDATA[2019-05-29 19:53:01 - [TEST_CASE][PASSED] - Test Cases/GGMP/GlobalNav/For Professionals/Touch-Up Paint: Test Cases/GGMP/GlobalNav/For Professionals/Touch-Up Paint

2019-05-29 19:53:01 - [TEST_STEP][PASSED] - openBrowser(""): Browser is opened with url: ''

2019-05-29 19:53:01 - [MESSAGE][INFO] - Starting 'Chrome' driver

2019-05-29 19:53:07 - [MESSAGE][PASSED] - Browser is opened with url: ''

2019-05-29 19:53:07 - [TEST_STEP][PASSED] - maximizeWindow(): Current window maximized

2019-05-29 19:53:08 - [MESSAGE][PASSED] - Current window maximized

2019-05-29 19:53:08 - [TEST_STEP][PASSED] - navigateToUrl("https://www.genuinegmparts.com/"): Navigate to 'https://www.genuinegmparts.com/' successfully

2019-05-29 19:53:11 - [MESSAGE][PASSED] - Navigate to 'https://www.genuinegmparts.com/' successfully

2019-05-29 19:53:11 - [TEST_STEP][PASSED] - click(findTestObject("Object Repository/Global Nav/For Professionals/Touch-Up Paint/li_Forprofessionals")): Object: 'Object Repository/Global Nav/For Professionals/Touch-Up Paint/li_Forprofessionals' is clicked on

2019-05-29 19:53:11 - [MESSAGE][PASSED] - Object: 'Object Repository/Global Nav/For Professionals/Touch-Up Paint/li_Forprofessionals' is clicked on

2019-05-29 19:53:11 - [TEST_STEP][PASSED] - click(findTestObject("Object Repository/Global Nav/For Professionals/Touch-Up Paint/a_Touch-Up Paint")): Object: 'Object Repository/Global Nav/For Professionals/Touch-Up Paint/a_Touch-Up Paint' is clicked on

2019-05-29 19:53:11 - [MESSAGE][PASSED] - Object: 'Object Repository/Global Nav/For Professionals/Touch-Up Paint/a_Touch-Up Paint' is clicked on

2019-05-29 19:53:11 - [TEST_STEP][PASSED] - delay(2): Delayed 2 second(s)

2019-05-29 19:53:13 - [MESSAGE][PASSED] - Delayed 2 second(s)

2019-05-29 19:53:13 - [TEST_STEP][PASSED] - verifyElementText(findTestObject("Global Nav/For Professionals/Touch-Up Paint/h1_Show your true colors with GM auto touch-up paint"), "Show your true colors with GM auto touch-up paint"): Actual text and expected text of test object 'Object Repository/Global Nav/For Professionals/Touch-Up Paint/h1_Show your true colors with GM auto touch-up paint' are matched.

2019-05-29 19:53:14 - [MESSAGE][PASSED] - Actual text and expected text of test object 'Object Repository/Global Nav/For Professionals/Touch-Up Paint/h1_Show your true colors with GM auto touch-up paint' are matched.

2019-05-29 19:53:14 - [TEST_STEP][PASSED] - closeBrowser(): Browser is closed

2019-05-29 19:53:15 - [MESSAGE][PASSED] - Browser is closed]]></system-out>
         <system-err><![CDATA[]]></system-err>
      </testcase>
      <testcase name="Test Cases/GGMP/GlobalNav/HomePage/Masthead" classname="Test Cases/GGMP/GlobalNav/HomePage/Masthead" status="PASSED">
         <system-out><![CDATA[2019-05-29 19:53:15 - [TEST_CASE][PASSED] - Test Cases/GGMP/GlobalNav/HomePage/Masthead: Test Cases/GGMP/GlobalNav/HomePage/Masthead

2019-05-29 19:53:15 - [TEST_STEP][PASSED] - openBrowser(""): Browser is opened with url: ''

2019-05-29 19:53:15 - [MESSAGE][INFO] - Starting 'Chrome' driver

2019-05-29 19:53:21 - [MESSAGE][PASSED] - Browser is opened with url: ''

2019-05-29 19:53:21 - [TEST_STEP][PASSED] - navigateToUrl("https://www.genuinegmparts.com/"): Navigate to 'https://www.genuinegmparts.com/' successfully

2019-05-29 19:53:24 - [MESSAGE][PASSED] - Navigate to 'https://www.genuinegmparts.com/' successfully

2019-05-29 19:53:24 - [TEST_STEP][PASSED] - click(findTestObject("Object Repository/HomePage/Masthead/button_3")): Object: 'Object Repository/HomePage/Masthead/button_3' is clicked on

2019-05-29 19:53:24 - [MESSAGE][PASSED] - Object: 'Object Repository/HomePage/Masthead/button_3' is clicked on

2019-05-29 19:53:24 - [TEST_STEP][PASSED] - click(findTestObject("Object Repository/HomePage/Masthead/button_1")): Object: 'Object Repository/HomePage/Masthead/button_1' is clicked on

2019-05-29 19:53:25 - [MESSAGE][PASSED] - Object: 'Object Repository/HomePage/Masthead/button_1' is clicked on

2019-05-29 19:53:25 - [TEST_STEP][PASSED] - click(findTestObject("Object Repository/HomePage/Masthead/button_4")): Object: 'Object Repository/HomePage/Masthead/button_4' is clicked on

2019-05-29 19:53:25 - [MESSAGE][PASSED] - Object: 'Object Repository/HomePage/Masthead/button_4' is clicked on

2019-05-29 19:53:25 - [TEST_STEP][PASSED] - closeBrowser(): Browser is closed

2019-05-29 19:53:26 - [MESSAGE][PASSED] - Browser is closed]]></system-out>
         <system-err><![CDATA[]]></system-err>
      </testcase>
      <testcase name="Test Cases/GGMP/GlobalNav/Locate Parts and Service/LAD" classname="Test Cases/GGMP/GlobalNav/Locate Parts and Service/LAD" status="PASSED">
         <system-out><![CDATA[2019-05-29 19:53:26 - [TEST_CASE][PASSED] - Test Cases/GGMP/GlobalNav/Locate Parts and Service/LAD: Test Cases/GGMP/GlobalNav/Locate Parts and Service/LAD

2019-05-29 19:53:26 - [TEST_STEP][PASSED] - openBrowser(""): Browser is opened with url: ''

2019-05-29 19:53:26 - [MESSAGE][INFO] - Starting 'Chrome' driver

2019-05-29 19:53:31 - [MESSAGE][PASSED] - Browser is opened with url: ''

2019-05-29 19:53:31 - [TEST_STEP][PASSED] - maximizeWindow(): Current window maximized

2019-05-29 19:53:32 - [MESSAGE][PASSED] - Current window maximized

2019-05-29 19:53:32 - [TEST_STEP][PASSED] - navigateToUrl("https://www.genuinegmparts.com/"): Navigate to 'https://www.genuinegmparts.com/' successfully

2019-05-29 19:53:35 - [MESSAGE][PASSED] - Navigate to 'https://www.genuinegmparts.com/' successfully

2019-05-29 19:53:35 - [TEST_STEP][PASSED] - click(findTestObject("Object Repository/Global Nav/Locate Parts and Service/LAD/li_Locate Parts andService")): Object: 'Object Repository/Global Nav/Locate Parts and Service/LAD/li_Locate Parts andService' is clicked on

2019-05-29 19:53:36 - [MESSAGE][PASSED] - Object: 'Object Repository/Global Nav/Locate Parts and Service/LAD/li_Locate Parts andService' is clicked on

2019-05-29 19:53:36 - [TEST_STEP][PASSED] - click(findTestObject("Object Repository/Global Nav/Locate Parts and Service/LAD/span_Locate a Parts Dealer")): Object: 'Object Repository/Global Nav/Locate Parts and Service/LAD/span_Locate a Parts Dealer' is clicked on

2019-05-29 19:53:39 - [MESSAGE][PASSED] - Object: 'Object Repository/Global Nav/Locate Parts and Service/LAD/span_Locate a Parts Dealer' is clicked on

2019-05-29 19:53:39 - [TEST_STEP][PASSED] - setText(findTestObject("Object Repository/Global Nav/Locate Parts and Service/LAD/input_City State_inpZip"), "10001"): Text '10001' is set on object 'Object Repository/Global Nav/Locate Parts and Service/LAD/input_City State_inpZip'

2019-05-29 19:53:39 - [MESSAGE][PASSED] - Text '10001' is set on object 'Object Repository/Global Nav/Locate Parts and Service/LAD/input_City State_inpZip'

2019-05-29 19:53:39 - [TEST_STEP][PASSED] - click(findTestObject("Object Repository/Global Nav/Locate Parts and Service/LAD/button_Begin your search")): Object: 'Object Repository/Global Nav/Locate Parts and Service/LAD/button_Begin your search' is clicked on

2019-05-29 19:53:40 - [MESSAGE][PASSED] - Object: 'Object Repository/Global Nav/Locate Parts and Service/LAD/button_Begin your search' is clicked on

2019-05-29 19:53:40 - [TEST_STEP][PASSED] - delay(3): Delayed 3 second(s)

2019-05-29 19:53:43 - [MESSAGE][PASSED] - Delayed 3 second(s)

2019-05-29 19:53:43 - [TEST_STEP][PASSED] - verifyElementPresent(findTestObject("Global Nav/Locate Parts and Service/LAD/span"), 0): Object 'Object Repository/Global Nav/Locate Parts and Service/LAD/span' is present

2019-05-29 19:53:43 - [MESSAGE][WARNING] - Timeout '0' is invalid. Using default page load timeout: '30'

2019-05-29 19:53:44 - [MESSAGE][PASSED] - Object 'Object Repository/Global Nav/Locate Parts and Service/LAD/span' is present

2019-05-29 19:53:44 - [TEST_STEP][PASSED] - closeBrowser(): Browser is closed

2019-05-29 19:53:45 - [MESSAGE][PASSED] - Browser is closed]]></system-out>
         <system-err><![CDATA[]]></system-err>
      </testcase>
      <testcase name="Test Cases/GGMP/GlobalNav/Locate Parts and Service/New LAD" classname="Test Cases/GGMP/GlobalNav/Locate Parts and Service/New LAD" status="PASSED">
         <system-out><![CDATA[2019-05-29 19:53:45 - [TEST_CASE][PASSED] - Test Cases/GGMP/GlobalNav/Locate Parts and Service/New LAD: Test Cases/GGMP/GlobalNav/Locate Parts and Service/New LAD

2019-05-29 19:53:45 - [TEST_STEP][PASSED] - openBrowser(""): Browser is opened with url: ''

2019-05-29 19:53:45 - [MESSAGE][INFO] - Starting 'Chrome' driver

2019-05-29 19:53:51 - [MESSAGE][PASSED] - Browser is opened with url: ''

2019-05-29 19:53:51 - [TEST_STEP][PASSED] - maximizeWindow(): Current window maximized

2019-05-29 19:53:52 - [MESSAGE][PASSED] - Current window maximized

2019-05-29 19:53:52 - [TEST_STEP][PASSED] - navigateToUrl("https://www.genuinegmparts.com/"): Navigate to 'https://www.genuinegmparts.com/' successfully

2019-05-29 19:53:55 - [MESSAGE][PASSED] - Navigate to 'https://www.genuinegmparts.com/' successfully

2019-05-29 19:53:55 - [TEST_STEP][PASSED] - click(findTestObject("Object Repository/Global Nav/Locate Parts and Service/New LAD/li_Locate Parts andService")): Object: 'Object Repository/Global Nav/Locate Parts and Service/New LAD/li_Locate Parts andService' is clicked on

2019-05-29 19:53:55 - [MESSAGE][PASSED] - Object: 'Object Repository/Global Nav/Locate Parts and Service/New LAD/li_Locate Parts andService' is clicked on

2019-05-29 19:53:55 - [TEST_STEP][PASSED] - click(findTestObject("Object Repository/Global Nav/Locate Parts and Service/New LAD/span_Locate a GM Collision Repair Network Facility")): Object: 'Object Repository/Global Nav/Locate Parts and Service/New LAD/span_Locate a GM Collision Repair Network Facility' is clicked on

2019-05-29 19:53:58 - [MESSAGE][PASSED] - Object: 'Object Repository/Global Nav/Locate Parts and Service/New LAD/span_Locate a GM Collision Repair Network Facility' is clicked on

2019-05-29 19:53:58 - [TEST_STEP][PASSED] - setText(findTestObject("Object Repository/Global Nav/Locate Parts and Service/New LAD/input_ZIP Code or CityState_inpZip"), "10001"): Text '10001' is set on object 'Object Repository/Global Nav/Locate Parts and Service/New LAD/input_ZIP Code or CityState_inpZip'

2019-05-29 19:53:58 - [MESSAGE][PASSED] - Text '10001' is set on object 'Object Repository/Global Nav/Locate Parts and Service/New LAD/input_ZIP Code or CityState_inpZip'

2019-05-29 19:53:58 - [TEST_STEP][PASSED] - click(findTestObject("Object Repository/Global Nav/Locate Parts and Service/New LAD/button_ZIP Code or CityState_searchBtn")): Object: 'Object Repository/Global Nav/Locate Parts and Service/New LAD/button_ZIP Code or CityState_searchBtn' is clicked on

2019-05-29 19:53:58 - [MESSAGE][PASSED] - Object: 'Object Repository/Global Nav/Locate Parts and Service/New LAD/button_ZIP Code or CityState_searchBtn' is clicked on

2019-05-29 19:53:58 - [TEST_STEP][PASSED] - delay(2): Delayed 2 second(s)

2019-05-29 19:54:00 - [MESSAGE][PASSED] - Delayed 2 second(s)

2019-05-29 19:54:00 - [TEST_STEP][PASSED] - click(findTestObject("Object Repository/Global Nav/Locate Parts and Service/New LAD/h2_precision auto works")): Object: 'Object Repository/Global Nav/Locate Parts and Service/New LAD/h2_precision auto works' is clicked on

2019-05-29 19:54:02 - [MESSAGE][PASSED] - Object: 'Object Repository/Global Nav/Locate Parts and Service/New LAD/h2_precision auto works' is clicked on

2019-05-29 19:54:02 - [TEST_STEP][PASSED] - click(findTestObject("Object Repository/Global Nav/Locate Parts and Service/New LAD/p_Back to List")): Object: 'Object Repository/Global Nav/Locate Parts and Service/New LAD/p_Back to List' is clicked on

2019-05-29 19:54:02 - [MESSAGE][PASSED] - Object: 'Object Repository/Global Nav/Locate Parts and Service/New LAD/p_Back to List' is clicked on

2019-05-29 19:54:02 - [TEST_STEP][PASSED] - click(findTestObject("Object Repository/Global Nav/Locate Parts and Service/New LAD/button_Terms of Use_gm-control-active gm-fullscreen-control")): Object: 'Object Repository/Global Nav/Locate Parts and Service/New LAD/button_Terms of Use_gm-control-active gm-fullscreen-control' is clicked on

2019-05-29 19:54:03 - [MESSAGE][PASSED] - Object: 'Object Repository/Global Nav/Locate Parts and Service/New LAD/button_Terms of Use_gm-control-active gm-fullscreen-control' is clicked on

2019-05-29 19:54:03 - [TEST_STEP][PASSED] - click(findTestObject("Object Repository/Global Nav/Locate Parts and Service/New LAD/button_Terms of Use_gm-control-active gm-fullscreen-control")): Object: 'Object Repository/Global Nav/Locate Parts and Service/New LAD/button_Terms of Use_gm-control-active gm-fullscreen-control' is clicked on

2019-05-29 19:54:03 - [MESSAGE][PASSED] - Object: 'Object Repository/Global Nav/Locate Parts and Service/New LAD/button_Terms of Use_gm-control-active gm-fullscreen-control' is clicked on

2019-05-29 19:54:03 - [TEST_STEP][PASSED] - closeBrowser(): Browser is closed

2019-05-29 19:54:05 - [MESSAGE][PASSED] - Browser is closed]]></system-out>
         <system-err><![CDATA[]]></system-err>
      </testcase>
      <testcase name="Test Cases/GGMP/GlobalNav/Offers/Offers" classname="Test Cases/GGMP/GlobalNav/Offers/Offers" status="PASSED">
         <system-out><![CDATA[2019-05-29 19:54:05 - [TEST_CASE][PASSED] - Test Cases/GGMP/GlobalNav/Offers/Offers: Test Cases/GGMP/GlobalNav/Offers/Offers

2019-05-29 19:54:05 - [TEST_STEP][PASSED] - openBrowser(""): Browser is opened with url: ''

2019-05-29 19:54:05 - [MESSAGE][INFO] - Starting 'Chrome' driver

2019-05-29 19:54:11 - [MESSAGE][PASSED] - Browser is opened with url: ''

2019-05-29 19:54:11 - [TEST_STEP][PASSED] - maximizeWindow(): Current window maximized

2019-05-29 19:54:12 - [MESSAGE][PASSED] - Current window maximized

2019-05-29 19:54:12 - [TEST_STEP][PASSED] - navigateToUrl("https://www.genuinegmparts.com/"): Navigate to 'https://www.genuinegmparts.com/' successfully

2019-05-29 19:54:15 - [MESSAGE][PASSED] - Navigate to 'https://www.genuinegmparts.com/' successfully

2019-05-29 19:54:15 - [TEST_STEP][PASSED] - click(findTestObject("Object Repository/Global Nav/OFFERS/oFFERS/Offers/a_Offers")): Object: 'Object Repository/Global Nav/OFFERS/oFFERS/Offers/a_Offers' is clicked on

2019-05-29 19:54:18 - [MESSAGE][PASSED] - Object: 'Object Repository/Global Nav/OFFERS/oFFERS/Offers/a_Offers' is clicked on

2019-05-29 19:54:18 - [TEST_STEP][PASSED] - delay(2): Delayed 2 second(s)

2019-05-29 19:54:20 - [MESSAGE][PASSED] - Delayed 2 second(s)

2019-05-29 19:54:20 - [TEST_STEP][PASSED] - verifyElementText(findTestObject("Global Nav/OFFERS/oFFERS/Offers/h1_Get the Genuine GM Parts you need"), "Get the Genuine GM Parts you need"): Actual text and expected text of test object 'Object Repository/Global Nav/OFFERS/oFFERS/Offers/h1_Get the Genuine GM Parts you need' are matched.

2019-05-29 19:54:20 - [MESSAGE][PASSED] - Actual text and expected text of test object 'Object Repository/Global Nav/OFFERS/oFFERS/Offers/h1_Get the Genuine GM Parts you need' are matched.

2019-05-29 19:54:20 - [TEST_STEP][PASSED] - closeBrowser(): Browser is closed

2019-05-29 19:54:20 - [MESSAGE][PASSED] - Browser is closed]]></system-out>
         <system-err><![CDATA[]]></system-err>
      </testcase>
      <testcase name="Test Cases/GGMP/GlobalNav/Powertrain/Engine Components" classname="Test Cases/GGMP/GlobalNav/Powertrain/Engine Components" status="PASSED">
         <system-out><![CDATA[2019-05-29 19:54:20 - [TEST_CASE][PASSED] - Test Cases/GGMP/GlobalNav/Powertrain/Engine Components: Test Cases/GGMP/GlobalNav/Powertrain/Engine Components

2019-05-29 19:54:21 - [TEST_STEP][PASSED] - openBrowser(""): Browser is opened with url: ''

2019-05-29 19:54:21 - [MESSAGE][INFO] - Starting 'Chrome' driver

2019-05-29 19:54:26 - [MESSAGE][PASSED] - Browser is opened with url: ''

2019-05-29 19:54:26 - [TEST_STEP][PASSED] - maximizeWindow(): Current window maximized

2019-05-29 19:54:27 - [MESSAGE][PASSED] - Current window maximized

2019-05-29 19:54:27 - [TEST_STEP][PASSED] - navigateToUrl("https://www.genuinegmparts.com/"): Navigate to 'https://www.genuinegmparts.com/' successfully

2019-05-29 19:54:30 - [MESSAGE][PASSED] - Navigate to 'https://www.genuinegmparts.com/' successfully

2019-05-29 19:54:30 - [TEST_STEP][PASSED] - click(findTestObject("Object Repository/Global Nav/Powertrain/Engine Components/li_Powertrain")): Object: 'Object Repository/Global Nav/Powertrain/Engine Components/li_Powertrain' is clicked on

2019-05-29 19:54:30 - [MESSAGE][PASSED] - Object: 'Object Repository/Global Nav/Powertrain/Engine Components/li_Powertrain' is clicked on

2019-05-29 19:54:30 - [TEST_STEP][PASSED] - click(findTestObject("Object Repository/Global Nav/Powertrain/Engine Components/span_Engine components")): Object: 'Object Repository/Global Nav/Powertrain/Engine Components/span_Engine components' is clicked on

2019-05-29 19:54:30 - [MESSAGE][PASSED] - Object: 'Object Repository/Global Nav/Powertrain/Engine Components/span_Engine components' is clicked on

2019-05-29 19:54:30 - [TEST_STEP][PASSED] - delay(2): Delayed 2 second(s)

2019-05-29 19:54:32 - [MESSAGE][PASSED] - Delayed 2 second(s)

2019-05-29 19:54:32 - [TEST_STEP][PASSED] - verifyElementText(findTestObject("Global Nav/Powertrain/Engine Components/h1_Keep putting power down with Genuine GM Parts"), "Keep putting power down with Genuine GM Parts"): Actual text and expected text of test object 'Object Repository/Global Nav/Powertrain/Engine Components/h1_Keep putting power down with Genuine GM Parts' are matched.

2019-05-29 19:54:33 - [MESSAGE][PASSED] - Actual text and expected text of test object 'Object Repository/Global Nav/Powertrain/Engine Components/h1_Keep putting power down with Genuine GM Parts' are matched.

2019-05-29 19:54:33 - [TEST_STEP][PASSED] - closeBrowser(): Browser is closed

2019-05-29 19:54:33 - [MESSAGE][PASSED] - Browser is closed]]></system-out>
         <system-err><![CDATA[]]></system-err>
      </testcase>
      <testcase name="Test Cases/GGMP/GlobalNav/Powertrain/Engines" classname="Test Cases/GGMP/GlobalNav/Powertrain/Engines" status="PASSED">
         <system-out><![CDATA[2019-05-29 19:54:33 - [TEST_CASE][PASSED] - Test Cases/GGMP/GlobalNav/Powertrain/Engines: Test Cases/GGMP/GlobalNav/Powertrain/Engines

2019-05-29 19:54:34 - [TEST_STEP][PASSED] - openBrowser(""): Browser is opened with url: ''

2019-05-29 19:54:34 - [MESSAGE][INFO] - Starting 'Chrome' driver

2019-05-29 19:54:39 - [MESSAGE][PASSED] - Browser is opened with url: ''

2019-05-29 19:54:39 - [TEST_STEP][PASSED] - maximizeWindow(): Current window maximized

2019-05-29 19:54:40 - [MESSAGE][PASSED] - Current window maximized

2019-05-29 19:54:40 - [TEST_STEP][PASSED] - navigateToUrl("https://www.genuinegmparts.com/"): Navigate to 'https://www.genuinegmparts.com/' successfully

2019-05-29 19:54:44 - [MESSAGE][PASSED] - Navigate to 'https://www.genuinegmparts.com/' successfully

2019-05-29 19:54:44 - [TEST_STEP][PASSED] - click(findTestObject("Object Repository/Global Nav/Powertrain/Engines/li_Powertrain")): Object: 'Object Repository/Global Nav/Powertrain/Engines/li_Powertrain' is clicked on

2019-05-29 19:54:44 - [MESSAGE][PASSED] - Object: 'Object Repository/Global Nav/Powertrain/Engines/li_Powertrain' is clicked on

2019-05-29 19:54:44 - [TEST_STEP][PASSED] - click(findTestObject("Object Repository/Global Nav/Powertrain/Engines/span_Engines")): Object: 'Object Repository/Global Nav/Powertrain/Engines/span_Engines' is clicked on

2019-05-29 19:54:44 - [MESSAGE][PASSED] - Object: 'Object Repository/Global Nav/Powertrain/Engines/span_Engines' is clicked on

2019-05-29 19:54:44 - [TEST_STEP][PASSED] - delay(2): Delayed 2 second(s)

2019-05-29 19:54:46 - [MESSAGE][PASSED] - Delayed 2 second(s)

2019-05-29 19:54:46 - [TEST_STEP][PASSED] - verifyElementText(findTestObject("Global Nav/Powertrain/Engines/h1_GM OE engines built with unrivaled quality"), "GM OE engines built with unrivaled quality"): Actual text and expected text of test object 'Object Repository/Global Nav/Powertrain/Engines/h1_GM OE engines built with unrivaled quality' are matched.

2019-05-29 19:54:48 - [MESSAGE][PASSED] - Actual text and expected text of test object 'Object Repository/Global Nav/Powertrain/Engines/h1_GM OE engines built with unrivaled quality' are matched.

2019-05-29 19:54:48 - [TEST_STEP][PASSED] - closeBrowser(): Browser is closed

2019-05-29 19:54:49 - [MESSAGE][PASSED] - Browser is closed]]></system-out>
         <system-err><![CDATA[]]></system-err>
      </testcase>
      <testcase name="Test Cases/GGMP/GlobalNav/Powertrain/Programs" classname="Test Cases/GGMP/GlobalNav/Powertrain/Programs" status="PASSED">
         <system-out><![CDATA[2019-05-29 19:54:49 - [TEST_CASE][PASSED] - Test Cases/GGMP/GlobalNav/Powertrain/Programs: Test Cases/GGMP/GlobalNav/Powertrain/Programs

2019-05-29 19:54:49 - [TEST_STEP][PASSED] - openBrowser(""): Browser is opened with url: ''

2019-05-29 19:54:49 - [MESSAGE][INFO] - Starting 'Chrome' driver

2019-05-29 19:54:55 - [MESSAGE][PASSED] - Browser is opened with url: ''

2019-05-29 19:54:55 - [TEST_STEP][PASSED] - maximizeWindow(): Current window maximized

2019-05-29 19:54:56 - [MESSAGE][PASSED] - Current window maximized

2019-05-29 19:54:56 - [TEST_STEP][PASSED] - navigateToUrl("https://www.genuinegmparts.com/"): Navigate to 'https://www.genuinegmparts.com/' successfully

2019-05-29 19:54:59 - [MESSAGE][PASSED] - Navigate to 'https://www.genuinegmparts.com/' successfully

2019-05-29 19:54:59 - [TEST_STEP][PASSED] - click(findTestObject("Object Repository/Global Nav/Powertrain/Programs and Offers/li_Powertrain")): Object: 'Object Repository/Global Nav/Powertrain/Programs and Offers/li_Powertrain' is clicked on

2019-05-29 19:54:59 - [MESSAGE][PASSED] - Object: 'Object Repository/Global Nav/Powertrain/Programs and Offers/li_Powertrain' is clicked on

2019-05-29 19:54:59 - [TEST_STEP][PASSED] - click(findTestObject("Object Repository/Global Nav/Powertrain/Programs and Offers/a_Programs  Offers")): Object: 'Object Repository/Global Nav/Powertrain/Programs and Offers/a_Programs  Offers' is clicked on

2019-05-29 19:54:59 - [MESSAGE][PASSED] - Object: 'Object Repository/Global Nav/Powertrain/Programs and Offers/a_Programs  Offers' is clicked on

2019-05-29 19:54:59 - [TEST_STEP][PASSED] - click(findTestObject("Object Repository/Global Nav/Powertrain/Programs and Offers/a_concat(id(  ttpopclose1  ))_ttpopclose1")): Object: 'Object Repository/Global Nav/Powertrain/Programs and Offers/a_concat(id(  ttpopclose1  ))_ttpopclose1' is clicked on

2019-05-29 19:55:03 - [MESSAGE][PASSED] - Object: 'Object Repository/Global Nav/Powertrain/Programs and Offers/a_concat(id(  ttpopclose1  ))_ttpopclose1' is clicked on

2019-05-29 19:55:03 - [TEST_STEP][PASSED] - delay(2): Delayed 2 second(s)

2019-05-29 19:55:05 - [MESSAGE][PASSED] - Delayed 2 second(s)

2019-05-29 19:55:05 - [TEST_STEP][PASSED] - verifyElementText(findTestObject("Global Nav/Powertrain/Programs and Offers/p_Shops that choose 100 GM Genuine Parts can earn rewards and help get the job done right the first time"), "Shops that choose 100% GM Genuine Parts can earn rewards and help get the job done right the first time."): Actual text and expected text of test object 'Object Repository/Global Nav/Powertrain/Programs and Offers/p_Shops that choose 100 GM Genuine Parts can earn rewards and help get the job done right the first time' are matched.

2019-05-29 19:55:05 - [MESSAGE][PASSED] - Actual text and expected text of test object 'Object Repository/Global Nav/Powertrain/Programs and Offers/p_Shops that choose 100 GM Genuine Parts can earn rewards and help get the job done right the first time' are matched.

2019-05-29 19:55:05 - [TEST_STEP][PASSED] - closeBrowser(): Browser is closed

2019-05-29 19:55:06 - [MESSAGE][PASSED] - Browser is closed]]></system-out>
         <system-err><![CDATA[]]></system-err>
      </testcase>
      <testcase name="Test Cases/GGMP/GlobalNav/Powertrain/Technical Documents" classname="Test Cases/GGMP/GlobalNav/Powertrain/Technical Documents" status="PASSED">
         <system-out><![CDATA[2019-05-29 19:55:06 - [TEST_CASE][PASSED] - Test Cases/GGMP/GlobalNav/Powertrain/Technical Documents: Test Cases/GGMP/GlobalNav/Powertrain/Technical Documents

2019-05-29 19:55:06 - [TEST_STEP][PASSED] - openBrowser(""): Browser is opened with url: ''

2019-05-29 19:55:06 - [MESSAGE][INFO] - Starting 'Chrome' driver

2019-05-29 19:55:12 - [MESSAGE][PASSED] - Browser is opened with url: ''

2019-05-29 19:55:12 - [TEST_STEP][PASSED] - maximizeWindow(): Current window maximized

2019-05-29 19:55:13 - [MESSAGE][PASSED] - Current window maximized

2019-05-29 19:55:13 - [TEST_STEP][PASSED] - navigateToUrl("https://www.genuinegmparts.com/"): Navigate to 'https://www.genuinegmparts.com/' successfully

2019-05-29 19:55:16 - [MESSAGE][PASSED] - Navigate to 'https://www.genuinegmparts.com/' successfully

2019-05-29 19:55:16 - [TEST_STEP][PASSED] - click(findTestObject("Object Repository/Global Nav/Powertrain/Technical Documents/li_Powertrain")): Object: 'Object Repository/Global Nav/Powertrain/Technical Documents/li_Powertrain' is clicked on

2019-05-29 19:55:16 - [MESSAGE][PASSED] - Object: 'Object Repository/Global Nav/Powertrain/Technical Documents/li_Powertrain' is clicked on

2019-05-29 19:55:16 - [TEST_STEP][PASSED] - click(findTestObject("Object Repository/Global Nav/Powertrain/Technical Documents/a_Technical Documents")): Object: 'Object Repository/Global Nav/Powertrain/Technical Documents/a_Technical Documents' is clicked on

2019-05-29 19:55:16 - [MESSAGE][PASSED] - Object: 'Object Repository/Global Nav/Powertrain/Technical Documents/a_Technical Documents' is clicked on

2019-05-29 19:55:16 - [TEST_STEP][PASSED] - delay(2): Delayed 2 second(s)

2019-05-29 19:55:18 - [MESSAGE][PASSED] - Delayed 2 second(s)

2019-05-29 19:55:18 - [TEST_STEP][PASSED] - verifyElementText(findTestObject("Global Nav/Powertrain/Technical Documents/h1_Technical documents"), "Technical documents"): Actual text and expected text of test object 'Object Repository/Global Nav/Powertrain/Technical Documents/h1_Technical documents' are matched.

2019-05-29 19:55:18 - [MESSAGE][PASSED] - Actual text and expected text of test object 'Object Repository/Global Nav/Powertrain/Technical Documents/h1_Technical documents' are matched.

2019-05-29 19:55:18 - [TEST_STEP][PASSED] - closeBrowser(): Browser is closed

2019-05-29 19:55:19 - [MESSAGE][PASSED] - Browser is closed]]></system-out>
         <system-err><![CDATA[]]></system-err>
      </testcase>
      <testcase name="Test Cases/GGMP/GlobalNav/Powertrain/Transmission Components" classname="Test Cases/GGMP/GlobalNav/Powertrain/Transmission Components" status="PASSED">
         <system-out><![CDATA[2019-05-29 19:55:19 - [TEST_CASE][PASSED] - Test Cases/GGMP/GlobalNav/Powertrain/Transmission Components: Test Cases/GGMP/GlobalNav/Powertrain/Transmission Components

2019-05-29 19:55:19 - [TEST_STEP][PASSED] - openBrowser(""): Browser is opened with url: ''

2019-05-29 19:55:19 - [MESSAGE][INFO] - Starting 'Chrome' driver

2019-05-29 19:55:25 - [MESSAGE][PASSED] - Browser is opened with url: ''

2019-05-29 19:55:25 - [TEST_STEP][PASSED] - maximizeWindow(): Current window maximized

2019-05-29 19:55:26 - [MESSAGE][PASSED] - Current window maximized

2019-05-29 19:55:26 - [TEST_STEP][PASSED] - navigateToUrl("https://www.genuinegmparts.com/"): Navigate to 'https://www.genuinegmparts.com/' successfully

2019-05-29 19:55:29 - [MESSAGE][PASSED] - Navigate to 'https://www.genuinegmparts.com/' successfully

2019-05-29 19:55:29 - [TEST_STEP][PASSED] - click(findTestObject("Object Repository/Global Nav/Powertrain/Transmission Components/li_Powertrain")): Object: 'Object Repository/Global Nav/Powertrain/Transmission Components/li_Powertrain' is clicked on

2019-05-29 19:55:29 - [MESSAGE][PASSED] - Object: 'Object Repository/Global Nav/Powertrain/Transmission Components/li_Powertrain' is clicked on

2019-05-29 19:55:29 - [TEST_STEP][PASSED] - click(findTestObject("Object Repository/Global Nav/Powertrain/Transmission Components/span_Transmission components")): Object: 'Object Repository/Global Nav/Powertrain/Transmission Components/span_Transmission components' is clicked on

2019-05-29 19:55:29 - [MESSAGE][PASSED] - Object: 'Object Repository/Global Nav/Powertrain/Transmission Components/span_Transmission components' is clicked on

2019-05-29 19:55:29 - [TEST_STEP][PASSED] - delay(2): Delayed 2 second(s)

2019-05-29 19:55:31 - [MESSAGE][PASSED] - Delayed 2 second(s)

2019-05-29 19:55:31 - [TEST_STEP][PASSED] - verifyElementText(findTestObject("Global Nav/Powertrain/Transmission Components/h1_Shift into gear with Genuine GM Parts"), "Shift into gear with Genuine GM Parts"): Actual text and expected text of test object 'Object Repository/Global Nav/Powertrain/Transmission Components/h1_Shift into gear with Genuine GM Parts' are matched.

2019-05-29 19:55:33 - [MESSAGE][PASSED] - Actual text and expected text of test object 'Object Repository/Global Nav/Powertrain/Transmission Components/h1_Shift into gear with Genuine GM Parts' are matched.

2019-05-29 19:55:33 - [TEST_STEP][PASSED] - click(findTestObject("Object Repository/Global Nav/Powertrain/Transmission Components/button_GO TO ECATALOG")): Object: 'Object Repository/Global Nav/Powertrain/Transmission Components/button_GO TO ECATALOG' is clicked on

2019-05-29 19:55:34 - [MESSAGE][PASSED] - Object: 'Object Repository/Global Nav/Powertrain/Transmission Components/button_GO TO ECATALOG' is clicked on

2019-05-29 19:55:34 - [TEST_STEP][PASSED] - closeBrowser(): Browser is closed

2019-05-29 19:55:35 - [MESSAGE][PASSED] - Browser is closed]]></system-out>
         <system-err><![CDATA[]]></system-err>
      </testcase>
      <testcase name="Test Cases/GGMP/GlobalNav/Powertrain/Transmission Transfer Cases" classname="Test Cases/GGMP/GlobalNav/Powertrain/Transmission Transfer Cases" status="PASSED">
         <system-out><![CDATA[2019-05-29 19:55:35 - [TEST_CASE][PASSED] - Test Cases/GGMP/GlobalNav/Powertrain/Transmission Transfer Cases: Test Cases/GGMP/GlobalNav/Powertrain/Transmission Transfer Cases

2019-05-29 19:55:35 - [TEST_STEP][PASSED] - openBrowser(""): Browser is opened with url: ''

2019-05-29 19:55:35 - [MESSAGE][INFO] - Starting 'Chrome' driver

2019-05-29 19:55:40 - [MESSAGE][PASSED] - Browser is opened with url: ''

2019-05-29 19:55:40 - [TEST_STEP][PASSED] - maximizeWindow(): Current window maximized

2019-05-29 19:55:41 - [MESSAGE][PASSED] - Current window maximized

2019-05-29 19:55:41 - [TEST_STEP][PASSED] - navigateToUrl("https://www.genuinegmparts.com/"): Navigate to 'https://www.genuinegmparts.com/' successfully

2019-05-29 19:55:45 - [MESSAGE][PASSED] - Navigate to 'https://www.genuinegmparts.com/' successfully

2019-05-29 19:55:45 - [TEST_STEP][PASSED] - click(findTestObject("Object Repository/Global Nav/Powertrain/Transmission Transfer Cases/li_Powertrain")): Object: 'Object Repository/Global Nav/Powertrain/Transmission Transfer Cases/li_Powertrain' is clicked on

2019-05-29 19:55:45 - [MESSAGE][PASSED] - Object: 'Object Repository/Global Nav/Powertrain/Transmission Transfer Cases/li_Powertrain' is clicked on

2019-05-29 19:55:45 - [TEST_STEP][PASSED] - click(findTestObject("Object Repository/Global Nav/Powertrain/Transmission Transfer Cases/span_Transmissions  Transfer cases")): Object: 'Object Repository/Global Nav/Powertrain/Transmission Transfer Cases/span_Transmissions  Transfer cases' is clicked on

2019-05-29 19:55:45 - [MESSAGE][PASSED] - Object: 'Object Repository/Global Nav/Powertrain/Transmission Transfer Cases/span_Transmissions  Transfer cases' is clicked on

2019-05-29 19:55:45 - [TEST_STEP][PASSED] - delay(2): Delayed 2 second(s)

2019-05-29 19:55:47 - [MESSAGE][PASSED] - Delayed 2 second(s)

2019-05-29 19:55:47 - [TEST_STEP][PASSED] - verifyElementText(findTestObject("Global Nav/Powertrain/Transmission Transfer Cases/h3_Genuine GM parts transmissions"), "GENUINE GM PARTS TRANSMISSIONS"): Actual text and expected text of test object 'Object Repository/Global Nav/Powertrain/Transmission Transfer Cases/h3_Genuine GM parts transmissions' are matched.

2019-05-29 19:55:48 - [MESSAGE][PASSED] - Actual text and expected text of test object 'Object Repository/Global Nav/Powertrain/Transmission Transfer Cases/h3_Genuine GM parts transmissions' are matched.

2019-05-29 19:55:48 - [TEST_STEP][PASSED] - closeBrowser(): Browser is closed

2019-05-29 19:55:49 - [MESSAGE][PASSED] - Browser is closed]]></system-out>
         <system-err><![CDATA[]]></system-err>
      </testcase>
      <testcase name="Test Cases/GGMP/GlobalNav/Resources/Product Registration" classname="Test Cases/GGMP/GlobalNav/Resources/Product Registration" status="PASSED">
         <system-out><![CDATA[2019-05-29 19:55:49 - [TEST_CASE][PASSED] - Test Cases/GGMP/GlobalNav/Resources/Product Registration: Test Cases/GGMP/GlobalNav/Resources/Product Registration

2019-05-29 19:55:49 - [TEST_STEP][PASSED] - openBrowser(""): Browser is opened with url: ''

2019-05-29 19:55:49 - [MESSAGE][INFO] - Starting 'Chrome' driver

2019-05-29 19:55:55 - [MESSAGE][PASSED] - Browser is opened with url: ''

2019-05-29 19:55:55 - [TEST_STEP][PASSED] - maximizeWindow(): Current window maximized

2019-05-29 19:55:56 - [MESSAGE][PASSED] - Current window maximized

2019-05-29 19:55:56 - [TEST_STEP][PASSED] - navigateToUrl("https://www.genuinegmparts.com/"): Navigate to 'https://www.genuinegmparts.com/' successfully

2019-05-29 19:56:00 - [MESSAGE][PASSED] - Navigate to 'https://www.genuinegmparts.com/' successfully

2019-05-29 19:56:00 - [TEST_STEP][PASSED] - click(findTestObject("Object Repository/Global Nav/Resources/Product Registration/li_Resources")): Object: 'Object Repository/Global Nav/Resources/Product Registration/li_Resources' is clicked on

2019-05-29 19:56:00 - [MESSAGE][PASSED] - Object: 'Object Repository/Global Nav/Resources/Product Registration/li_Resources' is clicked on

2019-05-29 19:56:00 - [TEST_STEP][PASSED] - click(findTestObject("Object Repository/Global Nav/Resources/Product Registration/a_Product Registration")): Object: 'Object Repository/Global Nav/Resources/Product Registration/a_Product Registration' is clicked on

2019-05-29 19:56:00 - [MESSAGE][PASSED] - Object: 'Object Repository/Global Nav/Resources/Product Registration/a_Product Registration' is clicked on

2019-05-29 19:56:00 - [TEST_STEP][PASSED] - delay(2): Delayed 2 second(s)

2019-05-29 19:56:02 - [MESSAGE][PASSED] - Delayed 2 second(s)

2019-05-29 19:56:02 - [TEST_STEP][PASSED] - verifyElementText(findTestObject("Global Nav/Resources/Product Registration/h1_Product Registration"), "Product Registration"): Actual text and expected text of test object 'Object Repository/Global Nav/Resources/Product Registration/h1_Product Registration' are matched.

2019-05-29 19:56:02 - [MESSAGE][PASSED] - Actual text and expected text of test object 'Object Repository/Global Nav/Resources/Product Registration/h1_Product Registration' are matched.

2019-05-29 19:56:02 - [TEST_STEP][PASSED] - closeBrowser(): Browser is closed

2019-05-29 19:56:03 - [MESSAGE][PASSED] - Browser is closed]]></system-out>
         <system-err><![CDATA[]]></system-err>
      </testcase>
      <testcase name="Test Cases/GGMP/GlobalNav/Resources/Related Links" classname="Test Cases/GGMP/GlobalNav/Resources/Related Links" status="PASSED">
         <system-out><![CDATA[2019-05-29 19:56:03 - [TEST_CASE][PASSED] - Test Cases/GGMP/GlobalNav/Resources/Related Links: Test Cases/GGMP/GlobalNav/Resources/Related Links

2019-05-29 19:56:03 - [TEST_STEP][PASSED] - openBrowser(""): Browser is opened with url: ''

2019-05-29 19:56:03 - [MESSAGE][INFO] - Starting 'Chrome' driver

2019-05-29 19:56:09 - [MESSAGE][PASSED] - Browser is opened with url: ''

2019-05-29 19:56:09 - [TEST_STEP][PASSED] - maximizeWindow(): Current window maximized

2019-05-29 19:56:10 - [MESSAGE][PASSED] - Current window maximized

2019-05-29 19:56:10 - [TEST_STEP][PASSED] - navigateToUrl(" https://www.genuinegmparts.com"): Navigate to 'https://www.genuinegmparts.com' successfully

2019-05-29 19:56:14 - [MESSAGE][PASSED] - Navigate to 'https://www.genuinegmparts.com' successfully

2019-05-29 19:56:14 - [TEST_STEP][PASSED] - click(findTestObject("Object Repository/Global Nav/Resources/Related Links/li_Resources")): Object: 'Object Repository/Global Nav/Resources/Related Links/li_Resources' is clicked on

2019-05-29 19:56:14 - [MESSAGE][PASSED] - Object: 'Object Repository/Global Nav/Resources/Related Links/li_Resources' is clicked on

2019-05-29 19:56:14 - [TEST_STEP][PASSED] - click(findTestObject("Object Repository/Global Nav/Resources/Related Links/a_RelatedLinks")): Object: 'Object Repository/Global Nav/Resources/Related Links/a_RelatedLinks' is clicked on

2019-05-29 19:56:14 - [MESSAGE][PASSED] - Object: 'Object Repository/Global Nav/Resources/Related Links/a_RelatedLinks' is clicked on

2019-05-29 19:56:14 - [TEST_STEP][PASSED] - delay(2): Delayed 2 second(s)

2019-05-29 19:56:16 - [MESSAGE][PASSED] - Delayed 2 second(s)

2019-05-29 19:56:16 - [TEST_STEP][PASSED] - verifyElementText(findTestObject("Global Nav/Resources/Related Links/h1_Related links"), "Related links"): Actual text and expected text of test object 'Object Repository/Global Nav/Resources/Related Links/h1_Related links' are matched.

2019-05-29 19:56:17 - [MESSAGE][PASSED] - Actual text and expected text of test object 'Object Repository/Global Nav/Resources/Related Links/h1_Related links' are matched.

2019-05-29 19:56:17 - [TEST_STEP][PASSED] - closeBrowser(): Browser is closed

2019-05-29 19:56:18 - [MESSAGE][PASSED] - Browser is closed]]></system-out>
         <system-err><![CDATA[]]></system-err>
      </testcase>
      <testcase name="Test Cases/GGMP/GlobalNav/Resources/VIN Information" classname="Test Cases/GGMP/GlobalNav/Resources/VIN Information" status="PASSED">
         <system-out><![CDATA[2019-05-29 19:56:18 - [TEST_CASE][PASSED] - Test Cases/GGMP/GlobalNav/Resources/VIN Information: Test Cases/GGMP/GlobalNav/Resources/VIN Information

2019-05-29 19:56:18 - [TEST_STEP][PASSED] - openBrowser(""): Browser is opened with url: ''

2019-05-29 19:56:18 - [MESSAGE][INFO] - Starting 'Chrome' driver

2019-05-29 19:56:24 - [MESSAGE][PASSED] - Browser is opened with url: ''

2019-05-29 19:56:24 - [TEST_STEP][PASSED] - maximizeWindow(): Current window maximized

2019-05-29 19:56:25 - [MESSAGE][PASSED] - Current window maximized

2019-05-29 19:56:25 - [TEST_STEP][PASSED] - navigateToUrl("https://www.genuinegmparts.com/"): Navigate to 'https://www.genuinegmparts.com/' successfully

2019-05-29 19:56:28 - [MESSAGE][PASSED] - Navigate to 'https://www.genuinegmparts.com/' successfully

2019-05-29 19:56:28 - [TEST_STEP][PASSED] - click(findTestObject("Object Repository/Global Nav/Resources/VIN Information/li_Resources")): Object: 'Object Repository/Global Nav/Resources/VIN Information/li_Resources' is clicked on

2019-05-29 19:56:28 - [MESSAGE][PASSED] - Object: 'Object Repository/Global Nav/Resources/VIN Information/li_Resources' is clicked on

2019-05-29 19:56:28 - [TEST_STEP][PASSED] - click(findTestObject("Object Repository/Global Nav/Resources/VIN Information/a_VINInformation")): Object: 'Object Repository/Global Nav/Resources/VIN Information/a_VINInformation' is clicked on

2019-05-29 19:56:28 - [MESSAGE][PASSED] - Object: 'Object Repository/Global Nav/Resources/VIN Information/a_VINInformation' is clicked on

2019-05-29 19:56:28 - [TEST_STEP][PASSED] - delay(2): Delayed 2 second(s)

2019-05-29 19:56:30 - [MESSAGE][PASSED] - Delayed 2 second(s)

2019-05-29 19:56:30 - [TEST_STEP][PASSED] - verifyElementText(findTestObject("Global Nav/Resources/VIN Information/h1_Vehicle Identification Number (VIN) information"), "Vehicle Identification Number (VIN) information"): Actual text and expected text of test object 'Object Repository/Global Nav/Resources/VIN Information/h1_Vehicle Identification Number (VIN) information' are matched.

2019-05-29 19:56:31 - [MESSAGE][PASSED] - Actual text and expected text of test object 'Object Repository/Global Nav/Resources/VIN Information/h1_Vehicle Identification Number (VIN) information' are matched.

2019-05-29 19:56:31 - [TEST_STEP][PASSED] - closeBrowser(): Browser is closed

2019-05-29 19:56:32 - [MESSAGE][PASSED] - Browser is closed]]></system-out>
         <system-err><![CDATA[]]></system-err>
      </testcase>
      <testcase name="Test Cases/GGMP/GlobalNav/Resources/Warranty Info" classname="Test Cases/GGMP/GlobalNav/Resources/Warranty Info" status="PASSED">
         <system-out><![CDATA[2019-05-29 19:56:32 - [TEST_CASE][PASSED] - Test Cases/GGMP/GlobalNav/Resources/Warranty Info: Test Cases/GGMP/GlobalNav/Resources/Warranty Info

2019-05-29 19:56:32 - [TEST_STEP][PASSED] - openBrowser(""): Browser is opened with url: ''

2019-05-29 19:56:32 - [MESSAGE][INFO] - Starting 'Chrome' driver

2019-05-29 19:56:38 - [MESSAGE][PASSED] - Browser is opened with url: ''

2019-05-29 19:56:38 - [TEST_STEP][PASSED] - maximizeWindow(): Current window maximized

2019-05-29 19:56:39 - [MESSAGE][PASSED] - Current window maximized

2019-05-29 19:56:39 - [TEST_STEP][PASSED] - navigateToUrl("https://www.genuinegmparts.com/"): Navigate to 'https://www.genuinegmparts.com/' successfully

2019-05-29 19:56:42 - [MESSAGE][PASSED] - Navigate to 'https://www.genuinegmparts.com/' successfully

2019-05-29 19:56:42 - [TEST_STEP][PASSED] - click(findTestObject("Object Repository/Global Nav/Resources/Warranty Info/li_Resources")): Object: 'Object Repository/Global Nav/Resources/Warranty Info/li_Resources' is clicked on

2019-05-29 19:56:42 - [MESSAGE][PASSED] - Object: 'Object Repository/Global Nav/Resources/Warranty Info/li_Resources' is clicked on

2019-05-29 19:56:42 - [TEST_STEP][PASSED] - click(findTestObject("Object Repository/Global Nav/Resources/Warranty Info/a_WarrantyInfo")): Object: 'Object Repository/Global Nav/Resources/Warranty Info/a_WarrantyInfo' is clicked on

2019-05-29 19:56:42 - [MESSAGE][PASSED] - Object: 'Object Repository/Global Nav/Resources/Warranty Info/a_WarrantyInfo' is clicked on

2019-05-29 19:56:42 - [TEST_STEP][PASSED] - delay(2): Delayed 2 second(s)

2019-05-29 19:56:44 - [MESSAGE][PASSED] - Delayed 2 second(s)

2019-05-29 19:56:44 - [TEST_STEP][PASSED] - verifyElementText(findTestObject("Global Nav/Resources/Warranty Info/h1_Warranty information"), "Warranty information"): Actual text and expected text of test object 'Object Repository/Global Nav/Resources/Warranty Info/h1_Warranty information' are matched.

2019-05-29 19:56:45 - [MESSAGE][PASSED] - Actual text and expected text of test object 'Object Repository/Global Nav/Resources/Warranty Info/h1_Warranty information' are matched.

2019-05-29 19:56:45 - [TEST_STEP][PASSED] - closeBrowser(): Browser is closed

2019-05-29 19:56:46 - [MESSAGE][PASSED] - Browser is closed]]></system-out>
         <system-err><![CDATA[]]></system-err>
      </testcase>
      <testcase name="Test Cases/GGMP/Sitemap/Collision/Cadillac" classname="Test Cases/GGMP/Sitemap/Collision/Cadillac" status="PASSED">
         <system-out><![CDATA[2019-05-29 19:56:46 - [TEST_CASE][PASSED] - Test Cases/GGMP/Sitemap/Collision/Cadillac: Test Cases/GGMP/Sitemap/Collision/Cadillac

2019-05-29 19:56:46 - [TEST_STEP][PASSED] - openBrowser(""): Browser is opened with url: ''

2019-05-29 19:56:46 - [MESSAGE][INFO] - Starting 'Chrome' driver

2019-05-29 19:56:51 - [MESSAGE][PASSED] - Browser is opened with url: ''

2019-05-29 19:56:51 - [TEST_STEP][PASSED] - maximizeWindow(): Current window maximized

2019-05-29 19:56:52 - [MESSAGE][PASSED] - Current window maximized

2019-05-29 19:56:52 - [TEST_STEP][PASSED] - navigateToUrl("https://www.genuinegmparts.com/"): Navigate to 'https://www.genuinegmparts.com/' successfully

2019-05-29 19:56:56 - [MESSAGE][PASSED] - Navigate to 'https://www.genuinegmparts.com/' successfully

2019-05-29 19:56:56 - [TEST_STEP][PASSED] - click(findTestObject("Object Repository/SiteMap/Collision/Cadillac/a_Sitemap")): Object: 'Object Repository/SiteMap/Collision/Cadillac/a_Sitemap' is clicked on

2019-05-29 19:56:56 - [MESSAGE][PASSED] - Object: 'Object Repository/SiteMap/Collision/Cadillac/a_Sitemap' is clicked on

2019-05-29 19:56:56 - [TEST_STEP][PASSED] - click(findTestObject("Object Repository/SiteMap/Collision/Cadillac/span_Cadillac Aluminum Repair Network")): Object: 'Object Repository/SiteMap/Collision/Cadillac/span_Cadillac Aluminum Repair Network' is clicked on

2019-05-29 19:56:57 - [MESSAGE][PASSED] - Object: 'Object Repository/SiteMap/Collision/Cadillac/span_Cadillac Aluminum Repair Network' is clicked on

2019-05-29 19:56:57 - [TEST_STEP][PASSED] - click(findTestObject("Object Repository/SiteMap/Collision/Cadillac/span_Contact your local Cadillac Certified Service Center")): Object: 'Object Repository/SiteMap/Collision/Cadillac/span_Contact your local Cadillac Certified Service Center' is clicked on

2019-05-29 19:56:59 - [MESSAGE][PASSED] - Object: 'Object Repository/SiteMap/Collision/Cadillac/span_Contact your local Cadillac Certified Service Center' is clicked on

2019-05-29 19:56:59 - [TEST_STEP][PASSED] - closeBrowser(): Browser is closed

2019-05-29 19:57:00 - [MESSAGE][PASSED] - Browser is closed]]></system-out>
         <system-err><![CDATA[]]></system-err>
      </testcase>
      <testcase name="Test Cases/GGMP/Sitemap/Collision/Collision Parts" classname="Test Cases/GGMP/Sitemap/Collision/Collision Parts" status="PASSED">
         <system-out><![CDATA[2019-05-29 19:57:00 - [TEST_CASE][PASSED] - Test Cases/GGMP/Sitemap/Collision/Collision Parts: Test Cases/GGMP/Sitemap/Collision/Collision Parts

2019-05-29 19:57:00 - [TEST_STEP][PASSED] - openBrowser(""): Browser is opened with url: ''

2019-05-29 19:57:00 - [MESSAGE][INFO] - Starting 'Chrome' driver

2019-05-29 19:57:06 - [MESSAGE][PASSED] - Browser is opened with url: ''

2019-05-29 19:57:06 - [TEST_STEP][PASSED] - maximizeWindow(): Current window maximized

2019-05-29 19:57:07 - [MESSAGE][PASSED] - Current window maximized

2019-05-29 19:57:07 - [TEST_STEP][PASSED] - navigateToUrl("https://www.genuinegmparts.com/"): Navigate to 'https://www.genuinegmparts.com/' successfully

2019-05-29 19:57:10 - [MESSAGE][PASSED] - Navigate to 'https://www.genuinegmparts.com/' successfully

2019-05-29 19:57:10 - [TEST_STEP][PASSED] - click(findTestObject("Object Repository/SiteMap/Collision/Collision Parts/a_Sitemap")): Object: 'Object Repository/SiteMap/Collision/Collision Parts/a_Sitemap' is clicked on

2019-05-29 19:57:10 - [MESSAGE][PASSED] - Object: 'Object Repository/SiteMap/Collision/Collision Parts/a_Sitemap' is clicked on

2019-05-29 19:57:10 - [TEST_STEP][PASSED] - click(findTestObject("Object Repository/SiteMap/Collision/Collision Parts/span_Collision Parts")): Object: 'Object Repository/SiteMap/Collision/Collision Parts/span_Collision Parts' is clicked on

2019-05-29 19:57:11 - [MESSAGE][PASSED] - Object: 'Object Repository/SiteMap/Collision/Collision Parts/span_Collision Parts' is clicked on

2019-05-29 19:57:11 - [TEST_STEP][PASSED] - click(findTestObject("Object Repository/SiteMap/Collision/Collision Parts/span_Sheet metal")): Object: 'Object Repository/SiteMap/Collision/Collision Parts/span_Sheet metal' is clicked on

2019-05-29 19:57:16 - [MESSAGE][PASSED] - Object: 'Object Repository/SiteMap/Collision/Collision Parts/span_Sheet metal' is clicked on

2019-05-29 19:57:16 - [TEST_STEP][PASSED] - closeBrowser(): Browser is closed

2019-05-29 19:57:16 - [MESSAGE][PASSED] - Browser is closed]]></system-out>
         <system-err><![CDATA[]]></system-err>
      </testcase>
      <testcase name="Test Cases/GGMP/Sitemap/Collision/Paint" classname="Test Cases/GGMP/Sitemap/Collision/Paint" status="PASSED">
         <system-out><![CDATA[2019-05-29 19:57:16 - [TEST_CASE][PASSED] - Test Cases/GGMP/Sitemap/Collision/Paint: Test Cases/GGMP/Sitemap/Collision/Paint

2019-05-29 19:57:17 - [TEST_STEP][PASSED] - openBrowser(""): Browser is opened with url: ''

2019-05-29 19:57:17 - [MESSAGE][INFO] - Starting 'Chrome' driver

2019-05-29 19:57:22 - [MESSAGE][PASSED] - Browser is opened with url: ''

2019-05-29 19:57:22 - [TEST_STEP][PASSED] - maximizeWindow(): Current window maximized

2019-05-29 19:57:23 - [MESSAGE][PASSED] - Current window maximized

2019-05-29 19:57:23 - [TEST_STEP][PASSED] - navigateToUrl("https://www.genuinegmparts.com/"): Navigate to 'https://www.genuinegmparts.com/' successfully

2019-05-29 19:57:26 - [MESSAGE][PASSED] - Navigate to 'https://www.genuinegmparts.com/' successfully

2019-05-29 19:57:26 - [TEST_STEP][PASSED] - click(findTestObject("Object Repository/SiteMap/Collision/Paint/a_Sitemap")): Object: 'Object Repository/SiteMap/Collision/Paint/a_Sitemap' is clicked on

2019-05-29 19:57:26 - [MESSAGE][PASSED] - Object: 'Object Repository/SiteMap/Collision/Paint/a_Sitemap' is clicked on

2019-05-29 19:57:26 - [TEST_STEP][PASSED] - click(findTestObject("Object Repository/SiteMap/Collision/Paint/span_Touch-Up Paint")): Object: 'Object Repository/SiteMap/Collision/Paint/span_Touch-Up Paint' is clicked on

2019-05-29 19:57:27 - [MESSAGE][PASSED] - Object: 'Object Repository/SiteMap/Collision/Paint/span_Touch-Up Paint' is clicked on

2019-05-29 19:57:27 - [TEST_STEP][PASSED] - closeBrowser(): Browser is closed

2019-05-29 19:57:28 - [MESSAGE][PASSED] - Browser is closed]]></system-out>
         <system-err><![CDATA[]]></system-err>
      </testcase>
      <testcase name="Test Cases/GGMP/Sitemap/Collision/The Genuine Difference" classname="Test Cases/GGMP/Sitemap/Collision/The Genuine Difference" status="PASSED">
         <system-out><![CDATA[2019-05-29 19:57:28 - [TEST_CASE][PASSED] - Test Cases/GGMP/Sitemap/Collision/The Genuine Difference: Test Cases/GGMP/Sitemap/Collision/The Genuine Difference

2019-05-29 19:57:28 - [TEST_STEP][PASSED] - openBrowser(""): Browser is opened with url: ''

2019-05-29 19:57:28 - [MESSAGE][INFO] - Starting 'Chrome' driver

2019-05-29 19:57:34 - [MESSAGE][PASSED] - Browser is opened with url: ''

2019-05-29 19:57:34 - [TEST_STEP][PASSED] - maximizeWindow(): Current window maximized

2019-05-29 19:57:35 - [MESSAGE][PASSED] - Current window maximized

2019-05-29 19:57:35 - [TEST_STEP][PASSED] - navigateToUrl("https://www.genuinegmparts.com/sitemap"): Navigate to 'https://www.genuinegmparts.com/sitemap' successfully

2019-05-29 19:57:36 - [MESSAGE][PASSED] - Navigate to 'https://www.genuinegmparts.com/sitemap' successfully

2019-05-29 19:57:36 - [TEST_STEP][PASSED] - click(findTestObject("Object Repository/SiteMap/Collision/span_The Genuine Difference")): Object: 'Object Repository/SiteMap/Collision/span_The Genuine Difference' is clicked on

2019-05-29 19:57:36 - [MESSAGE][PASSED] - Object: 'Object Repository/SiteMap/Collision/span_The Genuine Difference' is clicked on

2019-05-29 19:57:36 - [TEST_STEP][PASSED] - click(findTestObject("Object Repository/SiteMap/Collision/span_visit crashrepairinfocom")): Object: 'Object Repository/SiteMap/Collision/span_visit crashrepairinfocom' is clicked on

2019-05-29 19:57:40 - [MESSAGE][PASSED] - Object: 'Object Repository/SiteMap/Collision/span_visit crashrepairinfocom' is clicked on

2019-05-29 19:57:40 - [TEST_STEP][PASSED] - closeBrowser(): Browser is closed

2019-05-29 19:57:41 - [MESSAGE][PASSED] - Browser is closed]]></system-out>
         <system-err><![CDATA[]]></system-err>
      </testcase>
      <testcase name="Test Cases/GGMP/Sitemap/For Professionals/Cadillac Aluminum" classname="Test Cases/GGMP/Sitemap/For Professionals/Cadillac Aluminum" status="PASSED">
         <system-out><![CDATA[2019-05-29 19:57:41 - [TEST_CASE][PASSED] - Test Cases/GGMP/Sitemap/For Professionals/Cadillac Aluminum: Test Cases/GGMP/Sitemap/For Professionals/Cadillac Aluminum

2019-05-29 19:57:41 - [TEST_STEP][PASSED] - openBrowser(""): Browser is opened with url: ''

2019-05-29 19:57:41 - [MESSAGE][INFO] - Starting 'Chrome' driver

2019-05-29 19:57:47 - [MESSAGE][PASSED] - Browser is opened with url: ''

2019-05-29 19:57:47 - [TEST_STEP][PASSED] - maximizeWindow(): Current window maximized

2019-05-29 19:57:48 - [MESSAGE][PASSED] - Current window maximized

2019-05-29 19:57:48 - [TEST_STEP][PASSED] - navigateToUrl("https://www.genuinegmparts.com/"): Navigate to 'https://www.genuinegmparts.com/' successfully

2019-05-29 19:57:51 - [MESSAGE][PASSED] - Navigate to 'https://www.genuinegmparts.com/' successfully

2019-05-29 19:57:51 - [TEST_STEP][PASSED] - click(findTestObject("Object Repository/SiteMap/For Professionals/Cadillac Aluminum/a_Sitemap")): Object: 'Object Repository/SiteMap/For Professionals/Cadillac Aluminum/a_Sitemap' is clicked on

2019-05-29 19:57:51 - [MESSAGE][PASSED] - Object: 'Object Repository/SiteMap/For Professionals/Cadillac Aluminum/a_Sitemap' is clicked on

2019-05-29 19:57:51 - [TEST_STEP][PASSED] - click(findTestObject("Object Repository/SiteMap/For Professionals/Cadillac Aluminum/span_Cadillac Aluminum Repair Network")): Object: 'Object Repository/SiteMap/For Professionals/Cadillac Aluminum/span_Cadillac Aluminum Repair Network' is clicked on

2019-05-29 19:57:53 - [MESSAGE][PASSED] - Object: 'Object Repository/SiteMap/For Professionals/Cadillac Aluminum/span_Cadillac Aluminum Repair Network' is clicked on

2019-05-29 19:57:53 - [TEST_STEP][PASSED] - delay(3): Delayed 3 second(s)

2019-05-29 19:57:56 - [MESSAGE][PASSED] - Delayed 3 second(s)

2019-05-29 19:57:56 - [TEST_STEP][PASSED] - verifyElementText(findTestObject("SiteMap/For Professionals/Cadillac Aluminum/h1_Cadillac Aluminum Repair Network"), "Cadillac Aluminum Repair Network"): Actual text and expected text of test object 'Object Repository/SiteMap/For Professionals/Cadillac Aluminum/h1_Cadillac Aluminum Repair Network' are matched.

2019-05-29 19:57:56 - [MESSAGE][PASSED] - Actual text and expected text of test object 'Object Repository/SiteMap/For Professionals/Cadillac Aluminum/h1_Cadillac Aluminum Repair Network' are matched.

2019-05-29 19:57:56 - [TEST_STEP][PASSED] - closeBrowser(): Browser is closed

2019-05-29 19:57:57 - [MESSAGE][PASSED] - Browser is closed]]></system-out>
         <system-err><![CDATA[]]></system-err>
      </testcase>
      <testcase name="Test Cases/GGMP/Sitemap/For Professionals/Collision Repair Manuals" classname="Test Cases/GGMP/Sitemap/For Professionals/Collision Repair Manuals" status="PASSED">
         <system-out><![CDATA[2019-05-29 19:57:57 - [TEST_CASE][PASSED] - Test Cases/GGMP/Sitemap/For Professionals/Collision Repair Manuals: Test Cases/GGMP/Sitemap/For Professionals/Collision Repair Manuals

2019-05-29 19:57:57 - [TEST_STEP][PASSED] - openBrowser(""): Browser is opened with url: ''

2019-05-29 19:57:57 - [MESSAGE][INFO] - Starting 'Chrome' driver

2019-05-29 19:58:02 - [MESSAGE][PASSED] - Browser is opened with url: ''

2019-05-29 19:58:02 - [TEST_STEP][PASSED] - maximizeWindow(): Current window maximized

2019-05-29 19:58:04 - [MESSAGE][PASSED] - Current window maximized

2019-05-29 19:58:04 - [TEST_STEP][PASSED] - navigateToUrl("https://www.genuinegmparts.com/"): Navigate to 'https://www.genuinegmparts.com/' successfully

2019-05-29 19:58:07 - [MESSAGE][PASSED] - Navigate to 'https://www.genuinegmparts.com/' successfully

2019-05-29 19:58:07 - [TEST_STEP][PASSED] - click(findTestObject("SiteMap/For Professionals/Collision Repair Manuals/a_Sitemap")): Object: 'Object Repository/SiteMap/For Professionals/Collision Repair Manuals/a_Sitemap' is clicked on

2019-05-29 19:58:07 - [MESSAGE][PASSED] - Object: 'Object Repository/SiteMap/For Professionals/Collision Repair Manuals/a_Sitemap' is clicked on

2019-05-29 19:58:07 - [TEST_STEP][PASSED] - click(findTestObject("SiteMap/For Professionals/Collision Repair Manuals/span_Collision Repair Manuals")): Object: 'Object Repository/SiteMap/For Professionals/Collision Repair Manuals/span_Collision Repair Manuals' is clicked on

2019-05-29 19:58:08 - [MESSAGE][PASSED] - Object: 'Object Repository/SiteMap/For Professionals/Collision Repair Manuals/span_Collision Repair Manuals' is clicked on

2019-05-29 19:58:08 - [TEST_STEP][PASSED] - delay(3): Delayed 3 second(s)

2019-05-29 19:58:11 - [MESSAGE][PASSED] - Delayed 3 second(s)

2019-05-29 19:58:11 - [TEST_STEP][PASSED] - verifyElementText(findTestObject("SiteMap/For Professionals/Collision Repair Manuals/h1_Collision repair manuals for GM vehicles"), "Collision repair manuals for GM vehicles"): Actual text and expected text of test object 'Object Repository/SiteMap/For Professionals/Collision Repair Manuals/h1_Collision repair manuals for GM vehicles' are matched.

2019-05-29 19:58:11 - [MESSAGE][PASSED] - Actual text and expected text of test object 'Object Repository/SiteMap/For Professionals/Collision Repair Manuals/h1_Collision repair manuals for GM vehicles' are matched.

2019-05-29 19:58:11 - [TEST_STEP][PASSED] - closeBrowser(): Browser is closed

2019-05-29 19:58:12 - [MESSAGE][PASSED] - Browser is closed]]></system-out>
         <system-err><![CDATA[]]></system-err>
      </testcase>
      <testcase name="Test Cases/GGMP/Sitemap/For Professionals/Core Return Program" classname="Test Cases/GGMP/Sitemap/For Professionals/Core Return Program" status="PASSED">
         <system-out><![CDATA[2019-05-29 19:58:12 - [TEST_CASE][PASSED] - Test Cases/GGMP/Sitemap/For Professionals/Core Return Program: Test Cases/GGMP/Sitemap/For Professionals/Core Return Program

2019-05-29 19:58:12 - [TEST_STEP][PASSED] - openBrowser(""): Browser is opened with url: ''

2019-05-29 19:58:12 - [MESSAGE][INFO] - Starting 'Chrome' driver

2019-05-29 19:58:17 - [MESSAGE][PASSED] - Browser is opened with url: ''

2019-05-29 19:58:17 - [TEST_STEP][PASSED] - maximizeWindow(): Current window maximized

2019-05-29 19:58:18 - [MESSAGE][PASSED] - Current window maximized

2019-05-29 19:58:18 - [TEST_STEP][PASSED] - navigateToUrl("https://www.genuinegmparts.com/"): Navigate to 'https://www.genuinegmparts.com/' successfully

2019-05-29 19:58:22 - [MESSAGE][PASSED] - Navigate to 'https://www.genuinegmparts.com/' successfully

2019-05-29 19:58:22 - [TEST_STEP][PASSED] - click(findTestObject("Object Repository/SiteMap/For Professionals/Core Return Program/a_Sitemap")): Object: 'Object Repository/SiteMap/For Professionals/Core Return Program/a_Sitemap' is clicked on

2019-05-29 19:58:22 - [MESSAGE][PASSED] - Object: 'Object Repository/SiteMap/For Professionals/Core Return Program/a_Sitemap' is clicked on

2019-05-29 19:58:22 - [TEST_STEP][PASSED] - click(findTestObject("Object Repository/SiteMap/For Professionals/Core Return Program/span_Core Return Program")): Object: 'Object Repository/SiteMap/For Professionals/Core Return Program/span_Core Return Program' is clicked on

2019-05-29 19:58:23 - [MESSAGE][PASSED] - Object: 'Object Repository/SiteMap/For Professionals/Core Return Program/span_Core Return Program' is clicked on

2019-05-29 19:58:23 - [TEST_STEP][PASSED] - delay(3): Delayed 3 second(s)

2019-05-29 19:58:26 - [MESSAGE][PASSED] - Delayed 3 second(s)

2019-05-29 19:58:26 - [TEST_STEP][PASSED] - verifyElementText(findTestObject("SiteMap/For Professionals/Core Return Program/h1_GM Core Return Program"), "GM Core Return Program"): Actual text and expected text of test object 'Object Repository/SiteMap/For Professionals/Core Return Program/h1_GM Core Return Program' are matched.

2019-05-29 19:58:26 - [MESSAGE][PASSED] - Actual text and expected text of test object 'Object Repository/SiteMap/For Professionals/Core Return Program/h1_GM Core Return Program' are matched.

2019-05-29 19:58:26 - [TEST_STEP][PASSED] - closeBrowser(): Browser is closed

2019-05-29 19:58:27 - [MESSAGE][PASSED] - Browser is closed]]></system-out>
         <system-err><![CDATA[]]></system-err>
      </testcase>
      <testcase name="Test Cases/GGMP/Sitemap/For Professionals/Position Statements" classname="Test Cases/GGMP/Sitemap/For Professionals/Position Statements" status="PASSED">
         <system-out><![CDATA[2019-05-29 19:58:27 - [TEST_CASE][PASSED] - Test Cases/GGMP/Sitemap/For Professionals/Position Statements: Test Cases/GGMP/Sitemap/For Professionals/Position Statements

2019-05-29 19:58:27 - [TEST_STEP][PASSED] - openBrowser(""): Browser is opened with url: ''

2019-05-29 19:58:27 - [MESSAGE][INFO] - Starting 'Chrome' driver

2019-05-29 19:58:33 - [MESSAGE][PASSED] - Browser is opened with url: ''

2019-05-29 19:58:33 - [TEST_STEP][PASSED] - maximizeWindow(): Current window maximized

2019-05-29 19:58:34 - [MESSAGE][PASSED] - Current window maximized

2019-05-29 19:58:34 - [TEST_STEP][PASSED] - navigateToUrl("https://www.genuinegmparts.com/"): Navigate to 'https://www.genuinegmparts.com/' successfully

2019-05-29 19:58:37 - [MESSAGE][PASSED] - Navigate to 'https://www.genuinegmparts.com/' successfully

2019-05-29 19:58:37 - [TEST_STEP][PASSED] - click(findTestObject("Object Repository/SiteMap/For Professionals/Position Statement/a_Sitemap")): Object: 'Object Repository/SiteMap/For Professionals/Position Statement/a_Sitemap' is clicked on

2019-05-29 19:58:37 - [MESSAGE][PASSED] - Object: 'Object Repository/SiteMap/For Professionals/Position Statement/a_Sitemap' is clicked on

2019-05-29 19:58:37 - [TEST_STEP][PASSED] - click(findTestObject("Object Repository/SiteMap/For Professionals/Position Statement/span_Position Statements")): Object: 'Object Repository/SiteMap/For Professionals/Position Statement/span_Position Statements' is clicked on

2019-05-29 19:58:39 - [MESSAGE][PASSED] - Object: 'Object Repository/SiteMap/For Professionals/Position Statement/span_Position Statements' is clicked on

2019-05-29 19:58:39 - [TEST_STEP][PASSED] - delay(3): Delayed 3 second(s)

2019-05-29 19:58:42 - [MESSAGE][PASSED] - Delayed 3 second(s)

2019-05-29 19:58:42 - [TEST_STEP][PASSED] - verifyElementText(findTestObject("SiteMap/For Professionals/Position Statement/h1_Position statements"), "Position statements"): Actual text and expected text of test object 'Object Repository/SiteMap/For Professionals/Position Statement/h1_Position statements' are matched.

2019-05-29 19:58:42 - [MESSAGE][PASSED] - Actual text and expected text of test object 'Object Repository/SiteMap/For Professionals/Position Statement/h1_Position statements' are matched.

2019-05-29 19:58:42 - [TEST_STEP][PASSED] - closeBrowser(): Browser is closed

2019-05-29 19:58:43 - [MESSAGE][PASSED] - Browser is closed]]></system-out>
         <system-err><![CDATA[]]></system-err>
      </testcase>
      <testcase name="Test Cases/GGMP/Sitemap/For Professionals/Programs and Promotions" classname="Test Cases/GGMP/Sitemap/For Professionals/Programs and Promotions" status="PASSED">
         <system-out><![CDATA[2019-05-29 19:58:43 - [TEST_CASE][PASSED] - Test Cases/GGMP/Sitemap/For Professionals/Programs and Promotions: Test Cases/GGMP/Sitemap/For Professionals/Programs and Promotions

2019-05-29 19:58:43 - [TEST_STEP][PASSED] - openBrowser(""): Browser is opened with url: ''

2019-05-29 19:58:43 - [MESSAGE][INFO] - Starting 'Chrome' driver

2019-05-29 19:58:49 - [MESSAGE][PASSED] - Browser is opened with url: ''

2019-05-29 19:58:49 - [TEST_STEP][PASSED] - maximizeWindow(): Current window maximized

2019-05-29 19:58:50 - [MESSAGE][PASSED] - Current window maximized

2019-05-29 19:58:50 - [TEST_STEP][PASSED] - navigateToUrl("https://www.genuinegmparts.com/"): Navigate to 'https://www.genuinegmparts.com/' successfully

2019-05-29 19:58:53 - [MESSAGE][PASSED] - Navigate to 'https://www.genuinegmparts.com/' successfully

2019-05-29 19:58:53 - [TEST_STEP][PASSED] - click(findTestObject("Object Repository/SiteMap/For Professionals/Programs and Promotions/a_Sitemap")): Object: 'Object Repository/SiteMap/For Professionals/Programs and Promotions/a_Sitemap' is clicked on

2019-05-29 19:58:54 - [MESSAGE][PASSED] - Object: 'Object Repository/SiteMap/For Professionals/Programs and Promotions/a_Sitemap' is clicked on

2019-05-29 19:58:54 - [TEST_STEP][PASSED] - click(findTestObject("Object Repository/SiteMap/For Professionals/Programs and Promotions/span_Programs  Promotions")): Object: 'Object Repository/SiteMap/For Professionals/Programs and Promotions/span_Programs  Promotions' is clicked on

2019-05-29 19:58:55 - [MESSAGE][PASSED] - Object: 'Object Repository/SiteMap/For Professionals/Programs and Promotions/span_Programs  Promotions' is clicked on

2019-05-29 19:58:55 - [TEST_STEP][PASSED] - click(findTestObject("Object Repository/SiteMap/For Professionals/Programs and Promotions/a_concat(id(  ttpopclose1  ))_ttpopclose1")): Object: 'Object Repository/SiteMap/For Professionals/Programs and Promotions/a_concat(id(  ttpopclose1  ))_ttpopclose1' is clicked on

2019-05-29 19:58:59 - [MESSAGE][PASSED] - Object: 'Object Repository/SiteMap/For Professionals/Programs and Promotions/a_concat(id(  ttpopclose1  ))_ttpopclose1' is clicked on

2019-05-29 19:58:59 - [TEST_STEP][PASSED] - delay(2): Delayed 2 second(s)

2019-05-29 19:59:01 - [MESSAGE][PASSED] - Delayed 2 second(s)

2019-05-29 19:59:01 - [TEST_STEP][PASSED] - closeBrowser(): Browser is closed

2019-05-29 19:59:02 - [MESSAGE][PASSED] - Browser is closed]]></system-out>
         <system-err><![CDATA[]]></system-err>
      </testcase>
      <testcase name="Test Cases/GGMP/Sitemap/For Professionals/Technical Documents" classname="Test Cases/GGMP/Sitemap/For Professionals/Technical Documents" status="PASSED">
         <system-out><![CDATA[2019-05-29 19:59:02 - [TEST_CASE][PASSED] - Test Cases/GGMP/Sitemap/For Professionals/Technical Documents: Test Cases/GGMP/Sitemap/For Professionals/Technical Documents

2019-05-29 19:59:02 - [TEST_STEP][PASSED] - openBrowser(""): Browser is opened with url: ''

2019-05-29 19:59:02 - [MESSAGE][INFO] - Starting 'Chrome' driver

2019-05-29 19:59:08 - [MESSAGE][PASSED] - Browser is opened with url: ''

2019-05-29 19:59:08 - [TEST_STEP][PASSED] - maximizeWindow(): Current window maximized

2019-05-29 19:59:09 - [MESSAGE][PASSED] - Current window maximized

2019-05-29 19:59:09 - [TEST_STEP][PASSED] - navigateToUrl("https://www.genuinegmparts.com/"): Navigate to 'https://www.genuinegmparts.com/' successfully

2019-05-29 19:59:12 - [MESSAGE][PASSED] - Navigate to 'https://www.genuinegmparts.com/' successfully

2019-05-29 19:59:12 - [TEST_STEP][PASSED] - click(findTestObject("Object Repository/SiteMap/For Professionals/Technical Documents/a_Sitemap")): Object: 'Object Repository/SiteMap/For Professionals/Technical Documents/a_Sitemap' is clicked on

2019-05-29 19:59:12 - [MESSAGE][PASSED] - Object: 'Object Repository/SiteMap/For Professionals/Technical Documents/a_Sitemap' is clicked on

2019-05-29 19:59:12 - [TEST_STEP][PASSED] - click(findTestObject("Object Repository/SiteMap/For Professionals/Technical Documents/span_Technical Documents")): Object: 'Object Repository/SiteMap/For Professionals/Technical Documents/span_Technical Documents' is clicked on

2019-05-29 19:59:13 - [MESSAGE][PASSED] - Object: 'Object Repository/SiteMap/For Professionals/Technical Documents/span_Technical Documents' is clicked on

2019-05-29 19:59:13 - [TEST_STEP][PASSED] - delay(2): Delayed 2 second(s)

2019-05-29 19:59:15 - [MESSAGE][PASSED] - Delayed 2 second(s)

2019-05-29 19:59:15 - [TEST_STEP][PASSED] - verifyElementText(findTestObject("SiteMap/For Professionals/Technical Documents/h1_Technical documents"), "Technical documents"): Actual text and expected text of test object 'Object Repository/SiteMap/For Professionals/Technical Documents/h1_Technical documents' are matched.

2019-05-29 19:59:16 - [MESSAGE][PASSED] - Actual text and expected text of test object 'Object Repository/SiteMap/For Professionals/Technical Documents/h1_Technical documents' are matched.

2019-05-29 19:59:16 - [TEST_STEP][PASSED] - closeBrowser(): Browser is closed

2019-05-29 19:59:17 - [MESSAGE][PASSED] - Browser is closed]]></system-out>
         <system-err><![CDATA[]]></system-err>
      </testcase>
      <testcase name="Test Cases/GGMP/Sitemap/For Professionals/Touch-Up Paint" classname="Test Cases/GGMP/Sitemap/For Professionals/Touch-Up Paint" status="PASSED">
         <system-out><![CDATA[2019-05-29 19:59:17 - [TEST_CASE][PASSED] - Test Cases/GGMP/Sitemap/For Professionals/Touch-Up Paint: Test Cases/GGMP/Sitemap/For Professionals/Touch-Up Paint

2019-05-29 19:59:17 - [TEST_STEP][PASSED] - openBrowser(""): Browser is opened with url: ''

2019-05-29 19:59:17 - [MESSAGE][INFO] - Starting 'Chrome' driver

2019-05-29 19:59:22 - [MESSAGE][PASSED] - Browser is opened with url: ''

2019-05-29 19:59:22 - [TEST_STEP][PASSED] - maximizeWindow(): Current window maximized

2019-05-29 19:59:24 - [MESSAGE][PASSED] - Current window maximized

2019-05-29 19:59:24 - [TEST_STEP][PASSED] - navigateToUrl("https://www.genuinegmparts.com/"): Navigate to 'https://www.genuinegmparts.com/' successfully

2019-05-29 19:59:26 - [MESSAGE][PASSED] - Navigate to 'https://www.genuinegmparts.com/' successfully

2019-05-29 19:59:26 - [TEST_STEP][PASSED] - click(findTestObject("Object Repository/SiteMap/For Professionals/Touch-Up Paint/a_Sitemap")): Object: 'Object Repository/SiteMap/For Professionals/Touch-Up Paint/a_Sitemap' is clicked on

2019-05-29 19:59:27 - [MESSAGE][PASSED] - Object: 'Object Repository/SiteMap/For Professionals/Touch-Up Paint/a_Sitemap' is clicked on

2019-05-29 19:59:27 - [TEST_STEP][PASSED] - click(findTestObject("Object Repository/SiteMap/For Professionals/Touch-Up Paint/span_Touch-Up Paint")): Object: 'Object Repository/SiteMap/For Professionals/Touch-Up Paint/span_Touch-Up Paint' is clicked on

2019-05-29 19:59:28 - [MESSAGE][PASSED] - Object: 'Object Repository/SiteMap/For Professionals/Touch-Up Paint/span_Touch-Up Paint' is clicked on

2019-05-29 19:59:28 - [TEST_STEP][PASSED] - delay(3): Delayed 3 second(s)

2019-05-29 19:59:31 - [MESSAGE][PASSED] - Delayed 3 second(s)

2019-05-29 19:59:31 - [TEST_STEP][PASSED] - click(findTestObject("Object Repository/SiteMap/For Professionals/Touch-Up Paint/a_Downloadable Guides")): Object: 'Object Repository/SiteMap/For Professionals/Touch-Up Paint/a_Downloadable Guides' is clicked on

2019-05-29 19:59:31 - [MESSAGE][PASSED] - Object: 'Object Repository/SiteMap/For Professionals/Touch-Up Paint/a_Downloadable Guides' is clicked on

2019-05-29 19:59:31 - [TEST_STEP][PASSED] - click(findTestObject("Object Repository/SiteMap/For Professionals/Touch-Up Paint/span_2018 GM Refinish Materials - GMW-15406-2017")): Object: 'Object Repository/SiteMap/For Professionals/Touch-Up Paint/span_2018 GM Refinish Materials - GMW-15406-2017' is clicked on

2019-05-29 19:59:31 - [MESSAGE][PASSED] - Object: 'Object Repository/SiteMap/For Professionals/Touch-Up Paint/span_2018 GM Refinish Materials - GMW-15406-2017' is clicked on

2019-05-29 19:59:31 - [TEST_STEP][PASSED] - closeBrowser(): Browser is closed

2019-05-29 19:59:32 - [MESSAGE][PASSED] - Browser is closed]]></system-out>
         <system-err><![CDATA[]]></system-err>
      </testcase>
      <testcase name="Test Cases/GGMP/Sitemap/LAD/Advanced Search" classname="Test Cases/GGMP/Sitemap/LAD/Advanced Search" status="PASSED">
         <system-out><![CDATA[2019-05-29 19:59:32 - [TEST_CASE][PASSED] - Test Cases/GGMP/Sitemap/LAD/Advanced Search: Test Cases/GGMP/Sitemap/LAD/Advanced Search

2019-05-29 19:59:32 - [TEST_STEP][PASSED] - openBrowser(""): Browser is opened with url: ''

2019-05-29 19:59:32 - [MESSAGE][INFO] - Starting 'Chrome' driver

2019-05-29 19:59:37 - [MESSAGE][PASSED] - Browser is opened with url: ''

2019-05-29 19:59:37 - [TEST_STEP][PASSED] - maximizeWindow(): Current window maximized

2019-05-29 19:59:38 - [MESSAGE][PASSED] - Current window maximized

2019-05-29 19:59:38 - [TEST_STEP][PASSED] - navigateToUrl("https://www.genuinegmparts.com/"): Navigate to 'https://www.genuinegmparts.com/' successfully

2019-05-29 19:59:42 - [MESSAGE][PASSED] - Navigate to 'https://www.genuinegmparts.com/' successfully

2019-05-29 19:59:42 - [TEST_STEP][PASSED] - click(findTestObject("Object Repository/SiteMap/LAD/Advanced Search/a_Sitemap")): Object: 'Object Repository/SiteMap/LAD/Advanced Search/a_Sitemap' is clicked on

2019-05-29 19:59:42 - [MESSAGE][PASSED] - Object: 'Object Repository/SiteMap/LAD/Advanced Search/a_Sitemap' is clicked on

2019-05-29 19:59:42 - [TEST_STEP][PASSED] - click(findTestObject("Object Repository/SiteMap/LAD/Advanced Search/span_Advanced Search")): Object: 'Object Repository/SiteMap/LAD/Advanced Search/span_Advanced Search' is clicked on

2019-05-29 19:59:43 - [MESSAGE][PASSED] - Object: 'Object Repository/SiteMap/LAD/Advanced Search/span_Advanced Search' is clicked on

2019-05-29 19:59:43 - [TEST_STEP][PASSED] - delay(5): Delayed 5 second(s)

2019-05-29 19:59:48 - [MESSAGE][PASSED] - Delayed 5 second(s)

2019-05-29 19:59:48 - [TEST_STEP][PASSED] - verifyElementText(findTestObject("SiteMap/LAD/Advanced Search/h1_Locate a Genuine GM Parts dealer"), "Locate a Genuine GM Parts dealer"): Actual text and expected text of test object 'Object Repository/SiteMap/LAD/Advanced Search/h1_Locate a Genuine GM Parts dealer' are matched.

2019-05-29 19:59:48 - [MESSAGE][PASSED] - Actual text and expected text of test object 'Object Repository/SiteMap/LAD/Advanced Search/h1_Locate a Genuine GM Parts dealer' are matched.

2019-05-29 19:59:48 - [TEST_STEP][PASSED] - closeBrowser(): Browser is closed

2019-05-29 19:59:49 - [MESSAGE][PASSED] - Browser is closed]]></system-out>
         <system-err><![CDATA[]]></system-err>
      </testcase>
      <testcase name="Test Cases/GGMP/Sitemap/Powertrain/Engine COmponents" classname="Test Cases/GGMP/Sitemap/Powertrain/Engine COmponents" status="PASSED">
         <system-out><![CDATA[2019-05-29 19:59:49 - [TEST_CASE][PASSED] - Test Cases/GGMP/Sitemap/Powertrain/Engine COmponents: Test Cases/GGMP/Sitemap/Powertrain/Engine COmponents

2019-05-29 19:59:50 - [TEST_STEP][PASSED] - openBrowser(""): Browser is opened with url: ''

2019-05-29 19:59:50 - [MESSAGE][INFO] - Starting 'Chrome' driver

2019-05-29 19:59:55 - [MESSAGE][PASSED] - Browser is opened with url: ''

2019-05-29 19:59:55 - [TEST_STEP][PASSED] - maximizeWindow(): Current window maximized

2019-05-29 19:59:57 - [MESSAGE][PASSED] - Current window maximized

2019-05-29 19:59:57 - [TEST_STEP][PASSED] - navigateToUrl("https://www.genuinegmparts.com/"): Navigate to 'https://www.genuinegmparts.com/' successfully

2019-05-29 20:00:00 - [MESSAGE][PASSED] - Navigate to 'https://www.genuinegmparts.com/' successfully

2019-05-29 20:00:00 - [TEST_STEP][PASSED] - click(findTestObject("Object Repository/SiteMap/Powertrain/Engine Components/a_Sitemap")): Object: 'Object Repository/SiteMap/Powertrain/Engine Components/a_Sitemap' is clicked on

2019-05-29 20:00:00 - [MESSAGE][PASSED] - Object: 'Object Repository/SiteMap/Powertrain/Engine Components/a_Sitemap' is clicked on

2019-05-29 20:00:00 - [TEST_STEP][PASSED] - click(findTestObject("Object Repository/SiteMap/Powertrain/Engine Components/span_Engine Components")): Object: 'Object Repository/SiteMap/Powertrain/Engine Components/span_Engine Components' is clicked on

2019-05-29 20:00:02 - [MESSAGE][PASSED] - Object: 'Object Repository/SiteMap/Powertrain/Engine Components/span_Engine Components' is clicked on

2019-05-29 20:00:02 - [TEST_STEP][PASSED] - delay(5): Delayed 5 second(s)

2019-05-29 20:00:07 - [MESSAGE][PASSED] - Delayed 5 second(s)

2019-05-29 20:00:07 - [TEST_STEP][PASSED] - verifyElementText(findTestObject("Object Repository/SiteMap/Powertrain/Engine Components/h1_Keep putting power down with Genuine GM Parts"), "Keep putting power down with Genuine GM Parts", CONTINUE_ON_FAILURE): Actual text and expected text of test object 'Object Repository/SiteMap/Powertrain/Engine Components/h1_Keep putting power down with Genuine GM Parts' are matched.

2019-05-29 20:00:07 - [MESSAGE][PASSED] - Actual text and expected text of test object 'Object Repository/SiteMap/Powertrain/Engine Components/h1_Keep putting power down with Genuine GM Parts' are matched.

2019-05-29 20:00:07 - [TEST_STEP][PASSED] - click(findTestObject("Object Repository/SiteMap/Powertrain/Engine Components/span_CAMSHAFT PHASERS")): Object: 'Object Repository/SiteMap/Powertrain/Engine Components/span_CAMSHAFT PHASERS' is clicked on

2019-05-29 20:00:07 - [MESSAGE][PASSED] - Object: 'Object Repository/SiteMap/Powertrain/Engine Components/span_CAMSHAFT PHASERS' is clicked on

2019-05-29 20:00:07 - [TEST_STEP][PASSED] - closeBrowser(): Browser is closed

2019-05-29 20:00:08 - [MESSAGE][PASSED] - Browser is closed]]></system-out>
         <system-err><![CDATA[]]></system-err>
      </testcase>
      <testcase name="Test Cases/GGMP/Sitemap/Powertrain/Engines" classname="Test Cases/GGMP/Sitemap/Powertrain/Engines" status="PASSED">
         <system-out><![CDATA[2019-05-29 20:00:08 - [TEST_CASE][PASSED] - Test Cases/GGMP/Sitemap/Powertrain/Engines: Test Cases/GGMP/Sitemap/Powertrain/Engines

2019-05-29 20:00:09 - [TEST_STEP][PASSED] - openBrowser(""): Browser is opened with url: ''

2019-05-29 20:00:09 - [MESSAGE][INFO] - Starting 'Chrome' driver

2019-05-29 20:00:14 - [MESSAGE][PASSED] - Browser is opened with url: ''

2019-05-29 20:00:14 - [TEST_STEP][PASSED] - maximizeWindow(): Current window maximized

2019-05-29 20:00:15 - [MESSAGE][PASSED] - Current window maximized

2019-05-29 20:00:15 - [TEST_STEP][PASSED] - navigateToUrl("https://www.genuinegmparts.com/"): Navigate to 'https://www.genuinegmparts.com/' successfully

2019-05-29 20:00:20 - [MESSAGE][PASSED] - Navigate to 'https://www.genuinegmparts.com/' successfully

2019-05-29 20:00:20 - [TEST_STEP][PASSED] - click(findTestObject("Object Repository/SiteMap/Powertrain/Engines/a_Sitemap")): Object: 'Object Repository/SiteMap/Powertrain/Engines/a_Sitemap' is clicked on

2019-05-29 20:00:20 - [MESSAGE][PASSED] - Object: 'Object Repository/SiteMap/Powertrain/Engines/a_Sitemap' is clicked on

2019-05-29 20:00:20 - [TEST_STEP][PASSED] - click(findTestObject("Object Repository/SiteMap/Powertrain/Engines/span_Engines")): Object: 'Object Repository/SiteMap/Powertrain/Engines/span_Engines' is clicked on

2019-05-29 20:00:21 - [MESSAGE][PASSED] - Object: 'Object Repository/SiteMap/Powertrain/Engines/span_Engines' is clicked on

2019-05-29 20:00:21 - [TEST_STEP][PASSED] - delay(5): Delayed 5 second(s)

2019-05-29 20:00:26 - [MESSAGE][PASSED] - Delayed 5 second(s)

2019-05-29 20:00:26 - [TEST_STEP][PASSED] - click(findTestObject("Object Repository/SiteMap/Powertrain/Engines/button_GO TO ECATALOG")): Object: 'Object Repository/SiteMap/Powertrain/Engines/button_GO TO ECATALOG' is clicked on

2019-05-29 20:00:27 - [MESSAGE][PASSED] - Object: 'Object Repository/SiteMap/Powertrain/Engines/button_GO TO ECATALOG' is clicked on

2019-05-29 20:00:27 - [TEST_STEP][PASSED] - closeBrowser(): Browser is closed

2019-05-29 20:00:28 - [MESSAGE][PASSED] - Browser is closed]]></system-out>
         <system-err><![CDATA[]]></system-err>
      </testcase>
      <testcase name="Test Cases/GGMP/Sitemap/Powertrain/Powetrain Parts" classname="Test Cases/GGMP/Sitemap/Powertrain/Powetrain Parts" status="PASSED">
         <system-out><![CDATA[2019-05-29 20:00:28 - [TEST_CASE][PASSED] - Test Cases/GGMP/Sitemap/Powertrain/Powetrain Parts: Test Cases/GGMP/Sitemap/Powertrain/Powetrain Parts

2019-05-29 20:00:28 - [TEST_STEP][PASSED] - openBrowser(""): Browser is opened with url: ''

2019-05-29 20:00:28 - [MESSAGE][INFO] - Starting 'Chrome' driver

2019-05-29 20:00:35 - [MESSAGE][PASSED] - Browser is opened with url: ''

2019-05-29 20:00:35 - [TEST_STEP][PASSED] - maximizeWindow(): Current window maximized

2019-05-29 20:00:36 - [MESSAGE][PASSED] - Current window maximized

2019-05-29 20:00:36 - [TEST_STEP][PASSED] - navigateToUrl("https://www.genuinegmparts.com/"): Navigate to 'https://www.genuinegmparts.com/' successfully

2019-05-29 20:00:40 - [MESSAGE][PASSED] - Navigate to 'https://www.genuinegmparts.com/' successfully

2019-05-29 20:00:40 - [TEST_STEP][PASSED] - click(findTestObject("Object Repository/SiteMap/Powertrain/Powertrain Parts/a_Sitemap")): Object: 'Object Repository/SiteMap/Powertrain/Powertrain Parts/a_Sitemap' is clicked on

2019-05-29 20:00:40 - [MESSAGE][PASSED] - Object: 'Object Repository/SiteMap/Powertrain/Powertrain Parts/a_Sitemap' is clicked on

2019-05-29 20:00:40 - [TEST_STEP][PASSED] - click(findTestObject("Object Repository/SiteMap/Powertrain/Powertrain Parts/span_Powertrain Parts")): Object: 'Object Repository/SiteMap/Powertrain/Powertrain Parts/span_Powertrain Parts' is clicked on

2019-05-29 20:00:41 - [MESSAGE][PASSED] - Object: 'Object Repository/SiteMap/Powertrain/Powertrain Parts/span_Powertrain Parts' is clicked on

2019-05-29 20:00:41 - [TEST_STEP][PASSED] - click(findTestObject("Object Repository/SiteMap/Powertrain/Powertrain Parts/span_Engines")): Object: 'Object Repository/SiteMap/Powertrain/Powertrain Parts/span_Engines' is clicked on

2019-05-29 20:00:44 - [MESSAGE][PASSED] - Object: 'Object Repository/SiteMap/Powertrain/Powertrain Parts/span_Engines' is clicked on

2019-05-29 20:00:44 - [TEST_STEP][PASSED] - closeBrowser(): Browser is closed

2019-05-29 20:00:45 - [MESSAGE][PASSED] - Browser is closed]]></system-out>
         <system-err><![CDATA[]]></system-err>
      </testcase>
      <testcase name="Test Cases/GGMP/Sitemap/Powertrain/Transmission Components" classname="Test Cases/GGMP/Sitemap/Powertrain/Transmission Components" status="PASSED">
         <system-out><![CDATA[2019-05-29 20:00:45 - [TEST_CASE][PASSED] - Test Cases/GGMP/Sitemap/Powertrain/Transmission Components: Test Cases/GGMP/Sitemap/Powertrain/Transmission Components

2019-05-29 20:00:46 - [TEST_STEP][PASSED] - openBrowser(""): Browser is opened with url: ''

2019-05-29 20:00:46 - [MESSAGE][INFO] - Starting 'Chrome' driver

2019-05-29 20:00:53 - [MESSAGE][PASSED] - Browser is opened with url: ''

2019-05-29 20:00:53 - [TEST_STEP][PASSED] - maximizeWindow(): Current window maximized

2019-05-29 20:00:54 - [MESSAGE][PASSED] - Current window maximized

2019-05-29 20:00:54 - [TEST_STEP][PASSED] - navigateToUrl("https://www.genuinegmparts.com/"): Navigate to 'https://www.genuinegmparts.com/' successfully

2019-05-29 20:00:58 - [MESSAGE][PASSED] - Navigate to 'https://www.genuinegmparts.com/' successfully

2019-05-29 20:00:58 - [TEST_STEP][PASSED] - click(findTestObject("Object Repository/SiteMap/Powertrain/Transmission Componets/a_Sitemap")): Object: 'Object Repository/SiteMap/Powertrain/Transmission Componets/a_Sitemap' is clicked on

2019-05-29 20:00:58 - [MESSAGE][PASSED] - Object: 'Object Repository/SiteMap/Powertrain/Transmission Componets/a_Sitemap' is clicked on

2019-05-29 20:00:58 - [TEST_STEP][PASSED] - click(findTestObject("Object Repository/SiteMap/Powertrain/Transmission Componets/span_Transmission Components")): Object: 'Object Repository/SiteMap/Powertrain/Transmission Componets/span_Transmission Components' is clicked on

2019-05-29 20:00:59 - [MESSAGE][PASSED] - Object: 'Object Repository/SiteMap/Powertrain/Transmission Componets/span_Transmission Components' is clicked on

2019-05-29 20:00:59 - [TEST_STEP][PASSED] - click(findTestObject("Object Repository/SiteMap/Powertrain/Transmission Componets/span_GASKET SET")): Object: 'Object Repository/SiteMap/Powertrain/Transmission Componets/span_GASKET SET' is clicked on

2019-05-29 20:01:02 - [MESSAGE][PASSED] - Object: 'Object Repository/SiteMap/Powertrain/Transmission Componets/span_GASKET SET' is clicked on

2019-05-29 20:01:02 - [TEST_STEP][PASSED] - closeBrowser(): Browser is closed

2019-05-29 20:01:04 - [MESSAGE][PASSED] - Browser is closed]]></system-out>
         <system-err><![CDATA[]]></system-err>
      </testcase>
      <testcase name="Test Cases/GGMP/Sitemap/Powertrain/Transmission Tranfer Cases" classname="Test Cases/GGMP/Sitemap/Powertrain/Transmission Tranfer Cases" status="PASSED">
         <system-out><![CDATA[2019-05-29 20:01:04 - [TEST_CASE][PASSED] - Test Cases/GGMP/Sitemap/Powertrain/Transmission Tranfer Cases: Test Cases/GGMP/Sitemap/Powertrain/Transmission Tranfer Cases

2019-05-29 20:01:04 - [TEST_STEP][PASSED] - openBrowser(""): Browser is opened with url: ''

2019-05-29 20:01:04 - [MESSAGE][INFO] - Starting 'Chrome' driver

2019-05-29 20:01:13 - [MESSAGE][PASSED] - Browser is opened with url: ''

2019-05-29 20:01:13 - [TEST_STEP][PASSED] - maximizeWindow(): Current window maximized

2019-05-29 20:01:14 - [MESSAGE][PASSED] - Current window maximized

2019-05-29 20:01:14 - [TEST_STEP][PASSED] - navigateToUrl("https://www.genuinegmparts.com/"): Navigate to 'https://www.genuinegmparts.com/' successfully

2019-05-29 20:01:20 - [MESSAGE][PASSED] - Navigate to 'https://www.genuinegmparts.com/' successfully

2019-05-29 20:01:20 - [TEST_STEP][PASSED] - click(findTestObject("Object Repository/SiteMap/Powertrain/Transmission Transfer Cases/a_Sitemap")): Object: 'Object Repository/SiteMap/Powertrain/Transmission Transfer Cases/a_Sitemap' is clicked on

2019-05-29 20:01:20 - [MESSAGE][PASSED] - Object: 'Object Repository/SiteMap/Powertrain/Transmission Transfer Cases/a_Sitemap' is clicked on

2019-05-29 20:01:20 - [TEST_STEP][PASSED] - click(findTestObject("Object Repository/SiteMap/Powertrain/Transmission Transfer Cases/span_Transmissions  Transfer Cases")): Object: 'Object Repository/SiteMap/Powertrain/Transmission Transfer Cases/span_Transmissions  Transfer Cases' is clicked on

2019-05-29 20:01:22 - [MESSAGE][PASSED] - Object: 'Object Repository/SiteMap/Powertrain/Transmission Transfer Cases/span_Transmissions  Transfer Cases' is clicked on

2019-05-29 20:01:22 - [TEST_STEP][PASSED] - delay(5): Delayed 5 second(s)

2019-05-29 20:01:27 - [MESSAGE][PASSED] - Delayed 5 second(s)

2019-05-29 20:01:27 - [TEST_STEP][PASSED] - click(findTestObject("Object Repository/SiteMap/Powertrain/Transmission Transfer Cases/button_GO TO ECATALOG")): Object: 'Object Repository/SiteMap/Powertrain/Transmission Transfer Cases/button_GO TO ECATALOG' is clicked on

2019-05-29 20:01:27 - [MESSAGE][PASSED] - Object: 'Object Repository/SiteMap/Powertrain/Transmission Transfer Cases/button_GO TO ECATALOG' is clicked on

2019-05-29 20:01:27 - [TEST_STEP][PASSED] - closeBrowser(): Browser is closed

2019-05-29 20:01:28 - [MESSAGE][PASSED] - Browser is closed]]></system-out>
         <system-err><![CDATA[]]></system-err>
      </testcase>
      <testcase name="Test Cases/GGMP/Sitemap/Programs and Promotions/Rabtes and Promos" classname="Test Cases/GGMP/Sitemap/Programs and Promotions/Rabtes and Promos" status="PASSED">
         <system-out><![CDATA[2019-05-29 20:01:28 - [TEST_CASE][PASSED] - Test Cases/GGMP/Sitemap/Programs and Promotions/Rabtes and Promos: Test Cases/GGMP/Sitemap/Programs and Promotions/Rabtes and Promos

2019-05-29 20:01:28 - [TEST_STEP][PASSED] - openBrowser(""): Browser is opened with url: ''

2019-05-29 20:01:28 - [MESSAGE][INFO] - Starting 'Chrome' driver

2019-05-29 20:01:35 - [MESSAGE][PASSED] - Browser is opened with url: ''

2019-05-29 20:01:35 - [TEST_STEP][PASSED] - maximizeWindow(): Current window maximized

2019-05-29 20:01:36 - [MESSAGE][PASSED] - Current window maximized

2019-05-29 20:01:36 - [TEST_STEP][PASSED] - navigateToUrl("https://www.genuinegmparts.com/"): Navigate to 'https://www.genuinegmparts.com/' successfully

2019-05-29 20:01:41 - [MESSAGE][PASSED] - Navigate to 'https://www.genuinegmparts.com/' successfully

2019-05-29 20:01:41 - [TEST_STEP][PASSED] - click(findTestObject("Object Repository/SiteMap/Programs and Promotions/Rebates and Promos/a_Sitemap")): Object: 'Object Repository/SiteMap/Programs and Promotions/Rebates and Promos/a_Sitemap' is clicked on

2019-05-29 20:01:41 - [MESSAGE][PASSED] - Object: 'Object Repository/SiteMap/Programs and Promotions/Rebates and Promos/a_Sitemap' is clicked on

2019-05-29 20:01:41 - [TEST_STEP][PASSED] - click(findTestObject("Object Repository/SiteMap/Programs and Promotions/Rebates and Promos/span_Rebates  Promos")): Object: 'Object Repository/SiteMap/Programs and Promotions/Rebates and Promos/span_Rebates  Promos' is clicked on

2019-05-29 20:01:43 - [MESSAGE][PASSED] - Object: 'Object Repository/SiteMap/Programs and Promotions/Rebates and Promos/span_Rebates  Promos' is clicked on

2019-05-29 20:01:43 - [TEST_STEP][PASSED] - delay(5): Delayed 5 second(s)

2019-05-29 20:01:48 - [MESSAGE][PASSED] - Delayed 5 second(s)

2019-05-29 20:01:48 - [TEST_STEP][PASSED] - verifyElementText(findTestObject("SiteMap/Programs and Promotions/Rebates and Promos/h1_Get the Genuine GM Parts you need"), "Get the Genuine GM Parts you need"): Actual text and expected text of test object 'Object Repository/SiteMap/Programs and Promotions/Rebates and Promos/h1_Get the Genuine GM Parts you need' are matched.

2019-05-29 20:01:48 - [MESSAGE][PASSED] - Actual text and expected text of test object 'Object Repository/SiteMap/Programs and Promotions/Rebates and Promos/h1_Get the Genuine GM Parts you need' are matched.

2019-05-29 20:01:48 - [TEST_STEP][PASSED] - closeBrowser(): Browser is closed

2019-05-29 20:01:50 - [MESSAGE][PASSED] - Browser is closed]]></system-out>
         <system-err><![CDATA[]]></system-err>
      </testcase>
      <testcase name="Test Cases/GGMP/Sitemap/Resources/Product Registration" classname="Test Cases/GGMP/Sitemap/Resources/Product Registration" status="PASSED">
         <system-out><![CDATA[2019-05-29 20:01:50 - [TEST_CASE][PASSED] - Test Cases/GGMP/Sitemap/Resources/Product Registration: Test Cases/GGMP/Sitemap/Resources/Product Registration

2019-05-29 20:01:50 - [TEST_STEP][PASSED] - openBrowser(""): Browser is opened with url: ''

2019-05-29 20:01:50 - [MESSAGE][INFO] - Starting 'Chrome' driver

2019-05-29 20:01:57 - [MESSAGE][PASSED] - Browser is opened with url: ''

2019-05-29 20:01:57 - [TEST_STEP][PASSED] - maximizeWindow(): Current window maximized

2019-05-29 20:01:58 - [MESSAGE][PASSED] - Current window maximized

2019-05-29 20:01:58 - [TEST_STEP][PASSED] - navigateToUrl("https://www.genuinegmparts.com/"): Navigate to 'https://www.genuinegmparts.com/' successfully

2019-05-29 20:02:02 - [MESSAGE][PASSED] - Navigate to 'https://www.genuinegmparts.com/' successfully

2019-05-29 20:02:02 - [TEST_STEP][PASSED] - click(findTestObject("Object Repository/SiteMap/Resources/Product Registration/a_Sitemap")): Object: 'Object Repository/SiteMap/Resources/Product Registration/a_Sitemap' is clicked on

2019-05-29 20:02:03 - [MESSAGE][PASSED] - Object: 'Object Repository/SiteMap/Resources/Product Registration/a_Sitemap' is clicked on

2019-05-29 20:02:03 - [TEST_STEP][PASSED] - click(findTestObject("Object Repository/SiteMap/Resources/Product Registration/span_Product Registration")): Object: 'Object Repository/SiteMap/Resources/Product Registration/span_Product Registration' is clicked on

2019-05-29 20:02:04 - [MESSAGE][PASSED] - Object: 'Object Repository/SiteMap/Resources/Product Registration/span_Product Registration' is clicked on

2019-05-29 20:02:04 - [TEST_STEP][PASSED] - delay(3): Delayed 3 second(s)

2019-05-29 20:02:07 - [MESSAGE][PASSED] - Delayed 3 second(s)

2019-05-29 20:02:07 - [TEST_STEP][PASSED] - verifyElementText(findTestObject("SiteMap/Resources/Product Registration/h1_Product Registration"), "Product Registration"): Actual text and expected text of test object 'Object Repository/SiteMap/Resources/Product Registration/h1_Product Registration' are matched.

2019-05-29 20:02:07 - [MESSAGE][PASSED] - Actual text and expected text of test object 'Object Repository/SiteMap/Resources/Product Registration/h1_Product Registration' are matched.

2019-05-29 20:02:07 - [TEST_STEP][PASSED] - closeBrowser(): Browser is closed

2019-05-29 20:02:08 - [MESSAGE][PASSED] - Browser is closed]]></system-out>
         <system-err><![CDATA[]]></system-err>
      </testcase>
      <testcase name="Test Cases/GGMP/Sitemap/Resources/Related Links" classname="Test Cases/GGMP/Sitemap/Resources/Related Links" status="PASSED">
         <system-out><![CDATA[2019-05-29 20:02:08 - [TEST_CASE][PASSED] - Test Cases/GGMP/Sitemap/Resources/Related Links: Test Cases/GGMP/Sitemap/Resources/Related Links

2019-05-29 20:02:08 - [TEST_STEP][PASSED] - openBrowser(""): Browser is opened with url: ''

2019-05-29 20:02:08 - [MESSAGE][INFO] - Starting 'Chrome' driver

2019-05-29 20:02:15 - [MESSAGE][PASSED] - Browser is opened with url: ''

2019-05-29 20:02:15 - [TEST_STEP][PASSED] - maximizeWindow(): Current window maximized

2019-05-29 20:02:16 - [MESSAGE][PASSED] - Current window maximized

2019-05-29 20:02:16 - [TEST_STEP][PASSED] - navigateToUrl("https://www.genuinegmparts.com/"): Navigate to 'https://www.genuinegmparts.com/' successfully

2019-05-29 20:02:20 - [MESSAGE][PASSED] - Navigate to 'https://www.genuinegmparts.com/' successfully

2019-05-29 20:02:20 - [TEST_STEP][PASSED] - click(findTestObject("Object Repository/SiteMap/Resources/Related Links/a_Sitemap")): Object: 'Object Repository/SiteMap/Resources/Related Links/a_Sitemap' is clicked on

2019-05-29 20:02:20 - [MESSAGE][PASSED] - Object: 'Object Repository/SiteMap/Resources/Related Links/a_Sitemap' is clicked on

2019-05-29 20:02:20 - [TEST_STEP][PASSED] - click(findTestObject("Object Repository/SiteMap/Resources/Related Links/span_Related Links")): Object: 'Object Repository/SiteMap/Resources/Related Links/span_Related Links' is clicked on

2019-05-29 20:02:21 - [MESSAGE][PASSED] - Object: 'Object Repository/SiteMap/Resources/Related Links/span_Related Links' is clicked on

2019-05-29 20:02:21 - [TEST_STEP][PASSED] - delay(3): Delayed 3 second(s)

2019-05-29 20:02:24 - [MESSAGE][PASSED] - Delayed 3 second(s)

2019-05-29 20:02:24 - [TEST_STEP][PASSED] - verifyElementText(findTestObject("SiteMap/Resources/Related Links/h1_Related links"), "Related links"): Actual text and expected text of test object 'Object Repository/SiteMap/Resources/Related Links/h1_Related links' are matched.

2019-05-29 20:02:24 - [MESSAGE][PASSED] - Actual text and expected text of test object 'Object Repository/SiteMap/Resources/Related Links/h1_Related links' are matched.

2019-05-29 20:02:24 - [TEST_STEP][PASSED] - closeBrowser(): Browser is closed

2019-05-29 20:02:25 - [MESSAGE][PASSED] - Browser is closed]]></system-out>
         <system-err><![CDATA[]]></system-err>
      </testcase>
      <testcase name="Test Cases/GGMP/Sitemap/Resources/VIN Information" classname="Test Cases/GGMP/Sitemap/Resources/VIN Information" status="PASSED">
         <system-out><![CDATA[2019-05-29 20:02:25 - [TEST_CASE][PASSED] - Test Cases/GGMP/Sitemap/Resources/VIN Information: Test Cases/GGMP/Sitemap/Resources/VIN Information

2019-05-29 20:02:25 - [TEST_STEP][PASSED] - openBrowser(""): Browser is opened with url: ''

2019-05-29 20:02:25 - [MESSAGE][INFO] - Starting 'Chrome' driver

2019-05-29 20:02:32 - [MESSAGE][PASSED] - Browser is opened with url: ''

2019-05-29 20:02:32 - [TEST_STEP][PASSED] - maximizeWindow(): Current window maximized

2019-05-29 20:02:33 - [MESSAGE][PASSED] - Current window maximized

2019-05-29 20:02:33 - [TEST_STEP][PASSED] - navigateToUrl("https://www.genuinegmparts.com/"): Navigate to 'https://www.genuinegmparts.com/' successfully

2019-05-29 20:02:36 - [MESSAGE][PASSED] - Navigate to 'https://www.genuinegmparts.com/' successfully

2019-05-29 20:02:36 - [TEST_STEP][PASSED] - click(findTestObject("Object Repository/SiteMap/Resources/VIN Information/a_Sitemap")): Object: 'Object Repository/SiteMap/Resources/VIN Information/a_Sitemap' is clicked on

2019-05-29 20:02:36 - [MESSAGE][PASSED] - Object: 'Object Repository/SiteMap/Resources/VIN Information/a_Sitemap' is clicked on

2019-05-29 20:02:36 - [TEST_STEP][PASSED] - click(findTestObject("Object Repository/SiteMap/Resources/VIN Information/span_VIN Information")): Object: 'Object Repository/SiteMap/Resources/VIN Information/span_VIN Information' is clicked on

2019-05-29 20:02:37 - [MESSAGE][PASSED] - Object: 'Object Repository/SiteMap/Resources/VIN Information/span_VIN Information' is clicked on

2019-05-29 20:02:37 - [TEST_STEP][PASSED] - delay(5): Delayed 5 second(s)

2019-05-29 20:02:42 - [MESSAGE][PASSED] - Delayed 5 second(s)

2019-05-29 20:02:42 - [TEST_STEP][PASSED] - verifyElementText(findTestObject("SiteMap/Resources/VIN Information/h1_Vehicle Identification Number (VIN) information"), "Vehicle Identification Number (VIN) information"): Actual text and expected text of test object 'Object Repository/SiteMap/Resources/VIN Information/h1_Vehicle Identification Number (VIN) information' are matched.

2019-05-29 20:02:43 - [MESSAGE][PASSED] - Actual text and expected text of test object 'Object Repository/SiteMap/Resources/VIN Information/h1_Vehicle Identification Number (VIN) information' are matched.

2019-05-29 20:02:43 - [TEST_STEP][PASSED] - closeBrowser(): Browser is closed

2019-05-29 20:02:44 - [MESSAGE][PASSED] - Browser is closed]]></system-out>
         <system-err><![CDATA[]]></system-err>
      </testcase>
      <testcase name="Test Cases/GGMP/Sitemap/Resources/Warranty Info" classname="Test Cases/GGMP/Sitemap/Resources/Warranty Info" status="PASSED">
         <system-out><![CDATA[2019-05-29 20:02:44 - [TEST_CASE][PASSED] - Test Cases/GGMP/Sitemap/Resources/Warranty Info: Test Cases/GGMP/Sitemap/Resources/Warranty Info

2019-05-29 20:02:44 - [TEST_STEP][PASSED] - openBrowser(""): Browser is opened with url: ''

2019-05-29 20:02:44 - [MESSAGE][INFO] - Starting 'Chrome' driver

2019-05-29 20:02:50 - [MESSAGE][PASSED] - Browser is opened with url: ''

2019-05-29 20:02:50 - [TEST_STEP][PASSED] - maximizeWindow(): Current window maximized

2019-05-29 20:02:51 - [MESSAGE][PASSED] - Current window maximized

2019-05-29 20:02:51 - [TEST_STEP][PASSED] - navigateToUrl("https://www.genuinegmparts.com/"): Navigate to 'https://www.genuinegmparts.com/' successfully

2019-05-29 20:02:55 - [MESSAGE][PASSED] - Navigate to 'https://www.genuinegmparts.com/' successfully

2019-05-29 20:02:55 - [TEST_STEP][PASSED] - click(findTestObject("Object Repository/SiteMap/Resources/Warranty Info/a_Sitemap")): Object: 'Object Repository/SiteMap/Resources/Warranty Info/a_Sitemap' is clicked on

2019-05-29 20:02:55 - [MESSAGE][PASSED] - Object: 'Object Repository/SiteMap/Resources/Warranty Info/a_Sitemap' is clicked on

2019-05-29 20:02:55 - [TEST_STEP][PASSED] - click(findTestObject("Object Repository/SiteMap/Resources/Warranty Info/span_Warranty Info")): Object: 'Object Repository/SiteMap/Resources/Warranty Info/span_Warranty Info' is clicked on

2019-05-29 20:02:57 - [MESSAGE][PASSED] - Object: 'Object Repository/SiteMap/Resources/Warranty Info/span_Warranty Info' is clicked on

2019-05-29 20:02:57 - [TEST_STEP][PASSED] - delay(3): Delayed 3 second(s)

2019-05-29 20:03:00 - [MESSAGE][PASSED] - Delayed 3 second(s)

2019-05-29 20:03:00 - [TEST_STEP][PASSED] - verifyElementText(findTestObject("SiteMap/Resources/Warranty Info/h1_Warranty information"), "Warranty information"): Actual text and expected text of test object 'Object Repository/SiteMap/Resources/Warranty Info/h1_Warranty information' are matched.

2019-05-29 20:03:00 - [MESSAGE][PASSED] - Actual text and expected text of test object 'Object Repository/SiteMap/Resources/Warranty Info/h1_Warranty information' are matched.

2019-05-29 20:03:00 - [TEST_STEP][PASSED] - closeBrowser(): Browser is closed

2019-05-29 20:03:01 - [MESSAGE][PASSED] - Browser is closed]]></system-out>
         <system-err><![CDATA[]]></system-err>
      </testcase>
      <testcase name="Test Cases/GGMP/SiveNav/Collision/Bumper" classname="Test Cases/GGMP/SiveNav/Collision/Bumper" status="PASSED">
         <system-out><![CDATA[2019-05-29 20:03:01 - [TEST_CASE][PASSED] - Test Cases/GGMP/SiveNav/Collision/Bumper: Test Cases/GGMP/SiveNav/Collision/Bumper

2019-05-29 20:03:01 - [TEST_STEP][PASSED] - openBrowser(""): Browser is opened with url: ''

2019-05-29 20:03:01 - [MESSAGE][INFO] - Starting 'Chrome' driver

2019-05-29 20:03:08 - [MESSAGE][PASSED] - Browser is opened with url: ''

2019-05-29 20:03:08 - [TEST_STEP][PASSED] - maximizeWindow(): Current window maximized

2019-05-29 20:03:09 - [MESSAGE][PASSED] - Current window maximized

2019-05-29 20:03:09 - [TEST_STEP][PASSED] - navigateToUrl("https://www.genuinegmparts.com/"): Navigate to 'https://www.genuinegmparts.com/' successfully

2019-05-29 20:03:13 - [MESSAGE][PASSED] - Navigate to 'https://www.genuinegmparts.com/' successfully

2019-05-29 20:03:13 - [TEST_STEP][PASSED] - click(findTestObject("Object Repository/New Folder/a_Bumpers Fascias  Grilles")): Object: 'Object Repository/New Folder/a_Bumpers Fascias  Grilles' is clicked on

2019-05-29 20:03:13 - [MESSAGE][PASSED] - Object: 'Object Repository/New Folder/a_Bumpers Fascias  Grilles' is clicked on

2019-05-29 20:03:13 - [TEST_STEP][PASSED] - closeBrowser(): Browser is closed

2019-05-29 20:03:14 - [MESSAGE][PASSED] - Browser is closed]]></system-out>
         <system-err><![CDATA[]]></system-err>
      </testcase>
      <testcase name="Test Cases/GGMP/SiveNav/Collision/Headlamps" classname="Test Cases/GGMP/SiveNav/Collision/Headlamps" status="PASSED">
         <system-out><![CDATA[2019-05-29 20:03:14 - [TEST_CASE][PASSED] - Test Cases/GGMP/SiveNav/Collision/Headlamps: Test Cases/GGMP/SiveNav/Collision/Headlamps

2019-05-29 20:03:14 - [TEST_STEP][PASSED] - openBrowser(""): Browser is opened with url: ''

2019-05-29 20:03:14 - [MESSAGE][INFO] - Starting 'Chrome' driver

2019-05-29 20:03:21 - [MESSAGE][PASSED] - Browser is opened with url: ''

2019-05-29 20:03:21 - [TEST_STEP][PASSED] - maximizeWindow(): Current window maximized

2019-05-29 20:03:22 - [MESSAGE][PASSED] - Current window maximized

2019-05-29 20:03:22 - [TEST_STEP][PASSED] - navigateToUrl("https://www.genuinegmparts.com/"): Navigate to 'https://www.genuinegmparts.com/' successfully

2019-05-29 20:03:26 - [MESSAGE][PASSED] - Navigate to 'https://www.genuinegmparts.com/' successfully

2019-05-29 20:03:26 - [TEST_STEP][PASSED] - click(findTestObject("Object Repository/a_Headlamps  Taillamps")): Object: 'Object Repository/a_Headlamps  Taillamps' is clicked on

2019-05-29 20:03:26 - [MESSAGE][PASSED] - Object: 'Object Repository/a_Headlamps  Taillamps' is clicked on

2019-05-29 20:03:26 - [TEST_STEP][PASSED] - closeBrowser(): Browser is closed

2019-05-29 20:03:27 - [MESSAGE][PASSED] - Browser is closed]]></system-out>
         <system-err><![CDATA[]]></system-err>
      </testcase>
      <testcase name="Test Cases/GGMP/SiveNav/Collision/Interior Parts" classname="Test Cases/GGMP/SiveNav/Collision/Interior Parts" status="PASSED">
         <system-out><![CDATA[2019-05-29 20:03:27 - [TEST_CASE][PASSED] - Test Cases/GGMP/SiveNav/Collision/Interior Parts: Test Cases/GGMP/SiveNav/Collision/Interior Parts

2019-05-29 20:03:27 - [TEST_STEP][PASSED] - openBrowser(""): Browser is opened with url: ''

2019-05-29 20:03:27 - [MESSAGE][INFO] - Starting 'Chrome' driver

2019-05-29 20:03:33 - [MESSAGE][PASSED] - Browser is opened with url: ''

2019-05-29 20:03:33 - [TEST_STEP][PASSED] - maximizeWindow(): Current window maximized

2019-05-29 20:03:35 - [MESSAGE][PASSED] - Current window maximized

2019-05-29 20:03:35 - [TEST_STEP][PASSED] - navigateToUrl("https://www.genuinegmparts.com/"): Navigate to 'https://www.genuinegmparts.com/' successfully

2019-05-29 20:03:39 - [MESSAGE][PASSED] - Navigate to 'https://www.genuinegmparts.com/' successfully

2019-05-29 20:03:39 - [TEST_STEP][PASSED] - click(findTestObject("Object Repository/a_Interior Parts  Air Bags")): Object: 'Object Repository/a_Interior Parts  Air Bags' is clicked on

2019-05-29 20:03:39 - [MESSAGE][PASSED] - Object: 'Object Repository/a_Interior Parts  Air Bags' is clicked on

2019-05-29 20:03:39 - [TEST_STEP][PASSED] - closeBrowser(): Browser is closed

2019-05-29 20:03:40 - [MESSAGE][PASSED] - Browser is closed]]></system-out>
         <system-err><![CDATA[]]></system-err>
      </testcase>
      <testcase name="Test Cases/GGMP/SiveNav/Collision/Radiators" classname="Test Cases/GGMP/SiveNav/Collision/Radiators" status="PASSED">
         <system-out><![CDATA[2019-05-29 20:03:40 - [TEST_CASE][PASSED] - Test Cases/GGMP/SiveNav/Collision/Radiators: Test Cases/GGMP/SiveNav/Collision/Radiators

2019-05-29 20:03:40 - [TEST_STEP][PASSED] - openBrowser(""): Browser is opened with url: ''

2019-05-29 20:03:40 - [MESSAGE][INFO] - Starting 'Chrome' driver

2019-05-29 20:03:46 - [MESSAGE][PASSED] - Browser is opened with url: ''

2019-05-29 20:03:46 - [TEST_STEP][PASSED] - maximizeWindow(): Current window maximized

2019-05-29 20:03:48 - [MESSAGE][PASSED] - Current window maximized

2019-05-29 20:03:48 - [TEST_STEP][PASSED] - navigateToUrl("https://www.genuinegmparts.com/"): Navigate to 'https://www.genuinegmparts.com/' successfully

2019-05-29 20:03:52 - [MESSAGE][PASSED] - Navigate to 'https://www.genuinegmparts.com/' successfully

2019-05-29 20:03:52 - [TEST_STEP][PASSED] - click(findTestObject("Object Repository/a_Radiators")): Object: 'Object Repository/a_Radiators' is clicked on

2019-05-29 20:03:52 - [MESSAGE][PASSED] - Object: 'Object Repository/a_Radiators' is clicked on

2019-05-29 20:03:52 - [TEST_STEP][PASSED] - closeBrowser(): Browser is closed

2019-05-29 20:03:53 - [MESSAGE][PASSED] - Browser is closed]]></system-out>
         <system-err><![CDATA[]]></system-err>
      </testcase>
      <testcase name="Test Cases/GGMP/SiveNav/Collision/SheetMetal" classname="Test Cases/GGMP/SiveNav/Collision/SheetMetal" status="PASSED">
         <system-out><![CDATA[2019-05-29 20:03:53 - [TEST_CASE][PASSED] - Test Cases/GGMP/SiveNav/Collision/SheetMetal: Test Cases/GGMP/SiveNav/Collision/SheetMetal

2019-05-29 20:03:53 - [TEST_STEP][PASSED] - openBrowser(""): Browser is opened with url: ''

2019-05-29 20:03:53 - [MESSAGE][INFO] - Starting 'Chrome' driver

2019-05-29 20:04:00 - [MESSAGE][PASSED] - Browser is opened with url: ''

2019-05-29 20:04:00 - [TEST_STEP][PASSED] - maximizeWindow(): Current window maximized

2019-05-29 20:04:02 - [MESSAGE][PASSED] - Current window maximized

2019-05-29 20:04:02 - [TEST_STEP][PASSED] - navigateToUrl("https://www.genuinegmparts.com/"): Navigate to 'https://www.genuinegmparts.com/' successfully

2019-05-29 20:04:05 - [MESSAGE][PASSED] - Navigate to 'https://www.genuinegmparts.com/' successfully

2019-05-29 20:04:05 - [TEST_STEP][PASSED] - click(findTestObject("Object Repository/a_Sheet Metal")): Object: 'Object Repository/a_Sheet Metal' is clicked on

2019-05-29 20:04:05 - [MESSAGE][PASSED] - Object: 'Object Repository/a_Sheet Metal' is clicked on

2019-05-29 20:04:05 - [TEST_STEP][PASSED] - closeBrowser(): Browser is closed

2019-05-29 20:04:06 - [MESSAGE][PASSED] - Browser is closed]]></system-out>
         <system-err><![CDATA[]]></system-err>
      </testcase>
      <testcase name="Test Cases/GGMP/SiveNav/Collision/Structural Parts" classname="Test Cases/GGMP/SiveNav/Collision/Structural Parts" status="PASSED">
         <system-out><![CDATA[2019-05-29 20:04:06 - [TEST_CASE][PASSED] - Test Cases/GGMP/SiveNav/Collision/Structural Parts: Test Cases/GGMP/SiveNav/Collision/Structural Parts

2019-05-29 20:04:07 - [TEST_STEP][PASSED] - openBrowser(""): Browser is opened with url: ''

2019-05-29 20:04:07 - [MESSAGE][INFO] - Starting 'Chrome' driver

2019-05-29 20:04:13 - [MESSAGE][PASSED] - Browser is opened with url: ''

2019-05-29 20:04:13 - [TEST_STEP][PASSED] - maximizeWindow(): Current window maximized

2019-05-29 20:04:14 - [MESSAGE][PASSED] - Current window maximized

2019-05-29 20:04:14 - [TEST_STEP][PASSED] - navigateToUrl("https://www.genuinegmparts.com/"): Navigate to 'https://www.genuinegmparts.com/' successfully

2019-05-29 20:04:18 - [MESSAGE][PASSED] - Navigate to 'https://www.genuinegmparts.com/' successfully

2019-05-29 20:04:18 - [TEST_STEP][PASSED] - click(findTestObject("Object Repository/a_Structural Parts")): Object: 'Object Repository/a_Structural Parts' is clicked on

2019-05-29 20:04:18 - [MESSAGE][PASSED] - Object: 'Object Repository/a_Structural Parts' is clicked on

2019-05-29 20:04:18 - [TEST_STEP][PASSED] - waitForPageLoad(0): Wait for page load successfully

2019-05-29 20:04:18 - [MESSAGE][WARNING] - Timeout '0' is invalid. Using default page load timeout: '30'

2019-05-29 20:04:18 - [MESSAGE][PASSED] - Wait for page load successfully

2019-05-29 20:04:18 - [TEST_STEP][PASSED] - closeBrowser(): Browser is closed

2019-05-29 20:04:19 - [MESSAGE][PASSED] - Browser is closed]]></system-out>
         <system-err><![CDATA[]]></system-err>
      </testcase>
      <testcase name="Test Cases/GGMP/SiveNav/Collision/Tuch-Up Paint" classname="Test Cases/GGMP/SiveNav/Collision/Tuch-Up Paint" status="PASSED">
         <system-out><![CDATA[2019-05-29 20:04:19 - [TEST_CASE][PASSED] - Test Cases/GGMP/SiveNav/Collision/Tuch-Up Paint: Test Cases/GGMP/SiveNav/Collision/Tuch-Up Paint

2019-05-29 20:04:19 - [TEST_STEP][PASSED] - openBrowser(""): Browser is opened with url: ''

2019-05-29 20:04:19 - [MESSAGE][INFO] - Starting 'Chrome' driver

2019-05-29 20:04:26 - [MESSAGE][PASSED] - Browser is opened with url: ''

2019-05-29 20:04:26 - [TEST_STEP][PASSED] - maximizeWindow(): Current window maximized

2019-05-29 20:04:27 - [MESSAGE][PASSED] - Current window maximized

2019-05-29 20:04:27 - [TEST_STEP][PASSED] - navigateToUrl("https://www.genuinegmparts.com/"): Navigate to 'https://www.genuinegmparts.com/' successfully

2019-05-29 20:04:31 - [MESSAGE][PASSED] - Navigate to 'https://www.genuinegmparts.com/' successfully

2019-05-29 20:04:31 - [TEST_STEP][PASSED] - click(findTestObject("Object Repository/a_Touch-Up Paint")): Object: 'Object Repository/a_Touch-Up Paint' is clicked on

2019-05-29 20:04:31 - [MESSAGE][PASSED] - Object: 'Object Repository/a_Touch-Up Paint' is clicked on

2019-05-29 20:04:31 - [TEST_STEP][PASSED] - closeBrowser(): Browser is closed

2019-05-29 20:04:33 - [MESSAGE][PASSED] - Browser is closed]]></system-out>
         <system-err><![CDATA[]]></system-err>
      </testcase>
      <testcase name="Test Cases/GGMP/SiveNav/Collision/Wheels" classname="Test Cases/GGMP/SiveNav/Collision/Wheels" status="PASSED">
         <system-out><![CDATA[2019-05-29 20:04:33 - [TEST_CASE][PASSED] - Test Cases/GGMP/SiveNav/Collision/Wheels: Test Cases/GGMP/SiveNav/Collision/Wheels

2019-05-29 20:04:33 - [TEST_STEP][PASSED] - openBrowser(""): Browser is opened with url: ''

2019-05-29 20:04:33 - [MESSAGE][INFO] - Starting 'Chrome' driver

2019-05-29 20:04:39 - [MESSAGE][PASSED] - Browser is opened with url: ''

2019-05-29 20:04:39 - [TEST_STEP][PASSED] - maximizeWindow(): Current window maximized

2019-05-29 20:04:40 - [MESSAGE][PASSED] - Current window maximized

2019-05-29 20:04:40 - [TEST_STEP][PASSED] - navigateToUrl("https://www.genuinegmparts.com/"): Navigate to 'https://www.genuinegmparts.com/' successfully

2019-05-29 20:04:44 - [MESSAGE][PASSED] - Navigate to 'https://www.genuinegmparts.com/' successfully

2019-05-29 20:04:44 - [TEST_STEP][PASSED] - click(findTestObject("Object Repository/a_Wheels")): Object: 'Object Repository/a_Wheels' is clicked on

2019-05-29 20:04:44 - [MESSAGE][PASSED] - Object: 'Object Repository/a_Wheels' is clicked on

2019-05-29 20:04:44 - [TEST_STEP][PASSED] - closeBrowser(): Browser is closed

2019-05-29 20:04:45 - [MESSAGE][PASSED] - Browser is closed]]></system-out>
         <system-err><![CDATA[]]></system-err>
      </testcase>
      <testcase name="Test Cases/GGMP/SiveNav/Powertrain/Engine Components" classname="Test Cases/GGMP/SiveNav/Powertrain/Engine Components" status="PASSED">
         <system-out><![CDATA[2019-05-29 20:04:45 - [TEST_CASE][PASSED] - Test Cases/GGMP/SiveNav/Powertrain/Engine Components: Test Cases/GGMP/SiveNav/Powertrain/Engine Components

2019-05-29 20:04:45 - [TEST_STEP][PASSED] - openBrowser(""): Browser is opened with url: ''

2019-05-29 20:04:45 - [MESSAGE][INFO] - Starting 'Chrome' driver

2019-05-29 20:04:52 - [MESSAGE][PASSED] - Browser is opened with url: ''

2019-05-29 20:04:52 - [TEST_STEP][PASSED] - maximizeWindow(): Current window maximized

2019-05-29 20:04:53 - [MESSAGE][PASSED] - Current window maximized

2019-05-29 20:04:53 - [TEST_STEP][PASSED] - navigateToUrl("https://www.genuinegmparts.com/"): Navigate to 'https://www.genuinegmparts.com/' successfully

2019-05-29 20:04:57 - [MESSAGE][PASSED] - Navigate to 'https://www.genuinegmparts.com/' successfully

2019-05-29 20:04:57 - [TEST_STEP][PASSED] - click(findTestObject("Object Repository/a_Engine Components")): Object: 'Object Repository/a_Engine Components' is clicked on

2019-05-29 20:04:57 - [MESSAGE][PASSED] - Object: 'Object Repository/a_Engine Components' is clicked on

2019-05-29 20:04:57 - [TEST_STEP][PASSED] - closeBrowser(): Browser is closed

2019-05-29 20:04:58 - [MESSAGE][PASSED] - Browser is closed]]></system-out>
         <system-err><![CDATA[]]></system-err>
      </testcase>
      <testcase name="Test Cases/GGMP/SiveNav/Powertrain/Engines" classname="Test Cases/GGMP/SiveNav/Powertrain/Engines" status="PASSED">
         <system-out><![CDATA[2019-05-29 20:04:58 - [TEST_CASE][PASSED] - Test Cases/GGMP/SiveNav/Powertrain/Engines: Test Cases/GGMP/SiveNav/Powertrain/Engines

2019-05-29 20:04:58 - [TEST_STEP][PASSED] - openBrowser(""): Browser is opened with url: ''

2019-05-29 20:04:58 - [MESSAGE][INFO] - Starting 'Chrome' driver

2019-05-29 20:05:04 - [MESSAGE][PASSED] - Browser is opened with url: ''

2019-05-29 20:05:04 - [TEST_STEP][PASSED] - maximizeWindow(): Current window maximized

2019-05-29 20:05:06 - [MESSAGE][PASSED] - Current window maximized

2019-05-29 20:05:06 - [TEST_STEP][PASSED] - navigateToUrl("https://www.genuinegmparts.com/"): Navigate to 'https://www.genuinegmparts.com/' successfully

2019-05-29 20:05:09 - [MESSAGE][PASSED] - Navigate to 'https://www.genuinegmparts.com/' successfully

2019-05-29 20:05:09 - [TEST_STEP][PASSED] - click(findTestObject("Object Repository/a_Engines")): Object: 'Object Repository/a_Engines' is clicked on

2019-05-29 20:05:10 - [MESSAGE][PASSED] - Object: 'Object Repository/a_Engines' is clicked on

2019-05-29 20:05:10 - [TEST_STEP][PASSED] - closeBrowser(): Browser is closed

2019-05-29 20:05:11 - [MESSAGE][PASSED] - Browser is closed]]></system-out>
         <system-err><![CDATA[]]></system-err>
      </testcase>
      <testcase name="Test Cases/GGMP/SiveNav/Powertrain/Transmission Components" classname="Test Cases/GGMP/SiveNav/Powertrain/Transmission Components" status="PASSED">
         <system-out><![CDATA[2019-05-29 20:05:11 - [TEST_CASE][PASSED] - Test Cases/GGMP/SiveNav/Powertrain/Transmission Components: Test Cases/GGMP/SiveNav/Powertrain/Transmission Components

2019-05-29 20:05:11 - [TEST_STEP][PASSED] - openBrowser(""): Browser is opened with url: ''

2019-05-29 20:05:11 - [MESSAGE][INFO] - Starting 'Chrome' driver

2019-05-29 20:05:19 - [MESSAGE][PASSED] - Browser is opened with url: ''

2019-05-29 20:05:19 - [TEST_STEP][PASSED] - maximizeWindow(): Current window maximized

2019-05-29 20:05:20 - [MESSAGE][PASSED] - Current window maximized

2019-05-29 20:05:20 - [TEST_STEP][PASSED] - navigateToUrl("https://www.genuinegmparts.com/"): Navigate to 'https://www.genuinegmparts.com/' successfully

2019-05-29 20:05:25 - [MESSAGE][PASSED] - Navigate to 'https://www.genuinegmparts.com/' successfully

2019-05-29 20:05:25 - [TEST_STEP][PASSED] - click(findTestObject("Object Repository/a_Transmission Components")): Object: 'Object Repository/a_Transmission Components' is clicked on

2019-05-29 20:05:25 - [MESSAGE][PASSED] - Object: 'Object Repository/a_Transmission Components' is clicked on

2019-05-29 20:05:25 - [TEST_STEP][PASSED] - closeBrowser(): Browser is closed

2019-05-29 20:05:26 - [MESSAGE][PASSED] - Browser is closed]]></system-out>
         <system-err><![CDATA[]]></system-err>
      </testcase>
      <testcase name="Test Cases/GGMP/SiveNav/Powertrain/Transmission" classname="Test Cases/GGMP/SiveNav/Powertrain/Transmission" status="PASSED">
         <system-out><![CDATA[2019-05-29 20:05:26 - [TEST_CASE][PASSED] - Test Cases/GGMP/SiveNav/Powertrain/Transmission: Test Cases/GGMP/SiveNav/Powertrain/Transmission

2019-05-29 20:05:27 - [TEST_STEP][PASSED] - openBrowser(""): Browser is opened with url: ''

2019-05-29 20:05:27 - [MESSAGE][INFO] - Starting 'Chrome' driver

2019-05-29 20:05:34 - [MESSAGE][PASSED] - Browser is opened with url: ''

2019-05-29 20:05:34 - [TEST_STEP][PASSED] - maximizeWindow(): Current window maximized

2019-05-29 20:05:36 - [MESSAGE][PASSED] - Current window maximized

2019-05-29 20:05:36 - [TEST_STEP][PASSED] - navigateToUrl("https://www.genuinegmparts.com/"): Navigate to 'https://www.genuinegmparts.com/' successfully

2019-05-29 20:05:40 - [MESSAGE][PASSED] - Navigate to 'https://www.genuinegmparts.com/' successfully

2019-05-29 20:05:40 - [TEST_STEP][PASSED] - click(findTestObject("Object Repository/a_Transmissions  Transfer Cases")): Object: 'Object Repository/a_Transmissions  Transfer Cases' is clicked on

2019-05-29 20:05:40 - [MESSAGE][PASSED] - Object: 'Object Repository/a_Transmissions  Transfer Cases' is clicked on

2019-05-29 20:05:40 - [TEST_STEP][PASSED] - closeBrowser(): Browser is closed

2019-05-29 20:05:41 - [MESSAGE][PASSED] - Browser is closed]]></system-out>
         <system-err><![CDATA[]]></system-err>
      </testcase>
      <testcase name="Test Cases/GGMP/TOOLS/Locate a Dealer/LAD" classname="Test Cases/GGMP/TOOLS/Locate a Dealer/LAD" status="PASSED">
         <system-out><![CDATA[2019-05-29 20:05:41 - [TEST_CASE][PASSED] - Test Cases/GGMP/TOOLS/Locate a Dealer/LAD: Test Cases/GGMP/TOOLS/Locate a Dealer/LAD

2019-05-29 20:05:42 - [TEST_STEP][PASSED] - openBrowser(""): Browser is opened with url: ''

2019-05-29 20:05:42 - [MESSAGE][INFO] - Starting 'Chrome' driver

2019-05-29 20:05:56 - [MESSAGE][PASSED] - Browser is opened with url: ''

2019-05-29 20:05:56 - [TEST_STEP][PASSED] - maximizeWindow(): Current window maximized

2019-05-29 20:05:57 - [MESSAGE][PASSED] - Current window maximized

2019-05-29 20:05:57 - [TEST_STEP][PASSED] - navigateToUrl("https://www.genuinegmparts.com"): Navigate to 'https://www.genuinegmparts.com' successfully

2019-05-29 20:06:02 - [MESSAGE][PASSED] - Navigate to 'https://www.genuinegmparts.com' successfully

2019-05-29 20:06:02 - [TEST_STEP][PASSED] - click(findTestObject("Locate a Dealer/li_Locate Parts andService")): Object: 'Object Repository/Locate a Dealer/li_Locate Parts andService' is clicked on

2019-05-29 20:06:02 - [MESSAGE][PASSED] - Object: 'Object Repository/Locate a Dealer/li_Locate Parts andService' is clicked on

2019-05-29 20:06:02 - [TEST_STEP][PASSED] - click(findTestObject("Locate a Dealer/span_Locate a Parts Dealer")): Object: 'Object Repository/Locate a Dealer/span_Locate a Parts Dealer' is clicked on

2019-05-29 20:06:07 - [MESSAGE][PASSED] - Object: 'Object Repository/Locate a Dealer/span_Locate a Parts Dealer' is clicked on

2019-05-29 20:06:07 - [TEST_STEP][PASSED] - setText(findTestObject("Locate a Dealer/input_City State_inpZip"), "10001"): Text '10001' is set on object 'Object Repository/Locate a Dealer/input_City State_inpZip'

2019-05-29 20:06:07 - [MESSAGE][PASSED] - Text '10001' is set on object 'Object Repository/Locate a Dealer/input_City State_inpZip'

2019-05-29 20:06:07 - [TEST_STEP][PASSED] - click(findTestObject("Locate a Dealer/button_Begin your search")): Object: 'Object Repository/Locate a Dealer/button_Begin your search' is clicked on

2019-05-29 20:06:08 - [MESSAGE][PASSED] - Object: 'Object Repository/Locate a Dealer/button_Begin your search' is clicked on

2019-05-29 20:06:08 - [TEST_STEP][PASSED] - click(findTestObject("Object Repository/Locate a Dealer/a_Dealer Website")): Object: 'Object Repository/Locate a Dealer/a_Dealer Website' is clicked on

2019-05-29 20:06:08 - [MESSAGE][PASSED] - Object: 'Object Repository/Locate a Dealer/a_Dealer Website' is clicked on

2019-05-29 20:06:08 - [TEST_STEP][PASSED] - closeBrowser(): Browser is closed

2019-05-29 20:06:10 - [MESSAGE][PASSED] - Browser is closed]]></system-out>
         <system-err><![CDATA[]]></system-err>
      </testcase>
      <testcase name="Test Cases/GGMP/TOOLS/Locate a Dealer/New LAD" classname="Test Cases/GGMP/TOOLS/Locate a Dealer/New LAD" status="FAILED">
         <failure type="FAILED" message="Test Cases/GGMP/TOOLS/Locate a Dealer/New LAD FAILED.
Reason:
com.kms.katalon.core.exception.StepFailedException: Unable to click on object 'Object Repository/Locate a Dealer/new LAD/h2_precision auto works'
	at com.kms.katalon.core.webui.keyword.internal.WebUIKeywordMain.stepFailed(WebUIKeywordMain.groovy:64)
	at com.kms.katalon.core.webui.keyword.internal.WebUIKeywordMain.runKeyword(WebUIKeywordMain.groovy:26)
	at com.kms.katalon.core.webui.keyword.builtin.ClickKeyword.click(ClickKeyword.groovy:86)
	at com.kms.katalon.core.webui.keyword.builtin.ClickKeyword.execute(ClickKeyword.groovy:67)
	at com.kms.katalon.core.keyword.internal.KeywordExecutor.executeKeywordForPlatform(KeywordExecutor.groovy:56)
	at com.kms.katalon.core.webui.keyword.WebUiBuiltInKeywords.click(WebUiBuiltInKeywords.groovy:616)
	at com.kms.katalon.core.webui.keyword.WebUiBuiltInKeywords$click$2.call(Unknown Source)
	at New LAD.run(New LAD:30)
	at com.kms.katalon.core.main.ScriptEngine.run(ScriptEngine.java:194)
	at com.kms.katalon.core.main.ScriptEngine.runScriptAsRawText(ScriptEngine.java:119)
	at com.kms.katalon.core.main.TestCaseExecutor.runScript(TestCaseExecutor.java:336)
	at com.kms.katalon.core.main.TestCaseExecutor.doExecute(TestCaseExecutor.java:327)
	at com.kms.katalon.core.main.TestCaseExecutor.processExecutionPhase(TestCaseExecutor.java:306)
	at com.kms.katalon.core.main.TestCaseExecutor.accessMainPhase(TestCaseExecutor.java:298)
	at com.kms.katalon.core.main.TestCaseExecutor.execute(TestCaseExecutor.java:232)
	at com.kms.katalon.core.main.TestSuiteExecutor.accessTestCaseMainPhase(TestSuiteExecutor.java:129)
	at com.kms.katalon.core.main.TestSuiteExecutor.accessTestSuiteMainPhase(TestSuiteExecutor.java:112)
	at com.kms.katalon.core.main.TestSuiteExecutor.execute(TestSuiteExecutor.java:81)
	at com.kms.katalon.core.main.TestCaseMain.startTestSuite(TestCaseMain.java:157)
	at com.kms.katalon.core.main.TestCaseMain$startTestSuite$0.call(Unknown Source)
	at TempTestSuite1559148468563.run(TempTestSuite1559148468563.groovy:35)
Caused by: org.openqa.selenium.ElementClickInterceptedException: element click intercepted: Element &lt;h2 class=&quot;dealerName blue&quot;>...&lt;/h2> is not clickable at point (177, 343). Other element would receive the click: &lt;p>...&lt;/p>
  (Session info: chrome=74.0.3729.169)
  (Driver info: chromedriver=74.0.3729.6 (255758eccf3d244491b8a1317aa76e1ce10d57e9-refs/branch-heads/3729@{#29}),platform=Windows NT 10.0.17763 x86_64) (WARNING: The server did not provide any stacktrace information)
Command duration or timeout: 0 milliseconds
Build info: version: '3.7.1', revision: '8a0099a', time: '2017-11-06T21:07:36.161Z'
System info: host: 'BCHOPT-NW100219', ip: '10.69.196.168', os.name: 'Windows 10', os.arch: 'amd64', os.version: '10.0', java.version: '1.8.0_181'
Driver info: com.kms.katalon.selenium.driver.CChromeDriver
Capabilities {acceptInsecureCerts: false, acceptSslCerts: false, applicationCacheEnabled: false, browserConnectionEnabled: false, browserName: chrome, chrome: {chromedriverVersion: 74.0.3729.6 (255758eccf3d24..., userDataDir: C:\Users\ADRIAN~1.DOB\AppDa...}, cssSelectorsEnabled: true, databaseEnabled: false, goog:chromeOptions: {debuggerAddress: localhost:53610}, handlesAlerts: true, hasTouchScreen: false, javascriptEnabled: true, locationContextEnabled: true, mobileEmulationEnabled: false, nativeEvents: true, networkConnectionEnabled: false, pageLoadStrategy: normal, platform: XP, platformName: XP, proxy: Proxy(direct), rotatable: false, setWindowRect: true, strictFileInteractability: false, takesHeapSnapshot: true, takesScreenshot: true, timeouts: {implicit: 0, pageLoad: 300000, script: 30000}, unexpectedAlertBehaviour: ignore, unhandledPromptBehavior: ignore, version: 74.0.3729.169, webStorageEnabled: true}
Session ID: 2b8b00d7b0e2443077c0bfc41d5c3e09
	at org.openqa.selenium.remote.ErrorHandler.createThrowable(ErrorHandler.java:214)
	at org.openqa.selenium.remote.ErrorHandler.throwIfResponseFailed(ErrorHandler.java:166)
	at org.openqa.selenium.remote.http.JsonHttpResponseCodec.reconstructValue(JsonHttpResponseCodec.java:40)
	at org.openqa.selenium.remote.http.AbstractHttpResponseCodec.decode(AbstractHttpResponseCodec.java:80)
	at org.openqa.selenium.remote.http.AbstractHttpResponseCodec.decode(AbstractHttpResponseCodec.java:44)
	at org.openqa.selenium.remote.HttpCommandExecutor.execute(HttpCommandExecutor.java:164)
	at org.openqa.selenium.remote.service.DriverCommandExecutor.execute(DriverCommandExecutor.java:83)
	at org.openqa.selenium.remote.RemoteWebDriver.execute(RemoteWebDriver.java:600)
	at com.kms.katalon.selenium.driver.CChromeDriver.execute(CChromeDriver.java:20)
	at org.openqa.selenium.remote.RemoteWebElement.execute(RemoteWebElement.java:279)
	at org.openqa.selenium.remote.RemoteWebElement.click(RemoteWebElement.java:83)
	at com.kms.katalon.core.webui.keyword.builtin.ClickKeyword$_click_closure1.doCall(ClickKeyword.groovy:79)
	at com.kms.katalon.core.webui.keyword.builtin.ClickKeyword$_click_closure1.call(ClickKeyword.groovy)
	at com.kms.katalon.core.webui.keyword.internal.WebUIKeywordMain.runKeyword(WebUIKeywordMain.groovy:20)
	at com.kms.katalon.core.webui.keyword.builtin.ClickKeyword.click(ClickKeyword.groovy:86)
	at com.kms.katalon.core.webui.keyword.builtin.ClickKeyword.execute(ClickKeyword.groovy:67)
	at com.kms.katalon.core.keyword.internal.KeywordExecutor.executeKeywordForPlatform(KeywordExecutor.groovy:56)
	at com.kms.katalon.core.webui.keyword.WebUiBuiltInKeywords.click(WebUiBuiltInKeywords.groovy:616)
	at com.kms.katalon.core.webui.keyword.WebUiBuiltInKeywords$click$2.call(Unknown Source)
	at Script1558710433475.run(Script1558710433475.groovy:30)
	... 13 more
"/>
         <system-out><![CDATA[2019-05-29 20:06:10 - [TEST_CASE][FAILED] - Test Cases/GGMP/TOOLS/Locate a Dealer/New LAD: Test Cases/GGMP/TOOLS/Locate a Dealer/New LAD FAILED.
Reason:
com.kms.katalon.core.exception.StepFailedException: Unable to click on object 'Object Repository/Locate a Dealer/new LAD/h2_precision auto works'
	at com.kms.katalon.core.webui.keyword.internal.WebUIKeywordMain.stepFailed(WebUIKeywordMain.groovy:64)
	at com.kms.katalon.core.webui.keyword.internal.WebUIKeywordMain.runKeyword(WebUIKeywordMain.groovy:26)
	at com.kms.katalon.core.webui.keyword.builtin.ClickKeyword.click(ClickKeyword.groovy:86)
	at com.kms.katalon.core.webui.keyword.builtin.ClickKeyword.execute(ClickKeyword.groovy:67)
	at com.kms.katalon.core.keyword.internal.KeywordExecutor.executeKeywordForPlatform(KeywordExecutor.groovy:56)
	at com.kms.katalon.core.webui.keyword.WebUiBuiltInKeywords.click(WebUiBuiltInKeywords.groovy:616)
	at com.kms.katalon.core.webui.keyword.WebUiBuiltInKeywords$click$2.call(Unknown Source)
	at New LAD.run(New LAD:30)
	at com.kms.katalon.core.main.ScriptEngine.run(ScriptEngine.java:194)
	at com.kms.katalon.core.main.ScriptEngine.runScriptAsRawText(ScriptEngine.java:119)
	at com.kms.katalon.core.main.TestCaseExecutor.runScript(TestCaseExecutor.java:336)
	at com.kms.katalon.core.main.TestCaseExecutor.doExecute(TestCaseExecutor.java:327)
	at com.kms.katalon.core.main.TestCaseExecutor.processExecutionPhase(TestCaseExecutor.java:306)
	at com.kms.katalon.core.main.TestCaseExecutor.accessMainPhase(TestCaseExecutor.java:298)
	at com.kms.katalon.core.main.TestCaseExecutor.execute(TestCaseExecutor.java:232)
	at com.kms.katalon.core.main.TestSuiteExecutor.accessTestCaseMainPhase(TestSuiteExecutor.java:129)
	at com.kms.katalon.core.main.TestSuiteExecutor.accessTestSuiteMainPhase(TestSuiteExecutor.java:112)
	at com.kms.katalon.core.main.TestSuiteExecutor.execute(TestSuiteExecutor.java:81)
	at com.kms.katalon.core.main.TestCaseMain.startTestSuite(TestCaseMain.java:157)
	at com.kms.katalon.core.main.TestCaseMain$startTestSuite$0.call(Unknown Source)
	at TempTestSuite1559148468563.run(TempTestSuite1559148468563.groovy:35)
Caused by: org.openqa.selenium.ElementClickInterceptedException: element click intercepted: Element <h2 class="dealerName blue">...</h2> is not clickable at point (177, 343). Other element would receive the click: <p>...</p>
  (Session info: chrome=74.0.3729.169)
  (Driver info: chromedriver=74.0.3729.6 (255758eccf3d244491b8a1317aa76e1ce10d57e9-refs/branch-heads/3729@{#29}),platform=Windows NT 10.0.17763 x86_64) (WARNING: The server did not provide any stacktrace information)
Command duration or timeout: 0 milliseconds
Build info: version: '3.7.1', revision: '8a0099a', time: '2017-11-06T21:07:36.161Z'
System info: host: 'BCHOPT-NW100219', ip: '10.69.196.168', os.name: 'Windows 10', os.arch: 'amd64', os.version: '10.0', java.version: '1.8.0_181'
Driver info: com.kms.katalon.selenium.driver.CChromeDriver
Capabilities {acceptInsecureCerts: false, acceptSslCerts: false, applicationCacheEnabled: false, browserConnectionEnabled: false, browserName: chrome, chrome: {chromedriverVersion: 74.0.3729.6 (255758eccf3d24..., userDataDir: C:\Users\ADRIAN~1.DOB\AppDa...}, cssSelectorsEnabled: true, databaseEnabled: false, goog:chromeOptions: {debuggerAddress: localhost:53610}, handlesAlerts: true, hasTouchScreen: false, javascriptEnabled: true, locationContextEnabled: true, mobileEmulationEnabled: false, nativeEvents: true, networkConnectionEnabled: false, pageLoadStrategy: normal, platform: XP, platformName: XP, proxy: Proxy(direct), rotatable: false, setWindowRect: true, strictFileInteractability: false, takesHeapSnapshot: true, takesScreenshot: true, timeouts: {implicit: 0, pageLoad: 300000, script: 30000}, unexpectedAlertBehaviour: ignore, unhandledPromptBehavior: ignore, version: 74.0.3729.169, webStorageEnabled: true}
Session ID: 2b8b00d7b0e2443077c0bfc41d5c3e09
	at org.openqa.selenium.remote.ErrorHandler.createThrowable(ErrorHandler.java:214)
	at org.openqa.selenium.remote.ErrorHandler.throwIfResponseFailed(ErrorHandler.java:166)
	at org.openqa.selenium.remote.http.JsonHttpResponseCodec.reconstructValue(JsonHttpResponseCodec.java:40)
	at org.openqa.selenium.remote.http.AbstractHttpResponseCodec.decode(AbstractHttpResponseCodec.java:80)
	at org.openqa.selenium.remote.http.AbstractHttpResponseCodec.decode(AbstractHttpResponseCodec.java:44)
	at org.openqa.selenium.remote.HttpCommandExecutor.execute(HttpCommandExecutor.java:164)
	at org.openqa.selenium.remote.service.DriverCommandExecutor.execute(DriverCommandExecutor.java:83)
	at org.openqa.selenium.remote.RemoteWebDriver.execute(RemoteWebDriver.java:600)
	at com.kms.katalon.selenium.driver.CChromeDriver.execute(CChromeDriver.java:20)
	at org.openqa.selenium.remote.RemoteWebElement.execute(RemoteWebElement.java:279)
	at org.openqa.selenium.remote.RemoteWebElement.click(RemoteWebElement.java:83)
	at com.kms.katalon.core.webui.keyword.builtin.ClickKeyword$_click_closure1.doCall(ClickKeyword.groovy:79)
	at com.kms.katalon.core.webui.keyword.builtin.ClickKeyword$_click_closure1.call(ClickKeyword.groovy)
	at com.kms.katalon.core.webui.keyword.internal.WebUIKeywordMain.runKeyword(WebUIKeywordMain.groovy:20)
	at com.kms.katalon.core.webui.keyword.builtin.ClickKeyword.click(ClickKeyword.groovy:86)
	at com.kms.katalon.core.webui.keyword.builtin.ClickKeyword.execute(ClickKeyword.groovy:67)
	at com.kms.katalon.core.keyword.internal.KeywordExecutor.executeKeywordForPlatform(KeywordExecutor.groovy:56)
	at com.kms.katalon.core.webui.keyword.WebUiBuiltInKeywords.click(WebUiBuiltInKeywords.groovy:616)
	at com.kms.katalon.core.webui.keyword.WebUiBuiltInKeywords$click$2.call(Unknown Source)
	at Script1558710433475.run(Script1558710433475.groovy:30)
	... 13 more


2019-05-29 20:06:10 - [TEST_STEP][PASSED] - openBrowser(""): Browser is opened with url: ''

2019-05-29 20:06:10 - [MESSAGE][INFO] - Starting 'Chrome' driver

2019-05-29 20:06:16 - [MESSAGE][PASSED] - Browser is opened with url: ''

2019-05-29 20:06:16 - [TEST_STEP][PASSED] - maximizeWindow(): Current window maximized

2019-05-29 20:06:17 - [MESSAGE][PASSED] - Current window maximized

2019-05-29 20:06:17 - [TEST_STEP][PASSED] - navigateToUrl("https://www.genuinegmparts.com/"): Navigate to 'https://www.genuinegmparts.com/' successfully

2019-05-29 20:06:21 - [MESSAGE][PASSED] - Navigate to 'https://www.genuinegmparts.com/' successfully

2019-05-29 20:06:21 - [TEST_STEP][PASSED] - click(findTestObject("Object Repository/Locate a Dealer/new LAD/li_Locate Parts andService")): Object: 'Object Repository/Locate a Dealer/new LAD/li_Locate Parts andService' is clicked on

2019-05-29 20:06:21 - [MESSAGE][PASSED] - Object: 'Object Repository/Locate a Dealer/new LAD/li_Locate Parts andService' is clicked on

2019-05-29 20:06:21 - [TEST_STEP][PASSED] - click(findTestObject("Object Repository/Locate a Dealer/new LAD/span_Locate a GM Collision Repair Network Facility")): Object: 'Object Repository/Locate a Dealer/new LAD/span_Locate a GM Collision Repair Network Facility' is clicked on

2019-05-29 20:06:24 - [MESSAGE][PASSED] - Object: 'Object Repository/Locate a Dealer/new LAD/span_Locate a GM Collision Repair Network Facility' is clicked on

2019-05-29 20:06:24 - [TEST_STEP][PASSED] - setText(findTestObject("Object Repository/Locate a Dealer/new LAD/input_ZIP Code or CityState_inpZip"), "10001"): Text '10001' is set on object 'Object Repository/Locate a Dealer/new LAD/input_ZIP Code or CityState_inpZip'

2019-05-29 20:06:24 - [MESSAGE][PASSED] - Text '10001' is set on object 'Object Repository/Locate a Dealer/new LAD/input_ZIP Code or CityState_inpZip'

2019-05-29 20:06:25 - [TEST_STEP][PASSED] - click(findTestObject("Object Repository/Locate a Dealer/new LAD/button_ZIP Code or CityState_searchBtn")): Object: 'Object Repository/Locate a Dealer/new LAD/button_ZIP Code or CityState_searchBtn' is clicked on

2019-05-29 20:06:25 - [MESSAGE][PASSED] - Object: 'Object Repository/Locate a Dealer/new LAD/button_ZIP Code or CityState_searchBtn' is clicked on

2019-05-29 20:06:25 - [TEST_STEP][FAILED] - click(findTestObject("Object Repository/Locate a Dealer/new LAD/h2_precision auto works")): Unable to click on object 'Object Repository/Locate a Dealer/new LAD/h2_precision auto works' (Root cause: com.kms.katalon.core.exception.StepFailedException: Unable to click on object 'Object Repository/Locate a Dealer/new LAD/h2_precision auto works'
	at com.kms.katalon.core.webui.keyword.internal.WebUIKeywordMain.stepFailed(WebUIKeywordMain.groovy:64)
	at com.kms.katalon.core.webui.keyword.internal.WebUIKeywordMain.runKeyword(WebUIKeywordMain.groovy:26)
	at com.kms.katalon.core.webui.keyword.builtin.ClickKeyword.click(ClickKeyword.groovy:86)
	at com.kms.katalon.core.webui.keyword.builtin.ClickKeyword.execute(ClickKeyword.groovy:67)
	at com.kms.katalon.core.keyword.internal.KeywordExecutor.executeKeywordForPlatform(KeywordExecutor.groovy:56)
	at com.kms.katalon.core.webui.keyword.WebUiBuiltInKeywords.click(WebUiBuiltInKeywords.groovy:616)
	at com.kms.katalon.core.webui.keyword.WebUiBuiltInKeywords$click$2.call(Unknown Source)
	at New LAD.run(New LAD:30)
	at com.kms.katalon.core.main.ScriptEngine.run(ScriptEngine.java:194)
	at com.kms.katalon.core.main.ScriptEngine.runScriptAsRawText(ScriptEngine.java:119)
	at com.kms.katalon.core.main.TestCaseExecutor.runScript(TestCaseExecutor.java:336)
	at com.kms.katalon.core.main.TestCaseExecutor.doExecute(TestCaseExecutor.java:327)
	at com.kms.katalon.core.main.TestCaseExecutor.processExecutionPhase(TestCaseExecutor.java:306)
	at com.kms.katalon.core.main.TestCaseExecutor.accessMainPhase(TestCaseExecutor.java:298)
	at com.kms.katalon.core.main.TestCaseExecutor.execute(TestCaseExecutor.java:232)
	at com.kms.katalon.core.main.TestSuiteExecutor.accessTestCaseMainPhase(TestSuiteExecutor.java:129)
	at com.kms.katalon.core.main.TestSuiteExecutor.accessTestSuiteMainPhase(TestSuiteExecutor.java:112)
	at com.kms.katalon.core.main.TestSuiteExecutor.execute(TestSuiteExecutor.java:81)
	at com.kms.katalon.core.main.TestCaseMain.startTestSuite(TestCaseMain.java:157)
	at com.kms.katalon.core.main.TestCaseMain$startTestSuite$0.call(Unknown Source)
	at TempTestSuite1559148468563.run(TempTestSuite1559148468563.groovy:35)
Caused by: org.openqa.selenium.ElementClickInterceptedException: element click intercepted: Element <h2 class="dealerName blue">...</h2> is not clickable at point (177, 343). Other element would receive the click: <p>...</p>
  (Session info: chrome=74.0.3729.169)
  (Driver info: chromedriver=74.0.3729.6 (255758eccf3d244491b8a1317aa76e1ce10d57e9-refs/branch-heads/3729@{#29}),platform=Windows NT 10.0.17763 x86_64) (WARNING: The server did not provide any stacktrace information)
Command duration or timeout: 0 milliseconds
Build info: version: '3.7.1', revision: '8a0099a', time: '2017-11-06T21:07:36.161Z'
System info: host: 'BCHOPT-NW100219', ip: '10.69.196.168', os.name: 'Windows 10', os.arch: 'amd64', os.version: '10.0', java.version: '1.8.0_181'
Driver info: com.kms.katalon.selenium.driver.CChromeDriver
Capabilities {acceptInsecureCerts: false, acceptSslCerts: false, applicationCacheEnabled: false, browserConnectionEnabled: false, browserName: chrome, chrome: {chromedriverVersion: 74.0.3729.6 (255758eccf3d24..., userDataDir: C:\Users\ADRIAN~1.DOB\AppDa...}, cssSelectorsEnabled: true, databaseEnabled: false, goog:chromeOptions: {debuggerAddress: localhost:53610}, handlesAlerts: true, hasTouchScreen: false, javascriptEnabled: true, locationContextEnabled: true, mobileEmulationEnabled: false, nativeEvents: true, networkConnectionEnabled: false, pageLoadStrategy: normal, platform: XP, platformName: XP, proxy: Proxy(direct), rotatable: false, setWindowRect: true, strictFileInteractability: false, takesHeapSnapshot: true, takesScreenshot: true, timeouts: {implicit: 0, pageLoad: 300000, script: 30000}, unexpectedAlertBehaviour: ignore, unhandledPromptBehavior: ignore, version: 74.0.3729.169, webStorageEnabled: true}
Session ID: 2b8b00d7b0e2443077c0bfc41d5c3e09
	at org.openqa.selenium.remote.ErrorHandler.createThrowable(ErrorHandler.java:214)
	at org.openqa.selenium.remote.ErrorHandler.throwIfResponseFailed(ErrorHandler.java:166)
	at org.openqa.selenium.remote.http.JsonHttpResponseCodec.reconstructValue(JsonHttpResponseCodec.java:40)
	at org.openqa.selenium.remote.http.AbstractHttpResponseCodec.decode(AbstractHttpResponseCodec.java:80)
	at org.openqa.selenium.remote.http.AbstractHttpResponseCodec.decode(AbstractHttpResponseCodec.java:44)
	at org.openqa.selenium.remote.HttpCommandExecutor.execute(HttpCommandExecutor.java:164)
	at org.openqa.selenium.remote.service.DriverCommandExecutor.execute(DriverCommandExecutor.java:83)
	at org.openqa.selenium.remote.RemoteWebDriver.execute(RemoteWebDriver.java:600)
	at com.kms.katalon.selenium.driver.CChromeDriver.execute(CChromeDriver.java:20)
	at org.openqa.selenium.remote.RemoteWebElement.execute(RemoteWebElement.java:279)
	at org.openqa.selenium.remote.RemoteWebElement.click(RemoteWebElement.java:83)
	at com.kms.katalon.core.webui.keyword.builtin.ClickKeyword$_click_closure1.doCall(ClickKeyword.groovy:79)
	at com.kms.katalon.core.webui.keyword.builtin.ClickKeyword$_click_closure1.call(ClickKeyword.groovy)
	at com.kms.katalon.core.webui.keyword.internal.WebUIKeywordMain.runKeyword(WebUIKeywordMain.groovy:20)
	at com.kms.katalon.core.webui.keyword.builtin.ClickKeyword.click(ClickKeyword.groovy:86)
	at com.kms.katalon.core.webui.keyword.builtin.ClickKeyword.execute(ClickKeyword.groovy:67)
	at com.kms.katalon.core.keyword.internal.KeywordExecutor.executeKeywordForPlatform(KeywordExecutor.groovy:56)
	at com.kms.katalon.core.webui.keyword.WebUiBuiltInKeywords.click(WebUiBuiltInKeywords.groovy:616)
	at com.kms.katalon.core.webui.keyword.WebUiBuiltInKeywords$click$2.call(Unknown Source)
	at Script1558710433475.run(Script1558710433475.groovy:30)
	... 13 more
)

2019-05-29 20:06:27 - [MESSAGE][FAILED] - Unable to click on object 'Object Repository/Locate a Dealer/new LAD/h2_precision auto works' (Root cause: com.kms.katalon.core.exception.StepFailedException: Unable to click on object 'Object Repository/Locate a Dealer/new LAD/h2_precision auto works'
	at com.kms.katalon.core.webui.keyword.internal.WebUIKeywordMain.stepFailed(WebUIKeywordMain.groovy:64)
	at com.kms.katalon.core.webui.keyword.internal.WebUIKeywordMain.runKeyword(WebUIKeywordMain.groovy:26)
	at com.kms.katalon.core.webui.keyword.builtin.ClickKeyword.click(ClickKeyword.groovy:86)
	at com.kms.katalon.core.webui.keyword.builtin.ClickKeyword.execute(ClickKeyword.groovy:67)
	at com.kms.katalon.core.keyword.internal.KeywordExecutor.executeKeywordForPlatform(KeywordExecutor.groovy:56)
	at com.kms.katalon.core.webui.keyword.WebUiBuiltInKeywords.click(WebUiBuiltInKeywords.groovy:616)
	at com.kms.katalon.core.webui.keyword.WebUiBuiltInKeywords$click$2.call(Unknown Source)
	at New LAD.run(New LAD:30)
	at com.kms.katalon.core.main.ScriptEngine.run(ScriptEngine.java:194)
	at com.kms.katalon.core.main.ScriptEngine.runScriptAsRawText(ScriptEngine.java:119)
	at com.kms.katalon.core.main.TestCaseExecutor.runScript(TestCaseExecutor.java:336)
	at com.kms.katalon.core.main.TestCaseExecutor.doExecute(TestCaseExecutor.java:327)
	at com.kms.katalon.core.main.TestCaseExecutor.processExecutionPhase(TestCaseExecutor.java:306)
	at com.kms.katalon.core.main.TestCaseExecutor.accessMainPhase(TestCaseExecutor.java:298)
	at com.kms.katalon.core.main.TestCaseExecutor.execute(TestCaseExecutor.java:232)
	at com.kms.katalon.core.main.TestSuiteExecutor.accessTestCaseMainPhase(TestSuiteExecutor.java:129)
	at com.kms.katalon.core.main.TestSuiteExecutor.accessTestSuiteMainPhase(TestSuiteExecutor.java:112)
	at com.kms.katalon.core.main.TestSuiteExecutor.execute(TestSuiteExecutor.java:81)
	at com.kms.katalon.core.main.TestCaseMain.startTestSuite(TestCaseMain.java:157)
	at com.kms.katalon.core.main.TestCaseMain$startTestSuite$0.call(Unknown Source)
	at TempTestSuite1559148468563.run(TempTestSuite1559148468563.groovy:35)
Caused by: org.openqa.selenium.ElementClickInterceptedException: element click intercepted: Element <h2 class="dealerName blue">...</h2> is not clickable at point (177, 343). Other element would receive the click: <p>...</p>
  (Session info: chrome=74.0.3729.169)
  (Driver info: chromedriver=74.0.3729.6 (255758eccf3d244491b8a1317aa76e1ce10d57e9-refs/branch-heads/3729@{#29}),platform=Windows NT 10.0.17763 x86_64) (WARNING: The server did not provide any stacktrace information)
Command duration or timeout: 0 milliseconds
Build info: version: '3.7.1', revision: '8a0099a', time: '2017-11-06T21:07:36.161Z'
System info: host: 'BCHOPT-NW100219', ip: '10.69.196.168', os.name: 'Windows 10', os.arch: 'amd64', os.version: '10.0', java.version: '1.8.0_181'
Driver info: com.kms.katalon.selenium.driver.CChromeDriver
Capabilities {acceptInsecureCerts: false, acceptSslCerts: false, applicationCacheEnabled: false, browserConnectionEnabled: false, browserName: chrome, chrome: {chromedriverVersion: 74.0.3729.6 (255758eccf3d24..., userDataDir: C:\Users\ADRIAN~1.DOB\AppDa...}, cssSelectorsEnabled: true, databaseEnabled: false, goog:chromeOptions: {debuggerAddress: localhost:53610}, handlesAlerts: true, hasTouchScreen: false, javascriptEnabled: true, locationContextEnabled: true, mobileEmulationEnabled: false, nativeEvents: true, networkConnectionEnabled: false, pageLoadStrategy: normal, platform: XP, platformName: XP, proxy: Proxy(direct), rotatable: false, setWindowRect: true, strictFileInteractability: false, takesHeapSnapshot: true, takesScreenshot: true, timeouts: {implicit: 0, pageLoad: 300000, script: 30000}, unexpectedAlertBehaviour: ignore, unhandledPromptBehavior: ignore, version: 74.0.3729.169, webStorageEnabled: true}
Session ID: 2b8b00d7b0e2443077c0bfc41d5c3e09
	at org.openqa.selenium.remote.ErrorHandler.createThrowable(ErrorHandler.java:214)
	at org.openqa.selenium.remote.ErrorHandler.throwIfResponseFailed(ErrorHandler.java:166)
	at org.openqa.selenium.remote.http.JsonHttpResponseCodec.reconstructValue(JsonHttpResponseCodec.java:40)
	at org.openqa.selenium.remote.http.AbstractHttpResponseCodec.decode(AbstractHttpResponseCodec.java:80)
	at org.openqa.selenium.remote.http.AbstractHttpResponseCodec.decode(AbstractHttpResponseCodec.java:44)
	at org.openqa.selenium.remote.HttpCommandExecutor.execute(HttpCommandExecutor.java:164)
	at org.openqa.selenium.remote.service.DriverCommandExecutor.execute(DriverCommandExecutor.java:83)
	at org.openqa.selenium.remote.RemoteWebDriver.execute(RemoteWebDriver.java:600)
	at com.kms.katalon.selenium.driver.CChromeDriver.execute(CChromeDriver.java:20)
	at org.openqa.selenium.remote.RemoteWebElement.execute(RemoteWebElement.java:279)
	at org.openqa.selenium.remote.RemoteWebElement.click(RemoteWebElement.java:83)
	at com.kms.katalon.core.webui.keyword.builtin.ClickKeyword$_click_closure1.doCall(ClickKeyword.groovy:79)
	at com.kms.katalon.core.webui.keyword.builtin.ClickKeyword$_click_closure1.call(ClickKeyword.groovy)
	at com.kms.katalon.core.webui.keyword.internal.WebUIKeywordMain.runKeyword(WebUIKeywordMain.groovy:20)
	at com.kms.katalon.core.webui.keyword.builtin.ClickKeyword.click(ClickKeyword.groovy:86)
	at com.kms.katalon.core.webui.keyword.builtin.ClickKeyword.execute(ClickKeyword.groovy:67)
	at com.kms.katalon.core.keyword.internal.KeywordExecutor.executeKeywordForPlatform(KeywordExecutor.groovy:56)
	at com.kms.katalon.core.webui.keyword.WebUiBuiltInKeywords.click(WebUiBuiltInKeywords.groovy:616)
	at com.kms.katalon.core.webui.keyword.WebUiBuiltInKeywords$click$2.call(Unknown Source)
	at Script1558710433475.run(Script1558710433475.groovy:30)
	... 13 more
)
[[ATTACHMENT|C:\\Users\\adrian.dobre\\Katalon Studio\\Genuine GM Parts\\Reports\\GGMP\\Tests\\20190529_194748\\1559149586216.png]]]]></system-out>
         <system-err><![CDATA[2019-05-29 20:06:10 - [TEST_CASE][FAILED] - Test Cases/GGMP/TOOLS/Locate a Dealer/New LAD: Test Cases/GGMP/TOOLS/Locate a Dealer/New LAD FAILED.
Reason:
com.kms.katalon.core.exception.StepFailedException: Unable to click on object 'Object Repository/Locate a Dealer/new LAD/h2_precision auto works'
	at com.kms.katalon.core.webui.keyword.internal.WebUIKeywordMain.stepFailed(WebUIKeywordMain.groovy:64)
	at com.kms.katalon.core.webui.keyword.internal.WebUIKeywordMain.runKeyword(WebUIKeywordMain.groovy:26)
	at com.kms.katalon.core.webui.keyword.builtin.ClickKeyword.click(ClickKeyword.groovy:86)
	at com.kms.katalon.core.webui.keyword.builtin.ClickKeyword.execute(ClickKeyword.groovy:67)
	at com.kms.katalon.core.keyword.internal.KeywordExecutor.executeKeywordForPlatform(KeywordExecutor.groovy:56)
	at com.kms.katalon.core.webui.keyword.WebUiBuiltInKeywords.click(WebUiBuiltInKeywords.groovy:616)
	at com.kms.katalon.core.webui.keyword.WebUiBuiltInKeywords$click$2.call(Unknown Source)
	at New LAD.run(New LAD:30)
	at com.kms.katalon.core.main.ScriptEngine.run(ScriptEngine.java:194)
	at com.kms.katalon.core.main.ScriptEngine.runScriptAsRawText(ScriptEngine.java:119)
	at com.kms.katalon.core.main.TestCaseExecutor.runScript(TestCaseExecutor.java:336)
	at com.kms.katalon.core.main.TestCaseExecutor.doExecute(TestCaseExecutor.java:327)
	at com.kms.katalon.core.main.TestCaseExecutor.processExecutionPhase(TestCaseExecutor.java:306)
	at com.kms.katalon.core.main.TestCaseExecutor.accessMainPhase(TestCaseExecutor.java:298)
	at com.kms.katalon.core.main.TestCaseExecutor.execute(TestCaseExecutor.java:232)
	at com.kms.katalon.core.main.TestSuiteExecutor.accessTestCaseMainPhase(TestSuiteExecutor.java:129)
	at com.kms.katalon.core.main.TestSuiteExecutor.accessTestSuiteMainPhase(TestSuiteExecutor.java:112)
	at com.kms.katalon.core.main.TestSuiteExecutor.execute(TestSuiteExecutor.java:81)
	at com.kms.katalon.core.main.TestCaseMain.startTestSuite(TestCaseMain.java:157)
	at com.kms.katalon.core.main.TestCaseMain$startTestSuite$0.call(Unknown Source)
	at TempTestSuite1559148468563.run(TempTestSuite1559148468563.groovy:35)
Caused by: org.openqa.selenium.ElementClickInterceptedException: element click intercepted: Element <h2 class="dealerName blue">...</h2> is not clickable at point (177, 343). Other element would receive the click: <p>...</p>
  (Session info: chrome=74.0.3729.169)
  (Driver info: chromedriver=74.0.3729.6 (255758eccf3d244491b8a1317aa76e1ce10d57e9-refs/branch-heads/3729@{#29}),platform=Windows NT 10.0.17763 x86_64) (WARNING: The server did not provide any stacktrace information)
Command duration or timeout: 0 milliseconds
Build info: version: '3.7.1', revision: '8a0099a', time: '2017-11-06T21:07:36.161Z'
System info: host: 'BCHOPT-NW100219', ip: '10.69.196.168', os.name: 'Windows 10', os.arch: 'amd64', os.version: '10.0', java.version: '1.8.0_181'
Driver info: com.kms.katalon.selenium.driver.CChromeDriver
Capabilities {acceptInsecureCerts: false, acceptSslCerts: false, applicationCacheEnabled: false, browserConnectionEnabled: false, browserName: chrome, chrome: {chromedriverVersion: 74.0.3729.6 (255758eccf3d24..., userDataDir: C:\Users\ADRIAN~1.DOB\AppDa...}, cssSelectorsEnabled: true, databaseEnabled: false, goog:chromeOptions: {debuggerAddress: localhost:53610}, handlesAlerts: true, hasTouchScreen: false, javascriptEnabled: true, locationContextEnabled: true, mobileEmulationEnabled: false, nativeEvents: true, networkConnectionEnabled: false, pageLoadStrategy: normal, platform: XP, platformName: XP, proxy: Proxy(direct), rotatable: false, setWindowRect: true, strictFileInteractability: false, takesHeapSnapshot: true, takesScreenshot: true, timeouts: {implicit: 0, pageLoad: 300000, script: 30000}, unexpectedAlertBehaviour: ignore, unhandledPromptBehavior: ignore, version: 74.0.3729.169, webStorageEnabled: true}
Session ID: 2b8b00d7b0e2443077c0bfc41d5c3e09
	at org.openqa.selenium.remote.ErrorHandler.createThrowable(ErrorHandler.java:214)
	at org.openqa.selenium.remote.ErrorHandler.throwIfResponseFailed(ErrorHandler.java:166)
	at org.openqa.selenium.remote.http.JsonHttpResponseCodec.reconstructValue(JsonHttpResponseCodec.java:40)
	at org.openqa.selenium.remote.http.AbstractHttpResponseCodec.decode(AbstractHttpResponseCodec.java:80)
	at org.openqa.selenium.remote.http.AbstractHttpResponseCodec.decode(AbstractHttpResponseCodec.java:44)
	at org.openqa.selenium.remote.HttpCommandExecutor.execute(HttpCommandExecutor.java:164)
	at org.openqa.selenium.remote.service.DriverCommandExecutor.execute(DriverCommandExecutor.java:83)
	at org.openqa.selenium.remote.RemoteWebDriver.execute(RemoteWebDriver.java:600)
	at com.kms.katalon.selenium.driver.CChromeDriver.execute(CChromeDriver.java:20)
	at org.openqa.selenium.remote.RemoteWebElement.execute(RemoteWebElement.java:279)
	at org.openqa.selenium.remote.RemoteWebElement.click(RemoteWebElement.java:83)
	at com.kms.katalon.core.webui.keyword.builtin.ClickKeyword$_click_closure1.doCall(ClickKeyword.groovy:79)
	at com.kms.katalon.core.webui.keyword.builtin.ClickKeyword$_click_closure1.call(ClickKeyword.groovy)
	at com.kms.katalon.core.webui.keyword.internal.WebUIKeywordMain.runKeyword(WebUIKeywordMain.groovy:20)
	at com.kms.katalon.core.webui.keyword.builtin.ClickKeyword.click(ClickKeyword.groovy:86)
	at com.kms.katalon.core.webui.keyword.builtin.ClickKeyword.execute(ClickKeyword.groovy:67)
	at com.kms.katalon.core.keyword.internal.KeywordExecutor.executeKeywordForPlatform(KeywordExecutor.groovy:56)
	at com.kms.katalon.core.webui.keyword.WebUiBuiltInKeywords.click(WebUiBuiltInKeywords.groovy:616)
	at com.kms.katalon.core.webui.keyword.WebUiBuiltInKeywords$click$2.call(Unknown Source)
	at Script1558710433475.run(Script1558710433475.groovy:30)
	... 13 more]]></system-err>
      </testcase>
      <testcase name="Test Cases/GGMP/TOOLS/Touch-Up Paint" classname="Test Cases/GGMP/TOOLS/Touch-Up Paint" status="PASSED">
         <system-out><![CDATA[2019-05-29 20:06:27 - [TEST_CASE][PASSED] - Test Cases/GGMP/TOOLS/Touch-Up Paint: Test Cases/GGMP/TOOLS/Touch-Up Paint

2019-05-29 20:06:27 - [TEST_STEP][PASSED] - openBrowser(""): Browser is opened with url: ''

2019-05-29 20:06:27 - [MESSAGE][WARNING] - A browser is already opened. Closing browser and opening a new one

2019-05-29 20:06:29 - [MESSAGE][INFO] - Starting 'Chrome' driver

2019-05-29 20:06:35 - [MESSAGE][PASSED] - Browser is opened with url: ''

2019-05-29 20:06:35 - [TEST_STEP][PASSED] - maximizeWindow(): Current window maximized

2019-05-29 20:06:36 - [MESSAGE][PASSED] - Current window maximized

2019-05-29 20:06:36 - [TEST_STEP][PASSED] - navigateToUrl("https://www.genuinegmparts.com/"): Navigate to 'https://www.genuinegmparts.com/' successfully

2019-05-29 20:06:40 - [MESSAGE][PASSED] - Navigate to 'https://www.genuinegmparts.com/' successfully

2019-05-29 20:06:40 - [TEST_STEP][PASSED] - click(findTestObject("Object Repository/HomePage/TouchUp Paint/li_Collision")): Object: 'Object Repository/HomePage/TouchUp Paint/li_Collision' is clicked on

2019-05-29 20:06:40 - [MESSAGE][PASSED] - Object: 'Object Repository/HomePage/TouchUp Paint/li_Collision' is clicked on

2019-05-29 20:06:40 - [TEST_STEP][PASSED] - click(findTestObject("Object Repository/HomePage/TouchUp Paint/span_Touch-up paint")): Object: 'Object Repository/HomePage/TouchUp Paint/span_Touch-up paint' is clicked on

2019-05-29 20:06:43 - [MESSAGE][PASSED] - Object: 'Object Repository/HomePage/TouchUp Paint/span_Touch-up paint' is clicked on

2019-05-29 20:06:43 - [TEST_STEP][PASSED] - click(findTestObject("Object Repository/HomePage/TouchUp Paint/a_Downloadable Guides")): Object: 'Object Repository/HomePage/TouchUp Paint/a_Downloadable Guides' is clicked on

2019-05-29 20:06:43 - [MESSAGE][PASSED] - Object: 'Object Repository/HomePage/TouchUp Paint/a_Downloadable Guides' is clicked on

2019-05-29 20:06:43 - [TEST_STEP][PASSED] - click(findTestObject("Object Repository/HomePage/TouchUp Paint/span_2018 GM Refinish Materials - GMW-15406-2017")): Object: 'Object Repository/HomePage/TouchUp Paint/span_2018 GM Refinish Materials - GMW-15406-2017' is clicked on

2019-05-29 20:06:43 - [MESSAGE][PASSED] - Object: 'Object Repository/HomePage/TouchUp Paint/span_2018 GM Refinish Materials - GMW-15406-2017' is clicked on

2019-05-29 20:06:43 - [TEST_STEP][PASSED] - closeBrowser(): Browser is closed

2019-05-29 20:06:44 - [MESSAGE][PASSED] - Browser is closed]]></system-out>
         <system-err><![CDATA[]]></system-err>
      </testcase>
      <system-out><![CDATA[2019-05-29 19:47:52 - [TEST_SUITE][FAILED] - Tests: Test Cases/GGMP/GlobalNav/Collision/Collision Parts FAILED.
Reason:
com.kms.katalon.core.exception.StepFailedException: Unable to click on object
	at com.kms.katalon.core.webui.keyword.internal.WebUIKeywordMain.stepFailed(WebUIKeywordMain.groovy:64)
	at com.kms.katalon.core.webui.keyword.internal.WebUIKeywordMain.runKeyword(WebUIKeywordMain.groovy:26)
	at com.kms.katalon.core.webui.keyword.builtin.ClickKeyword.click(ClickKeyword.groovy:86)
	at com.kms.katalon.core.webui.keyword.builtin.ClickKeyword.execute(ClickKeyword.groovy:67)
	at com.kms.katalon.core.keyword.internal.KeywordExecutor.executeKeywordForPlatform(KeywordExecutor.groovy:56)
	at com.kms.katalon.core.webui.keyword.WebUiBuiltInKeywords.click(WebUiBuiltInKeywords.groovy:616)
	at com.kms.katalon.core.webui.keyword.WebUiBuiltInKeywords$click$2.call(Unknown Source)
	at Collision Parts.run(Collision Parts:22)
	at com.kms.katalon.core.main.ScriptEngine.run(ScriptEngine.java:194)
	at com.kms.katalon.core.main.ScriptEngine.runScriptAsRawText(ScriptEngine.java:119)
	at com.kms.katalon.core.main.TestCaseExecutor.runScript(TestCaseExecutor.java:336)
	at com.kms.katalon.core.main.TestCaseExecutor.doExecute(TestCaseExecutor.java:327)
	at com.kms.katalon.core.main.TestCaseExecutor.processExecutionPhase(TestCaseExecutor.java:306)
	at com.kms.katalon.core.main.TestCaseExecutor.accessMainPhase(TestCaseExecutor.java:298)
	at com.kms.katalon.core.main.TestCaseExecutor.execute(TestCaseExecutor.java:232)
	at com.kms.katalon.core.main.TestSuiteExecutor.accessTestCaseMainPhase(TestSuiteExecutor.java:129)
	at com.kms.katalon.core.main.TestSuiteExecutor.accessTestSuiteMainPhase(TestSuiteExecutor.java:112)
	at com.kms.katalon.core.main.TestSuiteExecutor.execute(TestSuiteExecutor.java:81)
	at com.kms.katalon.core.main.TestCaseMain.startTestSuite(TestCaseMain.java:157)
	at com.kms.katalon.core.main.TestCaseMain$startTestSuite$0.call(Unknown Source)
	at TempTestSuite1559148468563.run(TempTestSuite1559148468563.groovy:35)
Caused by: java.lang.IllegalArgumentException: Object is null
	at com.kms.katalon.core.helper.KeywordHelper.checkTestObjectParameter(KeywordHelper.java:33)
	at com.kms.katalon.core.webui.keyword.builtin.ClickKeyword$_click_closure1.doCall(ClickKeyword.groovy:75)
	at com.kms.katalon.core.webui.keyword.builtin.ClickKeyword$_click_closure1.call(ClickKeyword.groovy)
	at com.kms.katalon.core.webui.keyword.internal.WebUIKeywordMain.runKeyword(WebUIKeywordMain.groovy:20)
	at com.kms.katalon.core.webui.keyword.builtin.ClickKeyword.click(ClickKeyword.groovy:86)
	at com.kms.katalon.core.webui.keyword.builtin.ClickKeyword.execute(ClickKeyword.groovy:67)
	at com.kms.katalon.core.keyword.internal.KeywordExecutor.executeKeywordForPlatform(KeywordExecutor.groovy:56)
	at com.kms.katalon.core.webui.keyword.WebUiBuiltInKeywords.click(WebUiBuiltInKeywords.groovy:616)
	at com.kms.katalon.core.webui.keyword.WebUiBuiltInKeywords$click$2.call(Unknown Source)
	at Script1558537550753.run(Script1558537550753.groovy:22)
	... 13 more]]></system-out>
      <system-err><![CDATA[2019-05-29 19:47:52 - [TEST_SUITE][FAILED] - Tests: Test Cases/GGMP/GlobalNav/Collision/Collision Parts FAILED.
Reason:
com.kms.katalon.core.exception.StepFailedException: Unable to click on object
	at com.kms.katalon.core.webui.keyword.internal.WebUIKeywordMain.stepFailed(WebUIKeywordMain.groovy:64)
	at com.kms.katalon.core.webui.keyword.internal.WebUIKeywordMain.runKeyword(WebUIKeywordMain.groovy:26)
	at com.kms.katalon.core.webui.keyword.builtin.ClickKeyword.click(ClickKeyword.groovy:86)
	at com.kms.katalon.core.webui.keyword.builtin.ClickKeyword.execute(ClickKeyword.groovy:67)
	at com.kms.katalon.core.keyword.internal.KeywordExecutor.executeKeywordForPlatform(KeywordExecutor.groovy:56)
	at com.kms.katalon.core.webui.keyword.WebUiBuiltInKeywords.click(WebUiBuiltInKeywords.groovy:616)
	at com.kms.katalon.core.webui.keyword.WebUiBuiltInKeywords$click$2.call(Unknown Source)
	at Collision Parts.run(Collision Parts:22)
	at com.kms.katalon.core.main.ScriptEngine.run(ScriptEngine.java:194)
	at com.kms.katalon.core.main.ScriptEngine.runScriptAsRawText(ScriptEngine.java:119)
	at com.kms.katalon.core.main.TestCaseExecutor.runScript(TestCaseExecutor.java:336)
	at com.kms.katalon.core.main.TestCaseExecutor.doExecute(TestCaseExecutor.java:327)
	at com.kms.katalon.core.main.TestCaseExecutor.processExecutionPhase(TestCaseExecutor.java:306)
	at com.kms.katalon.core.main.TestCaseExecutor.accessMainPhase(TestCaseExecutor.java:298)
	at com.kms.katalon.core.main.TestCaseExecutor.execute(TestCaseExecutor.java:232)
	at com.kms.katalon.core.main.TestSuiteExecutor.accessTestCaseMainPhase(TestSuiteExecutor.java:129)
	at com.kms.katalon.core.main.TestSuiteExecutor.accessTestSuiteMainPhase(TestSuiteExecutor.java:112)
	at com.kms.katalon.core.main.TestSuiteExecutor.execute(TestSuiteExecutor.java:81)
	at com.kms.katalon.core.main.TestCaseMain.startTestSuite(TestCaseMain.java:157)
	at com.kms.katalon.core.main.TestCaseMain$startTestSuite$0.call(Unknown Source)
	at TempTestSuite1559148468563.run(TempTestSuite1559148468563.groovy:35)
Caused by: java.lang.IllegalArgumentException: Object is null
	at com.kms.katalon.core.helper.KeywordHelper.checkTestObjectParameter(KeywordHelper.java:33)
	at com.kms.katalon.core.webui.keyword.builtin.ClickKeyword$_click_closure1.doCall(ClickKeyword.groovy:75)
	at com.kms.katalon.core.webui.keyword.builtin.ClickKeyword$_click_closure1.call(ClickKeyword.groovy)
	at com.kms.katalon.core.webui.keyword.internal.WebUIKeywordMain.runKeyword(WebUIKeywordMain.groovy:20)
	at com.kms.katalon.core.webui.keyword.builtin.ClickKeyword.click(ClickKeyword.groovy:86)
	at com.kms.katalon.core.webui.keyword.builtin.ClickKeyword.execute(ClickKeyword.groovy:67)
	at com.kms.katalon.core.keyword.internal.KeywordExecutor.executeKeywordForPlatform(KeywordExecutor.groovy:56)
	at com.kms.katalon.core.webui.keyword.WebUiBuiltInKeywords.click(WebUiBuiltInKeywords.groovy:616)
	at com.kms.katalon.core.webui.keyword.WebUiBuiltInKeywords$click$2.call(Unknown Source)
	at Script1558537550753.run(Script1558537550753.groovy:22)
	... 13 more]]></system-err>
   </testsuite>
</testsuites>
